2019-12-04 13:04:23.482 +01:00 [Information] HTTP "GET" "/" responded 404 in 49.0143 ms
2019-12-04 13:04:23.782 +01:00 [Information] HTTP "GET" "/favicon.ico" responded 404 in 59.3810 ms
2019-12-04 13:05:52.031 +01:00 [Information] HTTP "OPTIONS" "/countries" responded 204 in 2.5496 ms
2019-12-04 13:05:52.031 +01:00 [Information] HTTP "OPTIONS" "/configurationItems" responded 204 in 12.5738 ms
2019-12-04 13:05:52.031 +01:00 [Information] HTTP "OPTIONS" "/configurationItems" responded 204 in 3.2185 ms
2019-12-04 13:06:07.644 +01:00 [Information] HTTP "GET" "/configurationItems" responded 200 in 15595.3408 ms
2019-12-04 13:06:07.644 +01:00 [Information] HTTP "GET" "/countries" responded 200 in 15593.6759 ms
2019-12-04 13:06:07.644 +01:00 [Information] HTTP "GET" "/configurationItems" responded 200 in 15595.3403 ms
2019-12-04 13:07:06.510 +01:00 [Information] HTTP "OPTIONS" "/employees/plates" responded 204 in 0.4884 ms
2019-12-04 13:10:21.496 +01:00 [Information] HTTP "GET" "/employees/plates" responded 500 in 194975.9186 ms
System.ArgumentOutOfRangeException: Value to add was out of range. (Parameter 'value')
   at System.DateTime.Add(Double value, Int32 scale)
   at System.DateTime.AddDays(Double value)
   at FleetManager.Infrastructure.Services.CalendarItemService.IsPeriodMatching(CalendarItem calendarItem, DateTime effectiveDate) in C:\Coding\a245-fleetmanager\api\Infrastructure\Services\CalendarItemService.cs:line 53
   at FleetManager.Infrastructure.Services.CalendarItemService.<>c__DisplayClass3_0.<FirstByPlate>b__1(CalendarItem x) in C:\Coding\a245-fleetmanager\api\Infrastructure\Services\CalendarItemService.cs:line 40
   at System.Linq.Enumerable.TryGetFirst[TSource](IEnumerable`1 source, Func`2 predicate, Boolean& found)
   at System.Linq.Enumerable.FirstOrDefault[TSource](IEnumerable`1 source, Func`2 predicate)
   at FleetManager.Infrastructure.Services.CalendarItemService.FirstByPlate(String plate, DateTime effectiveDate, CancellationToken cancellationToken) in C:\Coding\a245-fleetmanager\api\Infrastructure\Services\CalendarItemService.cs:line 40
   at FleetManager.Infrastructure.Services.EmployeeService.GetByPlateAsync(String plate, DateTime date, CancellationToken cancellationToken) in C:\Coding\a245-fleetmanager\api\Infrastructure\Services\EmployeeService.cs:line 65
   at FleetManager.Web.Api.EmployeesController.GetEmployeeByPlate(String plate, String date) in C:\Coding\a245-fleetmanager\api\Web\Api\EmployeesController.cs:line 47
   at Microsoft.AspNetCore.Mvc.Infrastructure.ActionMethodExecutor.TaskOfIActionResultExecutor.Execute(IActionResultTypeMapper mapper, ObjectMethodExecutor executor, Object controller, Object[] arguments)
   at Microsoft.AspNetCore.Mvc.Infrastructure.ControllerActionInvoker.<InvokeActionMethodAsync>g__Awaited|12_0(ControllerActionInvoker invoker, ValueTask`1 actionResultValueTask)
   at Microsoft.AspNetCore.Mvc.Infrastructure.ControllerActionInvoker.<InvokeNextActionFilterAsync>g__Awaited|10_0(ControllerActionInvoker invoker, Task lastTask, State next, Scope scope, Object state, Boolean isCompleted)
   at Microsoft.AspNetCore.Mvc.Infrastructure.ControllerActionInvoker.Rethrow(ActionExecutedContextSealed context)
   at Microsoft.AspNetCore.Mvc.Infrastructure.ControllerActionInvoker.Next(State& next, Scope& scope, Object& state, Boolean& isCompleted)
   at Microsoft.AspNetCore.Mvc.Infrastructure.ControllerActionInvoker.InvokeInnerFilterAsync()
--- End of stack trace from previous location where exception was thrown ---
   at Microsoft.AspNetCore.Mvc.Infrastructure.ResourceInvoker.<InvokeNextExceptionFilterAsync>g__Awaited|25_0(ResourceInvoker invoker, Task lastTask, State next, Scope scope, Object state, Boolean isCompleted)
   at Microsoft.AspNetCore.Mvc.Infrastructure.ResourceInvoker.Rethrow(ExceptionContextSealed context)
   at Microsoft.AspNetCore.Mvc.Infrastructure.ResourceInvoker.Next(State& next, Scope& scope, Object& state, Boolean& isCompleted)
   at Microsoft.AspNetCore.Mvc.Infrastructure.ResourceInvoker.InvokeFilterPipelineAsync()
--- End of stack trace from previous location where exception was thrown ---
   at Microsoft.AspNetCore.Mvc.Infrastructure.ResourceInvoker.<InvokeAsync>g__Awaited|17_0(ResourceInvoker invoker, Task task, IDisposable scope)
   at Microsoft.AspNetCore.Routing.EndpointMiddleware.<Invoke>g__AwaitRequestTask|6_0(Endpoint endpoint, Task requestTask, ILogger logger)
   at Microsoft.AspNetCore.Localization.RequestLocalizationMiddleware.Invoke(HttpContext context)
   at Microsoft.AspNetCore.Authorization.AuthorizationMiddleware.Invoke(HttpContext context)
   at Infrabel.ICT.Framework.Extended.AspNetCore.Middleware.LoggingMiddleware.Invoke(HttpContext context, IEnvironmentInfoService environmentInfoService)
2019-12-04 13:10:23.468 +01:00 [Error] An unhandled exception has occurred while executing the request.
System.ArgumentOutOfRangeException: Value to add was out of range. (Parameter 'value')
   at System.DateTime.Add(Double value, Int32 scale)
   at System.DateTime.AddDays(Double value)
   at FleetManager.Infrastructure.Services.CalendarItemService.IsPeriodMatching(CalendarItem calendarItem, DateTime effectiveDate) in C:\Coding\a245-fleetmanager\api\Infrastructure\Services\CalendarItemService.cs:line 53
   at FleetManager.Infrastructure.Services.CalendarItemService.<>c__DisplayClass3_0.<FirstByPlate>b__1(CalendarItem x) in C:\Coding\a245-fleetmanager\api\Infrastructure\Services\CalendarItemService.cs:line 40
   at System.Linq.Enumerable.TryGetFirst[TSource](IEnumerable`1 source, Func`2 predicate, Boolean& found)
   at System.Linq.Enumerable.FirstOrDefault[TSource](IEnumerable`1 source, Func`2 predicate)
   at FleetManager.Infrastructure.Services.CalendarItemService.FirstByPlate(String plate, DateTime effectiveDate, CancellationToken cancellationToken) in C:\Coding\a245-fleetmanager\api\Infrastructure\Services\CalendarItemService.cs:line 40
   at FleetManager.Infrastructure.Services.EmployeeService.GetByPlateAsync(String plate, DateTime date, CancellationToken cancellationToken) in C:\Coding\a245-fleetmanager\api\Infrastructure\Services\EmployeeService.cs:line 65
   at FleetManager.Web.Api.EmployeesController.GetEmployeeByPlate(String plate, String date) in C:\Coding\a245-fleetmanager\api\Web\Api\EmployeesController.cs:line 47
   at Microsoft.AspNetCore.Mvc.Infrastructure.ActionMethodExecutor.TaskOfIActionResultExecutor.Execute(IActionResultTypeMapper mapper, ObjectMethodExecutor executor, Object controller, Object[] arguments)
   at Microsoft.AspNetCore.Mvc.Infrastructure.ControllerActionInvoker.<InvokeActionMethodAsync>g__Awaited|12_0(ControllerActionInvoker invoker, ValueTask`1 actionResultValueTask)
   at Microsoft.AspNetCore.Mvc.Infrastructure.ControllerActionInvoker.<InvokeNextActionFilterAsync>g__Awaited|10_0(ControllerActionInvoker invoker, Task lastTask, State next, Scope scope, Object state, Boolean isCompleted)
   at Microsoft.AspNetCore.Mvc.Infrastructure.ControllerActionInvoker.Rethrow(ActionExecutedContextSealed context)
   at Microsoft.AspNetCore.Mvc.Infrastructure.ControllerActionInvoker.Next(State& next, Scope& scope, Object& state, Boolean& isCompleted)
   at Microsoft.AspNetCore.Mvc.Infrastructure.ControllerActionInvoker.InvokeInnerFilterAsync()
--- End of stack trace from previous location where exception was thrown ---
   at Microsoft.AspNetCore.Mvc.Infrastructure.ResourceInvoker.<InvokeNextExceptionFilterAsync>g__Awaited|25_0(ResourceInvoker invoker, Task lastTask, State next, Scope scope, Object state, Boolean isCompleted)
   at Microsoft.AspNetCore.Mvc.Infrastructure.ResourceInvoker.Rethrow(ExceptionContextSealed context)
   at Microsoft.AspNetCore.Mvc.Infrastructure.ResourceInvoker.Next(State& next, Scope& scope, Object& state, Boolean& isCompleted)
   at Microsoft.AspNetCore.Mvc.Infrastructure.ResourceInvoker.InvokeFilterPipelineAsync()
--- End of stack trace from previous location where exception was thrown ---
   at Microsoft.AspNetCore.Mvc.Infrastructure.ResourceInvoker.<InvokeAsync>g__Awaited|17_0(ResourceInvoker invoker, Task task, IDisposable scope)
   at Microsoft.AspNetCore.Routing.EndpointMiddleware.<Invoke>g__AwaitRequestTask|6_0(Endpoint endpoint, Task requestTask, ILogger logger)
   at Microsoft.AspNetCore.Localization.RequestLocalizationMiddleware.Invoke(HttpContext context)
   at Microsoft.AspNetCore.Authorization.AuthorizationMiddleware.Invoke(HttpContext context)
   at Infrabel.ICT.Framework.Extended.AspNetCore.Middleware.LoggingMiddleware.Invoke(HttpContext context, IEnvironmentInfoService environmentInfoService)
   at Microsoft.AspNetCore.Diagnostics.DeveloperExceptionPageMiddleware.Invoke(HttpContext context)
2019-12-04 13:10:29.918 +01:00 [Information] HTTP "OPTIONS" "/employees/plates" responded 204 in 0.3855 ms
2019-12-04 13:14:55.278 +01:00 [Information] HTTP "GET" "/" responded 404 in 69.3685 ms
2019-12-04 13:15:59.227 +01:00 [Information] HTTP "OPTIONS" "/employees/plates" responded 204 in 26.2966 ms
2019-12-04 13:16:58.784 +01:00 [Information] HTTP "GET" "/employees/plates" responded 200 in 59546.8398 ms
2019-12-04 14:04:06.272 +01:00 [Information] HTTP "GET" "/" responded 404 in 83.6584 ms
2019-12-04 14:04:06.441 +01:00 [Information] HTTP "GET" "/favicon.ico" responded 404 in 29.3848 ms
2019-12-04 14:17:45.564 +01:00 [Information] HTTP "OPTIONS" "/configurationItems" responded 204 in 2.9329 ms
2019-12-04 14:17:54.960 +01:00 [Information] HTTP "GET" "/configurationItems" responded 200 in 9388.1088 ms
2019-12-04 14:17:55.874 +01:00 [Information] HTTP "OPTIONS" "/fines" responded 204 in 0.3990 ms
2019-12-04 14:18:00.598 +01:00 [Information] HTTP "GET" "/fines" responded 200 in 4720.0193 ms
2019-12-04 14:18:19.387 +01:00 [Information] HTTP "OPTIONS" "/countries" responded 204 in 0.4081 ms
2019-12-04 14:18:19.398 +01:00 [Information] HTTP "OPTIONS" "/configurationItems" responded 204 in 0.2859 ms
2019-12-04 14:18:19.417 +01:00 [Information] HTTP "OPTIONS" "/configurationItems" responded 204 in 1.1232 ms
2019-12-04 14:18:19.417 +01:00 [Information] HTTP "OPTIONS" "/configurationItems" responded 204 in 0.2427 ms
2019-12-04 14:18:19.606 +01:00 [Information] HTTP "OPTIONS" "/documents/fine/13143" responded 204 in 0.9937 ms
2019-12-04 14:18:19.640 +01:00 [Information] HTTP "OPTIONS" "/fines/13143/activities" responded 204 in 0.0825 ms
2019-12-04 14:18:29.541 +01:00 [Information] HTTP "GET" "/configurationItems" responded 200 in 10107.0733 ms
2019-12-04 14:18:31.135 +01:00 [Information] HTTP "GET" "/countries" responded 200 in 11740.2475 ms
2019-12-04 14:18:32.828 +01:00 [Information] HTTP "GET" "/configurationItems" responded 200 in 13407.8719 ms
2019-12-04 14:18:34.550 +01:00 [Information] HTTP "GET" "/configurationItems" responded 200 in 15113.3279 ms
2019-12-04 14:18:34.593 +01:00 [Information] HTTP "OPTIONS" "/fines/13143" responded 204 in 0.1816 ms
2019-12-04 14:18:39.928 +01:00 [Information] HTTP "GET" "/documents/fine/13143" responded 200 in 20315.4469 ms
2019-12-04 14:18:47.734 +01:00 [Information] HTTP "GET" "/fines/13143/activities" responded 200 in 28085.0602 ms
2019-12-04 14:18:50.389 +01:00 [Information] HTTP "GET" "/fines/13143" responded 200 in 15787.5046 ms
2019-12-04 14:19:08.974 +01:00 [Information] HTTP "OPTIONS" "/configurationItems" responded 204 in 0.3243 ms
2019-12-04 14:19:11.775 +01:00 [Information] HTTP "GET" "/configurationItems" responded 200 in 2796.8463 ms
2019-12-04 14:19:15.676 +01:00 [Information] HTTP "OPTIONS" "/fines" responded 204 in 0.4114 ms
2019-12-04 14:19:19.807 +01:00 [Information] HTTP "GET" "/fines" responded 200 in 4107.3115 ms
2019-12-04 14:19:22.385 +01:00 [Information] HTTP "OPTIONS" "/countries" responded 204 in 0.1747 ms
2019-12-04 14:19:22.393 +01:00 [Information] HTTP "OPTIONS" "/configurationItems" responded 204 in 0.1263 ms
2019-12-04 14:19:22.400 +01:00 [Information] HTTP "OPTIONS" "/configurationItems" responded 204 in 0.1266 ms
2019-12-04 14:19:22.401 +01:00 [Information] HTTP "OPTIONS" "/configurationItems" responded 204 in 0.1952 ms
2019-12-04 14:19:22.533 +01:00 [Information] HTTP "OPTIONS" "/documents/fine/4600" responded 204 in 0.0407 ms
2019-12-04 14:19:22.569 +01:00 [Information] HTTP "OPTIONS" "/fines/4600/activities" responded 204 in 0.0459 ms
2019-12-04 14:20:25.408 +01:00 [Information] HTTP "GET" "/countries" responded 200 in 63015.0650 ms
2019-12-04 14:20:37.155 +01:00 [Information] HTTP "GET" "/fines/4600/activities" responded 200 in 74578.3380 ms
2019-12-04 14:20:37.190 +01:00 [Information] HTTP "GET" "/configurationItems" responded 200 in 74781.0567 ms
2019-12-04 14:20:44.401 +01:00 [Information] HTTP "GET" "/configurationItems" responded 200 in 81993.6309 ms
2019-12-04 14:20:46.988 +01:00 [Information] HTTP "GET" "/configurationItems" responded 200 in 84585.9345 ms
2019-12-04 14:20:47.025 +01:00 [Information] HTTP "OPTIONS" "/fines/4600" responded 204 in 1.7740 ms
2019-12-04 14:20:49.625 +01:00 [Information] HTTP "GET" "/documents/fine/4600" responded 200 in 87085.5212 ms
2019-12-04 14:20:53.905 +01:00 [Information] HTTP "GET" "/fines/4600" responded 200 in 6873.9880 ms
2019-12-04 14:23:34.431 +01:00 [Information] HTTP "OPTIONS" "/fines/20261/activities" responded 204 in 3.7511 ms
2019-12-04 14:23:34.501 +01:00 [Information] HTTP "GET" "/" responded 404 in 92.1441 ms
2019-12-04 14:23:34.639 +01:00 [Information] HTTP "GET" "/favicon.ico" responded 404 in 11.4325 ms
2019-12-04 14:23:52.298 +01:00 [Information] HTTP "GET" "/fines/20261/activities" responded 200 in 17741.9382 ms
2019-12-04 14:24:15.538 +01:00 [Information] HTTP "OPTIONS" "/configurationItems" responded 204 in 0.6937 ms
2019-12-04 14:24:20.149 +01:00 [Information] HTTP "GET" "/configurationItems" responded 200 in 4603.2820 ms
2019-12-04 14:24:22.619 +01:00 [Information] HTTP "OPTIONS" "/fines" responded 204 in 0.3616 ms
2019-12-04 14:24:27.579 +01:00 [Information] HTTP "GET" "/fines" responded 200 in 4956.1327 ms
2019-12-04 14:24:29.808 +01:00 [Information] HTTP "OPTIONS" "/countries" responded 204 in 0.8092 ms
2019-12-04 14:24:29.812 +01:00 [Information] HTTP "OPTIONS" "/configurationItems" responded 204 in 0.0870 ms
2019-12-04 14:24:29.832 +01:00 [Information] HTTP "OPTIONS" "/configurationItems" responded 204 in 0.0620 ms
2019-12-04 14:24:29.851 +01:00 [Information] HTTP "OPTIONS" "/configurationItems" responded 204 in 0.0478 ms
2019-12-04 14:24:30.055 +01:00 [Information] HTTP "OPTIONS" "/documents/fine/13143" responded 204 in 0.0538 ms
2019-12-04 14:24:30.136 +01:00 [Information] HTTP "OPTIONS" "/fines/13143/activities" responded 204 in 0.0542 ms
2019-12-04 14:24:41.656 +01:00 [Information] HTTP "GET" "/configurationItems" responded 200 in 11791.4160 ms
2019-12-04 14:24:43.118 +01:00 [Information] HTTP "GET" "/configurationItems" responded 200 in 13251.1694 ms
2019-12-04 14:24:44.973 +01:00 [Information] HTTP "GET" "/countries" responded 200 in 15160.3274 ms
2019-12-04 14:24:48.773 +01:00 [Information] HTTP "GET" "/configurationItems" responded 200 in 18921.4877 ms
2019-12-04 14:24:48.808 +01:00 [Information] HTTP "OPTIONS" "/fines/13143" responded 204 in 1.1391 ms
2019-12-04 14:24:52.604 +01:00 [Information] HTTP "GET" "/documents/fine/13143" responded 200 in 22537.2790 ms
2019-12-04 14:39:15.996 +01:00 [Information] HTTP "GET" "/" responded 404 in 55.7053 ms
2019-12-04 14:39:28.859 +01:00 [Information] HTTP "OPTIONS" "/configurationItems" responded 204 in 19.9566 ms
2019-12-04 14:39:38.099 +01:00 [Information] HTTP "GET" "/configurationItems" responded 200 in 9232.0495 ms
2019-12-04 14:40:36.119 +01:00 [Information] HTTP "OPTIONS" "/fines" responded 204 in 0.3341 ms
2019-12-04 14:40:40.983 +01:00 [Information] HTTP "GET" "/fines" responded 200 in 4858.9107 ms
2019-12-04 14:40:43.640 +01:00 [Information] HTTP "OPTIONS" "/countries" responded 204 in 0.3580 ms
2019-12-04 14:40:43.644 +01:00 [Information] HTTP "OPTIONS" "/configurationItems" responded 204 in 0.3044 ms
2019-12-04 14:40:43.647 +01:00 [Information] HTTP "OPTIONS" "/configurationItems" responded 204 in 0.3015 ms
2019-12-04 14:40:43.656 +01:00 [Information] HTTP "OPTIONS" "/configurationItems" responded 204 in 0.4694 ms
2019-12-04 14:40:43.835 +01:00 [Information] HTTP "OPTIONS" "/documents/fine/13143" responded 204 in 0.1549 ms
2019-12-04 14:40:43.925 +01:00 [Information] HTTP "OPTIONS" "/fines/13143/activities" responded 204 in 0.1023 ms
2019-12-04 14:40:52.826 +01:00 [Information] HTTP "GET" "/configurationItems" responded 200 in 9154.6421 ms
2019-12-04 14:40:54.922 +01:00 [Information] HTTP "GET" "/countries" responded 200 in 11254.7649 ms
2019-12-04 14:40:55.213 +01:00 [Information] HTTP "GET" "/configurationItems" responded 200 in 11548.1387 ms
2019-12-04 14:40:58.966 +01:00 [Information] HTTP "GET" "/configurationItems" responded 200 in 15293.1542 ms
2019-12-04 14:40:58.994 +01:00 [Information] HTTP "OPTIONS" "/fines/13143" responded 204 in 0.2156 ms
2019-12-04 14:41:08.781 +01:00 [Information] HTTP "GET" "/fines/13143/activities" responded 200 in 24847.9458 ms
2019-12-04 14:41:10.588 +01:00 [Information] HTTP "GET" "/documents/fine/13143" responded 200 in 26740.7591 ms
2019-12-04 14:41:13.000 +01:00 [Information] HTTP "GET" "/fines/13143" responded 200 in 13998.5532 ms
2019-12-04 14:41:33.686 +01:00 [Information] HTTP "OPTIONS" "/fines/13143" responded 204 in 1.1368 ms
2019-12-04 14:41:36.564 +01:00 [Information] HTTP "PUT" "/fines/13143" responded 422 in 2873.5081 ms
2019-12-04 15:31:53.737 +01:00 [Information] HTTP "GET" "/" responded 404 in 65.0129 ms
2019-12-04 15:40:06.639 +01:00 [Information] HTTP "GET" "/" responded 404 in 45.8939 ms
2019-12-04 15:40:06.801 +01:00 [Information] HTTP "GET" "/favicon.ico" responded 404 in 30.7670 ms
2019-12-04 15:41:37.086 +01:00 [Information] HTTP "GET" "/" responded 404 in 53.5354 ms
2019-12-04 15:49:50.458 +01:00 [Information] HTTP "OPTIONS" "/configurationItems" responded 204 in 61.6069 ms
2019-12-04 15:49:50.458 +01:00 [Information] HTTP "OPTIONS" "/configurationItems" responded 204 in 57.6549 ms
2019-12-04 15:49:50.458 +01:00 [Information] HTTP "OPTIONS" "/countries" responded 204 in 20.3761 ms
2019-12-04 15:50:06.824 +01:00 [Information] HTTP "GET" "/configurationItems" responded 200 in 16356.0239 ms
2019-12-04 15:50:06.824 +01:00 [Information] HTTP "GET" "/configurationItems" responded 200 in 16356.0240 ms
2019-12-04 15:50:06.824 +01:00 [Information] HTTP "GET" "/countries" responded 200 in 16355.2770 ms
2019-12-04 15:51:28.261 +01:00 [Information] HTTP "OPTIONS" "/employees/plates" responded 204 in 5.2108 ms
2019-12-04 15:51:32.184 +01:00 [Information] HTTP "GET" "/employees/plates" responded 200 in 3917.7689 ms
2019-12-04 15:51:37.682 +01:00 [Information] HTTP "OPTIONS" "/cities/22/1178" responded 204 in 0.5286 ms
2019-12-04 15:51:40.507 +01:00 [Information] HTTP "GET" "/cities/22/1178" responded 200 in 2816.6741 ms
2019-12-04 15:51:41.042 +01:00 [Information] HTTP "OPTIONS" "/cities/22/1170" responded 204 in 0.6421 ms
2019-12-04 15:51:43.770 +01:00 [Information] HTTP "GET" "/cities/22/1170" responded 200 in 2718.3177 ms
2019-12-04 15:51:44.893 +01:00 [Information] HTTP "OPTIONS" "/fines" responded 204 in 0.2811 ms
2019-12-04 15:52:57.573 +01:00 [Information] HTTP "GET" "/" responded 404 in 51.3216 ms
2019-12-04 15:53:28.010 +01:00 [Information] HTTP "OPTIONS" "/configurationItems" responded 204 in 28.0132 ms
2019-12-04 15:53:28.010 +01:00 [Information] HTTP "OPTIONS" "/configurationItems" responded 204 in 24.2278 ms
2019-12-04 15:53:28.010 +01:00 [Information] HTTP "OPTIONS" "/countries" responded 204 in 28.0128 ms
2019-12-04 15:53:46.166 +01:00 [Information] HTTP "GET" "/configurationItems" responded 200 in 18146.6055 ms
2019-12-04 15:53:46.166 +01:00 [Information] HTTP "GET" "/configurationItems" responded 200 in 18146.2243 ms
2019-12-04 15:53:46.166 +01:00 [Information] HTTP "GET" "/countries" responded 200 in 18148.0336 ms
2019-12-04 15:54:27.010 +01:00 [Information] HTTP "OPTIONS" "/employees/plates" responded 204 in 0.8008 ms
2019-12-04 15:54:30.674 +01:00 [Information] HTTP "GET" "/employees/plates" responded 200 in 3654.6224 ms
2019-12-04 15:54:36.881 +01:00 [Information] HTTP "OPTIONS" "/cities/22/1180%C2%B0" responded 204 in 0.4143 ms
2019-12-04 15:54:37.970 +01:00 [Information] HTTP "OPTIONS" "/cities/22/1180" responded 204 in 0.0536 ms
2019-12-04 15:54:42.209 +01:00 [Information] HTTP "GET" "/cities/22/1180%C2%B0" responded 200 in 5294.6619 ms
2019-12-04 15:54:42.965 +01:00 [Information] HTTP "GET" "/cities/22/1180" responded 200 in 4985.8891 ms
2019-12-04 15:54:44.069 +01:00 [Information] HTTP "OPTIONS" "/fines" responded 204 in 0.3423 ms
2019-12-04 15:55:17.903 +01:00 [Information] HTTP "POST" "/fines" responded 200 in 33827.3627 ms
2019-12-04 15:55:17.998 +01:00 [Information] HTTP "OPTIONS" "/countries" responded 204 in 0.3579 ms
2019-12-04 15:55:17.999 +01:00 [Information] HTTP "OPTIONS" "/configurationItems" responded 204 in 0.0501 ms
2019-12-04 15:55:18.003 +01:00 [Information] HTTP "OPTIONS" "/configurationItems" responded 204 in 0.0558 ms
2019-12-04 15:55:18.008 +01:00 [Information] HTTP "OPTIONS" "/configurationItems" responded 204 in 0.0538 ms
2019-12-04 15:55:18.193 +01:00 [Information] HTTP "OPTIONS" "/documents/fine/20541" responded 204 in 0.0444 ms
2019-12-04 15:55:18.274 +01:00 [Information] HTTP "OPTIONS" "/fines/20541/activities" responded 204 in 0.0902 ms
2019-12-04 15:55:26.024 +01:00 [Information] HTTP "GET" "/configurationItems" responded 200 in 8005.8315 ms
2019-12-04 15:55:26.032 +01:00 [Information] HTTP "GET" "/configurationItems" responded 200 in 8020.2098 ms
2019-12-04 15:55:30.382 +01:00 [Information] HTTP "GET" "/configurationItems" responded 200 in 12363.9506 ms
2019-12-04 15:55:33.711 +01:00 [Information] HTTP "GET" "/countries" responded 200 in 15702.1303 ms
2019-12-04 15:55:33.743 +01:00 [Information] HTTP "OPTIONS" "/fines/20541" responded 204 in 1.0477 ms
2019-12-04 15:55:47.407 +01:00 [Information] HTTP "GET" "/fines/20541/activities" responded 200 in 29123.3903 ms
2019-12-04 15:55:48.553 +01:00 [Information] HTTP "GET" "/documents/fine/20541" responded 200 in 30347.4920 ms
2019-12-04 15:55:55.199 +01:00 [Information] HTTP "GET" "/fines/20541" responded 200 in 21440.6834 ms
2019-12-04 15:55:55.527 +01:00 [Information] HTTP "OPTIONS" "/cities/22/1180" responded 204 in 0.7096 ms
2019-12-04 15:55:58.774 +01:00 [Information] HTTP "GET" "/cities/22/1180" responded 200 in 3220.3697 ms
2019-12-04 15:56:11.186 +01:00 [Information] HTTP "OPTIONS" "/configurationItems" responded 204 in 0.8795 ms
2019-12-04 15:56:11.188 +01:00 [Information] HTTP "OPTIONS" "/configurationItems" responded 204 in 0.1616 ms
2019-12-04 15:56:11.195 +01:00 [Information] HTTP "OPTIONS" "/countries" responded 204 in 0.1395 ms
2019-12-04 15:56:17.958 +01:00 [Information] HTTP "GET" "/configurationItems" responded 200 in 6759.4307 ms
2019-12-04 15:56:18.002 +01:00 [Information] HTTP "GET" "/configurationItems" responded 200 in 6797.9077 ms
2019-12-04 15:56:19.400 +01:00 [Information] HTTP "GET" "/countries" responded 200 in 8196.3879 ms
2019-12-04 15:56:52.196 +01:00 [Information] HTTP "OPTIONS" "/employees/plates" responded 204 in 0.1602 ms
2019-12-04 15:56:56.022 +01:00 [Information] HTTP "GET" "/employees/plates" responded 200 in 3821.3671 ms
2019-12-04 15:57:28.439 +01:00 [Information] HTTP "OPTIONS" "/cities/22/117%C2%B0" responded 204 in 1.1192 ms
2019-12-04 15:57:29.041 +01:00 [Information] HTTP "OPTIONS" "/cities/22/1179" responded 204 in 0.1009 ms
2019-12-04 15:57:31.325 +01:00 [Information] HTTP "OPTIONS" "/cities/22/1170" responded 204 in 2.6309 ms
2019-12-04 15:57:36.640 +01:00 [Information] HTTP "GET" "/cities/22/117%C2%B0" responded 200 in 8163.8503 ms
2019-12-04 15:57:37.541 +01:00 [Information] HTTP "GET" "/cities/22/1179" responded 200 in 8494.1385 ms
2019-12-04 15:57:39.318 +01:00 [Information] HTTP "GET" "/cities/22/1170" responded 200 in 7936.9576 ms
2019-12-04 15:57:42.336 +01:00 [Information] HTTP "OPTIONS" "/fines" responded 204 in 0.0702 ms
2019-12-04 15:57:51.662 +01:00 [Information] HTTP "POST" "/fines" responded 200 in 9323.2750 ms
2019-12-04 15:57:51.734 +01:00 [Information] HTTP "OPTIONS" "/countries" responded 204 in 0.0993 ms
2019-12-04 15:57:51.735 +01:00 [Information] HTTP "OPTIONS" "/configurationItems" responded 204 in 0.0809 ms
2019-12-04 15:57:51.736 +01:00 [Information] HTTP "OPTIONS" "/configurationItems" responded 204 in 0.0651 ms
2019-12-04 15:57:51.748 +01:00 [Information] HTTP "OPTIONS" "/configurationItems" responded 204 in 0.3166 ms
2019-12-04 15:57:51.818 +01:00 [Information] HTTP "OPTIONS" "/documents/fine/20542" responded 204 in 0.0409 ms
2019-12-04 15:57:51.870 +01:00 [Information] HTTP "OPTIONS" "/fines/20542/activities" responded 204 in 0.0563 ms
2019-12-04 15:58:00.760 +01:00 [Information] HTTP "GET" "/configurationItems" responded 200 in 8974.8623 ms
2019-12-04 15:58:01.480 +01:00 [Information] HTTP "GET" "/documents/fine/20542" responded 200 in 9651.8404 ms
2019-12-04 15:58:04.693 +01:00 [Information] HTTP "GET" "/countries" responded 200 in 12925.0153 ms
2019-12-04 15:58:08.213 +01:00 [Information] HTTP "GET" "/configurationItems" responded 200 in 16427.6889 ms
2019-12-04 15:58:12.141 +01:00 [Information] HTTP "GET" "/configurationItems" responded 200 in 20362.7356 ms
2019-12-04 15:58:12.158 +01:00 [Information] HTTP "OPTIONS" "/fines/20542" responded 204 in 0.0489 ms
2019-12-04 15:58:47.614 +01:00 [Information] HTTP "GET" "/fines/20542/activities" responded 200 in 55733.2001 ms
2019-12-04 16:03:57.106 +01:00 [Information] HTTP "GET" "/fines/20542" responded 200 in 344943.7983 ms
2019-12-04 16:03:57.500 +01:00 [Information] HTTP "OPTIONS" "/cities/22/1170" responded 204 in 0.0616 ms
2019-12-04 16:04:00.771 +01:00 [Information] HTTP "GET" "/cities/22/1170" responded 200 in 3267.1250 ms
2019-12-04 16:06:37.763 +01:00 [Information] HTTP "OPTIONS" "/configurationItems" responded 204 in 0.1594 ms
2019-12-04 16:06:40.834 +01:00 [Information] HTTP "GET" "/configurationItems" responded 200 in 3064.1280 ms
2019-12-04 16:07:02.140 +01:00 [Information] HTTP "OPTIONS" "/fines" responded 204 in 0.0691 ms
2019-12-04 16:07:06.616 +01:00 [Information] HTTP "GET" "/fines" responded 200 in 4473.6725 ms
2019-12-04 16:07:34.936 +01:00 [Information] HTTP "OPTIONS" "/countries" responded 204 in 0.0513 ms
2019-12-04 16:07:34.937 +01:00 [Information] HTTP "OPTIONS" "/configurationItems" responded 204 in 0.0372 ms
2019-12-04 16:07:34.948 +01:00 [Information] HTTP "OPTIONS" "/configurationItems" responded 204 in 0.0460 ms
2019-12-04 16:07:34.950 +01:00 [Information] HTTP "OPTIONS" "/configurationItems" responded 204 in 0.0487 ms
2019-12-04 16:07:37.069 +01:00 [Information] HTTP "OPTIONS" "/documents/fine/13143" responded 204 in 0.0556 ms
2019-12-04 16:07:37.073 +01:00 [Information] HTTP "OPTIONS" "/fines/13143/activities" responded 204 in 0.0584 ms
2019-12-04 16:07:43.403 +01:00 [Information] HTTP "GET" "/countries" responded 200 in 8452.7366 ms
2019-12-04 16:07:43.519 +01:00 [Information] HTTP "GET" "/configurationItems" responded 200 in 8561.1783 ms
2019-12-04 16:07:50.181 +01:00 [Information] HTTP "GET" "/configurationItems" responded 200 in 15224.4125 ms
2019-12-04 16:07:51.105 +01:00 [Information] HTTP "GET" "/configurationItems" responded 200 in 15092.6931 ms
2019-12-04 16:07:51.137 +01:00 [Information] HTTP "OPTIONS" "/fines/13143" responded 204 in 1.1635 ms
2019-12-04 16:07:54.464 +01:00 [Information] HTTP "GET" "/documents/fine/13143" responded 200 in 17387.0636 ms
2019-12-04 16:08:19.535 +01:00 [Information] HTTP "GET" "/fines/13143/activities" responded 200 in 41000.1008 ms
2019-12-04 16:08:33.294 +01:00 [Information] HTTP "GET" "/fines/13143" responded 200 in 42150.8008 ms
2019-12-04 16:08:45.336 +01:00 [Information] HTTP "OPTIONS" "/cities/22/1180%C2%B0" responded 204 in 0.1256 ms
2019-12-04 16:08:46.297 +01:00 [Information] HTTP "OPTIONS" "/cities/22/1180" responded 204 in 0.0345 ms
2019-12-04 16:08:51.413 +01:00 [Information] HTTP "GET" "/cities/22/1180%C2%B0" responded 200 in 6070.7467 ms
2019-12-04 16:08:52.537 +01:00 [Information] HTTP "GET" "/cities/22/1180" responded 200 in 6232.3156 ms
2019-12-04 16:09:16.200 +01:00 [Information] HTTP "OPTIONS" "/countries" responded 204 in 0.0391 ms
2019-12-04 16:09:16.210 +01:00 [Information] HTTP "OPTIONS" "/configurationItems" responded 204 in 0.0308 ms
2019-12-04 16:09:16.210 +01:00 [Information] HTTP "OPTIONS" "/configurationItems" responded 204 in 0.0310 ms
2019-12-04 16:09:16.210 +01:00 [Information] HTTP "OPTIONS" "/configurationItems" responded 204 in 0.0228 ms
2019-12-04 16:09:18.697 +01:00 [Information] HTTP "OPTIONS" "/fines/20261/activities" responded 204 in 0.0465 ms
2019-12-04 16:09:18.700 +01:00 [Information] HTTP "OPTIONS" "/documents/fine/20261" responded 204 in 0.0336 ms
2019-12-04 16:09:18.732 +01:00 [Information] HTTP "OPTIONS" "/fines/20261/activities" responded 204 in 29.5535 ms
2019-12-04 16:09:24.595 +01:00 [Information] HTTP "GET" "/configurationItems" responded 200 in 8376.4594 ms
2019-12-04 16:09:24.604 +01:00 [Information] HTTP "GET" "/configurationItems" responded 200 in 8384.0942 ms
2019-12-04 16:09:29.566 +01:00 [Information] HTTP "GET" "/countries" responded 200 in 13355.3036 ms
2019-12-04 16:09:31.467 +01:00 [Information] HTTP "GET" "/configurationItems" responded 200 in 13759.7142 ms
2019-12-04 16:09:31.512 +01:00 [Information] HTTP "OPTIONS" "/fines/20261" responded 204 in 0.0366 ms
2019-12-04 16:09:36.547 +01:00 [Information] HTTP "GET" "/fines/20261/activities" responded 200 in 17811.0594 ms
2019-12-04 16:09:38.430 +01:00 [Information] HTTP "GET" "/documents/fine/20261" responded 200 in 18695.4375 ms
2019-12-04 16:09:44.718 +01:00 [Information] HTTP "GET" "/fines/20261/activities" responded 200 in 23994.7104 ms
2019-12-04 16:09:50.465 +01:00 [Information] HTTP "GET" "/fines/20261" responded 200 in 18943.7567 ms
2019-12-04 16:10:01.127 +01:00 [Information] HTTP "OPTIONS" "/fines/20261" responded 204 in 0.0413 ms
2019-12-04 16:10:13.889 +01:00 [Information] HTTP "PUT" "/fines/20261" responded 200 in 12757.2493 ms
2019-12-04 16:10:26.871 +01:00 [Information] HTTP "OPTIONS" "/countries" responded 204 in 0.0343 ms
2019-12-04 16:10:26.874 +01:00 [Information] HTTP "OPTIONS" "/configurationItems" responded 204 in 0.0484 ms
2019-12-04 16:10:26.881 +01:00 [Information] HTTP "OPTIONS" "/configurationItems" responded 204 in 0.2094 ms
2019-12-04 16:10:26.882 +01:00 [Information] HTTP "OPTIONS" "/configurationItems" responded 204 in 0.0308 ms
2019-12-04 16:10:27.198 +01:00 [Information] HTTP "OPTIONS" "/fines/20261/activities" responded 204 in 0.0468 ms
2019-12-04 16:10:28.917 +01:00 [Information] HTTP "OPTIONS" "/documents/fine/20261" responded 204 in 0.0314 ms
2019-12-04 16:10:28.919 +01:00 [Information] HTTP "OPTIONS" "/fines/20261/activities" responded 204 in 0.0319 ms
2019-12-04 16:10:35.325 +01:00 [Information] HTTP "GET" "/countries" responded 200 in 8449.8108 ms
2019-12-04 16:10:35.426 +01:00 [Information] HTTP "GET" "/configurationItems" responded 200 in 8541.0226 ms
2019-12-04 16:10:40.092 +01:00 [Information] HTTP "GET" "/configurationItems" responded 200 in 13209.4417 ms
2019-12-04 16:10:42.519 +01:00 [Information] HTTP "GET" "/configurationItems" responded 200 in 15614.5502 ms
2019-12-04 16:10:42.565 +01:00 [Information] HTTP "OPTIONS" "/fines/20261" responded 204 in 0.0507 ms
2019-12-04 16:10:47.538 +01:00 [Information] HTTP "GET" "/fines/20261/activities" responded 200 in 20331.0436 ms
2019-12-04 16:10:49.515 +01:00 [Information] HTTP "GET" "/documents/fine/20261" responded 200 in 20096.7027 ms
2019-12-04 16:10:55.939 +01:00 [Information] HTTP "GET" "/fines/20261" responded 200 in 13367.1876 ms
2019-12-04 16:11:00.332 +01:00 [Information] HTTP "OPTIONS" "/ActivityLogs/1105" responded 204 in 0.0406 ms
2019-12-04 16:11:05.231 +01:00 [Information] HTTP "GET" "/ActivityLogs/1105" responded 200 in 4896.2471 ms
2019-12-04 16:11:13.811 +01:00 [Information] HTTP "OPTIONS" "/ActivityLogs/981" responded 204 in 0.0388 ms
2019-12-04 16:11:17.862 +01:00 [Information] HTTP "GET" "/ActivityLogs/981" responded 200 in 4047.7635 ms
2019-12-04 16:13:41.695 +01:00 [Information] HTTP "GET" "/" responded 404 in 82.8012 ms
2019-12-04 16:13:41.878 +01:00 [Information] HTTP "GET" "/favicon.ico" responded 404 in 41.8593 ms
2019-12-04 16:14:02.629 +01:00 [Information] HTTP "OPTIONS" "/configurationItems" responded 204 in 2.6061 ms
2019-12-04 16:14:11.567 +01:00 [Information] HTTP "GET" "/configurationItems" responded 200 in 8933.8294 ms
2019-12-04 16:14:16.326 +01:00 [Information] HTTP "OPTIONS" "/fines" responded 204 in 0.5010 ms
2019-12-04 16:14:21.167 +01:00 [Information] HTTP "GET" "/fines" responded 200 in 4835.9069 ms
2019-12-04 16:14:26.441 +01:00 [Information] HTTP "OPTIONS" "/countries" responded 204 in 0.5326 ms
2019-12-04 16:14:26.447 +01:00 [Information] HTTP "OPTIONS" "/configurationItems" responded 204 in 0.2966 ms
2019-12-04 16:14:26.449 +01:00 [Information] HTTP "OPTIONS" "/configurationItems" responded 204 in 0.6323 ms
2019-12-04 16:14:26.451 +01:00 [Information] HTTP "OPTIONS" "/configurationItems" responded 204 in 0.2154 ms
2019-12-04 16:14:26.645 +01:00 [Information] HTTP "OPTIONS" "/documents/fine/13338" responded 204 in 0.2774 ms
2019-12-04 16:14:27.461 +01:00 [Information] HTTP "OPTIONS" "/fines/13338/activities" responded 204 in 0.0503 ms
2019-12-04 16:14:37.014 +01:00 [Information] HTTP "GET" "/configurationItems" responded 200 in 10557.2737 ms
2019-12-04 16:14:37.730 +01:00 [Information] HTTP "GET" "/configurationItems" responded 200 in 11273.6465 ms
2019-12-04 16:14:39.588 +01:00 [Information] HTTP "GET" "/countries" responded 200 in 13138.0133 ms
2019-12-04 16:14:41.135 +01:00 [Information] HTTP "GET" "/configurationItems" responded 200 in 14679.2791 ms
2019-12-04 16:14:41.167 +01:00 [Information] HTTP "OPTIONS" "/fines/13338" responded 204 in 0.1782 ms
2019-12-04 16:14:45.651 +01:00 [Information] HTTP "GET" "/documents/fine/13338" responded 200 in 18997.8152 ms
2019-12-04 16:14:49.102 +01:00 [Information] HTTP "GET" "/fines/13338/activities" responded 200 in 21523.8279 ms
2019-12-04 16:14:53.834 +01:00 [Information] HTTP "GET" "/fines/13338" responded 200 in 12660.0463 ms
2019-12-04 16:15:05.284 +01:00 [Information] HTTP "OPTIONS" "/fines/13338" responded 204 in 0.6430 ms
2019-12-04 16:15:22.167 +01:00 [Information] HTTP "PUT" "/fines/13338" responded 422 in 16879.7617 ms
2019-12-04 16:15:41.100 +01:00 [Information] HTTP "OPTIONS" "/fines/13338" responded 204 in 0.3574 ms
2019-12-04 16:16:02.487 +01:00 [Information] HTTP "PUT" "/fines/13338" responded 422 in 21380.6107 ms
2019-12-04 16:16:20.880 +01:00 [Information] HTTP "OPTIONS" "/countries" responded 204 in 0.2865 ms
2019-12-04 16:16:20.890 +01:00 [Information] HTTP "OPTIONS" "/configurationItems" responded 204 in 0.1570 ms
2019-12-04 16:16:20.890 +01:00 [Information] HTTP "OPTIONS" "/configurationItems" responded 204 in 0.1006 ms
2019-12-04 16:16:20.891 +01:00 [Information] HTTP "OPTIONS" "/configurationItems" responded 204 in 0.0924 ms
2019-12-04 16:16:24.419 +01:00 [Information] HTTP "OPTIONS" "/fines/20261/activities" responded 204 in 0.1066 ms
2019-12-04 16:16:24.427 +01:00 [Information] HTTP "OPTIONS" "/documents/fine/20261" responded 204 in 0.0447 ms
2019-12-04 16:16:24.428 +01:00 [Information] HTTP "OPTIONS" "/fines/20261/activities" responded 204 in 0.0445 ms
2019-12-04 16:16:29.945 +01:00 [Information] HTTP "GET" "/countries" responded 200 in 9053.9581 ms
2019-12-04 16:16:30.061 +01:00 [Information] HTTP "GET" "/configurationItems" responded 200 in 9163.7001 ms
2019-12-04 16:16:33.893 +01:00 [Information] HTTP "GET" "/configurationItems" responded 200 in 12994.3069 ms
2019-12-04 16:16:37.983 +01:00 [Information] HTTP "GET" "/configurationItems" responded 200 in 14573.3302 ms
2019-12-04 16:16:38.017 +01:00 [Information] HTTP "OPTIONS" "/fines/20261" responded 204 in 0.1117 ms
2019-12-04 16:16:44.425 +01:00 [Information] HTTP "GET" "/fines/20261/activities" responded 200 in 19992.8704 ms
2019-12-04 16:16:44.978 +01:00 [Information] HTTP "GET" "/documents/fine/20261" responded 200 in 19571.3076 ms
2019-12-04 16:16:49.630 +01:00 [Information] HTTP "GET" "/fines/20261/activities" responded 200 in 23703.8975 ms
2019-12-04 16:39:03.635 +01:00 [Information] HTTP "GET" "/fines/20261" responded 200 in 1345606.4346 ms
2019-12-04 16:48:34.187 +01:00 [Information] HTTP "GET" "/" responded 404 in 45.9134 ms
2019-12-04 16:48:43.761 +01:00 [Information] HTTP "OPTIONS" "/configurationItems" responded 204 in 36.0780 ms
2019-12-04 16:48:43.761 +01:00 [Information] HTTP "OPTIONS" "/countries" responded 204 in 40.3114 ms
2019-12-04 16:48:43.761 +01:00 [Information] HTTP "OPTIONS" "/configurationItems" responded 204 in 35.5599 ms
2019-12-04 16:48:43.761 +01:00 [Information] HTTP "OPTIONS" "/configurationItems" responded 204 in 29.4863 ms
2019-12-04 16:48:44.013 +01:00 [Information] HTTP "OPTIONS" "/fines/20261/activities" responded 204 in 0.0543 ms
2019-12-04 16:48:45.256 +01:00 [Information] HTTP "OPTIONS" "/documents/fine/20261" responded 204 in 0.0744 ms
2019-12-04 16:48:45.262 +01:00 [Information] HTTP "OPTIONS" "/fines/20261/activities" responded 204 in 0.0570 ms
2019-12-04 16:49:10.990 +01:00 [Information] HTTP "GET" "/configurationItems" responded 200 in 27221.6294 ms
2019-12-04 16:49:10.990 +01:00 [Information] HTTP "GET" "/configurationItems" responded 200 in 27221.2679 ms
2019-12-04 16:49:10.991 +01:00 [Information] HTTP "GET" "/documents/fine/20261" responded 200 in 25678.7598 ms
2019-12-04 16:49:10.995 +01:00 [Information] HTTP "GET" "/configurationItems" responded 200 in 27228.5479 ms
2019-12-04 16:49:10.996 +01:00 [Information] HTTP "GET" "/countries" responded 200 in 27229.8230 ms
2019-12-04 16:49:11.303 +01:00 [Information] HTTP "OPTIONS" "/fines/20261" responded 204 in 0.3232 ms
2019-12-04 16:49:12.307 +01:00 [Information] HTTP "GET" "/fines/20261/activities" responded 200 in 28290.7733 ms
2019-12-04 16:49:23.180 +01:00 [Information] HTTP "GET" "/fines/20261" responded 200 in 11873.2226 ms
2019-12-04 16:49:28.004 +01:00 [Information] HTTP "OPTIONS" "/ActivityLogs/1105" responded 204 in 0.4143 ms
2019-12-04 16:49:33.679 +01:00 [Information] HTTP "GET" "/ActivityLogs/1105" responded 200 in 5669.5143 ms
2019-12-04 16:49:44.880 +01:00 [Information] HTTP "OPTIONS" "/fines/20261" responded 204 in 0.2607 ms
2019-12-04 16:50:07.460 +01:00 [Information] HTTP "PUT" "/fines/20261" responded 200 in 22577.4312 ms
2019-12-04 16:50:30.587 +01:00 [Information] HTTP "OPTIONS" "/countries" responded 204 in 0.7503 ms
2019-12-04 16:50:30.591 +01:00 [Information] HTTP "OPTIONS" "/configurationItems" responded 204 in 0.3061 ms
2019-12-04 16:50:30.609 +01:00 [Information] HTTP "OPTIONS" "/configurationItems" responded 204 in 1.0998 ms
2019-12-04 16:50:30.613 +01:00 [Information] HTTP "OPTIONS" "/configurationItems" responded 204 in 0.4376 ms
2019-12-04 16:50:34.116 +01:00 [Information] HTTP "OPTIONS" "/fines/20261/activities" responded 204 in 2.1604 ms
2019-12-04 16:50:34.132 +01:00 [Information] HTTP "OPTIONS" "/documents/fine/20261" responded 204 in 0.2172 ms
2019-12-04 16:50:34.134 +01:00 [Information] HTTP "OPTIONS" "/fines/20261/activities" responded 204 in 0.0505 ms
2019-12-04 16:50:41.177 +01:00 [Information] HTTP "GET" "/configurationItems" responded 200 in 10535.2022 ms
2019-12-04 16:50:43.846 +01:00 [Information] HTTP "GET" "/countries" responded 200 in 13220.8614 ms
2019-12-04 16:50:44.551 +01:00 [Information] HTTP "GET" "/configurationItems" responded 200 in 13937.4608 ms
2019-12-04 16:50:49.244 +01:00 [Information] HTTP "GET" "/configurationItems" responded 200 in 17132.4978 ms
2019-12-04 16:50:49.277 +01:00 [Information] HTTP "OPTIONS" "/fines/20261" responded 204 in 6.4074 ms
2019-12-04 16:50:52.017 +01:00 [Information] HTTP "GET" "/fines/20261/activities" responded 200 in 10825.6171 ms
2019-12-04 16:50:55.382 +01:00 [Information] HTTP "GET" "/documents/fine/20261" responded 200 in 21234.9957 ms
2019-12-04 16:50:57.996 +01:00 [Information] HTTP "GET" "/fines/20261/activities" responded 200 in 18390.2358 ms
2019-12-04 16:51:06.551 +01:00 [Information] HTTP "GET" "/fines/20261" responded 200 in 17269.1169 ms
2019-12-04 16:51:12.578 +01:00 [Information] HTTP "OPTIONS" "/ActivityLogs/1141" responded 204 in 0.1995 ms
2019-12-04 16:51:16.706 +01:00 [Information] HTTP "GET" "/ActivityLogs/1141" responded 200 in 4125.4779 ms
2019-12-04 16:51:34.673 +01:00 [Information] HTTP "GET" "/" responded 404 in 49.0308 ms
2019-12-04 16:51:35.135 +01:00 [Information] HTTP "OPTIONS" "/configurationItems" responded 204 in 28.1910 ms
2019-12-04 16:51:44.463 +01:00 [Information] HTTP "GET" "/configurationItems" responded 200 in 9322.2161 ms
2019-12-04 16:51:47.765 +01:00 [Information] HTTP "OPTIONS" "/configurationItems" responded 204 in 1.1944 ms
2019-12-04 16:51:50.630 +01:00 [Information] HTTP "GET" "/configurationItems" responded 200 in 2859.4141 ms
2019-12-04 16:51:58.938 +01:00 [Information] HTTP "OPTIONS" "/fines" responded 204 in 0.3259 ms
2019-12-04 16:52:03.725 +01:00 [Information] HTTP "GET" "/fines" responded 200 in 4782.8127 ms
2019-12-04 16:52:31.373 +01:00 [Information] HTTP "OPTIONS" "/countries" responded 204 in 0.8284 ms
2019-12-04 16:52:31.376 +01:00 [Information] HTTP "OPTIONS" "/configurationItems" responded 204 in 0.2850 ms
2019-12-04 16:52:31.377 +01:00 [Information] HTTP "OPTIONS" "/configurationItems" responded 204 in 0.0516 ms
2019-12-04 16:52:31.377 +01:00 [Information] HTTP "OPTIONS" "/configurationItems" responded 204 in 0.0476 ms
2019-12-04 16:52:35.410 +01:00 [Information] HTTP "OPTIONS" "/fines/13143/activities" responded 204 in 0.0618 ms
2019-12-04 16:52:35.416 +01:00 [Information] HTTP "OPTIONS" "/documents/fine/13143" responded 204 in 0.0588 ms
2019-12-04 16:52:46.298 +01:00 [Information] HTTP "GET" "/configurationItems" responded 200 in 14895.9940 ms
2019-12-04 16:52:47.478 +01:00 [Information] HTTP "GET" "/configurationItems" responded 200 in 16086.4894 ms
2019-12-04 16:52:49.490 +01:00 [Information] HTTP "GET" "/countries" responded 200 in 18098.6705 ms
2019-12-04 16:52:52.807 +01:00 [Information] HTTP "GET" "/configurationItems" responded 200 in 21412.9159 ms
2019-12-04 16:52:52.846 +01:00 [Information] HTTP "OPTIONS" "/fines/13143" responded 204 in 8.8894 ms
2019-12-04 16:52:59.434 +01:00 [Information] HTTP "GET" "/fines/13143/activities" responded 200 in 24014.5377 ms
2019-12-04 16:52:59.524 +01:00 [Information] HTTP "GET" "/documents/fine/13143" responded 200 in 21627.8600 ms
2019-12-04 16:53:06.797 +01:00 [Information] HTTP "GET" "/fines/13143" responded 200 in 13939.1677 ms
2019-12-04 16:53:17.223 +01:00 [Information] HTTP "OPTIONS" "/fines/13143" responded 204 in 0.3222 ms
2019-12-04 16:53:19.974 +01:00 [Information] HTTP "PUT" "/fines/13143" responded 422 in 2740.9274 ms
2019-12-04 16:53:30.523 +01:00 [Information] HTTP "OPTIONS" "/fines/13143" responded 204 in 0.1962 ms
2019-12-04 16:53:33.271 +01:00 [Information] HTTP "PUT" "/fines/13143" responded 422 in 2726.6378 ms
2019-12-04 16:54:03.500 +01:00 [Information] HTTP "OPTIONS" "/fines/13143" responded 204 in 0.9030 ms
2019-12-04 16:54:18.040 +01:00 [Information] HTTP "PUT" "/fines/13143" responded 422 in 14535.2650 ms
2019-12-04 16:54:41.765 +01:00 [Information] HTTP "OPTIONS" "/fines/13143" responded 204 in 0.2775 ms
2019-12-04 16:55:09.306 +01:00 [Information] HTTP "PUT" "/fines/13143" responded 500 in 27530.4489 ms
Microsoft.EntityFrameworkCore.DbUpdateConcurrencyException: Database operation expected to affect 1 row(s) but actually affected 1145 row(s). Data may have been modified or deleted since entities were loaded. See http://go.microsoft.com/fwlink/?LinkId=527962 for information on understanding and handling optimistic concurrency exceptions.
   at Oracle.EntityFrameworkCore.Update.Internal.OracleModificationCommandBatch.ConsumeAsync(RelationalDataReader relationalReader, CancellationToken cancellationToken)
   at Microsoft.EntityFrameworkCore.Update.ReaderModificationCommandBatch.ExecuteAsync(IRelationalConnection connection, CancellationToken cancellationToken)
   at Microsoft.EntityFrameworkCore.Update.Internal.BatchExecutor.ExecuteAsync(DbContext _, ValueTuple`2 parameters, CancellationToken cancellationToken)
   at Oracle.EntityFrameworkCore.Storage.Internal.OracleExecutionStrategy.ExecuteAsync[TState,TResult](TState state, Func`4 operation, Func`4 verifySucceeded, CancellationToken cancellationToken)
   at Microsoft.EntityFrameworkCore.ChangeTracking.Internal.StateManager.SaveChangesAsync(IReadOnlyList`1 entriesToSave, CancellationToken cancellationToken)
   at Microsoft.EntityFrameworkCore.ChangeTracking.Internal.StateManager.SaveChangesAsync(Boolean acceptAllChangesOnSuccess, CancellationToken cancellationToken)
   at Microsoft.EntityFrameworkCore.DbContext.SaveChangesAsync(Boolean acceptAllChangesOnSuccess, CancellationToken cancellationToken)
   at Infrabel.ICT.Framework.Extended.EntityFramework.DbContextBase.SaveChangesAsync(Boolean acceptAllChangesOnSuccess, CancellationToken cancellationToken)
   at Infrabel.ICT.Framework.Extended.EntityFramework.DbRepository`1.CommitAsync(CancellationToken cancellationToken)
   at FleetManager.Infrastructure.Services.ActivityLogService.CreateAsync(VehicleEvent newVehicleEvent, VehicleEvent prevVehicleEvent, CancellationToken cancellationToken) in C:\Coding\a245-fleetmanager\api\Infrastructure\Services\ActivityLogService.cs:line 254
   at FleetManager.Infrastructure.Services.VehicleEventService.UpdateAsync(Int64 id, FineUpdateRequest request, CancellationToken cancellationToken) in C:\Coding\a245-fleetmanager\api\Infrastructure\Services\VehicleEventService.cs:line 242
   at FleetManager.Web.Api.FinesController.UpdateFine(Int64 fineId, FineUpdateRequest request) in C:\Coding\a245-fleetmanager\api\Web\Api\FinesController.cs:line 76
   at Microsoft.AspNetCore.Mvc.Infrastructure.ActionMethodExecutor.TaskOfIActionResultExecutor.Execute(IActionResultTypeMapper mapper, ObjectMethodExecutor executor, Object controller, Object[] arguments)
   at Microsoft.AspNetCore.Mvc.Infrastructure.ControllerActionInvoker.<InvokeActionMethodAsync>g__Awaited|12_0(ControllerActionInvoker invoker, ValueTask`1 actionResultValueTask)
   at Microsoft.AspNetCore.Mvc.Infrastructure.ControllerActionInvoker.<InvokeNextActionFilterAsync>g__Awaited|10_0(ControllerActionInvoker invoker, Task lastTask, State next, Scope scope, Object state, Boolean isCompleted)
   at Microsoft.AspNetCore.Mvc.Infrastructure.ControllerActionInvoker.Rethrow(ActionExecutedContextSealed context)
   at Microsoft.AspNetCore.Mvc.Infrastructure.ControllerActionInvoker.Next(State& next, Scope& scope, Object& state, Boolean& isCompleted)
   at Microsoft.AspNetCore.Mvc.Infrastructure.ControllerActionInvoker.InvokeInnerFilterAsync()
--- End of stack trace from previous location where exception was thrown ---
   at Microsoft.AspNetCore.Mvc.Infrastructure.ResourceInvoker.<InvokeNextExceptionFilterAsync>g__Awaited|25_0(ResourceInvoker invoker, Task lastTask, State next, Scope scope, Object state, Boolean isCompleted)
   at Microsoft.AspNetCore.Mvc.Infrastructure.ResourceInvoker.Rethrow(ExceptionContextSealed context)
   at Microsoft.AspNetCore.Mvc.Infrastructure.ResourceInvoker.Next(State& next, Scope& scope, Object& state, Boolean& isCompleted)
   at Microsoft.AspNetCore.Mvc.Infrastructure.ResourceInvoker.InvokeFilterPipelineAsync()
--- End of stack trace from previous location where exception was thrown ---
   at Microsoft.AspNetCore.Mvc.Infrastructure.ResourceInvoker.<InvokeAsync>g__Awaited|17_0(ResourceInvoker invoker, Task task, IDisposable scope)
   at Microsoft.AspNetCore.Routing.EndpointMiddleware.<Invoke>g__AwaitRequestTask|6_0(Endpoint endpoint, Task requestTask, ILogger logger)
   at Microsoft.AspNetCore.Localization.RequestLocalizationMiddleware.Invoke(HttpContext context)
   at Microsoft.AspNetCore.Authorization.AuthorizationMiddleware.Invoke(HttpContext context)
   at Infrabel.ICT.Framework.Extended.AspNetCore.Middleware.LoggingMiddleware.Invoke(HttpContext context, IEnvironmentInfoService environmentInfoService)
2019-12-04 16:55:09.408 +01:00 [Error] An unhandled exception has occurred while executing the request.
Microsoft.EntityFrameworkCore.DbUpdateConcurrencyException: Database operation expected to affect 1 row(s) but actually affected 1145 row(s). Data may have been modified or deleted since entities were loaded. See http://go.microsoft.com/fwlink/?LinkId=527962 for information on understanding and handling optimistic concurrency exceptions.
   at Oracle.EntityFrameworkCore.Update.Internal.OracleModificationCommandBatch.ConsumeAsync(RelationalDataReader relationalReader, CancellationToken cancellationToken)
   at Microsoft.EntityFrameworkCore.Update.ReaderModificationCommandBatch.ExecuteAsync(IRelationalConnection connection, CancellationToken cancellationToken)
   at Microsoft.EntityFrameworkCore.Update.Internal.BatchExecutor.ExecuteAsync(DbContext _, ValueTuple`2 parameters, CancellationToken cancellationToken)
   at Oracle.EntityFrameworkCore.Storage.Internal.OracleExecutionStrategy.ExecuteAsync[TState,TResult](TState state, Func`4 operation, Func`4 verifySucceeded, CancellationToken cancellationToken)
   at Microsoft.EntityFrameworkCore.ChangeTracking.Internal.StateManager.SaveChangesAsync(IReadOnlyList`1 entriesToSave, CancellationToken cancellationToken)
   at Microsoft.EntityFrameworkCore.ChangeTracking.Internal.StateManager.SaveChangesAsync(Boolean acceptAllChangesOnSuccess, CancellationToken cancellationToken)
   at Microsoft.EntityFrameworkCore.DbContext.SaveChangesAsync(Boolean acceptAllChangesOnSuccess, CancellationToken cancellationToken)
   at Infrabel.ICT.Framework.Extended.EntityFramework.DbContextBase.SaveChangesAsync(Boolean acceptAllChangesOnSuccess, CancellationToken cancellationToken)
   at Infrabel.ICT.Framework.Extended.EntityFramework.DbRepository`1.CommitAsync(CancellationToken cancellationToken)
   at FleetManager.Infrastructure.Services.ActivityLogService.CreateAsync(VehicleEvent newVehicleEvent, VehicleEvent prevVehicleEvent, CancellationToken cancellationToken) in C:\Coding\a245-fleetmanager\api\Infrastructure\Services\ActivityLogService.cs:line 254
   at FleetManager.Infrastructure.Services.VehicleEventService.UpdateAsync(Int64 id, FineUpdateRequest request, CancellationToken cancellationToken) in C:\Coding\a245-fleetmanager\api\Infrastructure\Services\VehicleEventService.cs:line 242
   at FleetManager.Web.Api.FinesController.UpdateFine(Int64 fineId, FineUpdateRequest request) in C:\Coding\a245-fleetmanager\api\Web\Api\FinesController.cs:line 76
   at Microsoft.AspNetCore.Mvc.Infrastructure.ActionMethodExecutor.TaskOfIActionResultExecutor.Execute(IActionResultTypeMapper mapper, ObjectMethodExecutor executor, Object controller, Object[] arguments)
   at Microsoft.AspNetCore.Mvc.Infrastructure.ControllerActionInvoker.<InvokeActionMethodAsync>g__Awaited|12_0(ControllerActionInvoker invoker, ValueTask`1 actionResultValueTask)
   at Microsoft.AspNetCore.Mvc.Infrastructure.ControllerActionInvoker.<InvokeNextActionFilterAsync>g__Awaited|10_0(ControllerActionInvoker invoker, Task lastTask, State next, Scope scope, Object state, Boolean isCompleted)
   at Microsoft.AspNetCore.Mvc.Infrastructure.ControllerActionInvoker.Rethrow(ActionExecutedContextSealed context)
   at Microsoft.AspNetCore.Mvc.Infrastructure.ControllerActionInvoker.Next(State& next, Scope& scope, Object& state, Boolean& isCompleted)
   at Microsoft.AspNetCore.Mvc.Infrastructure.ControllerActionInvoker.InvokeInnerFilterAsync()
--- End of stack trace from previous location where exception was thrown ---
   at Microsoft.AspNetCore.Mvc.Infrastructure.ResourceInvoker.<InvokeNextExceptionFilterAsync>g__Awaited|25_0(ResourceInvoker invoker, Task lastTask, State next, Scope scope, Object state, Boolean isCompleted)
   at Microsoft.AspNetCore.Mvc.Infrastructure.ResourceInvoker.Rethrow(ExceptionContextSealed context)
   at Microsoft.AspNetCore.Mvc.Infrastructure.ResourceInvoker.Next(State& next, Scope& scope, Object& state, Boolean& isCompleted)
   at Microsoft.AspNetCore.Mvc.Infrastructure.ResourceInvoker.InvokeFilterPipelineAsync()
--- End of stack trace from previous location where exception was thrown ---
   at Microsoft.AspNetCore.Mvc.Infrastructure.ResourceInvoker.<InvokeAsync>g__Awaited|17_0(ResourceInvoker invoker, Task task, IDisposable scope)
   at Microsoft.AspNetCore.Routing.EndpointMiddleware.<Invoke>g__AwaitRequestTask|6_0(Endpoint endpoint, Task requestTask, ILogger logger)
   at Microsoft.AspNetCore.Localization.RequestLocalizationMiddleware.Invoke(HttpContext context)
   at Microsoft.AspNetCore.Authorization.AuthorizationMiddleware.Invoke(HttpContext context)
   at Infrabel.ICT.Framework.Extended.AspNetCore.Middleware.LoggingMiddleware.Invoke(HttpContext context, IEnvironmentInfoService environmentInfoService)
   at Microsoft.AspNetCore.Diagnostics.DeveloperExceptionPageMiddleware.Invoke(HttpContext context)
2019-12-04 16:55:21.655 +01:00 [Information] HTTP "OPTIONS" "/configurationItems" responded 204 in 0.3874 ms
2019-12-04 16:55:24.535 +01:00 [Information] HTTP "GET" "/configurationItems" responded 200 in 2873.8167 ms
2019-12-04 16:55:26.766 +01:00 [Information] HTTP "OPTIONS" "/fines" responded 204 in 0.1445 ms
2019-12-04 16:55:30.851 +01:00 [Information] HTTP "GET" "/fines" responded 200 in 4081.9137 ms
2019-12-04 16:55:34.010 +01:00 [Information] HTTP "OPTIONS" "/fines" responded 204 in 0.1049 ms
2019-12-04 16:55:38.302 +01:00 [Information] HTTP "GET" "/fines" responded 200 in 4287.6583 ms
2019-12-04 16:55:39.802 +01:00 [Information] HTTP "OPTIONS" "/fines" responded 204 in 0.0940 ms
2019-12-04 16:55:43.889 +01:00 [Information] HTTP "GET" "/fines" responded 200 in 4083.8333 ms
2019-12-04 16:55:50.008 +01:00 [Information] HTTP "OPTIONS" "/fines" responded 204 in 0.1351 ms
2019-12-04 16:55:54.762 +01:00 [Information] HTTP "GET" "/fines" responded 200 in 4751.4513 ms
2019-12-04 16:56:41.838 +01:00 [Information] HTTP "OPTIONS" "/countries" responded 204 in 0.1000 ms
2019-12-04 16:56:41.838 +01:00 [Information] HTTP "OPTIONS" "/configurationItems" responded 204 in 0.0668 ms
2019-12-04 16:56:41.838 +01:00 [Information] HTTP "OPTIONS" "/configurationItems" responded 204 in 0.0470 ms
2019-12-04 16:56:41.842 +01:00 [Information] HTTP "OPTIONS" "/configurationItems" responded 204 in 0.0949 ms
2019-12-04 16:56:41.920 +01:00 [Information] HTTP "OPTIONS" "/documents/fine/5790" responded 204 in 0.0856 ms
2019-12-04 16:56:43.854 +01:00 [Information] HTTP "OPTIONS" "/fines/5790/activities" responded 204 in 0.0573 ms
2019-12-04 16:56:50.055 +01:00 [Information] HTTP "GET" "/countries" responded 200 in 8206.9164 ms
2019-12-04 16:56:50.061 +01:00 [Information] HTTP "GET" "/configurationItems" responded 200 in 8210.8087 ms
2019-12-04 16:56:55.548 +01:00 [Information] HTTP "GET" "/configurationItems" responded 200 in 13671.4116 ms
2019-12-04 16:56:57.682 +01:00 [Information] HTTP "GET" "/documents/fine/5790" responded 200 in 15750.0089 ms
2019-12-04 16:56:59.782 +01:00 [Information] HTTP "GET" "/configurationItems" responded 200 in 17909.7438 ms
2019-12-04 16:56:59.809 +01:00 [Information] HTTP "OPTIONS" "/fines/5790" responded 204 in 0.6163 ms
2019-12-04 16:57:04.101 +01:00 [Information] HTTP "GET" "/fines/5790/activities" responded 200 in 20239.8719 ms
2019-12-04 16:57:11.072 +01:00 [Information] HTTP "GET" "/fines/5790" responded 200 in 11258.5010 ms
2019-12-04 16:57:22.413 +01:00 [Information] HTTP "OPTIONS" "/countries" responded 204 in 0.0554 ms
2019-12-04 16:57:22.416 +01:00 [Information] HTTP "OPTIONS" "/configurationItems" responded 204 in 0.0479 ms
2019-12-04 16:57:22.417 +01:00 [Information] HTTP "OPTIONS" "/configurationItems" responded 204 in 0.0448 ms
2019-12-04 16:57:22.421 +01:00 [Information] HTTP "OPTIONS" "/configurationItems" responded 204 in 0.0439 ms
2019-12-04 16:57:23.935 +01:00 [Information] HTTP "OPTIONS" "/fines/20542/activities" responded 204 in 0.0439 ms
2019-12-04 16:57:23.948 +01:00 [Information] HTTP "OPTIONS" "/documents/fine/20542" responded 204 in 3.7214 ms
2019-12-04 16:57:23.948 +01:00 [Information] HTTP "OPTIONS" "/fines/20542/activities" responded 204 in 0.2260 ms
2019-12-04 16:57:30.865 +01:00 [Information] HTTP "GET" "/countries" responded 200 in 8444.0590 ms
2019-12-04 16:57:31.064 +01:00 [Information] HTTP "GET" "/configurationItems" responded 200 in 8643.4551 ms
2019-12-04 16:57:35.562 +01:00 [Information] HTTP "GET" "/configurationItems" responded 200 in 13140.7637 ms
2019-12-04 16:57:39.185 +01:00 [Information] HTTP "GET" "/documents/fine/20542" responded 200 in 15223.7607 ms
2019-12-04 16:57:42.581 +01:00 [Information] HTTP "GET" "/configurationItems" responded 200 in 20154.9390 ms
2019-12-04 16:57:42.620 +01:00 [Information] HTTP "OPTIONS" "/fines/20542" responded 204 in 0.0530 ms
2019-12-04 16:57:44.738 +01:00 [Information] HTTP "OPTIONS" "/countries" responded 204 in 0.0464 ms
2019-12-04 16:57:44.749 +01:00 [Information] HTTP "OPTIONS" "/configurationItems" responded 204 in 0.0609 ms
2019-12-04 16:57:44.758 +01:00 [Information] HTTP "OPTIONS" "/configurationItems" responded 204 in 1.9596 ms
2019-12-04 16:57:44.760 +01:00 [Information] HTTP "OPTIONS" "/configurationItems" responded 204 in 0.1732 ms
2019-12-04 16:57:46.636 +01:00 [Information] HTTP "OPTIONS" "/fines/20542/activities" responded 204 in 0.0232 ms
2019-12-04 16:57:46.637 +01:00 [Information] HTTP "OPTIONS" "/documents/fine/20542" responded 204 in 0.0222 ms
2019-12-04 16:57:46.646 +01:00 [Information] HTTP "OPTIONS" "/fines/20542/activities" responded 204 in 0.5406 ms
2019-12-04 16:57:57.367 +01:00 [Information] HTTP "GET" "/configurationItems" responded 200 in 12608.8512 ms
2019-12-04 16:57:58.849 +01:00 [Information] HTTP "GET" "/configurationItems" responded 200 in 12215.3356 ms
2019-12-04 16:58:03.984 +01:00 [Information] HTTP "GET" "/fines/20542/activities" responded 200 in 17302.3436 ms
2019-12-04 16:58:07.497 +01:00 [Information] HTTP "GET" "/fines/20542/activities" responded 200 in 17862.3894 ms
2019-12-04 16:58:09.303 +01:00 [Information] HTTP "GET" "/configurationItems" responded 200 in 22669.3851 ms
2019-12-04 16:58:13.851 +01:00 [Information] HTTP "GET" "/countries" responded 200 in 27216.7370 ms
2019-12-04 16:58:13.879 +01:00 [Information] HTTP "OPTIONS" "/fines/20542" responded 204 in 0.1258 ms
2019-12-04 16:58:16.855 +01:00 [Information] HTTP "GET" "/fines/20542/activities" responded 200 in 52883.9628 ms
2019-12-04 16:58:26.375 +01:00 [Information] HTTP "GET" "/fines/20542" responded 200 in 43723.0156 ms
2019-12-04 16:58:26.764 +01:00 [Information] HTTP "OPTIONS" "/cities/22/1170" responded 204 in 0.0342 ms
2019-12-04 16:58:37.909 +01:00 [Information] HTTP "GET" "/cities/22/1170" responded 200 in 11133.8428 ms
2019-12-04 16:58:38.576 +01:00 [Information] HTTP "GET" "/fines/20542/activities" responded 200 in 74622.1519 ms
2019-12-04 16:58:39.121 +01:00 [Information] HTTP "GET" "/fines/20542" responded 200 in 25236.7937 ms
2019-12-04 16:58:39.479 +01:00 [Information] HTTP "OPTIONS" "/cities/22/1170" responded 204 in 0.0277 ms
2019-12-04 16:58:43.286 +01:00 [Information] HTTP "GET" "/documents/fine/20542" responded 200 in 48644.5215 ms
2019-12-04 16:58:44.959 +01:00 [Information] HTTP "GET" "/cities/22/1170" responded 200 in 5476.7996 ms
2019-12-04 16:58:55.459 +01:00 [Information] HTTP "OPTIONS" "/fines/20542" responded 204 in 0.0357 ms
2019-12-04 16:59:06.573 +01:00 [Information] HTTP "PUT" "/fines/20542" responded 200 in 11112.0750 ms
2019-12-04 16:59:19.657 +01:00 [Information] HTTP "OPTIONS" "/countries" responded 204 in 0.0549 ms
2019-12-04 16:59:19.661 +01:00 [Information] HTTP "OPTIONS" "/configurationItems" responded 204 in 0.2615 ms
2019-12-04 16:59:19.663 +01:00 [Information] HTTP "OPTIONS" "/configurationItems" responded 204 in 0.0364 ms
2019-12-04 16:59:19.670 +01:00 [Information] HTTP "OPTIONS" "/configurationItems" responded 204 in 0.0332 ms
2019-12-04 16:59:19.991 +01:00 [Information] HTTP "OPTIONS" "/fines/20542/activities" responded 204 in 0.0322 ms
2019-12-04 16:59:20.273 +01:00 [Information] HTTP "OPTIONS" "/documents/fine/20542" responded 204 in 0.0342 ms
2019-12-04 16:59:21.684 +01:00 [Information] HTTP "OPTIONS" "/fines/20542/activities" responded 204 in 0.0506 ms
2019-12-04 16:59:28.951 +01:00 [Information] HTTP "GET" "/configurationItems" responded 200 in 9277.3813 ms
2019-12-04 16:59:28.974 +01:00 [Information] HTTP "GET" "/configurationItems" responded 200 in 9304.4372 ms
2019-12-04 16:59:34.488 +01:00 [Information] HTTP "GET" "/countries" responded 200 in 14824.9957 ms
2019-12-04 16:59:36.252 +01:00 [Information] HTTP "GET" "/documents/fine/20542" responded 200 in 15969.1953 ms
2019-12-04 16:59:38.302 +01:00 [Information] HTTP "GET" "/configurationItems" responded 200 in 18633.9841 ms
2019-12-04 16:59:38.335 +01:00 [Information] HTTP "OPTIONS" "/fines/20542" responded 204 in 0.0302 ms
2019-12-04 16:59:44.765 +01:00 [Information] HTTP "GET" "/fines/20542/activities" responded 200 in 24730.6991 ms
2019-12-04 16:59:46.550 +01:00 [Information] HTTP "GET" "/fines/20542/activities" responded 200 in 24859.5717 ms
2019-12-04 16:59:50.645 +01:00 [Information] HTTP "GET" "/fines/20542" responded 200 in 12298.8328 ms
2019-12-04 17:00:01.600 +01:00 [Information] HTTP "OPTIONS" "/ActivityLogs/1146" responded 204 in 0.0349 ms
2019-12-04 17:00:06.074 +01:00 [Information] HTTP "GET" "/ActivityLogs/1146" responded 200 in 4471.3194 ms
2019-12-04 17:02:12.740 +01:00 [Information] HTTP "GET" "/" responded 404 in 68.9942 ms
2019-12-04 17:05:02.192 +01:00 [Information] HTTP "OPTIONS" "/configurationItems" responded 204 in 33.2410 ms
2019-12-04 17:05:02.192 +01:00 [Information] HTTP "OPTIONS" "/configurationItems" responded 204 in 24.9970 ms
2019-12-04 17:05:02.193 +01:00 [Information] HTTP "OPTIONS" "/countries" responded 204 in 34.1651 ms
2019-12-04 17:05:02.194 +01:00 [Information] HTTP "OPTIONS" "/configurationItems" responded 204 in 25.3917 ms
2019-12-04 17:05:05.684 +01:00 [Information] HTTP "OPTIONS" "/countries" responded 204 in 0.0514 ms
2019-12-04 17:05:05.690 +01:00 [Information] HTTP "OPTIONS" "/configurationItems" responded 204 in 0.0557 ms
2019-12-04 17:05:05.693 +01:00 [Information] HTTP "OPTIONS" "/configurationItems" responded 204 in 0.0881 ms
2019-12-04 17:05:05.707 +01:00 [Information] HTTP "OPTIONS" "/configurationItems" responded 204 in 1.0473 ms
2019-12-04 17:05:05.708 +01:00 [Information] HTTP "OPTIONS" "/fines/20542/activities" responded 204 in 0.0508 ms
2019-12-04 17:05:05.708 +01:00 [Information] HTTP "OPTIONS" "/fines/20542/activities" responded 204 in 0.0507 ms
2019-12-04 17:05:05.709 +01:00 [Information] HTTP "OPTIONS" "/documents/fine/20542" responded 204 in 0.0504 ms
2019-12-04 17:05:05.709 +01:00 [Information] HTTP "OPTIONS" "/fines/20542/activities" responded 204 in 0.0595 ms
2019-12-04 17:05:05.710 +01:00 [Information] HTTP "OPTIONS" "/documents/fine/20542" responded 204 in 0.0538 ms
2019-12-04 17:05:05.710 +01:00 [Information] HTTP "OPTIONS" "/fines/20542/activities" responded 204 in 0.0529 ms
2019-12-04 17:05:58.453 +01:00 [Information] HTTP "GET" "/configurationItems" responded 200 in 51703.2387 ms
2019-12-04 17:05:58.457 +01:00 [Information] HTTP "GET" "/countries" responded 200 in 52746.3344 ms
2019-12-04 17:05:58.468 +01:00 [Information] HTTP "GET" "/configurationItems" responded 200 in 56254.9170 ms
2019-12-04 17:05:58.468 +01:00 [Information] HTTP "GET" "/configurationItems" responded 200 in 56256.1083 ms
2019-12-04 17:05:58.473 +01:00 [Information] HTTP "GET" "/countries" responded 200 in 56271.5117 ms
2019-12-04 17:05:58.477 +01:00 [Information] HTTP "GET" "/configurationItems" responded 200 in 56276.2805 ms
2019-12-04 17:05:58.572 +01:00 [Information] HTTP "OPTIONS" "/fines/20542" responded 204 in 0.2673 ms
2019-12-04 17:06:02.196 +01:00 [Information] HTTP "GET" "/fines/20542/activities" responded 200 in 54521.1938 ms
2019-12-04 17:06:02.748 +01:00 [Information] HTTP "GET" "/documents/fine/20542" responded 200 in 53081.2290 ms
2019-12-04 17:06:03.562 +01:00 [Information] HTTP "GET" "/fines/20542/activities" responded 200 in 55355.0066 ms
2019-12-04 17:06:04.915 +01:00 [Information] HTTP "GET" "/documents/fine/20542" responded 200 in 52740.6960 ms
2019-12-04 17:06:06.396 +01:00 [Information] HTTP "GET" "/fines/20542/activities" responded 200 in 55708.8227 ms
2019-12-04 17:06:09.806 +01:00 [Information] HTTP "GET" "/fines/20542/activities" responded 200 in 57045.2327 ms
2019-12-04 17:06:10.159 +01:00 [Information] HTTP "GET" "/configurationItems" responded 200 in 56456.0933 ms
2019-12-04 17:06:13.730 +01:00 [Information] HTTP "GET" "/fines/20542" responded 200 in 15143.3574 ms
2019-12-04 17:07:44.292 +01:00 [Information] HTTP "OPTIONS" "/countries" responded 204 in 0.2027 ms
2019-12-04 17:07:44.293 +01:00 [Information] HTTP "OPTIONS" "/configurationItems" responded 204 in 0.0462 ms
2019-12-04 17:07:44.294 +01:00 [Information] HTTP "OPTIONS" "/configurationItems" responded 204 in 0.0444 ms
2019-12-04 17:07:44.294 +01:00 [Information] HTTP "OPTIONS" "/configurationItems" responded 204 in 0.0408 ms
2019-12-04 17:07:49.302 +01:00 [Information] HTTP "OPTIONS" "/configurationItems" responded 204 in 0.0677 ms
2019-12-04 17:07:49.308 +01:00 [Information] HTTP "OPTIONS" "/countries" responded 204 in 1.2286 ms
2019-12-04 17:07:49.311 +01:00 [Information] HTTP "OPTIONS" "/configurationItems" responded 204 in 0.0611 ms
2019-12-04 17:07:49.313 +01:00 [Information] HTTP "OPTIONS" "/configurationItems" responded 204 in 0.0447 ms
2019-12-04 17:07:50.332 +01:00 [Information] HTTP "OPTIONS" "/documents/fine/20542" responded 204 in 2.0955 ms
2019-12-04 17:07:50.337 +01:00 [Information] HTTP "OPTIONS" "/fines/20542/activities" responded 204 in 0.0550 ms
2019-12-04 17:07:50.385 +01:00 [Information] HTTP "OPTIONS" "/fines/20542/activities" responded 204 in 0.0793 ms
2019-12-04 17:07:50.386 +01:00 [Information] HTTP "OPTIONS" "/fines/20542/activities" responded 204 in 0.0425 ms
2019-12-04 17:07:50.390 +01:00 [Information] HTTP "OPTIONS" "/fines/20542/activities" responded 204 in 0.0487 ms
2019-12-04 17:07:50.392 +01:00 [Information] HTTP "OPTIONS" "/documents/fine/20542" responded 204 in 0.0485 ms
2019-12-04 17:07:56.181 +01:00 [Information] HTTP "GET" "/configurationItems" responded 200 in 11723.4722 ms
2019-12-04 17:07:56.182 +01:00 [Information] HTTP "GET" "/configurationItems" responded 200 in 11104.9522 ms
2019-12-04 17:08:05.672 +01:00 [Information] HTTP "GET" "/configurationItems" responded 200 in 20990.9535 ms
2019-12-04 17:08:07.820 +01:00 [Information] HTTP "GET" "/fines/20542/activities" responded 200 in 11627.5917 ms
2019-12-04 17:08:07.954 +01:00 [Information] HTTP "GET" "/fines/20542/activities" responded 200 in 11761.0205 ms
2019-12-04 17:08:11.491 +01:00 [Information] HTTP "GET" "/countries" responded 200 in 22170.3123 ms
2019-12-04 17:08:11.565 +01:00 [Information] HTTP "OPTIONS" "/fines/20542" responded 204 in 0.1963 ms
2019-12-04 17:08:15.089 +01:00 [Information] HTTP "GET" "/configurationItems" responded 200 in 24697.2252 ms
2019-12-04 17:08:19.133 +01:00 [Information] HTTP "GET" "/countries" responded 200 in 27832.0119 ms
2019-12-04 17:08:22.113 +01:00 [Information] HTTP "GET" "/configurationItems" responded 200 in 29311.8003 ms
2019-12-04 17:08:26.662 +01:00 [Information] HTTP "GET" "/configurationItems" responded 200 in 33305.1235 ms
2019-12-04 17:08:26.694 +01:00 [Information] HTTP "OPTIONS" "/fines/20542" responded 204 in 0.3118 ms
2019-12-04 17:08:31.203 +01:00 [Information] HTTP "GET" "/documents/fine/20542" responded 200 in 36845.4799 ms
2019-12-04 17:08:37.133 +01:00 [Information] HTTP "GET" "/fines/20542/activities" responded 200 in 41776.7173 ms
2019-12-04 17:08:42.085 +01:00 [Information] HTTP "GET" "/fines/20542/activities" responded 200 in 45287.6795 ms
2019-12-04 17:08:44.112 +01:00 [Information] HTTP "GET" "/documents/fine/20542" responded 200 in 45318.7857 ms
2019-12-04 17:08:54.386 +01:00 [Information] HTTP "GET" "/fines/20542" responded 200 in 42803.6390 ms
2019-12-04 17:08:55.632 +01:00 [Information] HTTP "GET" "/fines/20542" responded 200 in 28929.0526 ms
2019-12-04 17:09:41.981 +01:00 [Information] HTTP "OPTIONS" "/configurationItems" responded 204 in 0.1415 ms
2019-12-04 17:09:41.981 +01:00 [Information] HTTP "OPTIONS" "/configurationItems" responded 204 in 0.1414 ms
2019-12-04 17:09:41.982 +01:00 [Information] HTTP "OPTIONS" "/configurationItems" responded 204 in 0.1434 ms
2019-12-04 17:09:41.982 +01:00 [Information] HTTP "OPTIONS" "/countries" responded 204 in 0.1123 ms
2019-12-04 17:09:44.609 +01:00 [Information] HTTP "OPTIONS" "/fines/20542/activities" responded 204 in 0.1485 ms
2019-12-04 17:09:44.617 +01:00 [Information] HTTP "OPTIONS" "/documents/fine/20542" responded 204 in 0.0956 ms
2019-12-04 17:09:44.621 +01:00 [Information] HTTP "OPTIONS" "/fines/20542/activities" responded 204 in 1.1501 ms
2019-12-04 17:09:50.636 +01:00 [Information] HTTP "GET" "/countries" responded 200 in 8531.5428 ms
2019-12-04 17:09:50.699 +01:00 [Information] HTTP "GET" "/configurationItems" responded 200 in 8685.3670 ms
2019-12-04 17:09:55.217 +01:00 [Information] HTTP "GET" "/configurationItems" responded 200 in 13197.6981 ms
2019-12-04 17:09:57.381 +01:00 [Information] HTTP "GET" "/configurationItems" responded 200 in 13775.1692 ms
2019-12-04 17:09:57.408 +01:00 [Information] HTTP "OPTIONS" "/fines/20542" responded 204 in 0.0750 ms
2019-12-04 17:10:03.700 +01:00 [Information] HTTP "GET" "/fines/20542/activities" responded 200 in 19069.3882 ms
2019-12-04 17:10:07.497 +01:00 [Information] HTTP "GET" "/fines/20542/activities" responded 200 in 21435.3945 ms
2019-12-04 17:10:09.228 +01:00 [Information] HTTP "GET" "/fines/20542" responded 200 in 11812.3619 ms
2019-12-04 17:11:54.270 +01:00 [Information] HTTP "OPTIONS" "/configurationItems" responded 204 in 0.1087 ms
2019-12-04 17:11:54.270 +01:00 [Information] HTTP "OPTIONS" "/countries" responded 204 in 0.1086 ms
2019-12-04 17:11:54.273 +01:00 [Information] HTTP "OPTIONS" "/configurationItems" responded 204 in 0.1309 ms
2019-12-04 17:11:54.273 +01:00 [Information] HTTP "OPTIONS" "/configurationItems" responded 204 in 0.1448 ms
2019-12-04 17:12:02.988 +01:00 [Information] HTTP "GET" "/countries" responded 200 in 8706.0339 ms
2019-12-04 17:12:02.988 +01:00 [Information] HTTP "GET" "/configurationItems" responded 200 in 8651.1087 ms
2019-12-04 17:12:02.994 +01:00 [Information] HTTP "OPTIONS" "/documents/fine/20542" responded 204 in 0.0435 ms
2019-12-04 17:12:02.996 +01:00 [Information] HTTP "OPTIONS" "/fines/20542/activities" responded 204 in 0.0462 ms
2019-12-04 17:12:10.374 +01:00 [Information] HTTP "GET" "/configurationItems" responded 200 in 16099.8611 ms
2019-12-04 17:12:13.866 +01:00 [Information] HTTP "GET" "/documents/fine/20542" responded 200 in 10843.2408 ms
2019-12-04 17:12:14.974 +01:00 [Information] HTTP "GET" "/configurationItems" responded 200 in 16073.5743 ms
2019-12-04 17:12:15.023 +01:00 [Information] HTTP "OPTIONS" "/fines/20542" responded 204 in 0.0917 ms
2019-12-04 17:12:21.390 +01:00 [Information] HTTP "GET" "/fines/20542/activities" responded 200 in 18311.7850 ms
2019-12-04 17:12:25.828 +01:00 [Information] HTTP "GET" "/fines/20542" responded 200 in 10790.3304 ms
2019-12-04 17:15:13.974 +01:00 [Information] HTTP "OPTIONS" "/cities/22/1180" responded 204 in 0.1416 ms
2019-12-04 17:15:17.491 +01:00 [Information] HTTP "GET" "/cities/22/1180" responded 200 in 3504.5841 ms
2019-12-04 17:15:29.653 +01:00 [Information] HTTP "OPTIONS" "/fines/20542" responded 204 in 0.0679 ms
2019-12-04 17:15:43.201 +01:00 [Information] HTTP "PUT" "/fines/20542" responded 200 in 13544.6829 ms
2019-12-04 17:15:50.228 +01:00 [Information] HTTP "OPTIONS" "/countries" responded 204 in 0.0497 ms
2019-12-04 17:15:50.230 +01:00 [Information] HTTP "OPTIONS" "/configurationItems" responded 204 in 0.0899 ms
2019-12-04 17:15:50.237 +01:00 [Information] HTTP "OPTIONS" "/configurationItems" responded 204 in 0.0397 ms
2019-12-04 17:15:50.244 +01:00 [Information] HTTP "OPTIONS" "/configurationItems" responded 204 in 0.0343 ms
2019-12-04 17:15:50.644 +01:00 [Information] HTTP "OPTIONS" "/documents/fine/20542" responded 204 in 0.0461 ms
2019-12-04 17:15:50.768 +01:00 [Information] HTTP "OPTIONS" "/fines/20542/activities" responded 204 in 0.0496 ms
2019-12-04 17:16:01.748 +01:00 [Information] HTTP "GET" "/countries" responded 200 in 11508.8626 ms
2019-12-04 17:16:02.229 +01:00 [Information] HTTP "GET" "/configurationItems" responded 200 in 11992.6768 ms
2019-12-04 17:16:05.831 +01:00 [Information] HTTP "GET" "/documents/fine/20542" responded 200 in 15163.5177 ms
2019-12-04 17:16:08.642 +01:00 [Information] HTTP "GET" "/configurationItems" responded 200 in 18365.5321 ms
2019-12-04 17:16:12.499 +01:00 [Information] HTTP "GET" "/configurationItems" responded 200 in 22214.8860 ms
2019-12-04 17:16:12.548 +01:00 [Information] HTTP "OPTIONS" "/fines/20542" responded 204 in 0.0966 ms
2019-12-04 17:16:16.802 +01:00 [Information] HTTP "GET" "/fines/20542/activities" responded 200 in 26015.6690 ms
2019-12-04 17:16:22.421 +01:00 [Information] HTTP "GET" "/fines/20542" responded 200 in 9846.9386 ms
2019-12-04 17:16:22.761 +01:00 [Information] HTTP "OPTIONS" "/cities/22/1180" responded 204 in 0.0608 ms
2019-12-04 17:16:26.278 +01:00 [Information] HTTP "GET" "/cities/22/1180" responded 200 in 3503.8627 ms
2019-12-04 17:16:33.683 +01:00 [Information] HTTP "OPTIONS" "/ActivityLogs/1149" responded 204 in 0.0365 ms
2019-12-04 17:16:40.389 +01:00 [Information] HTTP "GET" "/ActivityLogs/1149" responded 200 in 6702.4104 ms
2019-12-04 17:35:08.938 +01:00 [Information] HTTP "OPTIONS" "/countries" responded 204 in 0.0840 ms
2019-12-04 17:35:09.019 +01:00 [Information] HTTP "OPTIONS" "/configurationItems" responded 204 in 0.0309 ms
2019-12-04 17:35:09.019 +01:00 [Information] HTTP "OPTIONS" "/configurationItems" responded 204 in 0.0314 ms
2019-12-04 17:35:09.033 +01:00 [Information] HTTP "OPTIONS" "/countries" responded 204 in 0.0346 ms
2019-12-04 17:35:09.034 +01:00 [Information] HTTP "OPTIONS" "/configurationItems" responded 204 in 0.0298 ms
2019-12-04 17:35:09.034 +01:00 [Information] HTTP "OPTIONS" "/documents/fine/20542" responded 204 in 0.0315 ms
2019-12-04 17:35:09.034 +01:00 [Information] HTTP "OPTIONS" "/configurationItems" responded 204 in 0.0293 ms
2019-12-04 17:35:09.035 +01:00 [Information] HTTP "OPTIONS" "/configurationItems" responded 204 in 0.0285 ms
2019-12-04 17:35:09.035 +01:00 [Information] HTTP "OPTIONS" "/configurationItems" responded 204 in 0.0339 ms
2019-12-04 17:35:09.036 +01:00 [Information] HTTP "OPTIONS" "/fines/20542/activities" responded 204 in 0.0253 ms
2019-12-04 17:35:18.509 +01:00 [Information] HTTP "GET" "/configurationItems" responded 200 in 9343.2495 ms
2019-12-04 17:35:18.728 +01:00 [Information] HTTP "GET" "/documents/fine/20542" responded 200 in 9373.2563 ms
2019-12-04 17:35:18.739 +01:00 [Information] HTTP "OPTIONS" "/configurationItems" responded 204 in 0.0333 ms
2019-12-04 17:35:18.742 +01:00 [Information] HTTP "OPTIONS" "/countries" responded 204 in 0.0473 ms
2019-12-04 17:35:18.744 +01:00 [Information] HTTP "OPTIONS" "/configurationItems" responded 204 in 0.0380 ms
2019-12-04 17:35:18.748 +01:00 [Information] HTTP "OPTIONS" "/documents/fine/20542" responded 204 in 0.0583 ms
2019-12-04 17:35:18.751 +01:00 [Information] HTTP "OPTIONS" "/configurationItems" responded 204 in 0.0344 ms
2019-12-04 17:35:18.757 +01:00 [Information] HTTP "OPTIONS" "/fines/20542/activities" responded 204 in 0.1361 ms
2019-12-04 17:35:18.758 +01:00 [Information] HTTP "OPTIONS" "/fines/20542/activities" responded 204 in 0.0329 ms
2019-12-04 17:35:18.758 +01:00 [Information] HTTP "OPTIONS" "/documents/fine/20542" responded 204 in 0.0439 ms
2019-12-04 17:35:18.762 +01:00 [Information] HTTP "OPTIONS" "/fines/20542/activities" responded 204 in 3.4630 ms
2019-12-04 17:35:27.237 +01:00 [Information] HTTP "GET" "/configurationItems" responded 200 in 8702.7079 ms
2019-12-04 17:35:27.671 +01:00 [Information] HTTP "GET" "/configurationItems" responded 200 in 8904.4169 ms
2019-12-04 17:35:30.311 +01:00 [Information] HTTP "GET" "/countries" responded 200 in 21275.6877 ms
2019-12-04 17:35:37.329 +01:00 [Information] HTTP "GET" "/configurationItems" responded 200 in 9640.6874 ms
2019-12-04 17:35:39.995 +01:00 [Information] HTTP "GET" "/fines/20542/activities" responded 200 in 12748.7340 ms
2019-12-04 17:35:41.524 +01:00 [Information] HTTP "GET" "/configurationItems" responded 200 in 29366.1060 ms
2019-12-04 17:35:42.346 +01:00 [Information] HTTP "OPTIONS" "/fines/20542" responded 204 in 0.0989 ms
2019-12-04 17:35:44.030 +01:00 [Information] HTTP "GET" "/documents/fine/20542" responded 200 in 13709.2909 ms
2019-12-04 17:35:50.550 +01:00 [Information] HTTP "GET" "/configurationItems" responded 200 in 37412.5186 ms
2019-12-04 17:35:54.754 +01:00 [Information] HTTP "GET" "/configurationItems" responded 200 in 40117.7308 ms
2019-12-04 17:36:04.091 +01:00 [Information] HTTP "GET" "/fines/20542/activities" responded 200 in 48956.0367 ms
2019-12-04 17:36:05.205 +01:00 [Information] HTTP "GET" "/configurationItems" responded 200 in 48566.6893 ms
2019-12-04 17:36:12.283 +01:00 [Information] HTTP "GET" "/countries" responded 200 in 54644.4177 ms
2019-12-04 17:36:12.320 +01:00 [Information] HTTP "OPTIONS" "/fines/20542" responded 204 in 0.0316 ms
2019-12-04 17:36:15.334 +01:00 [Information] HTTP "GET" "/configurationItems" responded 200 in 50674.5592 ms
2019-12-04 17:36:20.808 +01:00 [Information] HTTP "GET" "/countries" responded 200 in 55173.2453 ms
2019-12-04 17:36:20.883 +01:00 [Information] HTTP "OPTIONS" "/fines/20542" responded 204 in 0.0365 ms
2019-12-04 17:36:35.093 +01:00 [Information] HTTP "GET" "/documents/fine/20542" responded 200 in 68459.4854 ms
2019-12-04 17:36:37.248 +01:00 [Information] HTTP "GET" "/fines/20542" responded 200 in 24911.9274 ms
2019-12-04 17:36:38.329 +01:00 [Information] HTTP "OPTIONS" "/cities/22/1180" responded 204 in 0.0314 ms
2019-12-04 17:36:43.674 +01:00 [Information] HTTP "GET" "/fines/20542" responded 200 in 22780.1245 ms
2019-12-04 17:36:44.010 +01:00 [Information] HTTP "OPTIONS" "/cities/22/1180" responded 204 in 0.0371 ms
2019-12-04 17:36:49.084 +01:00 [Information] HTTP "GET" "/cities/22/1180" responded 200 in 10732.1858 ms
2019-12-04 17:36:50.942 +01:00 [Information] HTTP "GET" "/fines/20542/activities" responded 200 in 81815.0882 ms
2019-12-04 17:36:58.780 +01:00 [Information] HTTP "GET" "/fines/20542/activities" responded 200 in 89111.5343 ms
2019-12-04 17:37:03.377 +01:00 [Information] HTTP "GET" "/cities/22/1180" responded 200 in 14229.3032 ms
2019-12-04 17:37:07.794 +01:00 [Information] HTTP "GET" "/fines/20542" responded 200 in 85439.6294 ms
2019-12-04 17:37:08.142 +01:00 [Information] HTTP "OPTIONS" "/cities/22/1180" responded 204 in 0.0337 ms
2019-12-04 17:37:13.940 +01:00 [Information] HTTP "GET" "/cities/22/1180" responded 200 in 5795.9252 ms
2019-12-04 17:37:47.687 +01:00 [Information] HTTP "OPTIONS" "/configurationItems" responded 204 in 0.0392 ms
2019-12-04 17:37:47.706 +01:00 [Information] HTTP "OPTIONS" "/countries" responded 204 in 0.0331 ms
2019-12-04 17:37:47.706 +01:00 [Information] HTTP "OPTIONS" "/configurationItems" responded 204 in 0.0133 ms
2019-12-04 17:37:47.988 +01:00 [Information] HTTP "OPTIONS" "/configurationItems" responded 204 in 0.0254 ms
2019-12-04 17:37:48.711 +01:00 [Information] HTTP "OPTIONS" "/configurationItems" responded 204 in 0.0360 ms
2019-12-04 17:37:48.717 +01:00 [Information] HTTP "OPTIONS" "/configurationItems" responded 204 in 2.6693 ms
2019-12-04 17:37:48.718 +01:00 [Information] HTTP "OPTIONS" "/countries" responded 204 in 0.0339 ms
2019-12-04 17:37:48.728 +01:00 [Information] HTTP "OPTIONS" "/configurationItems" responded 204 in 0.0325 ms
2019-12-04 17:37:58.638 +01:00 [Information] HTTP "GET" "/configurationItems" responded 200 in 10650.8020 ms
2019-12-04 17:37:58.749 +01:00 [Information] HTTP "GET" "/configurationItems" responded 200 in 10745.1260 ms
2019-12-04 17:38:05.183 +01:00 [Information] HTTP "GET" "/configurationItems" responded 200 in 6523.4193 ms
2019-12-04 17:38:05.230 +01:00 [Information] HTTP "GET" "/configurationItems" responded 200 in 6471.1806 ms
2019-12-04 17:38:08.068 +01:00 [Information] HTTP "GET" "/configurationItems" responded 200 in 20361.9211 ms
2019-12-04 17:38:10.499 +01:00 [Information] HTTP "GET" "/countries" responded 200 in 22494.3242 ms
2019-12-04 17:38:10.547 +01:00 [Information] HTTP "OPTIONS" "/fines/20542" responded 204 in 0.0849 ms
2019-12-04 17:38:12.562 +01:00 [Information] HTTP "GET" "/countries" responded 200 in 23830.5333 ms
2019-12-04 17:38:15.486 +01:00 [Information] HTTP "GET" "/configurationItems" responded 200 in 20288.7278 ms
2019-12-04 17:38:15.517 +01:00 [Information] HTTP "OPTIONS" "/fines/20542" responded 204 in 0.0350 ms
2019-12-04 17:38:24.927 +01:00 [Information] HTTP "GET" "/fines/20542" responded 200 in 14370.4999 ms
2019-12-04 17:38:25.686 +01:00 [Information] HTTP "OPTIONS" "/countries" responded 204 in 0.0326 ms
2019-12-04 17:38:25.693 +01:00 [Information] HTTP "OPTIONS" "/configurationItems" responded 204 in 0.0954 ms
2019-12-04 17:38:25.693 +01:00 [Information] HTTP "OPTIONS" "/configurationItems" responded 204 in 0.0113 ms
2019-12-04 17:38:25.700 +01:00 [Information] HTTP "OPTIONS" "/configurationItems" responded 204 in 0.0394 ms
2019-12-04 17:38:25.981 +01:00 [Information] HTTP "OPTIONS" "/cities/22/1180" responded 204 in 2.5229 ms
2019-12-04 17:38:33.201 +01:00 [Information] HTTP "GET" "/countries" responded 200 in 7508.7946 ms
2019-12-04 17:38:33.243 +01:00 [Information] HTTP "GET" "/configurationItems" responded 200 in 7534.7838 ms
2019-12-04 17:38:36.983 +01:00 [Information] HTTP "GET" "/fines/20542" responded 200 in 21457.1340 ms
2019-12-04 17:38:37.323 +01:00 [Information] HTTP "OPTIONS" "/cities/22/1180" responded 204 in 0.9970 ms
2019-12-04 17:38:38.596 +01:00 [Information] HTTP "GET" "/configurationItems" responded 200 in 12888.7936 ms
2019-12-04 17:38:43.944 +01:00 [Information] HTTP "GET" "/configurationItems" responded 200 in 18237.0275 ms
2019-12-04 17:38:43.978 +01:00 [Information] HTTP "OPTIONS" "/fines/20542" responded 204 in 0.0307 ms
2019-12-04 17:38:46.998 +01:00 [Information] HTTP "GET" "/cities/22/1180" responded 200 in 9670.8923 ms
2019-12-04 17:39:06.508 +01:00 [Information] HTTP "OPTIONS" "/countries" responded 204 in 0.0350 ms
2019-12-04 17:39:06.570 +01:00 [Information] HTTP "OPTIONS" "/configurationItems" responded 204 in 0.0412 ms
2019-12-04 17:39:06.655 +01:00 [Information] HTTP "OPTIONS" "/configurationItems" responded 204 in 0.0354 ms
2019-12-04 17:39:06.656 +01:00 [Information] HTTP "OPTIONS" "/configurationItems" responded 204 in 0.0549 ms
2019-12-04 17:39:09.614 +01:00 [Information] HTTP "GET" "/cities/22/1180" responded 200 in 43608.3608 ms
2019-12-04 17:39:09.629 +01:00 [Information] HTTP "OPTIONS" "/configurationItems" responded 204 in 0.0846 ms
2019-12-04 17:39:09.630 +01:00 [Information] HTTP "OPTIONS" "/configurationItems" responded 204 in 0.0428 ms
2019-12-04 17:39:21.120 +01:00 [Information] HTTP "OPTIONS" "/countries" responded 204 in 0.0349 ms
2019-12-04 17:39:21.140 +01:00 [Information] HTTP "OPTIONS" "/configurationItems" responded 204 in 1.0718 ms
2019-12-04 17:39:21.171 +01:00 [Information] HTTP "OPTIONS" "/countries" responded 204 in 0.0495 ms
2019-12-04 17:39:21.183 +01:00 [Information] HTTP "OPTIONS" "/configurationItems" responded 204 in 0.0600 ms
2019-12-04 17:39:21.189 +01:00 [Information] HTTP "OPTIONS" "/configurationItems" responded 204 in 0.0461 ms
2019-12-04 17:39:21.189 +01:00 [Information] HTTP "OPTIONS" "/configurationItems" responded 204 in 0.0167 ms
2019-12-04 17:39:26.584 +01:00 [Information] HTTP "GET" "/countries" responded 200 in 19927.1792 ms
2019-12-04 17:39:29.514 +01:00 [Information] HTTP "GET" "/configurationItems" responded 200 in 14429.0251 ms
2019-12-04 17:39:29.525 +01:00 [Information] HTTP "OPTIONS" "/configurationItems" responded 204 in 0.0325 ms
2019-12-04 17:39:29.525 +01:00 [Information] HTTP "OPTIONS" "/configurationItems" responded 204 in 0.0368 ms
2019-12-04 17:39:29.526 +01:00 [Information] HTTP "OPTIONS" "/configurationItems" responded 204 in 0.0798 ms
2019-12-04 17:39:29.529 +01:00 [Information] HTTP "OPTIONS" "/countries" responded 204 in 0.0563 ms
2019-12-04 17:39:29.530 +01:00 [Information] HTTP "OPTIONS" "/countries" responded 204 in 0.0301 ms
2019-12-04 17:39:29.533 +01:00 [Information] HTTP "OPTIONS" "/configurationItems" responded 204 in 0.0570 ms
2019-12-04 17:39:29.536 +01:00 [Information] HTTP "OPTIONS" "/configurationItems" responded 204 in 1.0897 ms
2019-12-04 17:39:29.539 +01:00 [Information] HTTP "OPTIONS" "/configurationItems" responded 204 in 0.0483 ms
2019-12-04 17:39:33.231 +01:00 [Information] HTTP "GET" "/configurationItems" responded 200 in 26442.6884 ms
2019-12-04 17:39:36.167 +01:00 [Information] HTTP "GET" "/configurationItems" responded 200 in 9568.5305 ms
2019-12-04 17:39:39.459 +01:00 [Information] HTTP "GET" "/configurationItems" responded 200 in 9911.1157 ms
2019-12-04 17:39:45.085 +01:00 [Information] HTTP "GET" "/configurationItems" responded 200 in 8904.8550 ms
2019-12-04 17:39:45.808 +01:00 [Information] HTTP "GET" "/countries" responded 200 in 12571.2065 ms
2019-12-04 17:39:48.810 +01:00 [Information] HTTP "GET" "/configurationItems" responded 200 in 9340.8179 ms
2019-12-04 17:39:51.557 +01:00 [Information] HTTP "GET" "/fines/20542" responded 200 in 67573.7207 ms
2019-12-04 17:39:55.050 +01:00 [Information] HTTP "GET" "/configurationItems" responded 200 in 33860.9358 ms
2019-12-04 17:39:58.480 +01:00 [Information] HTTP "GET" "/configurationItems" responded 200 in 48848.4675 ms
2019-12-04 17:40:01.150 +01:00 [Information] HTTP "GET" "/configurationItems" responded 200 in 33002.2796 ms
2019-12-04 17:40:04.146 +01:00 [Information] HTTP "GET" "/countries" responded 200 in 35040.6520 ms
2019-12-04 17:40:04.176 +01:00 [Information] HTTP "OPTIONS" "/fines/20542" responded 204 in 0.0347 ms
2019-12-04 17:40:08.764 +01:00 [Information] HTTP "GET" "/configurationItems" responded 200 in 38657.6896 ms
2019-12-04 17:40:11.607 +01:00 [Information] HTTP "GET" "/countries" responded 200 in 39962.7275 ms
2019-12-04 17:40:15.981 +01:00 [Information] HTTP "GET" "/configurationItems" responded 200 in 43339.9838 ms
2019-12-04 17:40:16.029 +01:00 [Information] HTTP "OPTIONS" "/fines/20542" responded 204 in 1.0823 ms
2019-12-04 17:40:19.142 +01:00 [Information] HTTP "GET" "/configurationItems" responded 200 in 40546.2862 ms
2019-12-04 17:40:19.178 +01:00 [Information] HTTP "OPTIONS" "/fines/20542" responded 204 in 0.0291 ms
2019-12-04 17:40:34.732 +01:00 [Information] HTTP "GET" "/fines/20542" responded 200 in 18687.3610 ms
2019-12-04 17:40:35.119 +01:00 [Information] HTTP "OPTIONS" "/cities/22/1180" responded 204 in 0.0308 ms
2019-12-04 17:40:38.676 +01:00 [Information] HTTP "GET" "/fines/20542" responded 200 in 19467.0017 ms
2019-12-04 17:40:39.064 +01:00 [Information] HTTP "OPTIONS" "/cities/22/1180" responded 204 in 1.0466 ms
2019-12-04 17:40:45.535 +01:00 [Information] HTTP "GET" "/cities/22/1180" responded 200 in 10362.8095 ms
2019-12-04 17:40:46.021 +01:00 [Information] HTTP "GET" "/fines/20542" responded 200 in 41835.6679 ms
2019-12-04 17:40:46.395 +01:00 [Information] HTTP "OPTIONS" "/cities/22/1180" responded 204 in 0.0584 ms
2019-12-04 17:40:48.669 +01:00 [Information] HTTP "GET" "/cities/22/1180" responded 200 in 9600.4561 ms
2019-12-04 17:40:50.739 +01:00 [Information] HTTP "GET" "/cities/22/1180" responded 200 in 4339.4764 ms
2019-12-04 17:42:00.838 +01:00 [Information] HTTP "OPTIONS" "/countries" responded 204 in 0.0450 ms
2019-12-04 17:42:00.838 +01:00 [Information] HTTP "OPTIONS" "/configurationItems" responded 204 in 0.0450 ms
2019-12-04 17:42:00.839 +01:00 [Information] HTTP "OPTIONS" "/configurationItems" responded 204 in 0.0253 ms
2019-12-04 17:42:00.839 +01:00 [Information] HTTP "OPTIONS" "/configurationItems" responded 204 in 0.0341 ms
2019-12-04 17:42:08.763 +01:00 [Information] HTTP "GET" "/countries" responded 200 in 7916.6999 ms
2019-12-04 17:42:08.853 +01:00 [Information] HTTP "GET" "/configurationItems" responded 200 in 8006.4567 ms
2019-12-04 17:42:14.214 +01:00 [Information] HTTP "GET" "/configurationItems" responded 200 in 13367.5542 ms
2019-12-04 17:42:14.730 +01:00 [Information] HTTP "GET" "/configurationItems" responded 200 in 12886.3514 ms
2019-12-04 17:42:14.748 +01:00 [Information] HTTP "OPTIONS" "/fines/20542" responded 204 in 0.0353 ms
2019-12-04 17:42:21.160 +01:00 [Information] HTTP "GET" "/fines/20542" responded 200 in 6401.7577 ms
2019-12-04 17:42:21.510 +01:00 [Information] HTTP "OPTIONS" "/cities/22/1180" responded 204 in 0.0450 ms
2019-12-04 17:42:24.447 +01:00 [Information] HTTP "GET" "/cities/22/1180" responded 200 in 2932.2201 ms
