2020-02-03 16:21:19.111 +01:00 [Information] HTTP "OPTIONS" "/configurationItems" responded 204 in 2.0074 ms
2020-02-03 16:21:28.797 +01:00 [Information] HTTP "GET" "/configurationItems" responded 200 in 9611.1203 ms
2020-02-03 16:22:04.103 +01:00 [Information] HTTP "GET" "/_hc" responded 200 in 3801.0636 ms
2020-02-03 16:22:15.571 +01:00 [Information] HTTP "GET" "/_hc" responded 200 in 3210.7419 ms
2020-02-03 16:22:20.262 +01:00 [Information] HTTP "GET" "/_hc" responded 200 in 3225.2303 ms
2020-02-03 16:22:24.636 +01:00 [Information] HTTP "GET" "/_hc" responded 200 in 3430.5743 ms
2020-02-03 16:22:32.774 +01:00 [Information] HTTP "OPTIONS" "/fines" responded 204 in 0.8605 ms
2020-02-03 16:22:37.675 +01:00 [Information] HTTP "GET" "/fines" responded 200 in 4895.8173 ms
2020-02-03 16:22:40.143 +01:00 [Information] HTTP "OPTIONS" "/countries" responded 204 in 0.9087 ms
2020-02-03 16:22:40.151 +01:00 [Information] HTTP "OPTIONS" "/configurationItems" responded 204 in 0.1663 ms
2020-02-03 16:22:40.152 +01:00 [Information] HTTP "OPTIONS" "/configurationItems" responded 204 in 0.1061 ms
2020-02-03 16:22:40.174 +01:00 [Information] HTTP "OPTIONS" "/configurationItems" responded 204 in 0.2538 ms
2020-02-03 16:22:40.357 +01:00 [Information] HTTP "OPTIONS" "/documents/fine/13338" responded 204 in 0.0852 ms
2020-02-03 16:22:40.390 +01:00 [Information] HTTP "OPTIONS" "/fines/13338/activities" responded 204 in 0.0587 ms
2020-02-03 16:22:48.791 +01:00 [Information] HTTP "GET" "/configurationItems" responded 200 in 8627.4675 ms
2020-02-03 16:22:49.337 +01:00 [Information] HTTP "GET" "/configurationItems" responded 200 in 9160.2972 ms
2020-02-03 16:22:53.076 +01:00 [Information] HTTP "GET" "/countries" responded 200 in 12912.6798 ms
2020-02-03 16:22:55.237 +01:00 [Information] HTTP "GET" "/configurationItems" responded 200 in 15052.5920 ms
2020-02-03 16:22:55.343 +01:00 [Information] HTTP "OPTIONS" "/fines/13338" responded 204 in 0.1459 ms
2020-02-03 16:23:03.055 +01:00 [Information] HTTP "GET" "/fines/13338/activities" responded 200 in 22658.0302 ms
2020-02-03 16:23:06.065 +01:00 [Information] HTTP "GET" "/documents/fine/13338" responded 200 in 25697.7562 ms
2020-02-03 16:23:09.358 +01:00 [Information] HTTP "GET" "/fines/13338" responded 200 in 13998.8061 ms
2020-02-03 16:23:37.006 +01:00 [Information] HTTP "OPTIONS" "/configurationItems" responded 204 in 0.1261 ms
2020-02-03 16:23:39.767 +01:00 [Information] HTTP "GET" "/configurationItems" responded 200 in 2755.0625 ms
2020-02-03 16:23:42.743 +01:00 [Information] HTTP "OPTIONS" "/fines" responded 204 in 0.1156 ms
2020-02-03 16:23:47.230 +01:00 [Information] HTTP "GET" "/fines" responded 200 in 4481.5640 ms
2020-02-03 16:23:52.060 +01:00 [Information] HTTP "OPTIONS" "/countries" responded 204 in 0.1136 ms
2020-02-03 16:23:52.068 +01:00 [Information] HTTP "OPTIONS" "/configurationItems" responded 204 in 2.9756 ms
2020-02-03 16:23:52.105 +01:00 [Information] HTTP "OPTIONS" "/configurationItems" responded 204 in 0.1217 ms
2020-02-03 16:23:52.105 +01:00 [Information] HTTP "OPTIONS" "/configurationItems" responded 204 in 0.0983 ms
2020-02-03 16:23:52.332 +01:00 [Information] HTTP "OPTIONS" "/documents/fine/26182" responded 204 in 0.0851 ms
2020-02-03 16:23:52.371 +01:00 [Information] HTTP "OPTIONS" "/fines/26182/activities" responded 204 in 0.1414 ms
2020-02-03 16:24:01.470 +01:00 [Information] HTTP "GET" "/configurationItems" responded 200 in 9350.6963 ms
2020-02-03 16:24:03.372 +01:00 [Information] HTTP "GET" "/countries" responded 200 in 11306.1591 ms
2020-02-03 16:24:03.567 +01:00 [Information] HTTP "GET" "/fines/26182/activities" responded 200 in 11156.1681 ms
2020-02-03 16:24:08.063 +01:00 [Information] HTTP "GET" "/configurationItems" responded 200 in 15945.4248 ms
2020-02-03 16:24:10.510 +01:00 [Information] HTTP "GET" "/configurationItems" responded 200 in 18370.6862 ms
2020-02-03 16:24:10.532 +01:00 [Information] HTTP "OPTIONS" "/fines/26182" responded 204 in 0.0947 ms
2020-02-03 16:24:20.432 +01:00 [Information] HTTP "OPTIONS" "/configurationItems" responded 204 in 0.0903 ms
2020-02-03 16:24:21.363 +01:00 [Information] HTTP "GET" "/documents/fine/26182" responded 200 in 28995.4588 ms
2020-02-03 16:24:22.343 +01:00 [Information] HTTP "GET" "/fines/26182" responded 200 in 11804.8282 ms
2020-02-03 16:24:22.676 +01:00 [Information] HTTP "OPTIONS" "/cities/22/1070" responded 204 in 0.0801 ms
2020-02-03 16:24:26.410 +01:00 [Information] HTTP "GET" "/configurationItems" responded 200 in 5945.1034 ms
2020-02-03 16:24:28.029 +01:00 [Information] HTTP "GET" "/cities/22/1070" responded 200 in 5346.8696 ms
2020-02-03 16:24:29.874 +01:00 [Information] HTTP "OPTIONS" "/fines" responded 204 in 0.0809 ms
2020-02-03 16:24:34.284 +01:00 [Information] HTTP "GET" "/fines" responded 200 in 4404.8352 ms
2020-02-03 16:24:38.105 +01:00 [Information] HTTP "OPTIONS" "/fines/26182" responded 204 in 0.0547 ms
2020-02-03 16:24:38.106 +01:00 [Information] HTTP "OPTIONS" "/emailtemplates" responded 204 in 0.0408 ms
2020-02-03 16:24:46.292 +01:00 [Information] HTTP "GET" "/emailtemplates" responded 200 in 8183.5301 ms
2020-02-03 16:24:48.401 +01:00 [Information] HTTP "GET" "/fines/26182" responded 200 in 10292.3462 ms
2020-02-03 16:25:04.556 +01:00 [Information] HTTP "OPTIONS" "/employees" responded 204 in 0.0370 ms
2020-02-03 16:25:08.382 +01:00 [Information] HTTP "GET" "/employees" responded 200 in 3819.4428 ms
2020-02-03 16:26:34.927 +01:00 [Information] HTTP "OPTIONS" "/fines/26182" responded 204 in 0.0352 ms
2020-02-03 16:26:34.927 +01:00 [Information] HTTP "OPTIONS" "/emailtemplates" responded 204 in 0.0313 ms
2020-02-03 16:26:46.834 +01:00 [Information] HTTP "GET" "/emailtemplates" responded 200 in 11884.4082 ms
2020-02-03 16:26:52.543 +01:00 [Information] HTTP "GET" "/fines/26182" responded 200 in 17607.7543 ms
2020-02-03 16:27:11.931 +01:00 [Information] HTTP "OPTIONS" "/emaillogs" responded 204 in 0.0985 ms
2020-02-03 16:27:16.055 +01:00 [Information] HTTP "POST" "/emaillogs" responded 200 in 4119.9389 ms
2020-02-03 16:27:16.105 +01:00 [Information] HTTP "OPTIONS" "/emaillogs/send" responded 204 in 0.0840 ms
2020-02-03 16:27:35.513 +01:00 [Information] HTTP "POST" "/emaillogs/send" responded 200 in 19405.3038 ms
2020-02-03 16:27:35.685 +01:00 [Information] HTTP "OPTIONS" "/countries" responded 204 in 0.0467 ms
2020-02-03 16:27:35.695 +01:00 [Information] HTTP "OPTIONS" "/configurationItems" responded 204 in 0.0268 ms
2020-02-03 16:27:35.699 +01:00 [Information] HTTP "OPTIONS" "/configurationItems" responded 204 in 0.0495 ms
2020-02-03 16:27:35.778 +01:00 [Information] HTTP "OPTIONS" "/configurationItems" responded 204 in 0.0324 ms
2020-02-03 16:27:36.076 +01:00 [Information] HTTP "OPTIONS" "/documents/fine/26182" responded 204 in 0.0386 ms
2020-02-03 16:27:36.095 +01:00 [Information] HTTP "OPTIONS" "/fines/26182/activities" responded 204 in 0.0484 ms
2020-02-03 16:27:45.810 +01:00 [Information] HTTP "GET" "/configurationItems" responded 200 in 10092.1870 ms
2020-02-03 16:27:46.102 +01:00 [Information] HTTP "GET" "/countries" responded 200 in 10400.8274 ms
2020-02-03 16:27:50.776 +01:00 [Information] HTTP "GET" "/configurationItems" responded 200 in 15058.4731 ms
2020-02-03 16:27:53.362 +01:00 [Information] HTTP "GET" "/configurationItems" responded 200 in 17571.9533 ms
2020-02-03 16:27:53.393 +01:00 [Information] HTTP "OPTIONS" "/fines/26182" responded 204 in 0.0453 ms
2020-02-03 16:28:02.347 +01:00 [Information] HTTP "GET" "/fines/26182/activities" responded 200 in 26146.3738 ms
2020-02-03 16:28:10.273 +01:00 [Information] HTTP "GET" "/_hc" responded 200 in 11237.0561 ms
2020-02-03 16:28:15.069 +01:00 [Information] HTTP "GET" "/fines/26182" responded 200 in 21665.5538 ms
2020-02-03 16:28:15.412 +01:00 [Information] HTTP "OPTIONS" "/cities/22/1070" responded 204 in 0.6175 ms
2020-02-03 16:28:18.561 +01:00 [Information] HTTP "GET" "/documents/fine/26182" responded 200 in 42444.7154 ms
2020-02-03 16:28:19.632 +01:00 [Information] HTTP "GET" "/cities/22/1070" responded 200 in 4215.4630 ms
