2019-12-18 10:03:05.602 +01:00 [Information] HTTP "OPTIONS" "/countries" responded 204 in 1.7662 ms
2019-12-18 10:03:05.602 +01:00 [Information] HTTP "OPTIONS" "/configurationItems" responded 204 in 1.7693 ms
2019-12-18 10:03:05.615 +01:00 [Information] HTTP "OPTIONS" "/configurationItems" responded 204 in 27.5417 ms
2019-12-18 10:03:05.602 +01:00 [Information] HTTP "OPTIONS" "/configurationItems" responded 204 in 1.9107 ms
2019-12-18 10:03:05.716 +01:00 [Information] HTTP "OPTIONS" "/documents/fine/13143" responded 204 in 0.0439 ms
2019-12-18 10:03:05.716 +01:00 [Information] HTTP "OPTIONS" "/fines/13143/activities" responded 204 in 0.0269 ms
2019-12-18 10:03:05.730 +01:00 [Information] HTTP "OPTIONS" "/fines/13143/activities" responded 204 in 0.0769 ms
2019-12-18 10:03:05.812 +01:00 [Information] HTTP "GET" "/" responded 404 in 95.7663 ms
2019-12-18 10:03:08.369 +01:00 [Information] HTTP "GET" "/favicon.ico" responded 404 in 0.1619 ms
2019-12-18 10:03:12.801 +01:00 [Information] HTTP "GET" "/documents/fine/13143" responded 200 in 7052.3527 ms
2019-12-18 10:03:12.801 +01:00 [Information] HTTP "GET" "/configurationItems" responded 200 in 7054.3048 ms
2019-12-18 10:03:12.801 +01:00 [Information] HTTP "GET" "/configurationItems" responded 200 in 7083.7980 ms
2019-12-18 10:03:12.801 +01:00 [Information] HTTP "GET" "/configurationItems" responded 200 in 7070.5791 ms
2019-12-18 10:03:12.835 +01:00 [Information] HTTP "GET" "/fines/13143/activities" responded 200 in 7086.7984 ms
2019-12-18 10:03:12.835 +01:00 [Information] HTTP "GET" "/fines/13143/activities" responded 200 in 7079.2721 ms
2019-12-18 10:03:12.855 +01:00 [Information] HTTP "GET" "/countries" responded 200 in 7099.5292 ms
2019-12-18 10:03:13.319 +01:00 [Information] HTTP "OPTIONS" "/fines/13143" responded 204 in 0.3843 ms
2019-12-18 10:03:14.358 +01:00 [Information] HTTP "GET" "/fines/13143" responded 200 in 1033.8543 ms
2019-12-18 10:03:14.863 +01:00 [Information] HTTP "OPTIONS" "/cities/22/1190" responded 204 in 0.3576 ms
2019-12-18 10:03:15.229 +01:00 [Information] HTTP "GET" "/cities/22/1190" responded 200 in 361.6902 ms
2019-12-18 10:16:11.060 +01:00 [Information] HTTP "OPTIONS" "/fines/13143" responded 204 in 0.4193 ms
2019-12-18 10:16:12.179 +01:00 [Information] HTTP "PUT" "/fines/13143" responded 200 in 1114.8775 ms
2019-12-18 10:16:12.388 +01:00 [Information] HTTP "OPTIONS" "/fines/13143" responded 204 in 0.2315 ms
2019-12-18 10:16:12.404 +01:00 [Information] HTTP "OPTIONS" "/emailtemplates" responded 204 in 0.2063 ms
2019-12-18 10:16:13.267 +01:00 [Information] HTTP "GET" "/fines/13143" responded 200 in 859.4997 ms
2019-12-18 10:16:13.309 +01:00 [Information] HTTP "GET" "/emailtemplates" responded 200 in 896.3797 ms
2019-12-18 10:26:00.890 +01:00 [Information] HTTP "OPTIONS" "/emaillogs" responded 204 in 0.8949 ms
2019-12-18 10:26:01.400 +01:00 [Information] HTTP "POST" "/emaillogs" responded 200 in 503.6120 ms
2019-12-18 10:26:01.416 +01:00 [Information] HTTP "OPTIONS" "/emaillogs/send" responded 204 in 0.1572 ms
2019-12-18 10:26:03.339 +01:00 [Information] HTTP "POST" "/emaillogs/send" responded 200 in 1919.8810 ms
2019-12-18 10:26:29.796 +01:00 [Information] HTTP "OPTIONS" "/fines/13143" responded 204 in 0.1872 ms
2019-12-18 10:26:29.799 +01:00 [Information] HTTP "OPTIONS" "/emailtemplates" responded 204 in 0.5285 ms
2019-12-18 10:26:30.372 +01:00 [Information] HTTP "GET" "/emailtemplates" responded 200 in 565.0690 ms
2019-12-18 10:26:30.587 +01:00 [Information] HTTP "GET" "/fines/13143" responded 200 in 780.7037 ms
2019-12-18 11:05:07.894 +01:00 [Information] HTTP "OPTIONS" "/fines/13143" responded 204 in 0.2056 ms
2019-12-18 11:05:07.894 +01:00 [Information] HTTP "OPTIONS" "/emailtemplates" responded 204 in 0.1548 ms
2019-12-18 11:05:08.384 +01:00 [Information] HTTP "GET" "/emailtemplates" responded 200 in 485.9209 ms
2019-12-18 11:05:08.704 +01:00 [Information] HTTP "GET" "/fines/13143" responded 200 in 803.8245 ms
2019-12-18 11:06:48.484 +01:00 [Information] HTTP "OPTIONS" "/fines/13143" responded 204 in 0.0985 ms
2019-12-18 11:06:48.487 +01:00 [Information] HTTP "OPTIONS" "/emailtemplates" responded 204 in 0.0786 ms
2019-12-18 11:06:48.894 +01:00 [Information] HTTP "GET" "/emailtemplates" responded 200 in 400.1642 ms
2019-12-18 11:06:48.998 +01:00 [Information] HTTP "GET" "/fines/13143" responded 200 in 508.3137 ms
2019-12-18 11:08:51.445 +01:00 [Information] HTTP "GET" "/" responded 404 in 55.3843 ms
2019-12-18 11:09:22.458 +01:00 [Information] HTTP "OPTIONS" "/emaillogs" responded 204 in 30.5160 ms
2019-12-18 11:09:27.764 +01:00 [Information] HTTP "POST" "/emaillogs" responded 200 in 5300.0148 ms
2019-12-18 11:09:27.828 +01:00 [Information] HTTP "OPTIONS" "/emaillogs/send" responded 204 in 0.1956 ms
2019-12-18 11:09:29.812 +01:00 [Information] HTTP "POST" "/emaillogs/send" responded 200 in 1980.5241 ms
2019-12-18 11:15:50.490 +01:00 [Information] HTTP "OPTIONS" "/fines/13143" responded 204 in 0.5084 ms
2019-12-18 11:15:50.490 +01:00 [Information] HTTP "OPTIONS" "/emailtemplates" responded 204 in 0.5379 ms
2019-12-18 11:15:51.478 +01:00 [Information] HTTP "GET" "/emailtemplates" responded 200 in 980.1077 ms
2019-12-18 11:15:51.734 +01:00 [Information] HTTP "GET" "/fines/13143" responded 200 in 1237.7094 ms
2019-12-18 11:18:15.321 +01:00 [Information] HTTP "GET" "/" responded 404 in 71.5478 ms
2019-12-18 11:18:15.504 +01:00 [Information] HTTP "GET" "/favicon.ico" responded 404 in 27.6549 ms
2019-12-18 11:20:17.028 +01:00 [Information] HTTP "OPTIONS" "/emailtemplates" responded 204 in 2.1108 ms
2019-12-18 11:20:17.028 +01:00 [Information] HTTP "OPTIONS" "/fines/13143" responded 204 in 6.5167 ms
2019-12-18 13:05:24.095 +01:00 [Information] HTTP "OPTIONS" "/fines/13143" responded 204 in 1.8614 ms
2019-12-18 13:05:24.097 +01:00 [Information] HTTP "OPTIONS" "/emailtemplates" responded 204 in 5.0814 ms
2019-12-18 13:05:25.125 +01:00 [Information] HTTP "GET" "/emailtemplates" responded 200 in 6307970.3862 ms
2019-12-18 13:05:27.281 +01:00 [Information] HTTP "GET" "/fines/13143" responded 200 in 6310127.4742 ms
2019-12-18 13:44:44.520 +01:00 [Information] HTTP "GET" "/" responded 404 in 63.3770 ms
2019-12-18 13:44:49.030 +01:00 [Information] HTTP "OPTIONS" "/configurationItems" responded 204 in 19.7327 ms
2019-12-18 13:44:58.286 +01:00 [Information] HTTP "GET" "/configurationItems" responded 200 in 9233.4565 ms
2019-12-18 13:45:00.269 +01:00 [Information] HTTP "OPTIONS" "/fines" responded 204 in 0.3365 ms
2019-12-18 13:45:05.744 +01:00 [Information] HTTP "GET" "/fines" responded 200 in 5469.9319 ms
2019-12-18 13:45:09.266 +01:00 [Information] HTTP "OPTIONS" "/countries" responded 204 in 0.3424 ms
2019-12-18 13:45:09.275 +01:00 [Information] HTTP "OPTIONS" "/configurationItems" responded 204 in 0.1814 ms
2019-12-18 13:45:09.275 +01:00 [Information] HTTP "OPTIONS" "/configurationItems" responded 204 in 0.2616 ms
2019-12-18 13:45:09.276 +01:00 [Information] HTTP "OPTIONS" "/configurationItems" responded 204 in 0.2622 ms
2019-12-18 13:45:09.485 +01:00 [Information] HTTP "OPTIONS" "/documents/fine/14392" responded 204 in 1.4217 ms
2019-12-18 13:45:09.524 +01:00 [Information] HTTP "OPTIONS" "/fines/14392/activities" responded 204 in 2.2233 ms
2019-12-18 13:45:21.750 +01:00 [Information] HTTP "GET" "/configurationItems" responded 200 in 12454.6858 ms
2019-12-18 13:45:23.886 +01:00 [Information] HTTP "GET" "/countries" responded 200 in 14604.2590 ms
2019-12-18 13:45:24.048 +01:00 [Information] HTTP "GET" "/configurationItems" responded 200 in 14764.1742 ms
2019-12-18 13:45:26.564 +01:00 [Information] HTTP "GET" "/configurationItems" responded 200 in 17274.5508 ms
2019-12-18 13:45:26.594 +01:00 [Information] HTTP "OPTIONS" "/fines/14392" responded 204 in 1.2870 ms
2019-12-18 13:45:31.995 +01:00 [Information] HTTP "GET" "/documents/fine/14392" responded 200 in 22489.4192 ms
2019-12-18 13:45:36.041 +01:00 [Information] HTTP "GET" "/fines/14392/activities" responded 200 in 26478.8780 ms
2019-12-18 13:45:38.895 +01:00 [Information] HTTP "GET" "/fines/14392" responded 200 in 12286.3970 ms
2019-12-18 13:45:59.697 +01:00 [Information] HTTP "OPTIONS" "/countries" responded 204 in 0.1804 ms
2019-12-18 13:45:59.710 +01:00 [Information] HTTP "OPTIONS" "/configurationItems" responded 204 in 3.2746 ms
2019-12-18 13:45:59.710 +01:00 [Information] HTTP "OPTIONS" "/configurationItems" responded 204 in 0.0330 ms
2019-12-18 13:45:59.710 +01:00 [Information] HTTP "OPTIONS" "/configurationItems" responded 204 in 0.0330 ms
2019-12-18 13:46:02.286 +01:00 [Information] HTTP "OPTIONS" "/fines/13338/activities" responded 204 in 0.0467 ms
2019-12-18 13:46:02.293 +01:00 [Information] HTTP "OPTIONS" "/documents/fine/13338" responded 204 in 0.0399 ms
2019-12-18 13:46:02.304 +01:00 [Information] HTTP "OPTIONS" "/fines/13338/activities" responded 204 in 0.9435 ms
2019-12-18 13:46:08.517 +01:00 [Information] HTTP "GET" "/countries" responded 200 in 8806.4274 ms
2019-12-18 13:46:09.444 +01:00 [Information] HTTP "GET" "/configurationItems" responded 200 in 9727.7683 ms
2019-12-18 13:46:10.398 +01:00 [Information] HTTP "GET" "/configurationItems" responded 200 in 10682.6216 ms
2019-12-18 13:46:14.836 +01:00 [Information] HTTP "GET" "/configurationItems" responded 200 in 13562.4086 ms
2019-12-18 13:46:14.875 +01:00 [Information] HTTP "OPTIONS" "/fines/13338" responded 204 in 0.1545 ms
2019-12-18 13:46:19.824 +01:00 [Information] HTTP "GET" "/fines/13338/activities" responded 200 in 17516.8814 ms
2019-12-18 13:46:23.198 +01:00 [Information] HTTP "GET" "/fines/13338/activities" responded 200 in 19983.4753 ms
2019-12-18 13:46:25.531 +01:00 [Information] HTTP "GET" "/documents/fine/13338" responded 200 in 21296.5088 ms
2019-12-18 13:46:27.886 +01:00 [Information] HTTP "GET" "/fines/13338" responded 200 in 13000.2130 ms
2019-12-18 13:47:32.915 +01:00 [Information] HTTP "OPTIONS" "/countries" responded 204 in 0.2425 ms
2019-12-18 13:47:32.921 +01:00 [Information] HTTP "OPTIONS" "/configurationItems" responded 204 in 0.1112 ms
2019-12-18 13:47:32.921 +01:00 [Information] HTTP "OPTIONS" "/configurationItems" responded 204 in 0.1111 ms
2019-12-18 13:47:32.921 +01:00 [Information] HTTP "OPTIONS" "/configurationItems" responded 204 in 0.1019 ms
2019-12-18 13:47:35.943 +01:00 [Information] HTTP "OPTIONS" "/fines/13143/activities" responded 204 in 6.7460 ms
2019-12-18 13:47:35.954 +01:00 [Information] HTTP "OPTIONS" "/documents/fine/13143" responded 204 in 0.0381 ms
2019-12-18 13:47:35.956 +01:00 [Information] HTTP "OPTIONS" "/fines/13143/activities" responded 204 in 0.1052 ms
2019-12-18 13:47:42.739 +01:00 [Information] HTTP "GET" "/configurationItems" responded 200 in 9813.3521 ms
2019-12-18 13:47:42.753 +01:00 [Information] HTTP "GET" "/configurationItems" responded 200 in 9827.7234 ms
2019-12-18 13:47:47.997 +01:00 [Information] HTTP "GET" "/countries" responded 200 in 14953.5459 ms
2019-12-18 13:47:50.188 +01:00 [Information] HTTP "GET" "/configurationItems" responded 200 in 15244.0315 ms
2019-12-18 13:47:50.246 +01:00 [Information] HTTP "OPTIONS" "/fines/13143" responded 204 in 0.0845 ms
2019-12-18 13:47:55.265 +01:00 [Information] HTTP "GET" "/fines/13143/activities" responded 200 in 19301.8262 ms
2019-12-18 13:47:57.342 +01:00 [Information] HTTP "GET" "/documents/fine/13143" responded 200 in 20381.8312 ms
2019-12-18 13:48:15.031 +01:00 [Information] HTTP "GET" "/" responded 404 in 46.6003 ms
2019-12-18 13:48:15.204 +01:00 [Information] HTTP "GET" "/favicon.ico" responded 404 in 39.5718 ms
2019-12-18 13:48:36.273 +01:00 [Information] HTTP "OPTIONS" "/configurationItems" responded 204 in 2.0355 ms
2019-12-18 13:48:36.273 +01:00 [Information] HTTP "OPTIONS" "/configurationItems" responded 204 in 1.8066 ms
2019-12-18 13:48:36.273 +01:00 [Information] HTTP "OPTIONS" "/configurationItems" responded 204 in 2.4322 ms
2019-12-18 13:48:36.273 +01:00 [Information] HTTP "OPTIONS" "/countries" responded 204 in 6.9378 ms
2019-12-18 13:48:36.558 +01:00 [Information] HTTP "OPTIONS" "/fines/13143/activities" responded 204 in 0.0507 ms
2019-12-18 13:48:38.794 +01:00 [Information] HTTP "OPTIONS" "/documents/fine/13143" responded 204 in 0.1058 ms
2019-12-18 13:48:38.865 +01:00 [Information] HTTP "OPTIONS" "/fines/13143/activities" responded 204 in 0.0753 ms
2019-12-18 13:49:11.969 +01:00 [Information] HTTP "GET" "/configurationItems" responded 200 in 35686.8761 ms
2019-12-18 13:49:11.969 +01:00 [Information] HTTP "GET" "/configurationItems" responded 200 in 35686.8761 ms
2019-12-18 13:49:11.969 +01:00 [Information] HTTP "GET" "/countries" responded 200 in 35689.6081 ms
2019-12-18 13:49:11.969 +01:00 [Information] HTTP "GET" "/configurationItems" responded 200 in 35689.7273 ms
2019-12-18 13:49:12.204 +01:00 [Information] HTTP "OPTIONS" "/fines/13143" responded 204 in 0.3995 ms
2019-12-18 13:49:12.282 +01:00 [Information] HTTP "GET" "/fines/13143/activities" responded 200 in 35720.2077 ms
2019-12-18 13:49:12.282 +01:00 [Information] HTTP "GET" "/fines/13143/activities" responded 200 in 33296.8685 ms
2019-12-18 13:49:12.677 +01:00 [Information] HTTP "GET" "/documents/fine/13143" responded 200 in 32895.3693 ms
2019-12-18 13:49:20.540 +01:00 [Information] HTTP "GET" "/fines/13143" responded 200 in 8290.6153 ms
2019-12-18 13:49:20.891 +01:00 [Information] HTTP "OPTIONS" "/cities/22/1190" responded 204 in 0.3119 ms
2019-12-18 13:49:24.174 +01:00 [Information] HTTP "GET" "/cities/22/1190" responded 200 in 3279.2333 ms
2019-12-18 13:49:26.027 +01:00 [Information] HTTP "OPTIONS" "/fines/13143" responded 204 in 0.2797 ms
2019-12-18 13:49:31.259 +01:00 [Information] HTTP "PUT" "/fines/13143" responded 200 in 5217.7301 ms
2019-12-18 13:49:31.374 +01:00 [Information] HTTP "OPTIONS" "/fines/13143" responded 204 in 0.8003 ms
2019-12-18 13:49:31.377 +01:00 [Information] HTTP "OPTIONS" "/emailtemplates" responded 204 in 0.1102 ms
2019-12-18 13:50:01.944 +01:00 [Information] HTTP "GET" "/emailtemplates" responded 200 in 30561.7466 ms
2019-12-18 13:50:03.683 +01:00 [Information] HTTP "GET" "/fines/13143" responded 200 in 32299.9918 ms
2019-12-18 13:52:14.489 +01:00 [Information] HTTP "GET" "/" responded 404 in 158.2175 ms
2019-12-18 13:52:22.664 +01:00 [Information] HTTP "OPTIONS" "/fines/13143" responded 204 in 20.9061 ms
2019-12-18 13:52:22.664 +01:00 [Information] HTTP "OPTIONS" "/emailtemplates" responded 204 in 19.1712 ms
2019-12-18 13:53:51.520 +01:00 [Information] HTTP "GET" "/" responded 404 in 72.1729 ms
2019-12-18 13:54:26.105 +01:00 [Information] HTTP "OPTIONS" "/fines/13143" responded 204 in 35.9252 ms
2019-12-18 13:54:26.105 +01:00 [Information] HTTP "OPTIONS" "/emailtemplates" responded 204 in 22.2173 ms
2019-12-18 13:55:25.324 +01:00 [Information] HTTP "GET" "/emailtemplates" responded 404 in 59204.9585 ms
2019-12-18 13:55:25.324 +01:00 [Information] HTTP "GET" "/fines/13143" responded 404 in 59205.2625 ms
2019-12-18 13:56:32.834 +01:00 [Information] HTTP "OPTIONS" "/fines/543" responded 204 in 0.8236 ms
2019-12-18 13:56:32.834 +01:00 [Information] HTTP "OPTIONS" "/emailtemplates" responded 204 in 0.3170 ms
2019-12-18 13:59:58.036 +01:00 [Information] HTTP "OPTIONS" "/emailtemplates" responded 204 in 3.6585 ms
2019-12-18 13:59:58.036 +01:00 [Information] HTTP "OPTIONS" "/fines/543" responded 204 in 3.6515 ms
2019-12-18 13:59:58.093 +01:00 [Information] HTTP "GET" "/" responded 404 in 74.8179 ms
2019-12-18 14:00:16.321 +01:00 [Information] HTTP "GET" "/emailtemplates" responded 200 in 18176.1440 ms
2019-12-18 14:00:18.268 +01:00 [Information] HTTP "GET" "/fines/543" responded 200 in 20141.3483 ms
2019-12-18 14:00:43.450 +01:00 [Information] HTTP "OPTIONS" "/employees" responded 204 in 0.8992 ms
2019-12-18 14:00:47.385 +01:00 [Information] HTTP "GET" "/employees" responded 200 in 3918.1240 ms
2019-12-18 14:00:53.746 +01:00 [Information] HTTP "OPTIONS" "/emaillogs" responded 204 in 0.2962 ms
2019-12-18 14:00:57.576 +01:00 [Information] HTTP "POST" "/emaillogs" responded 200 in 3807.8486 ms
2019-12-18 14:00:57.624 +01:00 [Information] HTTP "OPTIONS" "/emaillogs/send" responded 204 in 0.3227 ms
2019-12-18 14:01:06.283 +01:00 [Information] HTTP "POST" "/emaillogs/send" responded 200 in 8653.2102 ms
2019-12-18 14:02:25.902 +01:00 [Information] HTTP "OPTIONS" "/countries" responded 204 in 0.2811 ms
2019-12-18 14:02:25.979 +01:00 [Information] HTTP "OPTIONS" "/configurationItems" responded 204 in 0.2443 ms
2019-12-18 14:02:25.983 +01:00 [Information] HTTP "OPTIONS" "/configurationItems" responded 204 in 0.2158 ms
2019-12-18 14:02:25.985 +01:00 [Information] HTTP "OPTIONS" "/configurationItems" responded 204 in 0.1606 ms
2019-12-18 14:02:28.928 +01:00 [Information] HTTP "OPTIONS" "/fines/13143/activities" responded 204 in 0.1221 ms
2019-12-18 14:02:28.938 +01:00 [Information] HTTP "OPTIONS" "/documents/fine/13143" responded 204 in 0.0520 ms
2019-12-18 14:02:28.946 +01:00 [Information] HTTP "OPTIONS" "/fines/13143/activities" responded 204 in 0.0454 ms
2019-12-18 14:02:35.819 +01:00 [Information] HTTP "GET" "/configurationItems" responded 200 in 9807.0781 ms
2019-12-18 14:02:36.590 +01:00 [Information] HTTP "GET" "/countries" responded 200 in 10658.1456 ms
2019-12-18 14:02:41.086 +01:00 [Information] HTTP "GET" "/configurationItems" responded 200 in 15094.7078 ms
2019-12-18 14:02:43.185 +01:00 [Information] HTTP "GET" "/configurationItems" responded 200 in 15253.0510 ms
2019-12-18 14:02:43.227 +01:00 [Information] HTTP "OPTIONS" "/fines/13143" responded 204 in 0.1797 ms
2019-12-18 14:03:08.975 +01:00 [Information] HTTP "GET" "/fines/13143/activities" responded 404 in 40025.9935 ms
2019-12-18 14:03:11.893 +01:00 [Information] HTTP "GET" "/documents/fine/13143" responded 200 in 41460.8979 ms
2019-12-18 14:03:26.522 +01:00 [Information] HTTP "GET" "/fines/13143" responded 404 in 43274.4684 ms
2019-12-18 14:03:57.606 +01:00 [Information] HTTP "OPTIONS" "/configurationItems" responded 204 in 0.1628 ms
2019-12-18 14:04:01.229 +01:00 [Information] HTTP "GET" "/configurationItems" responded 200 in 3619.0364 ms
2019-12-18 14:04:03.378 +01:00 [Information] HTTP "OPTIONS" "/fines" responded 204 in 0.1130 ms
2019-12-18 14:04:07.937 +01:00 [Information] HTTP "GET" "/fines" responded 200 in 4553.9413 ms
2019-12-18 14:04:10.112 +01:00 [Information] HTTP "OPTIONS" "/countries" responded 204 in 3.5178 ms
2019-12-18 14:04:10.122 +01:00 [Information] HTTP "OPTIONS" "/configurationItems" responded 204 in 0.1881 ms
2019-12-18 14:04:10.147 +01:00 [Information] HTTP "OPTIONS" "/configurationItems" responded 204 in 0.1286 ms
2019-12-18 14:04:10.163 +01:00 [Information] HTTP "OPTIONS" "/configurationItems" responded 204 in 0.0506 ms
2019-12-18 14:04:13.652 +01:00 [Information] HTTP "OPTIONS" "/documents/fine/542" responded 204 in 0.0967 ms
2019-12-18 14:04:13.660 +01:00 [Information] HTTP "OPTIONS" "/fines/542/activities" responded 204 in 0.1097 ms
2019-12-18 14:04:19.954 +01:00 [Information] HTTP "GET" "/configurationItems" responded 200 in 9814.1730 ms
2019-12-18 14:04:21.576 +01:00 [Information] HTTP "GET" "/configurationItems" responded 200 in 9938.0474 ms
2019-12-18 14:04:22.857 +01:00 [Information] HTTP "GET" "/configurationItems" responded 200 in 12674.0395 ms
2019-12-18 14:04:28.859 +01:00 [Information] HTTP "GET" "/countries" responded 200 in 18726.0842 ms
2019-12-18 14:04:28.894 +01:00 [Information] HTTP "OPTIONS" "/fines/542" responded 204 in 0.0842 ms
2019-12-18 14:04:32.402 +01:00 [Information] HTTP "GET" "/documents/fine/542" responded 200 in 18738.2385 ms
2019-12-18 14:04:38.052 +01:00 [Information] HTTP "GET" "/fines/542/activities" responded 200 in 22888.0587 ms
2019-12-18 14:04:42.957 +01:00 [Information] HTTP "GET" "/fines/542" responded 200 in 14009.9091 ms
2019-12-18 14:04:43.315 +01:00 [Information] HTTP "OPTIONS" "/cities/22/3000" responded 204 in 0.1245 ms
2019-12-18 14:04:46.777 +01:00 [Information] HTTP "GET" "/cities/22/3000" responded 200 in 3450.6360 ms
2019-12-18 14:04:50.600 +01:00 [Information] HTTP "OPTIONS" "/fines/542" responded 204 in 0.0759 ms
2019-12-18 14:04:55.262 +01:00 [Information] HTTP "PUT" "/fines/542" responded 200 in 4649.7870 ms
2019-12-18 14:04:55.355 +01:00 [Information] HTTP "OPTIONS" "/fines/542" responded 204 in 0.1325 ms
2019-12-18 14:04:55.367 +01:00 [Information] HTTP "OPTIONS" "/emailtemplates" responded 204 in 0.0386 ms
2019-12-18 14:05:07.183 +01:00 [Information] HTTP "GET" "/emailtemplates" responded 200 in 11809.2424 ms
2019-12-18 14:05:10.443 +01:00 [Information] HTTP "GET" "/fines/542" responded 200 in 15084.8459 ms
2019-12-18 14:05:57.750 +01:00 [Information] HTTP "OPTIONS" "/employees" responded 204 in 0.0424 ms
2019-12-18 14:06:01.492 +01:00 [Information] HTTP "GET" "/employees" responded 200 in 3737.7284 ms
2019-12-18 14:06:05.578 +01:00 [Information] HTTP "OPTIONS" "/employees" responded 204 in 0.0480 ms
2019-12-18 14:06:09.150 +01:00 [Information] HTTP "GET" "/employees" responded 200 in 3566.2300 ms
2019-12-18 14:06:13.610 +01:00 [Information] HTTP "OPTIONS" "/employees" responded 204 in 0.0408 ms
2019-12-18 14:06:17.434 +01:00 [Information] HTTP "GET" "/employees" responded 200 in 3819.3666 ms
2019-12-18 14:06:22.998 +01:00 [Information] HTTP "OPTIONS" "/emaillogs" responded 204 in 0.0438 ms
2019-12-18 14:06:26.624 +01:00 [Information] HTTP "POST" "/emaillogs" responded 200 in 3622.6287 ms
2019-12-18 14:06:26.649 +01:00 [Information] HTTP "OPTIONS" "/documents" responded 204 in 0.0509 ms
2019-12-18 14:12:49.715 +01:00 [Information] HTTP "OPTIONS" "/emaillogs" responded 204 in 0.1000 ms
2019-12-18 14:12:52.122 +01:00 [Information] HTTP "POST" "/documents" responded 500 in 385446.7391 ms
Microsoft.AspNetCore.Connections.ConnectionResetException: The client has disconnected
 ---> System.Runtime.InteropServices.COMException (0x80070001): Incorrect function. (0x80070001)
   --- End of inner exception stack trace ---
   at Microsoft.AspNetCore.Server.IIS.Core.IO.AsyncIOOperation.GetResult(Int16 token)
   at Microsoft.AspNetCore.Server.IIS.Core.IISHttpContext.ReadBody()
   at System.IO.Pipelines.PipeCompletion.ThrowLatchedException()
   at System.IO.Pipelines.Pipe.GetReadResult(ReadResult& result)
   at System.IO.Pipelines.Pipe.ReadAsync(CancellationToken token)
   at System.IO.Pipelines.Pipe.DefaultPipeReader.ReadAsync(CancellationToken cancellationToken)
   at Microsoft.AspNetCore.Server.IIS.Core.IISHttpContext.ReadAsync(Memory`1 memory, CancellationToken cancellationToken)
   at Microsoft.AspNetCore.Server.IIS.Core.HttpRequestStream.ReadAsyncInternal(Memory`1 buffer, CancellationToken cancellationToken)
   at Microsoft.AspNetCore.WebUtilities.BufferedReadStream.EnsureBufferedAsync(Int32 minCount, CancellationToken cancellationToken)
   at Microsoft.AspNetCore.WebUtilities.MultipartReaderStream.ReadAsync(Byte[] buffer, Int32 offset, Int32 count, CancellationToken cancellationToken)
   at Microsoft.AspNetCore.WebUtilities.FileBufferingReadStream.ReadAsync(Byte[] buffer, Int32 offset, Int32 count, CancellationToken cancellationToken)
   at Microsoft.AspNetCore.WebUtilities.StreamHelperExtensions.DrainAsync(Stream stream, ArrayPool`1 bytePool, Nullable`1 limit, CancellationToken cancellationToken)
   at Microsoft.AspNetCore.Http.Features.FormFeature.InnerReadFormAsync(CancellationToken cancellationToken)
   at Microsoft.AspNetCore.Mvc.ModelBinding.FormValueProviderFactory.AddValueProviderAsync(ValueProviderFactoryContext context)
   at Microsoft.AspNetCore.Mvc.ModelBinding.CompositeValueProvider.CreateAsync(ActionContext actionContext, IList`1 factories)
   at Microsoft.AspNetCore.Mvc.ModelBinding.CompositeValueProvider.TryCreateAsync(ActionContext actionContext, IList`1 factories)
   at Microsoft.AspNetCore.Mvc.Controllers.ControllerBinderDelegateProvider.<>c__DisplayClass0_0.<<CreateBinderDelegate>g__Bind|0>d.MoveNext()
--- End of stack trace from previous location where exception was thrown ---
   at Microsoft.AspNetCore.Mvc.Infrastructure.ControllerActionInvoker.<InvokeInnerFilterAsync>g__Awaited|13_0(ControllerActionInvoker invoker, Task lastTask, State next, Scope scope, Object state, Boolean isCompleted)
   at Microsoft.AspNetCore.Mvc.Infrastructure.ResourceInvoker.<InvokeNextExceptionFilterAsync>g__Awaited|25_0(ResourceInvoker invoker, Task lastTask, State next, Scope scope, Object state, Boolean isCompleted)
   at Microsoft.AspNetCore.Mvc.Infrastructure.ResourceInvoker.Rethrow(ExceptionContextSealed context)
   at Microsoft.AspNetCore.Mvc.Infrastructure.ResourceInvoker.Next(State& next, Scope& scope, Object& state, Boolean& isCompleted)
   at Microsoft.AspNetCore.Mvc.Infrastructure.ResourceInvoker.InvokeFilterPipelineAsync()
--- End of stack trace from previous location where exception was thrown ---
   at Microsoft.AspNetCore.Mvc.Infrastructure.ResourceInvoker.<InvokeAsync>g__Awaited|17_0(ResourceInvoker invoker, Task task, IDisposable scope)
   at Microsoft.AspNetCore.Routing.EndpointMiddleware.<Invoke>g__AwaitRequestTask|6_0(Endpoint endpoint, Task requestTask, ILogger logger)
   at Microsoft.AspNetCore.Localization.RequestLocalizationMiddleware.Invoke(HttpContext context)
   at Microsoft.AspNetCore.Authorization.AuthorizationMiddleware.Invoke(HttpContext context)
   at Infrabel.ICT.Framework.Extended.AspNetCore.Middleware.LoggingMiddleware.Invoke(HttpContext context, IEnvironmentInfoService environmentInfoService)
2019-12-18 14:12:54.277 +01:00 [Error] An unhandled exception has occurred while executing the request.
Microsoft.AspNetCore.Connections.ConnectionResetException: The client has disconnected
 ---> System.Runtime.InteropServices.COMException (0x80070001): Incorrect function. (0x80070001)
   --- End of inner exception stack trace ---
   at Microsoft.AspNetCore.Server.IIS.Core.IO.AsyncIOOperation.GetResult(Int16 token)
   at Microsoft.AspNetCore.Server.IIS.Core.IISHttpContext.ReadBody()
   at System.IO.Pipelines.PipeCompletion.ThrowLatchedException()
   at System.IO.Pipelines.Pipe.GetReadResult(ReadResult& result)
   at System.IO.Pipelines.Pipe.ReadAsync(CancellationToken token)
   at System.IO.Pipelines.Pipe.DefaultPipeReader.ReadAsync(CancellationToken cancellationToken)
   at Microsoft.AspNetCore.Server.IIS.Core.IISHttpContext.ReadAsync(Memory`1 memory, CancellationToken cancellationToken)
   at Microsoft.AspNetCore.Server.IIS.Core.HttpRequestStream.ReadAsyncInternal(Memory`1 buffer, CancellationToken cancellationToken)
   at Microsoft.AspNetCore.WebUtilities.BufferedReadStream.EnsureBufferedAsync(Int32 minCount, CancellationToken cancellationToken)
   at Microsoft.AspNetCore.WebUtilities.MultipartReaderStream.ReadAsync(Byte[] buffer, Int32 offset, Int32 count, CancellationToken cancellationToken)
   at Microsoft.AspNetCore.WebUtilities.FileBufferingReadStream.ReadAsync(Byte[] buffer, Int32 offset, Int32 count, CancellationToken cancellationToken)
   at Microsoft.AspNetCore.WebUtilities.StreamHelperExtensions.DrainAsync(Stream stream, ArrayPool`1 bytePool, Nullable`1 limit, CancellationToken cancellationToken)
   at Microsoft.AspNetCore.Http.Features.FormFeature.InnerReadFormAsync(CancellationToken cancellationToken)
   at Microsoft.AspNetCore.Mvc.ModelBinding.FormValueProviderFactory.AddValueProviderAsync(ValueProviderFactoryContext context)
   at Microsoft.AspNetCore.Mvc.ModelBinding.CompositeValueProvider.CreateAsync(ActionContext actionContext, IList`1 factories)
   at Microsoft.AspNetCore.Mvc.ModelBinding.CompositeValueProvider.TryCreateAsync(ActionContext actionContext, IList`1 factories)
   at Microsoft.AspNetCore.Mvc.Controllers.ControllerBinderDelegateProvider.<>c__DisplayClass0_0.<<CreateBinderDelegate>g__Bind|0>d.MoveNext()
--- End of stack trace from previous location where exception was thrown ---
   at Microsoft.AspNetCore.Mvc.Infrastructure.ControllerActionInvoker.<InvokeInnerFilterAsync>g__Awaited|13_0(ControllerActionInvoker invoker, Task lastTask, State next, Scope scope, Object state, Boolean isCompleted)
   at Microsoft.AspNetCore.Mvc.Infrastructure.ResourceInvoker.<InvokeNextExceptionFilterAsync>g__Awaited|25_0(ResourceInvoker invoker, Task lastTask, State next, Scope scope, Object state, Boolean isCompleted)
   at Microsoft.AspNetCore.Mvc.Infrastructure.ResourceInvoker.Rethrow(ExceptionContextSealed context)
   at Microsoft.AspNetCore.Mvc.Infrastructure.ResourceInvoker.Next(State& next, Scope& scope, Object& state, Boolean& isCompleted)
   at Microsoft.AspNetCore.Mvc.Infrastructure.ResourceInvoker.InvokeFilterPipelineAsync()
--- End of stack trace from previous location where exception was thrown ---
   at Microsoft.AspNetCore.Mvc.Infrastructure.ResourceInvoker.<InvokeAsync>g__Awaited|17_0(ResourceInvoker invoker, Task task, IDisposable scope)
   at Microsoft.AspNetCore.Routing.EndpointMiddleware.<Invoke>g__AwaitRequestTask|6_0(Endpoint endpoint, Task requestTask, ILogger logger)
   at Microsoft.AspNetCore.Localization.RequestLocalizationMiddleware.Invoke(HttpContext context)
   at Microsoft.AspNetCore.Authorization.AuthorizationMiddleware.Invoke(HttpContext context)
   at Infrabel.ICT.Framework.Extended.AspNetCore.Middleware.LoggingMiddleware.Invoke(HttpContext context, IEnvironmentInfoService environmentInfoService)
   at Microsoft.AspNetCore.Diagnostics.DeveloperExceptionPageMiddleware.Invoke(HttpContext context)
2019-12-18 14:12:57.793 +01:00 [Information] HTTP "POST" "/emaillogs" responded 200 in 8043.7291 ms
2019-12-18 14:12:57.812 +01:00 [Information] HTTP "OPTIONS" "/emaillogs/send" responded 204 in 0.0546 ms
2019-12-18 14:13:03.563 +01:00 [Information] HTTP "POST" "/emaillogs/send" responded 200 in 5745.7287 ms
2019-12-18 14:13:07.340 +01:00 [Information] HTTP "OPTIONS" "/fines/542" responded 204 in 0.1286 ms
2019-12-18 14:13:07.345 +01:00 [Information] HTTP "OPTIONS" "/emailtemplates" responded 204 in 0.0613 ms
2019-12-18 14:13:43.598 +01:00 [Information] HTTP "GET" "/emailtemplates" responded 200 in 36244.6975 ms
2019-12-18 14:13:47.657 +01:00 [Information] HTTP "GET" "/fines/542" responded 200 in 40309.2353 ms
2019-12-18 14:14:05.614 +01:00 [Information] HTTP "OPTIONS" "/employees" responded 204 in 0.0511 ms
2019-12-18 14:14:09.040 +01:00 [Information] HTTP "GET" "/employees" responded 200 in 3418.3603 ms
2019-12-18 14:14:22.045 +01:00 [Information] HTTP "OPTIONS" "/emaillogs" responded 204 in 1.8602 ms
2019-12-18 14:14:25.910 +01:00 [Information] HTTP "POST" "/emaillogs" responded 200 in 3861.7816 ms
2019-12-18 14:14:25.928 +01:00 [Information] HTTP "OPTIONS" "/documents" responded 204 in 0.0426 ms
2019-12-18 14:14:34.966 +01:00 [Information] HTTP "POST" "/documents" responded 200 in 9034.4754 ms
2019-12-18 14:14:34.991 +01:00 [Information] HTTP "OPTIONS" "/emaillogs/send" responded 204 in 0.1095 ms
2019-12-18 14:14:41.026 +01:00 [Information] HTTP "POST" "/emaillogs/send" responded 200 in 6029.4414 ms
2019-12-18 14:14:48.278 +01:00 [Information] HTTP "OPTIONS" "/fines/542" responded 204 in 0.0332 ms
2019-12-18 14:14:48.288 +01:00 [Information] HTTP "OPTIONS" "/emailtemplates" responded 204 in 0.0703 ms
2019-12-18 14:14:59.694 +01:00 [Information] HTTP "GET" "/emailtemplates" responded 200 in 11369.1544 ms
2019-12-18 14:15:03.382 +01:00 [Information] HTTP "GET" "/fines/542" responded 200 in 15089.5301 ms
2019-12-18 14:15:25.910 +01:00 [Information] HTTP "OPTIONS" "/employees" responded 204 in 0.0477 ms
2019-12-18 14:15:29.396 +01:00 [Information] HTTP "GET" "/employees" responded 200 in 3469.8093 ms
2019-12-18 14:16:02.236 +01:00 [Information] HTTP "OPTIONS" "/emaillogs" responded 204 in 14.0919 ms
2019-12-18 14:16:05.403 +01:00 [Information] HTTP "POST" "/emaillogs" responded 200 in 3139.3322 ms
2019-12-18 14:16:05.429 +01:00 [Information] HTTP "OPTIONS" "/documents" responded 204 in 0.0320 ms
2019-12-18 14:16:16.682 +01:00 [Information] HTTP "POST" "/documents" responded 200 in 11242.0906 ms
2019-12-18 14:16:16.702 +01:00 [Information] HTTP "OPTIONS" "/emaillogs/send" responded 204 in 0.0292 ms
2019-12-18 14:16:22.809 +01:00 [Information] HTTP "POST" "/emaillogs/send" responded 200 in 6101.2491 ms
2019-12-18 14:16:38.537 +01:00 [Information] HTTP "OPTIONS" "/fines/542" responded 204 in 0.2667 ms
2019-12-18 14:16:38.546 +01:00 [Information] HTTP "OPTIONS" "/emailtemplates" responded 204 in 0.0316 ms
2019-12-18 14:16:45.745 +01:00 [Information] HTTP "GET" "/emailtemplates" responded 200 in 7190.8860 ms
2019-12-18 14:16:48.665 +01:00 [Information] HTTP "GET" "/fines/542" responded 200 in 10123.8784 ms
2019-12-18 14:17:35.155 +01:00 [Information] HTTP "OPTIONS" "/employees" responded 204 in 0.1842 ms
2019-12-18 14:17:39.021 +01:00 [Information] HTTP "GET" "/employees" responded 200 in 3858.6870 ms
2019-12-18 14:18:00.807 +01:00 [Information] HTTP "OPTIONS" "/emaillogs" responded 204 in 0.0357 ms
2019-12-18 14:18:04.230 +01:00 [Information] HTTP "POST" "/emaillogs" responded 200 in 3415.9170 ms
2019-12-18 14:18:04.252 +01:00 [Information] HTTP "OPTIONS" "/documents" responded 204 in 0.1717 ms
2019-12-18 14:18:13.328 +01:00 [Information] HTTP "POST" "/documents" responded 200 in 9062.7067 ms
2019-12-18 14:18:13.358 +01:00 [Information] HTTP "OPTIONS" "/emaillogs/send" responded 204 in 0.0486 ms
2019-12-18 14:18:19.005 +01:00 [Information] HTTP "POST" "/emaillogs/send" responded 200 in 5639.3840 ms
2019-12-18 14:18:49.474 +01:00 [Information] HTTP "OPTIONS" "/configurationItems" responded 204 in 0.0404 ms
2019-12-18 14:18:52.431 +01:00 [Information] HTTP "GET" "/configurationItems" responded 200 in 2947.3902 ms
2019-12-18 14:18:58.509 +01:00 [Information] HTTP "OPTIONS" "/fines" responded 204 in 0.0395 ms
2019-12-18 14:19:02.991 +01:00 [Information] HTTP "GET" "/fines" responded 200 in 4476.5611 ms
2019-12-18 14:19:05.353 +01:00 [Information] HTTP "OPTIONS" "/countries" responded 204 in 0.0319 ms
2019-12-18 14:19:05.366 +01:00 [Information] HTTP "OPTIONS" "/configurationItems" responded 204 in 0.1834 ms
2019-12-18 14:19:05.367 +01:00 [Information] HTTP "OPTIONS" "/configurationItems" responded 204 in 0.0310 ms
2019-12-18 14:19:05.372 +01:00 [Information] HTTP "OPTIONS" "/configurationItems" responded 204 in 0.0280 ms
2019-12-18 14:19:08.886 +01:00 [Information] HTTP "OPTIONS" "/documents/fine/542" responded 204 in 0.0270 ms
2019-12-18 14:19:08.896 +01:00 [Information] HTTP "OPTIONS" "/fines/542/activities" responded 204 in 0.1668 ms
2019-12-18 14:19:13.312 +01:00 [Information] HTTP "GET" "/countries" responded 200 in 7955.4864 ms
2019-12-18 14:19:13.368 +01:00 [Information] HTTP "GET" "/configurationItems" responded 200 in 7982.5409 ms
2019-12-18 14:19:18.446 +01:00 [Information] HTTP "GET" "/configurationItems" responded 200 in 13069.6089 ms
2019-12-18 14:19:21.724 +01:00 [Information] HTTP "GET" "/configurationItems" responded 200 in 14849.6810 ms
2019-12-18 14:19:21.772 +01:00 [Information] HTTP "OPTIONS" "/fines/542" responded 204 in 0.0360 ms
2019-12-18 14:19:26.602 +01:00 [Information] HTTP "GET" "/documents/fine/542" responded 200 in 17699.0218 ms
2019-12-18 14:19:31.794 +01:00 [Information] HTTP "GET" "/fines/542/activities" responded 200 in 21913.9125 ms
2019-12-18 14:19:37.612 +01:00 [Information] HTTP "GET" "/fines/542" responded 200 in 15781.6509 ms
2019-12-18 14:19:38.090 +01:00 [Information] HTTP "OPTIONS" "/cities/22/3000" responded 204 in 0.0428 ms
2019-12-18 14:19:41.786 +01:00 [Information] HTTP "GET" "/cities/22/3000" responded 200 in 3686.1709 ms
2019-12-18 14:19:44.494 +01:00 [Information] HTTP "OPTIONS" "/fines/542" responded 204 in 0.0337 ms
2019-12-18 14:19:49.902 +01:00 [Information] HTTP "PUT" "/fines/542" responded 200 in 5405.4310 ms
2019-12-18 14:19:49.946 +01:00 [Information] HTTP "OPTIONS" "/fines/542" responded 204 in 0.1152 ms
2019-12-18 14:19:49.954 +01:00 [Information] HTTP "OPTIONS" "/emailtemplates" responded 204 in 0.0302 ms
2019-12-18 14:19:58.595 +01:00 [Information] HTTP "GET" "/emailtemplates" responded 200 in 8631.1997 ms
2019-12-18 14:20:02.337 +01:00 [Information] HTTP "GET" "/fines/542" responded 200 in 12379.8124 ms
2019-12-18 14:20:21.232 +01:00 [Information] HTTP "OPTIONS" "/employees" responded 204 in 0.0438 ms
2019-12-18 14:20:25.156 +01:00 [Information] HTTP "GET" "/employees" responded 200 in 3921.4240 ms
2019-12-18 14:20:35.903 +01:00 [Information] HTTP "OPTIONS" "/emaillogs" responded 204 in 0.0315 ms
2019-12-18 14:20:41.563 +01:00 [Information] HTTP "POST" "/emaillogs" responded 200 in 5649.9798 ms
2019-12-18 14:20:41.576 +01:00 [Information] HTTP "OPTIONS" "/emaillogs/send" responded 204 in 0.0491 ms
2019-12-18 14:20:48.010 +01:00 [Information] HTTP "POST" "/emaillogs/send" responded 200 in 6430.0115 ms
2019-12-18 14:51:46.188 +01:00 [Information] HTTP "OPTIONS" "/configurationItems" responded 204 in 0.0458 ms
2019-12-18 14:51:49.484 +01:00 [Information] HTTP "GET" "/configurationItems" responded 200 in 3279.3347 ms
2019-12-18 14:59:26.320 +01:00 [Information] HTTP "OPTIONS" "/configurationItems" responded 204 in 0.1310 ms
2019-12-18 14:59:30.061 +01:00 [Information] HTTP "GET" "/configurationItems" responded 200 in 3737.4610 ms
2019-12-18 14:59:34.771 +01:00 [Information] HTTP "OPTIONS" "/fines" responded 204 in 0.0310 ms
2019-12-18 14:59:41.755 +01:00 [Information] HTTP "GET" "/fines" responded 200 in 6981.4573 ms
2019-12-18 14:59:47.581 +01:00 [Information] HTTP "OPTIONS" "/countries" responded 204 in 0.0381 ms
2019-12-18 14:59:47.598 +01:00 [Information] HTTP "OPTIONS" "/configurationItems" responded 204 in 0.0290 ms
2019-12-18 14:59:47.635 +01:00 [Information] HTTP "OPTIONS" "/configurationItems" responded 204 in 0.1098 ms
2019-12-18 14:59:47.764 +01:00 [Information] HTTP "OPTIONS" "/configurationItems" responded 204 in 3.7205 ms
2019-12-18 14:59:47.789 +01:00 [Information] HTTP "OPTIONS" "/documents/fine/13338" responded 204 in 0.0439 ms
2019-12-18 14:59:47.838 +01:00 [Information] HTTP "OPTIONS" "/fines/13338/activities" responded 204 in 0.0887 ms
2019-12-18 14:59:56.539 +01:00 [Information] HTTP "GET" "/configurationItems" responded 200 in 8937.7770 ms
2019-12-18 14:59:56.559 +01:00 [Information] HTTP "GET" "/countries" responded 200 in 8974.8952 ms
2019-12-18 15:00:04.869 +01:00 [Information] HTTP "GET" "/configurationItems" responded 200 in 17225.6551 ms
2019-12-18 15:00:06.182 +01:00 [Information] HTTP "GET" "/fines/13338/activities" responded 200 in 18338.3720 ms
2019-12-18 15:00:10.023 +01:00 [Information] HTTP "GET" "/documents/fine/13338" responded 200 in 22223.5670 ms
2019-12-18 15:00:12.003 +01:00 [Information] HTTP "GET" "/configurationItems" responded 200 in 24234.8611 ms
2019-12-18 15:00:12.074 +01:00 [Information] HTTP "OPTIONS" "/fines/13338" responded 204 in 0.0278 ms
2019-12-18 15:01:00.682 +01:00 [Information] HTTP "GET" "/" responded 404 in 34.5027 ms
2019-12-18 15:01:00.811 +01:00 [Information] HTTP "GET" "/favicon.ico" responded 404 in 29.3822 ms
2019-12-18 15:01:33.864 +01:00 [Information] HTTP "OPTIONS" "/countries" responded 204 in 5.0548 ms
2019-12-18 15:01:33.865 +01:00 [Information] HTTP "OPTIONS" "/configurationItems" responded 204 in 0.3101 ms
2019-12-18 15:01:33.869 +01:00 [Information] HTTP "OPTIONS" "/configurationItems" responded 204 in 0.0519 ms
2019-12-18 15:01:33.869 +01:00 [Information] HTTP "OPTIONS" "/configurationItems" responded 204 in 0.0763 ms
2019-12-18 15:01:35.860 +01:00 [Information] HTTP "OPTIONS" "/fines/13143/activities" responded 204 in 0.0523 ms
2019-12-18 15:01:35.861 +01:00 [Information] HTTP "OPTIONS" "/documents/fine/13143" responded 204 in 0.0528 ms
2019-12-18 15:01:35.862 +01:00 [Information] HTTP "OPTIONS" "/fines/13143/activities" responded 204 in 0.0486 ms
2019-12-18 15:01:42.004 +01:00 [Information] HTTP "GET" "/configurationItems" responded 200 in 8131.2454 ms
2019-12-18 15:01:42.004 +01:00 [Information] HTTP "GET" "/configurationItems" responded 200 in 8130.1737 ms
2019-12-18 15:01:42.004 +01:00 [Information] HTTP "GET" "/configurationItems" responded 200 in 8130.2272 ms
2019-12-18 15:01:42.005 +01:00 [Information] HTTP "GET" "/countries" responded 200 in 8133.0744 ms
2019-12-18 15:01:42.133 +01:00 [Information] HTTP "OPTIONS" "/fines/13143" responded 204 in 0.1210 ms
2019-12-18 15:01:42.276 +01:00 [Information] HTTP "GET" "/fines/13143/activities" responded 200 in 6403.0002 ms
2019-12-18 15:01:43.295 +01:00 [Information] HTTP "GET" "/fines/13143" responded 200 in 1157.3459 ms
2019-12-18 15:01:43.384 +01:00 [Information] HTTP "GET" "/documents/fine/13143" responded 200 in 5522.7634 ms
2019-12-18 15:01:43.508 +01:00 [Information] HTTP "GET" "/fines/13143/activities" responded 200 in 6646.9477 ms
2019-12-18 15:01:43.699 +01:00 [Information] HTTP "OPTIONS" "/cities/22/1190" responded 204 in 0.3462 ms
2019-12-18 15:01:44.078 +01:00 [Information] HTTP "GET" "/cities/22/1190" responded 200 in 374.1240 ms
2019-12-18 15:02:01.166 +01:00 [Information] HTTP "OPTIONS" "/fines/13143" responded 204 in 0.4049 ms
2019-12-18 15:02:02.007 +01:00 [Information] HTTP "PUT" "/fines/13143" responded 200 in 835.2082 ms
2019-12-18 15:02:02.146 +01:00 [Information] HTTP "OPTIONS" "/fines/13143" responded 204 in 0.0928 ms
2019-12-18 15:02:02.164 +01:00 [Information] HTTP "OPTIONS" "/emailtemplates" responded 204 in 0.0460 ms
2019-12-18 15:02:02.668 +01:00 [Information] HTTP "GET" "/fines/13143" responded 200 in 514.7879 ms
2019-12-18 15:02:02.830 +01:00 [Information] HTTP "GET" "/emailtemplates" responded 200 in 662.6809 ms
2019-12-18 15:02:05.863 +01:00 [Information] HTTP "OPTIONS" "/countries" responded 204 in 0.3576 ms
2019-12-18 15:02:05.864 +01:00 [Information] HTTP "OPTIONS" "/configurationItems" responded 204 in 0.0514 ms
2019-12-18 15:02:05.867 +01:00 [Information] HTTP "OPTIONS" "/configurationItems" responded 204 in 0.0425 ms
2019-12-18 15:02:05.867 +01:00 [Information] HTTP "OPTIONS" "/configurationItems" responded 204 in 0.0255 ms
2019-12-18 15:02:06.094 +01:00 [Information] HTTP "OPTIONS" "/documents/fine/13143" responded 204 in 0.0373 ms
2019-12-18 15:02:06.113 +01:00 [Information] HTTP "OPTIONS" "/fines/13143/activities" responded 204 in 0.0366 ms
2019-12-18 15:02:06.234 +01:00 [Information] HTTP "GET" "/configurationItems" responded 200 in 363.8955 ms
2019-12-18 15:02:06.258 +01:00 [Information] HTTP "GET" "/countries" responded 200 in 387.4868 ms
2019-12-18 15:02:06.264 +01:00 [Information] HTTP "GET" "/configurationItems" responded 200 in 384.6464 ms
2019-12-18 15:02:06.367 +01:00 [Information] HTTP "GET" "/configurationItems" responded 200 in 489.7384 ms
2019-12-18 15:02:06.410 +01:00 [Information] HTTP "OPTIONS" "/fines/13143" responded 204 in 0.0825 ms
2019-12-18 15:02:06.730 +01:00 [Information] HTTP "GET" "/documents/fine/13143" responded 200 in 597.6410 ms
2019-12-18 15:02:06.802 +01:00 [Information] HTTP "GET" "/fines/13143/activities" responded 200 in 567.1297 ms
2019-12-18 15:02:06.982 +01:00 [Information] HTTP "GET" "/fines/13143" responded 200 in 566.8382 ms
2019-12-18 15:02:07.296 +01:00 [Information] HTTP "OPTIONS" "/cities/22/1190" responded 204 in 0.2233 ms
2019-12-18 15:02:07.478 +01:00 [Information] HTTP "GET" "/cities/22/1190" responded 200 in 177.6824 ms
2019-12-18 15:02:25.931 +01:00 [Information] HTTP "OPTIONS" "/fines/13143" responded 204 in 0.2308 ms
2019-12-18 15:02:26.262 +01:00 [Information] HTTP "PUT" "/fines/13143" responded 200 in 322.7051 ms
2019-12-18 15:02:26.305 +01:00 [Information] HTTP "OPTIONS" "/fines/13143" responded 204 in 0.1334 ms
2019-12-18 15:02:26.308 +01:00 [Information] HTTP "OPTIONS" "/emailtemplates" responded 204 in 0.0626 ms
2019-12-18 15:02:26.652 +01:00 [Information] HTTP "GET" "/emailtemplates" responded 200 in 341.4949 ms
2019-12-18 15:02:26.745 +01:00 [Information] HTTP "GET" "/fines/13143" responded 200 in 436.0187 ms
2019-12-18 15:05:31.513 +01:00 [Information] HTTP "OPTIONS" "/configurationItems" responded 204 in 0.2565 ms
2019-12-18 15:05:31.513 +01:00 [Information] HTTP "OPTIONS" "/countries" responded 204 in 0.1976 ms
2019-12-18 15:05:31.602 +01:00 [Information] HTTP "OPTIONS" "/configurationItems" responded 204 in 0.1765 ms
2019-12-18 15:05:31.603 +01:00 [Information] HTTP "OPTIONS" "/configurationItems" responded 204 in 0.0319 ms
2019-12-18 15:05:31.788 +01:00 [Information] HTTP "GET" "/countries" responded 200 in 264.5172 ms
2019-12-18 15:05:31.809 +01:00 [Information] HTTP "GET" "/configurationItems" responded 200 in 286.8815 ms
2019-12-18 15:05:31.809 +01:00 [Information] HTTP "OPTIONS" "/documents/fine/13143" responded 204 in 0.0305 ms
2019-12-18 15:05:31.810 +01:00 [Information] HTTP "OPTIONS" "/fines/13143/activities" responded 204 in 0.0309 ms
2019-12-18 15:05:31.884 +01:00 [Information] HTTP "GET" "/configurationItems" responded 200 in 273.5818 ms
2019-12-18 15:05:32.076 +01:00 [Information] HTTP "GET" "/configurationItems" responded 200 in 288.0307 ms
2019-12-18 15:05:32.120 +01:00 [Information] HTTP "GET" "/documents/fine/13143" responded 200 in 289.6721 ms
2019-12-18 15:05:32.150 +01:00 [Information] HTTP "OPTIONS" "/fines/13143" responded 204 in 0.0471 ms
2019-12-18 15:05:32.286 +01:00 [Information] HTTP "GET" "/fines/13143/activities" responded 200 in 401.7399 ms
2019-12-18 15:05:32.650 +01:00 [Information] HTTP "GET" "/fines/13143" responded 200 in 497.1870 ms
2019-12-18 15:05:32.981 +01:00 [Information] HTTP "OPTIONS" "/cities/22/1190" responded 204 in 0.1197 ms
2019-12-18 15:05:33.178 +01:00 [Information] HTTP "GET" "/cities/22/1190" responded 200 in 193.1027 ms
2019-12-18 15:05:34.067 +01:00 [Information] HTTP "OPTIONS" "/fines/13143" responded 204 in 0.1200 ms
2019-12-18 15:05:34.402 +01:00 [Information] HTTP "PUT" "/fines/13143" responded 200 in 328.7008 ms
2019-12-18 15:05:34.456 +01:00 [Information] HTTP "OPTIONS" "/fines/13143" responded 204 in 0.0888 ms
2019-12-18 15:05:34.462 +01:00 [Information] HTTP "OPTIONS" "/emailtemplates" responded 204 in 0.0281 ms
2019-12-18 15:05:34.794 +01:00 [Information] HTTP "GET" "/emailtemplates" responded 200 in 327.7102 ms
2019-12-18 15:05:34.875 +01:00 [Information] HTTP "GET" "/fines/13143" responded 200 in 413.6165 ms
2019-12-18 15:18:40.930 +01:00 [Information] HTTP "OPTIONS" "/emailtemplates" responded 204 in 0.7398 ms
2019-12-18 15:18:40.932 +01:00 [Information] HTTP "OPTIONS" "/fines/13143" responded 204 in 0.0730 ms
2019-12-18 15:18:41.830 +01:00 [Information] HTTP "GET" "/emailtemplates" responded 200 in 822.6569 ms
2019-12-18 15:18:41.973 +01:00 [Information] HTTP "GET" "/fines/13143" responded 200 in 959.1397 ms
2019-12-18 15:18:54.385 +01:00 [Information] HTTP "OPTIONS" "/employees" responded 204 in 0.7546 ms
2019-12-18 15:18:54.844 +01:00 [Information] HTTP "GET" "/employees" responded 200 in 454.2646 ms
2019-12-18 15:19:11.212 +01:00 [Information] HTTP "OPTIONS" "/fines/13143" responded 204 in 0.1120 ms
2019-12-18 15:19:11.217 +01:00 [Information] HTTP "OPTIONS" "/emailtemplates" responded 204 in 0.0706 ms
2019-12-18 15:19:11.623 +01:00 [Information] HTTP "GET" "/emailtemplates" responded 200 in 342.8733 ms
2019-12-18 15:19:11.699 +01:00 [Information] HTTP "GET" "/fines/13143" responded 200 in 481.2206 ms
2019-12-18 15:19:19.337 +01:00 [Information] HTTP "OPTIONS" "/employees" responded 204 in 0.0918 ms
2019-12-18 15:19:19.631 +01:00 [Information] HTTP "GET" "/employees" responded 200 in 288.2998 ms
2019-12-18 15:19:43.355 +01:00 [Information] HTTP "OPTIONS" "/fines/13143" responded 204 in 0.0582 ms
2019-12-18 15:19:43.359 +01:00 [Information] HTTP "OPTIONS" "/emailtemplates" responded 204 in 0.0417 ms
2019-12-18 15:19:43.768 +01:00 [Information] HTTP "GET" "/emailtemplates" responded 200 in 405.8088 ms
2019-12-18 15:19:43.852 +01:00 [Information] HTTP "GET" "/fines/13143" responded 200 in 491.1969 ms
2019-12-18 15:19:52.490 +01:00 [Information] HTTP "OPTIONS" "/employees" responded 204 in 0.0406 ms
2019-12-18 15:19:52.742 +01:00 [Information] HTTP "GET" "/employees" responded 200 in 249.4027 ms
2019-12-18 15:20:14.333 +01:00 [Information] HTTP "OPTIONS" "/fines/13143" responded 204 in 0.9173 ms
2019-12-18 15:20:14.333 +01:00 [Information] HTTP "OPTIONS" "/emailtemplates" responded 204 in 0.0398 ms
2019-12-18 15:20:14.667 +01:00 [Information] HTTP "GET" "/emailtemplates" responded 200 in 305.1030 ms
2019-12-18 15:20:14.780 +01:00 [Information] HTTP "GET" "/fines/13143" responded 200 in 420.7588 ms
2019-12-18 15:20:20.591 +01:00 [Information] HTTP "OPTIONS" "/employees" responded 204 in 0.0460 ms
2019-12-18 15:20:20.873 +01:00 [Information] HTTP "GET" "/employees" responded 200 in 257.9561 ms
2019-12-18 15:20:42.069 +01:00 [Information] HTTP "OPTIONS" "/fines/13143" responded 204 in 0.0383 ms
2019-12-18 15:20:42.070 +01:00 [Information] HTTP "OPTIONS" "/emailtemplates" responded 204 in 0.0356 ms
2019-12-18 15:20:42.493 +01:00 [Information] HTTP "GET" "/emailtemplates" responded 200 in 419.1470 ms
2019-12-18 15:20:42.621 +01:00 [Information] HTTP "GET" "/fines/13143" responded 200 in 547.3757 ms
2019-12-18 15:25:23.962 +01:00 [Information] HTTP "OPTIONS" "/emailtemplates" responded 204 in 0.0980 ms
2019-12-18 15:25:23.963 +01:00 [Information] HTTP "OPTIONS" "/fines/13143" responded 204 in 0.0456 ms
2019-12-18 15:25:24.600 +01:00 [Information] HTTP "GET" "/emailtemplates" responded 200 in 627.8021 ms
2019-12-18 15:25:24.624 +01:00 [Information] HTTP "GET" "/fines/13143" responded 200 in 656.8639 ms
2019-12-18 15:25:32.528 +01:00 [Information] HTTP "OPTIONS" "/fines/13143" responded 204 in 0.0303 ms
2019-12-18 15:25:32.529 +01:00 [Information] HTTP "OPTIONS" "/emailtemplates" responded 204 in 0.0325 ms
2019-12-18 15:25:32.879 +01:00 [Information] HTTP "GET" "/emailtemplates" responded 200 in 345.8967 ms
2019-12-18 15:25:32.967 +01:00 [Information] HTTP "GET" "/fines/13143" responded 200 in 436.4363 ms
2019-12-18 17:18:24.426 +01:00 [Information] HTTP "GET" "/" responded 404 in 10.8327 ms
2019-12-18 17:18:24.467 +01:00 [Information] HTTP "GET" "/favicon.ico" responded 404 in 0.1043 ms
2019-12-18 17:18:34.186 +01:00 [Information] HTTP "OPTIONS" "/configurationItems" responded 204 in 0.1790 ms
2019-12-18 17:18:34.192 +01:00 [Information] HTTP "OPTIONS" "/configurationItems" responded 204 in 0.0298 ms
2019-12-18 17:18:34.197 +01:00 [Information] HTTP "OPTIONS" "/countries" responded 204 in 0.0271 ms
2019-12-18 17:18:34.620 +01:00 [Information] HTTP "GET" "/countries" responded 200 in 413.5732 ms
2019-12-18 17:18:34.631 +01:00 [Information] HTTP "GET" "/configurationItems" responded 200 in 433.5305 ms
2019-12-18 17:18:34.640 +01:00 [Information] HTTP "GET" "/configurationItems" responded 200 in 450.9974 ms
2019-12-18 17:18:45.877 +01:00 [Information] HTTP "OPTIONS" "/configurationItems" responded 204 in 0.0387 ms
2019-12-18 17:18:45.879 +01:00 [Information] HTTP "OPTIONS" "/configurationItems" responded 204 in 0.0353 ms
2019-12-18 17:18:45.885 +01:00 [Information] HTTP "OPTIONS" "/countries" responded 204 in 0.1308 ms
2019-12-18 17:18:46.185 +01:00 [Information] HTTP "GET" "/configurationItems" responded 200 in 303.6617 ms
2019-12-18 17:18:46.185 +01:00 [Information] HTTP "GET" "/configurationItems" responded 200 in 301.0208 ms
2019-12-18 17:18:46.188 +01:00 [Information] HTTP "GET" "/countries" responded 200 in 299.6485 ms
2019-12-18 17:21:07.733 +01:00 [Information] HTTP "OPTIONS" "/countries" responded 204 in 0.0427 ms
2019-12-18 17:21:07.733 +01:00 [Information] HTTP "OPTIONS" "/configurationItems" responded 204 in 0.0203 ms
2019-12-18 17:21:07.734 +01:00 [Information] HTTP "OPTIONS" "/configurationItems" responded 204 in 0.0290 ms
2019-12-18 17:21:08.012 +01:00 [Information] HTTP "GET" "/countries" responded 200 in 243.5687 ms
2019-12-18 17:21:08.018 +01:00 [Information] HTTP "GET" "/configurationItems" responded 200 in 273.5652 ms
2019-12-18 17:21:08.018 +01:00 [Information] HTTP "GET" "/configurationItems" responded 200 in 275.8914 ms
2019-12-18 17:24:22.412 +01:00 [Information] HTTP "OPTIONS" "/configurationItems" responded 204 in 0.0713 ms
2019-12-18 17:24:22.420 +01:00 [Information] HTTP "OPTIONS" "/configurationItems" responded 204 in 0.0192 ms
2019-12-18 17:24:22.433 +01:00 [Information] HTTP "OPTIONS" "/countries" responded 204 in 1.2831 ms
2019-12-18 17:24:22.732 +01:00 [Information] HTTP "GET" "/configurationItems" responded 200 in 308.2291 ms
2019-12-18 17:24:22.733 +01:00 [Information] HTTP "GET" "/countries" responded 200 in 288.6301 ms
2019-12-18 17:24:22.734 +01:00 [Information] HTTP "GET" "/configurationItems" responded 200 in 314.3139 ms
2019-12-18 17:26:02.479 +01:00 [Information] HTTP "OPTIONS" "/configurationItems" responded 204 in 0.0446 ms
2019-12-18 17:26:02.705 +01:00 [Information] HTTP "GET" "/configurationItems" responded 200 in 221.6261 ms
2019-12-18 17:26:04.470 +01:00 [Information] HTTP "OPTIONS" "/fines" responded 204 in 0.0527 ms
2019-12-18 17:26:05.741 +01:00 [Information] HTTP "GET" "/fines" responded 200 in 1267.9847 ms
2019-12-18 17:26:07.252 +01:00 [Information] HTTP "OPTIONS" "/countries" responded 204 in 0.0952 ms
2019-12-18 17:26:07.263 +01:00 [Information] HTTP "OPTIONS" "/configurationItems" responded 204 in 0.0351 ms
2019-12-18 17:26:07.265 +01:00 [Information] HTTP "OPTIONS" "/configurationItems" responded 204 in 0.0357 ms
2019-12-18 17:26:07.290 +01:00 [Information] HTTP "OPTIONS" "/configurationItems" responded 204 in 0.0356 ms
2019-12-18 17:26:07.587 +01:00 [Information] HTTP "GET" "/configurationItems" responded 200 in 308.3003 ms
2019-12-18 17:26:07.611 +01:00 [Information] HTTP "GET" "/countries" responded 200 in 355.3485 ms
2019-12-18 17:26:07.617 +01:00 [Information] HTTP "OPTIONS" "/documents/fine/14392" responded 204 in 0.0256 ms
2019-12-18 17:26:07.694 +01:00 [Information] HTTP "GET" "/configurationItems" responded 200 in 404.0533 ms
2019-12-18 17:26:07.696 +01:00 [Information] HTTP "OPTIONS" "/fines/14392/activities" responded 204 in 0.0397 ms
2019-12-18 17:26:08.066 +01:00 [Information] HTTP "GET" "/configurationItems" responded 200 in 479.5165 ms
2019-12-18 17:26:08.119 +01:00 [Information] HTTP "OPTIONS" "/fines/14392" responded 204 in 0.0508 ms
2019-12-18 17:26:08.166 +01:00 [Information] HTTP "GET" "/documents/fine/14392" responded 200 in 469.4079 ms
2019-12-18 17:26:08.384 +01:00 [Information] HTTP "GET" "/fines/14392/activities" responded 200 in 574.5870 ms
2019-12-18 17:26:08.791 +01:00 [Information] HTTP "GET" "/fines/14392" responded 200 in 655.1713 ms
