2019-11-28 11:42:05.799 +01:00 [Information] HTTP "OPTIONS" "/configurationItems" responded 204 in 2.7669 ms
2019-11-28 11:42:06.029 +01:00 [Information] HTTP "GET" "/configurationItems" responded 200 in 200.4562 ms
2019-11-28 11:42:07.595 +01:00 [Information] HTTP "OPTIONS" "/fines" responded 204 in 0.2491 ms
2019-11-28 11:42:07.751 +01:00 [Information] HTTP "GET" "/fines" responded 200 in 147.6504 ms
2019-11-28 11:42:09.618 +01:00 [Information] HTTP "OPTIONS" "/countries" responded 204 in 0.2431 ms
2019-11-28 11:42:09.650 +01:00 [Information] HTTP "OPTIONS" "/configurationItems" responded 204 in 0.2822 ms
2019-11-28 11:42:09.651 +01:00 [Information] HTTP "OPTIONS" "/configurationItems" responded 204 in 0.0431 ms
2019-11-28 11:42:09.652 +01:00 [Information] HTTP "GET" "/countries" responded 200 in 28.1280 ms
2019-11-28 11:42:09.668 +01:00 [Information] HTTP "OPTIONS" "/configurationItems" responded 204 in 0.0486 ms
2019-11-28 11:42:09.686 +01:00 [Information] HTTP "GET" "/configurationItems" responded 200 in 11.9626 ms
2019-11-28 11:42:09.802 +01:00 [Information] HTTP "GET" "/configurationItems" responded 200 in 127.8750 ms
2019-11-28 11:42:09.803 +01:00 [Information] HTTP "GET" "/configurationItems" responded 200 in 135.8992 ms
2019-11-28 11:42:09.825 +01:00 [Information] HTTP "OPTIONS" "/documents/fine/13143" responded 204 in 0.0501 ms
2019-11-28 11:42:09.874 +01:00 [Information] HTTP "OPTIONS" "/fines/13143/activities" responded 204 in 0.0522 ms
2019-11-28 11:42:09.936 +01:00 [Information] HTTP "GET" "/documents/fine/13143" responded 200 in 106.5519 ms
2019-11-28 11:42:09.958 +01:00 [Information] HTTP "GET" "/fines/13143/activities" responded 200 in 72.6459 ms
2019-11-28 11:42:10.032 +01:00 [Information] HTTP "OPTIONS" "/fines/13143" responded 204 in 0.0882 ms
2019-11-28 11:42:10.165 +01:00 [Information] HTTP "GET" "/fines/13143" responded 200 in 130.8711 ms
2019-11-28 11:51:22.284 +01:00 [Information] HTTP "OPTIONS" "/configurationItems" responded 204 in 0.1340 ms
2019-11-28 11:51:22.284 +01:00 [Information] HTTP "OPTIONS" "/countries" responded 204 in 0.2231 ms
2019-11-28 11:51:22.284 +01:00 [Information] HTTP "OPTIONS" "/configurationItems" responded 204 in 0.1361 ms
2019-11-28 11:51:22.327 +01:00 [Information] HTTP "GET" "/countries" responded 200 in 38.8496 ms
2019-11-28 11:51:22.343 +01:00 [Information] HTTP "GET" "/configurationItems" responded 200 in 15.0352 ms
2019-11-28 11:51:22.454 +01:00 [Information] HTTP "GET" "/configurationItems" responded 200 in 162.9271 ms
2019-11-28 11:51:22.554 +01:00 [Information] HTTP "OPTIONS" "/configurationItems" responded 204 in 0.2876 ms
2019-11-28 11:51:22.576 +01:00 [Information] HTTP "GET" "/configurationItems" responded 200 in 8.9944 ms
2019-11-28 11:51:22.742 +01:00 [Information] HTTP "OPTIONS" "/fines/13143/activities" responded 204 in 0.0827 ms
2019-11-28 11:51:22.833 +01:00 [Information] HTTP "GET" "/fines/13143/activities" responded 200 in 88.4514 ms
2019-11-28 11:51:23.147 +01:00 [Information] HTTP "OPTIONS" "/documents/fine/13143" responded 204 in 0.1081 ms
2019-11-28 11:51:23.228 +01:00 [Information] HTTP "GET" "/documents/fine/13143" responded 200 in 77.6647 ms
2019-11-28 11:51:24.006 +01:00 [Information] HTTP "OPTIONS" "/fines/13143" responded 204 in 0.1677 ms
2019-11-28 11:51:24.212 +01:00 [Information] HTTP "GET" "/fines/13143" responded 200 in 199.4629 ms
2019-11-28 11:54:06.299 +01:00 [Information] HTTP "GET" "/" responded 404 in 83.7672 ms
2019-11-28 11:54:06.613 +01:00 [Information] HTTP "GET" "/favicon.ico" responded 404 in 66.3812 ms
2019-11-28 11:54:11.184 +01:00 [Information] HTTP "OPTIONS" "/countries" responded 204 in 2.9261 ms
2019-11-28 11:54:11.191 +01:00 [Information] HTTP "OPTIONS" "/configurationItems" responded 204 in 0.1235 ms
2019-11-28 11:54:11.192 +01:00 [Information] HTTP "OPTIONS" "/configurationItems" responded 204 in 0.3887 ms
2019-11-28 11:54:11.230 +01:00 [Information] HTTP "OPTIONS" "/configurationItems" responded 204 in 0.0434 ms
2019-11-28 11:54:12.694 +01:00 [Information] HTTP "OPTIONS" "/fines/13143/activities" responded 204 in 0.1135 ms
2019-11-28 11:54:12.697 +01:00 [Information] HTTP "OPTIONS" "/documents/fine/13143" responded 204 in 2.7750 ms
2019-11-28 11:54:19.175 +01:00 [Information] HTTP "GET" "/countries" responded 200 in 7980.4729 ms
2019-11-28 11:54:19.175 +01:00 [Information] HTTP "GET" "/configurationItems" responded 200 in 7979.7311 ms
2019-11-28 11:54:19.176 +01:00 [Information] HTTP "GET" "/configurationItems" responded 200 in 7934.4556 ms
2019-11-28 11:54:19.176 +01:00 [Information] HTTP "GET" "/configurationItems" responded 200 in 7979.4823 ms
2019-11-28 11:54:19.265 +01:00 [Information] HTTP "GET" "/documents/fine/13143" responded 200 in 5554.4409 ms
2019-11-28 11:54:19.320 +01:00 [Information] HTTP "GET" "/fines/13143/activities" responded 200 in 6622.3969 ms
2019-11-28 11:54:19.372 +01:00 [Information] HTTP "OPTIONS" "/fines/13143" responded 204 in 0.1217 ms
2019-11-28 11:54:19.858 +01:00 [Information] HTTP "GET" "/fines/13143" responded 200 in 483.4941 ms
2019-11-28 11:54:56.096 +01:00 [Information] HTTP "OPTIONS" "/configurationItems" responded 204 in 0.4150 ms
2019-11-28 11:54:56.370 +01:00 [Information] HTTP "GET" "/configurationItems" responded 200 in 25.7950 ms
2019-11-28 11:55:14.291 +01:00 [Information] HTTP "OPTIONS" "/employees" responded 204 in 0.3746 ms
2019-11-28 11:55:14.703 +01:00 [Information] HTTP "GET" "/employees" responded 200 in 251.5543 ms
2019-11-28 11:57:15.757 +01:00 [Information] HTTP "GET" "/" responded 404 in 77.3682 ms
2019-11-28 11:57:35.967 +01:00 [Information] HTTP "OPTIONS" "/configurationItems" responded 204 in 25.9712 ms
2019-11-28 11:57:35.967 +01:00 [Information] HTTP "OPTIONS" "/configurationItems" responded 204 in 18.6166 ms
2019-11-28 11:57:35.967 +01:00 [Information] HTTP "OPTIONS" "/configurationItems" responded 204 in 10.4988 ms
2019-11-28 11:57:35.967 +01:00 [Information] HTTP "OPTIONS" "/countries" responded 204 in 32.0665 ms
2019-11-28 11:57:36.419 +01:00 [Information] HTTP "OPTIONS" "/fines/13143/activities" responded 204 in 0.0581 ms
2019-11-28 11:57:37.458 +01:00 [Information] HTTP "OPTIONS" "/documents/fine/13143" responded 204 in 0.0429 ms
2019-11-28 11:57:41.917 +01:00 [Information] HTTP "GET" "/fines/13143/activities" responded 200 in 5494.9820 ms
2019-11-28 11:57:41.933 +01:00 [Information] HTTP "GET" "/configurationItems" responded 200 in 5962.1804 ms
2019-11-28 11:57:41.933 +01:00 [Information] HTTP "GET" "/configurationItems" responded 200 in 5961.4862 ms
2019-11-28 11:57:41.939 +01:00 [Information] HTTP "GET" "/configurationItems" responded 200 in 5964.1613 ms
2019-11-28 11:57:41.943 +01:00 [Information] HTTP "GET" "/countries" responded 200 in 5969.7844 ms
2019-11-28 11:57:42.017 +01:00 [Information] HTTP "OPTIONS" "/fines/13143" responded 204 in 0.1373 ms
2019-11-28 11:57:42.069 +01:00 [Information] HTTP "GET" "/documents/fine/13143" responded 200 in 4601.7871 ms
2019-11-28 11:57:42.609 +01:00 [Information] HTTP "GET" "/fines/13143" responded 200 in 589.2691 ms
2019-11-28 11:59:20.943 +01:00 [Information] HTTP "OPTIONS" "/configurationItems" responded 204 in 0.5792 ms
2019-11-28 11:59:21.177 +01:00 [Information] HTTP "GET" "/configurationItems" responded 200 in 9.6449 ms
2019-11-28 12:28:21.453 +01:00 [Information] HTTP "GET" "/" responded 404 in 94.3089 ms
2019-11-28 12:29:02.958 +01:00 [Information] HTTP "OPTIONS" "/configurationItems" responded 204 in 23.9488 ms
2019-11-28 12:29:13.919 +01:00 [Information] HTTP "GET" "/configurationItems" responded 200 in 10951.6073 ms
2019-11-28 12:29:18.065 +01:00 [Information] HTTP "OPTIONS" "/fines" responded 204 in 0.4435 ms
2019-11-28 12:32:13.591 +01:00 [Information] HTTP "GET" "/fines" responded 200 in 175517.8753 ms
2019-11-28 12:32:22.097 +01:00 [Information] HTTP "OPTIONS" "/fines" responded 204 in 0.3733 ms
2019-11-28 12:32:35.545 +01:00 [Information] HTTP "GET" "/fines" responded 200 in 13440.4172 ms
2019-11-28 13:58:53.762 +01:00 [Information] HTTP "GET" "/" responded 404 in 82.0132 ms
2019-11-28 13:58:54.080 +01:00 [Information] HTTP "GET" "/favicon.ico" responded 404 in 37.1942 ms
2019-11-28 14:03:51.767 +01:00 [Information] HTTP "OPTIONS" "/configurationItems" responded 204 in 7.9966 ms
2019-11-28 14:04:00.342 +01:00 [Information] HTTP "GET" "/configurationItems" responded 200 in 8567.0927 ms
2019-11-28 14:04:02.071 +01:00 [Information] HTTP "OPTIONS" "/fines" responded 204 in 0.5242 ms
2019-11-28 14:05:52.419 +01:00 [Information] HTTP "GET" "/fines" responded 200 in 110344.7213 ms
2019-11-28 14:05:59.328 +01:00 [Information] HTTP "OPTIONS" "/fines" responded 204 in 0.3376 ms
2019-11-28 14:10:07.234 +01:00 [Information] HTTP "GET" "/" responded 404 in 54.8387 ms
2019-11-28 14:10:07.424 +01:00 [Information] HTTP "GET" "/favicon.ico" responded 404 in 31.3876 ms
2019-11-28 14:11:30.154 +01:00 [Information] HTTP "GET" "/" responded 404 in 63.2042 ms
2019-11-28 14:11:55.591 +01:00 [Information] HTTP "OPTIONS" "/configurationItems" responded 204 in 25.8062 ms
2019-11-28 14:12:04.260 +01:00 [Information] HTTP "GET" "/configurationItems" responded 200 in 8661.9077 ms
2019-11-28 14:12:05.980 +01:00 [Information] HTTP "OPTIONS" "/fines" responded 204 in 0.6173 ms
2019-11-28 14:12:32.292 +01:00 [Information] HTTP "GET" "/fines" responded 200 in 26303.5897 ms
2019-11-28 14:13:27.851 +01:00 [Information] HTTP "GET" "/" responded 404 in 73.2277 ms
2019-11-28 14:14:00.125 +01:00 [Information] HTTP "OPTIONS" "/configurationItems" responded 204 in 22.0348 ms
2019-11-28 14:14:18.033 +01:00 [Information] HTTP "GET" "/configurationItems" responded 200 in 17898.7789 ms
2019-11-28 14:14:37.944 +01:00 [Information] HTTP "GET" "/" responded 404 in 44.8017 ms
2019-11-28 14:15:02.159 +01:00 [Information] HTTP "OPTIONS" "/configurationItems" responded 204 in 33.7601 ms
2019-11-28 14:15:11.550 +01:00 [Information] HTTP "GET" "/configurationItems" responded 200 in 9385.5856 ms
2019-11-28 14:15:23.712 +01:00 [Information] HTTP "OPTIONS" "/fines" responded 204 in 0.3298 ms
2019-11-28 14:20:43.813 +01:00 [Information] HTTP "GET" "/" responded 404 in 55.4907 ms
2019-11-28 14:20:43.984 +01:00 [Information] HTTP "GET" "/favicon.ico" responded 404 in 31.1721 ms
2019-11-28 14:21:36.895 +01:00 [Information] HTTP "OPTIONS" "/configurationItems" responded 204 in 3.4124 ms
2019-11-28 14:21:46.691 +01:00 [Information] HTTP "GET" "/configurationItems" responded 200 in 9787.1745 ms
2019-11-28 14:21:50.836 +01:00 [Information] HTTP "OPTIONS" "/fines" responded 204 in 0.6696 ms
2019-11-28 14:23:35.875 +01:00 [Information] HTTP "GET" "/" responded 404 in 52.6964 ms
2019-11-28 14:24:05.015 +01:00 [Information] HTTP "OPTIONS" "/configurationItems" responded 204 in 30.1056 ms
2019-11-28 14:24:13.992 +01:00 [Information] HTTP "GET" "/configurationItems" responded 200 in 8972.1570 ms
2019-11-28 14:24:24.858 +01:00 [Information] HTTP "OPTIONS" "/fines" responded 204 in 0.4675 ms
2019-11-28 15:25:41.002 +01:00 [Information] HTTP "GET" "/" responded 404 in 67.3257 ms
2019-11-28 15:25:41.159 +01:00 [Information] HTTP "GET" "/favicon.ico" responded 404 in 29.8636 ms
2019-11-28 15:26:51.609 +01:00 [Information] HTTP "OPTIONS" "/configurationItems" responded 204 in 8.0816 ms
2019-11-28 15:27:01.684 +01:00 [Information] HTTP "GET" "/configurationItems" responded 200 in 10063.4485 ms
2019-11-28 15:27:04.787 +01:00 [Information] HTTP "OPTIONS" "/fines" responded 204 in 0.4636 ms
2019-11-28 15:27:24.288 +01:00 [Information] HTTP "GET" "/fines" responded 200 in 19497.5245 ms
2019-11-28 15:27:41.360 +01:00 [Information] HTTP "OPTIONS" "/configurationItems" responded 204 in 0.2995 ms
2019-11-28 15:27:41.367 +01:00 [Information] HTTP "OPTIONS" "/configurationItems" responded 204 in 0.2922 ms
2019-11-28 15:27:41.383 +01:00 [Information] HTTP "OPTIONS" "/countries" responded 204 in 0.2240 ms
2019-11-28 15:27:58.238 +01:00 [Information] HTTP "GET" "/configurationItems" responded 200 in 16870.5891 ms
2019-11-28 15:27:58.926 +01:00 [Information] HTTP "GET" "/countries" responded 200 in 17538.9665 ms
2019-11-28 15:28:00.469 +01:00 [Information] HTTP "GET" "/configurationItems" responded 200 in 19085.9128 ms
2019-11-28 15:28:25.149 +01:00 [Information] HTTP "OPTIONS" "/employees/plates" responded 204 in 3.4329 ms
2019-11-28 15:28:32.231 +01:00 [Information] HTTP "GET" "/employees/plates" responded 200 in 7079.1974 ms
2019-11-28 15:28:37.695 +01:00 [Information] HTTP "OPTIONS" "/cities/22/1170" responded 204 in 0.3808 ms
2019-11-28 15:28:40.323 +01:00 [Information] HTTP "GET" "/cities/22/1170" responded 200 in 2622.9811 ms
2019-11-28 15:29:01.409 +01:00 [Information] HTTP "OPTIONS" "/employees/plates" responded 204 in 0.2245 ms
2019-11-28 15:29:06.827 +01:00 [Information] HTTP "GET" "/employees/plates" responded 204 in 5402.8235 ms
2019-11-28 15:29:12.830 +01:00 [Information] HTTP "OPTIONS" "/employees/plates" responded 204 in 0.2488 ms
2019-11-28 15:29:23.084 +01:00 [Information] HTTP "GET" "/employees/plates" responded 200 in 10243.4340 ms
2019-11-28 15:45:11.026 +01:00 [Information] HTTP "OPTIONS" "/configurationItems" responded 204 in 0.2832 ms
2019-11-28 15:45:13.690 +01:00 [Information] HTTP "GET" "/configurationItems" responded 200 in 2428.7368 ms
2019-11-28 16:04:00.941 +01:00 [Information] HTTP "GET" "/" responded 404 in 315.4214 ms
2019-11-28 16:04:01.469 +01:00 [Information] HTTP "GET" "/favicon.ico" responded 404 in 41.7069 ms
2019-11-28 16:04:09.934 +01:00 [Information] HTTP "OPTIONS" "/configurationItems" responded 204 in 2.7582 ms
2019-11-28 16:04:19.321 +01:00 [Information] HTTP "GET" "/configurationItems" responded 200 in 8935.2080 ms
2019-11-28 16:04:48.397 +01:00 [Information] HTTP "OPTIONS" "/configurationItems" responded 204 in 4.5413 ms
2019-11-28 16:05:48.596 +01:00 [Information] HTTP "OPTIONS" "/configurationItems" responded 204 in 0.3815 ms
2019-11-28 16:05:51.465 +01:00 [Information] HTTP "GET" "/configurationItems" responded 200 in 2631.7122 ms
2019-11-28 16:08:31.883 +01:00 [Information] HTTP "GET" "/" responded 404 in 108.8094 ms
2019-11-28 16:09:17.727 +01:00 [Information] HTTP "OPTIONS" "/configurationItems" responded 204 in 29.6278 ms
2019-11-28 16:09:32.073 +01:00 [Information] HTTP "GET" "/configurationItems" responded 200 in 14059.3953 ms
2019-11-28 16:09:38.732 +01:00 [Information] HTTP "OPTIONS" "/configurationItems" responded 204 in 0.6138 ms
2019-11-28 16:09:43.714 +01:00 [Information] HTTP "GET" "/configurationItems" responded 200 in 4975.2927 ms
2019-11-28 16:09:57.834 +01:00 [Information] HTTP "OPTIONS" "/configurationItems" responded 204 in 0.3607 ms
2019-11-28 16:14:03.143 +01:00 [Information] HTTP "GET" "/" responded 404 in 100.5157 ms
2019-11-28 16:15:10.104 +01:00 [Information] HTTP "OPTIONS" "/configurationItems" responded 204 in 25.2132 ms
2019-11-28 16:20:39.589 +01:00 [Information] HTTP "GET" "/" responded 404 in 89.1864 ms
2019-11-28 16:21:18.659 +01:00 [Information] HTTP "OPTIONS" "/configurationItems" responded 204 in 28.1467 ms
2019-11-28 16:26:32.303 +01:00 [Information] HTTP "GET" "/" responded 404 in 134.4582 ms
2019-11-28 16:26:55.708 +01:00 [Information] HTTP "OPTIONS" "/configurationItems" responded 204 in 36.3673 ms
2019-11-28 16:27:05.408 +01:00 [Information] HTTP "GET" "/configurationItems" responded 200 in 9279.4146 ms
2019-11-28 16:27:18.753 +01:00 [Information] HTTP "OPTIONS" "/configurationItems" responded 204 in 0.4552 ms
2019-11-28 16:27:50.358 +01:00 [Information] HTTP "OPTIONS" "/configurationItems" responded 204 in 0.4035 ms
2019-11-28 16:28:55.994 +01:00 [Information] HTTP "OPTIONS" "/configurationItems" responded 204 in 0.3619 ms
2019-11-28 16:28:58.962 +01:00 [Information] HTTP "GET" "/configurationItems" responded 200 in 2772.2712 ms
2019-11-28 16:36:15.784 +01:00 [Information] HTTP "GET" "/" responded 404 in 100.7959 ms
2019-11-28 16:37:45.893 +01:00 [Information] HTTP "OPTIONS" "/configurationItems" responded 204 in 40.9386 ms
2019-11-28 16:37:54.879 +01:00 [Information] HTTP "GET" "/configurationItems" responded 200 in 8814.0138 ms
2019-11-28 17:17:48.395 +01:00 [Information] HTTP "GET" "/" responded 404 in 64.6039 ms
2019-11-28 17:18:19.474 +01:00 [Information] HTTP "OPTIONS" "/configurationItems" responded 204 in 16.2562 ms
2019-11-28 17:18:32.398 +01:00 [Information] HTTP "GET" "/configurationItems" responded 200 in 7862.2248 ms
2019-11-28 17:19:12.999 +01:00 [Information] HTTP "OPTIONS" "/configurationItems" responded 204 in 0.4882 ms
2019-11-28 17:19:37.063 +01:00 [Information] HTTP "OPTIONS" "/configurationItems" responded 204 in 3.4873 ms
2019-11-28 17:20:17.454 +01:00 [Information] HTTP "OPTIONS" "/configurationItems" responded 204 in 0.3688 ms
2019-11-28 17:20:20.381 +01:00 [Information] HTTP "GET" "/configurationItems" responded 200 in 2921.4233 ms
2019-11-28 17:20:37.296 +01:00 [Information] HTTP "OPTIONS" "/configurationItems" responded 204 in 0.2754 ms
2019-11-28 17:20:40.049 +01:00 [Information] HTTP "GET" "/configurationItems" responded 200 in 2747.1527 ms
2019-11-28 17:20:57.594 +01:00 [Information] HTTP "OPTIONS" "/configurationItems" responded 204 in 0.3260 ms
2019-11-28 17:21:13.818 +01:00 [Information] HTTP "OPTIONS" "/configurationItems" responded 204 in 0.3606 ms
2019-11-28 17:21:16.532 +01:00 [Information] HTTP "GET" "/configurationItems" responded 200 in 2391.5675 ms
2019-11-28 17:21:42.174 +01:00 [Information] HTTP "OPTIONS" "/employees" responded 204 in 0.2223 ms
2019-11-28 17:21:45.555 +01:00 [Information] HTTP "GET" "/employees" responded 200 in 3348.7922 ms
2019-11-28 17:22:05.877 +01:00 [Information] HTTP "OPTIONS" "/configurationItems" responded 204 in 0.2030 ms
2019-11-28 17:22:09.866 +01:00 [Information] HTTP "GET" "/configurationItems" responded 200 in 3969.6151 ms
2019-11-28 17:22:13.350 +01:00 [Information] HTTP "OPTIONS" "/configurationItems" responded 204 in 0.2330 ms
2019-11-28 17:31:49.919 +01:00 [Information] HTTP "GET" "/" responded 404 in 85.5502 ms
2019-11-28 17:33:00.868 +01:00 [Information] HTTP "OPTIONS" "/configurationItems" responded 204 in 30.8302 ms
2019-11-28 17:33:00.868 +01:00 [Information] HTTP "OPTIONS" "/configurationItems" responded 204 in 30.6905 ms
2019-11-28 17:33:00.868 +01:00 [Information] HTTP "OPTIONS" "/countries" responded 204 in 25.5781 ms
2019-11-28 17:33:18.745 +01:00 [Information] HTTP "GET" "/configurationItems" responded 200 in 17552.3428 ms
2019-11-28 17:33:18.745 +01:00 [Information] HTTP "GET" "/countries" responded 200 in 17548.4282 ms
2019-11-28 17:33:18.758 +01:00 [Information] HTTP "GET" "/configurationItems" responded 200 in 17562.6459 ms
2019-11-28 17:33:19.456 +01:00 [Information] HTTP "OPTIONS" "/configurationItems" responded 204 in 0.6893 ms
2019-11-28 17:33:22.246 +01:00 [Information] HTTP "GET" "/configurationItems" responded 200 in 2783.8003 ms
2019-11-28 17:33:41.646 +01:00 [Information] HTTP "OPTIONS" "/configurationItems" responded 204 in 0.4600 ms
2019-11-28 17:33:56.120 +01:00 [Information] HTTP "OPTIONS" "/employees" responded 204 in 0.2161 ms
2019-11-28 17:33:59.467 +01:00 [Information] HTTP "GET" "/employees" responded 200 in 3308.4706 ms
2019-11-28 17:36:00.631 +01:00 [Information] HTTP "OPTIONS" "/configurationItems" responded 204 in 0.1959 ms
2019-11-28 17:36:08.546 +01:00 [Information] HTTP "OPTIONS" "/configurationItems" responded 204 in 0.2355 ms
2019-11-28 17:36:08.687 +01:00 [Information] HTTP "GET" "/configurationItems" responded 200 in 7996.7194 ms
2019-11-28 17:36:16.633 +01:00 [Information] HTTP "OPTIONS" "/employees" responded 204 in 0.4115 ms
2019-11-28 17:38:05.755 +01:00 [Information] HTTP "OPTIONS" "/employees" responded 204 in 3.7000 ms
2019-11-28 17:38:55.664 +01:00 [Information] HTTP "OPTIONS" "/configurationItems" responded 204 in 1.2137 ms
2019-11-28 17:39:12.466 +01:00 [Information] HTTP "OPTIONS" "/employees" responded 204 in 0.1868 ms
2019-11-28 17:39:15.493 +01:00 [Information] HTTP "GET" "/employees" responded 200 in 2994.3518 ms
2019-11-28 17:41:26.701 +01:00 [Information] HTTP "OPTIONS" "/configurationItems" responded 204 in 0.1784 ms
2019-11-28 17:41:34.469 +01:00 [Information] HTTP "GET" "/configurationItems" responded 200 in 7739.3960 ms
2019-11-28 17:41:39.123 +01:00 [Information] HTTP "OPTIONS" "/configurationItems" responded 204 in 0.1201 ms
2019-11-28 17:41:48.031 +01:00 [Information] HTTP "GET" "/configurationItems" responded 200 in 2645.2291 ms
2019-11-28 17:42:03.273 +01:00 [Information] HTTP "OPTIONS" "/employees" responded 204 in 0.1221 ms
2019-11-28 17:42:06.637 +01:00 [Information] HTTP "GET" "/employees" responded 200 in 3330.2540 ms
2019-11-28 17:43:49.917 +01:00 [Information] HTTP "OPTIONS" "/configurationItems" responded 204 in 1.5528 ms
2019-11-28 17:43:57.087 +01:00 [Information] HTTP "GET" "/configurationItems" responded 200 in 7160.2434 ms
2019-11-28 17:44:10.227 +01:00 [Information] HTTP "OPTIONS" "/configurationItems" responded 204 in 0.1149 ms
2019-11-28 17:44:13.480 +01:00 [Information] HTTP "GET" "/configurationItems" responded 200 in 3093.6138 ms
2019-11-28 17:44:20.316 +01:00 [Information] HTTP "OPTIONS" "/employees" responded 204 in 0.0848 ms
2019-11-28 17:44:23.602 +01:00 [Information] HTTP "GET" "/employees" responded 200 in 3246.8734 ms
2019-11-28 17:44:47.876 +01:00 [Information] HTTP "OPTIONS" "/configurationItems" responded 204 in 0.0825 ms
2019-11-28 17:44:52.164 +01:00 [Information] HTTP "GET" "/configurationItems" responded 200 in 4261.2004 ms
2019-11-28 17:44:55.491 +01:00 [Information] HTTP "OPTIONS" "/configurationItems" responded 204 in 0.1098 ms
2019-11-28 17:45:30.041 +01:00 [Information] HTTP "OPTIONS" "/configurationItems" responded 204 in 0.1485 ms
2019-11-28 17:45:35.220 +01:00 [Information] HTTP "GET" "/configurationItems" responded 200 in 4944.6357 ms
2019-11-28 17:45:38.396 +01:00 [Information] HTTP "OPTIONS" "/configurationItems" responded 204 in 0.0470 ms
2019-11-28 17:45:44.561 +01:00 [Information] HTTP "OPTIONS" "/employees" responded 204 in 0.0604 ms
2019-11-28 17:46:10.427 +01:00 [Information] HTTP "OPTIONS" "/employees" responded 204 in 0.0411 ms
2019-11-28 17:48:55.885 +01:00 [Information] HTTP "OPTIONS" "/configurationItems" responded 204 in 0.0467 ms
2019-11-28 17:49:01.131 +01:00 [Information] HTTP "GET" "/configurationItems" responded 200 in 5233.8455 ms
2019-11-28 17:49:08.484 +01:00 [Information] HTTP "OPTIONS" "/configurationItems" responded 204 in 0.0441 ms
2019-11-28 17:49:38.788 +01:00 [Information] HTTP "OPTIONS" "/employees" responded 204 in 0.0601 ms
2019-11-28 17:49:42.432 +01:00 [Information] HTTP "GET" "/employees" responded 200 in 3616.8666 ms
2019-11-28 17:51:13.047 +01:00 [Information] HTTP "OPTIONS" "/configurationItems" responded 204 in 0.0543 ms
2019-11-28 17:51:15.475 +01:00 [Information] HTTP "GET" "/configurationItems" responded 200 in 2424.5921 ms
2019-11-28 17:51:38.787 +01:00 [Information] HTTP "OPTIONS" "/configurationItems" responded 204 in 0.0504 ms
2019-11-28 17:51:41.802 +01:00 [Information] HTTP "GET" "/configurationItems" responded 200 in 2848.1123 ms
2019-11-28 17:51:45.895 +01:00 [Information] HTTP "OPTIONS" "/employees" responded 204 in 0.0670 ms
2019-11-28 17:51:49.339 +01:00 [Information] HTTP "GET" "/employees" responded 200 in 3398.9648 ms
2019-11-28 17:52:39.802 +01:00 [Information] HTTP "OPTIONS" "/configurationItems" responded 204 in 0.1147 ms
2019-11-28 17:52:44.227 +01:00 [Information] HTTP "GET" "/configurationItems" responded 200 in 4402.5327 ms
2019-11-28 17:52:46.910 +01:00 [Information] HTTP "OPTIONS" "/configurationItems" responded 204 in 0.0390 ms
2019-11-28 17:52:52.643 +01:00 [Information] HTTP "OPTIONS" "/fines" responded 204 in 0.1318 ms
2019-11-28 17:53:01.741 +01:00 [Information] HTTP "GET" "/fines" responded 200 in 8926.3923 ms
2019-11-28 17:53:12.690 +01:00 [Information] HTTP "OPTIONS" "/employees" responded 204 in 0.0723 ms
2019-11-28 17:56:32.488 +01:00 [Information] HTTP "OPTIONS" "/configurationItems" responded 204 in 0.0333 ms
2019-11-28 17:56:35.326 +01:00 [Information] HTTP "GET" "/configurationItems" responded 200 in 2828.1003 ms
2019-11-28 17:56:49.979 +01:00 [Information] HTTP "OPTIONS" "/configurationItems" responded 204 in 0.0563 ms
2019-11-28 17:56:56.164 +01:00 [Information] HTTP "OPTIONS" "/employees" responded 204 in 0.0629 ms
2019-11-28 17:57:11.289 +01:00 [Information] HTTP "OPTIONS" "/fines" responded 204 in 0.0410 ms
2019-11-28 17:57:16.783 +01:00 [Information] HTTP "GET" "/fines" responded 200 in 5365.0376 ms
2019-11-28 17:57:46.642 +01:00 [Information] HTTP "OPTIONS" "/employees" responded 204 in 0.0439 ms
2019-11-28 17:57:49.909 +01:00 [Information] HTTP "GET" "/employees" responded 200 in 3212.1463 ms
2019-11-28 17:58:44.401 +01:00 [Information] HTTP "OPTIONS" "/configurationItems" responded 204 in 0.0372 ms
2019-11-28 17:58:48.475 +01:00 [Information] HTTP "GET" "/configurationItems" responded 200 in 4070.3818 ms
2019-11-28 17:58:51.789 +01:00 [Information] HTTP "OPTIONS" "/configurationItems" responded 204 in 0.0393 ms
2019-11-28 17:59:10.134 +01:00 [Information] HTTP "OPTIONS" "/configurationItems" responded 204 in 0.0360 ms
2019-11-28 17:59:14.320 +01:00 [Information] HTTP "GET" "/configurationItems" responded 200 in 4182.5853 ms
2019-11-28 17:59:17.586 +01:00 [Information] HTTP "OPTIONS" "/configurationItems" responded 204 in 0.0539 ms
2019-11-28 17:59:27.708 +01:00 [Information] HTTP "OPTIONS" "/employees" responded 204 in 0.0344 ms
2019-11-28 18:00:25.837 +01:00 [Information] HTTP "OPTIONS" "/configurationItems" responded 204 in 0.0295 ms
2019-11-28 18:00:35.576 +01:00 [Information] HTTP "GET" "/configurationItems" responded 200 in 9724.8156 ms
2019-11-28 18:00:36.914 +01:00 [Information] HTTP "OPTIONS" "/configurationItems" responded 204 in 0.0324 ms
2019-11-28 18:00:37.997 +01:00 [Information] HTTP "OPTIONS" "/configurationItems" responded 204 in 0.0737 ms
2019-11-28 18:00:40.574 +01:00 [Information] HTTP "GET" "/configurationItems" responded 200 in 2574.1475 ms
2019-11-28 18:00:50.684 +01:00 [Information] HTTP "OPTIONS" "/configurationItems" responded 204 in 0.1002 ms
2019-11-28 18:00:54.602 +01:00 [Information] HTTP "GET" "/configurationItems" responded 200 in 3899.0826 ms
2019-11-28 18:00:58.946 +01:00 [Information] HTTP "OPTIONS" "/configurationItems" responded 204 in 0.1616 ms
2019-11-28 18:01:34.085 +01:00 [Information] HTTP "OPTIONS" "/configurationItems" responded 204 in 0.0350 ms
2019-11-28 18:01:37.334 +01:00 [Information] HTTP "GET" "/configurationItems" responded 200 in 3055.4145 ms
2019-11-28 18:02:00.156 +01:00 [Information] HTTP "OPTIONS" "/configurationItems" responded 204 in 0.0318 ms
2019-11-28 18:02:03.421 +01:00 [Information] HTTP "GET" "/configurationItems" responded 200 in 3260.4280 ms
2019-11-28 18:02:06.429 +01:00 [Information] HTTP "OPTIONS" "/configurationItems" responded 204 in 0.0472 ms
2019-11-28 18:02:51.463 +01:00 [Information] HTTP "OPTIONS" "/employees" responded 204 in 0.0577 ms
2019-11-28 18:02:54.569 +01:00 [Information] HTTP "GET" "/employees" responded 200 in 3054.5375 ms
2019-11-28 18:03:12.103 +01:00 [Information] HTTP "OPTIONS" "/employees" responded 204 in 0.0478 ms
2019-11-28 18:03:15.089 +01:00 [Information] HTTP "GET" "/employees" responded 200 in 2955.6116 ms
2019-11-28 18:04:20.903 +01:00 [Information] HTTP "OPTIONS" "/configurationItems" responded 204 in 0.0310 ms
2019-11-28 18:04:23.909 +01:00 [Information] HTTP "GET" "/configurationItems" responded 200 in 3002.5528 ms
2019-11-28 18:04:30.850 +01:00 [Information] HTTP "OPTIONS" "/configurationItems" responded 204 in 0.0355 ms
2019-11-28 18:05:45.013 +01:00 [Information] HTTP "OPTIONS" "/configurationItems" responded 204 in 0.0369 ms
2019-11-28 18:05:47.662 +01:00 [Information] HTTP "GET" "/configurationItems" responded 200 in 2445.5327 ms
2019-11-28 18:05:56.312 +01:00 [Information] HTTP "OPTIONS" "/employees" responded 204 in 0.0365 ms
2019-11-28 18:05:59.562 +01:00 [Information] HTTP "GET" "/employees" responded 200 in 3216.9122 ms
2019-11-28 18:09:20.430 +01:00 [Information] HTTP "OPTIONS" "/configurationItems" responded 204 in 0.0522 ms
2019-11-28 18:09:31.003 +01:00 [Information] HTTP "OPTIONS" "/configurationItems" responded 204 in 0.0436 ms
2019-11-28 18:09:31.216 +01:00 [Information] HTTP "GET" "/configurationItems" responded 200 in 10780.2247 ms
2019-11-28 18:09:37.583 +01:00 [Information] HTTP "OPTIONS" "/configurationItems" responded 204 in 0.0325 ms
2019-11-28 18:09:40.313 +01:00 [Information] HTTP "GET" "/configurationItems" responded 200 in 2728.0302 ms
2019-11-28 18:09:54.532 +01:00 [Information] HTTP "OPTIONS" "/configurationItems" responded 204 in 0.0533 ms
2019-11-28 18:10:17.213 +01:00 [Information] HTTP "OPTIONS" "/configurationItems" responded 204 in 0.0364 ms
2019-11-28 18:10:19.967 +01:00 [Information] HTTP "GET" "/configurationItems" responded 200 in 2558.8723 ms
2019-11-28 18:10:32.499 +01:00 [Information] HTTP "OPTIONS" "/employees" responded 204 in 0.1312 ms
2019-11-28 18:10:35.663 +01:00 [Information] HTTP "GET" "/employees" responded 200 in 3122.6198 ms
2019-11-28 18:11:31.947 +01:00 [Information] HTTP "OPTIONS" "/configurationItems" responded 204 in 0.0296 ms
2019-11-28 18:11:35.374 +01:00 [Information] HTTP "GET" "/configurationItems" responded 200 in 3412.3554 ms
2019-11-28 18:11:36.188 +01:00 [Information] HTTP "OPTIONS" "/configurationItems" responded 204 in 0.1005 ms
2019-11-28 18:11:43.522 +01:00 [Information] HTTP "OPTIONS" "/employees" responded 204 in 0.2705 ms
2019-11-28 18:12:11.048 +01:00 [Information] HTTP "OPTIONS" "/configurationItems" responded 204 in 0.0582 ms
2019-11-28 18:12:14.501 +01:00 [Information] HTTP "GET" "/configurationItems" responded 200 in 3446.3562 ms
2019-11-28 18:12:14.998 +01:00 [Information] HTTP "OPTIONS" "/configurationItems" responded 204 in 0.0351 ms
2019-11-28 18:12:43.175 +01:00 [Information] HTTP "OPTIONS" "/configurationItems" responded 204 in 0.0504 ms
2019-11-28 18:12:46.145 +01:00 [Information] HTTP "GET" "/configurationItems" responded 200 in 2964.5040 ms
2019-11-28 18:12:47.301 +01:00 [Information] HTTP "OPTIONS" "/configurationItems" responded 204 in 0.0419 ms
2019-11-28 18:13:23.248 +01:00 [Information] HTTP "OPTIONS" "/employees" responded 204 in 0.0378 ms
2019-11-28 18:14:41.410 +01:00 [Information] HTTP "OPTIONS" "/configurationItems" responded 204 in 0.0534 ms
2019-11-28 18:14:44.414 +01:00 [Information] HTTP "GET" "/configurationItems" responded 200 in 2994.3324 ms
2019-11-28 18:14:52.877 +01:00 [Information] HTTP "OPTIONS" "/configurationItems" responded 204 in 0.0335 ms
2019-11-28 18:15:03.505 +01:00 [Information] HTTP "OPTIONS" "/employees" responded 204 in 0.0347 ms
2019-11-28 18:15:19.436 +01:00 [Information] HTTP "OPTIONS" "/employees" responded 204 in 0.0358 ms
2019-11-28 18:16:08.645 +01:00 [Information] HTTP "OPTIONS" "/configurationItems" responded 204 in 0.0413 ms
2019-11-28 18:16:18.084 +01:00 [Information] HTTP "OPTIONS" "/configurationItems" responded 204 in 0.0511 ms
2019-11-28 18:16:20.883 +01:00 [Information] HTTP "GET" "/configurationItems" responded 200 in 2793.7138 ms
2019-11-28 18:17:24.973 +01:00 [Information] HTTP "OPTIONS" "/configurationItems" responded 204 in 0.0392 ms
2019-11-28 18:17:27.373 +01:00 [Information] HTTP "OPTIONS" "/configurationItems" responded 204 in 0.0693 ms
2019-11-28 18:17:29.837 +01:00 [Information] HTTP "GET" "/configurationItems" responded 200 in 2462.1638 ms
2019-11-28 18:17:41.118 +01:00 [Information] HTTP "OPTIONS" "/employees" responded 204 in 0.0353 ms
2019-11-28 18:17:44.292 +01:00 [Information] HTTP "GET" "/employees" responded 200 in 3137.7392 ms
2019-11-28 18:18:44.143 +01:00 [Information] HTTP "OPTIONS" "/configurationItems" responded 204 in 0.0419 ms
2019-11-28 18:18:46.776 +01:00 [Information] HTTP "GET" "/configurationItems" responded 200 in 2626.2656 ms
2019-11-28 18:19:04.388 +01:00 [Information] HTTP "OPTIONS" "/configurationItems" responded 204 in 0.0339 ms
2019-11-28 18:19:10.068 +01:00 [Information] HTTP "GET" "/configurationItems" responded 200 in 5677.0982 ms
2019-11-28 18:19:13.852 +01:00 [Information] HTTP "OPTIONS" "/configurationItems" responded 204 in 0.0379 ms
2019-11-28 18:19:17.414 +01:00 [Information] HTTP "OPTIONS" "/configurationItems" responded 204 in 1.0718 ms
2019-11-28 18:19:17.800 +01:00 [Information] HTTP "GET" "/configurationItems" responded 200 in 3661.3215 ms
2019-11-28 18:19:20.047 +01:00 [Information] HTTP "GET" "/configurationItems" responded 200 in 2627.7586 ms
2019-11-28 18:19:20.581 +01:00 [Information] HTTP "OPTIONS" "/employees" responded 204 in 0.1065 ms
2019-11-28 18:19:24.141 +01:00 [Information] HTTP "GET" "/employees" responded 200 in 3556.8564 ms
2019-11-28 18:19:49.508 +01:00 [Information] HTTP "OPTIONS" "/configurationItems" responded 204 in 0.0392 ms
2019-11-28 18:19:52.275 +01:00 [Information] HTTP "GET" "/configurationItems" responded 200 in 2589.0084 ms
2019-11-28 18:20:01.208 +01:00 [Information] HTTP "OPTIONS" "/employees" responded 204 in 0.0368 ms
2019-11-28 18:20:04.387 +01:00 [Information] HTTP "GET" "/employees" responded 200 in 3142.3715 ms
2019-11-28 18:26:19.650 +01:00 [Information] HTTP "OPTIONS" "/configurationItems" responded 204 in 0.0555 ms
2019-11-28 18:26:19.654 +01:00 [Information] HTTP "OPTIONS" "/configurationItems" responded 204 in 0.0325 ms
2019-11-28 18:26:27.306 +01:00 [Information] HTTP "GET" "/configurationItems" responded 200 in 7635.9591 ms
2019-11-28 18:26:27.317 +01:00 [Information] HTTP "GET" "/configurationItems" responded 200 in 7649.1075 ms
2019-11-28 18:26:28.121 +01:00 [Information] HTTP "OPTIONS" "/configurationItems" responded 204 in 0.0368 ms
2019-11-28 18:27:25.409 +01:00 [Information] HTTP "OPTIONS" "/employees" responded 204 in 0.0389 ms
2019-11-28 18:29:02.038 +01:00 [Information] HTTP "OPTIONS" "/configurationItems" responded 204 in 0.0368 ms
2019-11-28 18:29:02.050 +01:00 [Information] HTTP "OPTIONS" "/configurationItems" responded 204 in 0.0404 ms
2019-11-28 18:29:12.364 +01:00 [Information] HTTP "OPTIONS" "/configurationItems" responded 204 in 0.0327 ms
2019-11-28 18:29:16.594 +01:00 [Information] HTTP "OPTIONS" "/configurationItems" responded 204 in 0.0464 ms
2019-11-28 18:29:19.453 +01:00 [Information] HTTP "GET" "/configurationItems" responded 200 in 17397.7063 ms
2019-11-28 18:29:19.461 +01:00 [Information] HTTP "OPTIONS" "/configurationItems" responded 204 in 0.0237 ms
2019-11-28 18:29:22.419 +01:00 [Information] HTTP "GET" "/configurationItems" responded 200 in 20362.7858 ms
2019-11-28 18:29:25.074 +01:00 [Information] HTTP "GET" "/configurationItems" responded 200 in 8473.9629 ms
2019-11-28 18:29:27.706 +01:00 [Information] HTTP "GET" "/configurationItems" responded 200 in 7928.9236 ms
2019-11-28 18:29:35.402 +01:00 [Information] HTTP "OPTIONS" "/configurationItems" responded 204 in 0.0307 ms
2019-11-28 18:29:36.303 +01:00 [Information] HTTP "OPTIONS" "/configurationItems" responded 204 in 0.0382 ms
2019-11-28 18:29:42.692 +01:00 [Information] HTTP "GET" "/configurationItems" responded 200 in 6349.4630 ms
2019-11-28 18:29:42.836 +01:00 [Information] HTTP "GET" "/configurationItems" responded 200 in 7346.1596 ms
2019-11-28 18:29:43.993 +01:00 [Information] HTTP "OPTIONS" "/configurationItems" responded 204 in 0.0367 ms
2019-11-28 18:30:05.769 +01:00 [Information] HTTP "OPTIONS" "/employees" responded 204 in 0.0388 ms
2019-11-28 18:32:26.064 +01:00 [Information] HTTP "OPTIONS" "/configurationItems" responded 204 in 0.0496 ms
2019-11-28 18:32:26.382 +01:00 [Information] HTTP "OPTIONS" "/configurationItems" responded 204 in 0.0312 ms
2019-11-28 18:32:33.426 +01:00 [Information] HTTP "GET" "/configurationItems" responded 200 in 6908.9241 ms
2019-11-28 18:32:33.465 +01:00 [Information] HTTP "GET" "/configurationItems" responded 200 in 7396.3633 ms
2019-11-28 18:32:35.104 +01:00 [Information] HTTP "OPTIONS" "/configurationItems" responded 204 in 0.2420 ms
2019-11-28 18:33:01.938 +01:00 [Information] HTTP "OPTIONS" "/configurationItems" responded 204 in 0.0304 ms
2019-11-28 18:33:02.004 +01:00 [Information] HTTP "OPTIONS" "/configurationItems" responded 204 in 0.0291 ms
2019-11-28 18:33:08.982 +01:00 [Information] HTTP "OPTIONS" "/configurationItems" responded 204 in 0.0380 ms
2019-11-28 18:33:09.812 +01:00 [Information] HTTP "GET" "/configurationItems" responded 200 in 7612.4792 ms
2019-11-28 18:33:09.892 +01:00 [Information] HTTP "GET" "/configurationItems" responded 200 in 7717.5397 ms
2019-11-28 18:33:20.554 +01:00 [Information] HTTP "OPTIONS" "/employees" responded 204 in 0.0392 ms
2019-11-28 18:33:48.829 +01:00 [Information] HTTP "OPTIONS" "/configurationItems" responded 204 in 0.0779 ms
2019-11-28 18:33:51.581 +01:00 [Information] HTTP "GET" "/configurationItems" responded 200 in 2744.8681 ms
2019-11-28 18:33:59.218 +01:00 [Information] HTTP "OPTIONS" "/employees" responded 204 in 0.0846 ms
2019-11-28 18:34:02.455 +01:00 [Information] HTTP "GET" "/employees" responded 200 in 3234.3686 ms
2019-11-28 18:34:54.421 +01:00 [Information] HTTP "OPTIONS" "/configurationItems" responded 204 in 0.0333 ms
2019-11-28 18:34:54.559 +01:00 [Information] HTTP "OPTIONS" "/configurationItems" responded 204 in 0.0321 ms
2019-11-28 18:34:54.746 +01:00 [Information] HTTP "OPTIONS" "/configurationItems" responded 204 in 0.0412 ms
2019-11-28 18:35:04.718 +01:00 [Information] HTTP "GET" "/configurationItems" responded 200 in 10283.9438 ms
2019-11-28 18:35:04.718 +01:00 [Information] HTTP "GET" "/configurationItems" responded 200 in 9900.7733 ms
2019-11-28 18:35:04.927 +01:00 [Information] HTTP "OPTIONS" "/configurationItems" responded 204 in 0.0323 ms
2019-11-28 18:35:07.208 +01:00 [Information] HTTP "GET" "/configurationItems" responded 200 in 12635.6779 ms
2019-11-28 18:35:13.887 +01:00 [Information] HTTP "OPTIONS" "/employees" responded 204 in 0.0376 ms
2019-11-28 18:35:29.087 +01:00 [Information] HTTP "OPTIONS" "/configurationItems" responded 204 in 0.0935 ms
2019-11-28 18:35:31.761 +01:00 [Information] HTTP "GET" "/configurationItems" responded 200 in 2672.0655 ms
2019-11-28 18:35:39.538 +01:00 [Information] HTTP "OPTIONS" "/employees" responded 204 in 0.0313 ms
2019-11-28 18:35:42.996 +01:00 [Information] HTTP "GET" "/employees" responded 200 in 3450.9600 ms
2019-11-28 18:36:42.047 +01:00 [Information] HTTP "OPTIONS" "/configurationItems" responded 204 in 0.0997 ms
2019-11-28 18:36:42.692 +01:00 [Information] HTTP "OPTIONS" "/configurationItems" responded 204 in 0.9008 ms
2019-11-28 18:36:42.701 +01:00 [Information] HTTP "OPTIONS" "/configurationItems" responded 204 in 0.0311 ms
2019-11-28 18:36:48.537 +01:00 [Information] HTTP "OPTIONS" "/configurationItems" responded 204 in 1.5026 ms
2019-11-28 18:36:51.007 +01:00 [Information] HTTP "GET" "/configurationItems" responded 200 in 8821.0379 ms
2019-11-28 18:36:51.042 +01:00 [Information] HTTP "GET" "/configurationItems" responded 200 in 8339.1214 ms
2019-11-28 18:36:52.861 +01:00 [Information] HTTP "GET" "/configurationItems" responded 200 in 10148.3086 ms
2019-11-28 18:37:02.489 +01:00 [Information] HTTP "OPTIONS" "/employees" responded 204 in 0.0795 ms
2019-11-28 18:37:17.775 +01:00 [Information] HTTP "OPTIONS" "/configurationItems" responded 204 in 0.0388 ms
2019-11-28 18:37:18.529 +01:00 [Information] HTTP "OPTIONS" "/configurationItems" responded 204 in 0.0308 ms
2019-11-28 18:37:19.033 +01:00 [Information] HTTP "OPTIONS" "/configurationItems" responded 204 in 2.2617 ms
2019-11-28 18:37:25.701 +01:00 [Information] HTTP "GET" "/configurationItems" responded 200 in 7918.3034 ms
2019-11-28 18:37:25.994 +01:00 [Information] HTTP "GET" "/configurationItems" responded 200 in 7460.3504 ms
2019-11-28 18:37:27.162 +01:00 [Information] HTTP "GET" "/configurationItems" responded 200 in 8115.8308 ms
2019-11-28 18:38:32.491 +01:00 [Information] HTTP "OPTIONS" "/configurationItems" responded 204 in 1.2931 ms
2019-11-28 18:38:33.034 +01:00 [Information] HTTP "OPTIONS" "/configurationItems" responded 204 in 0.0291 ms
2019-11-28 18:38:33.320 +01:00 [Information] HTTP "OPTIONS" "/configurationItems" responded 204 in 0.0378 ms
2019-11-28 18:38:47.285 +01:00 [Information] HTTP "GET" "/configurationItems" responded 200 in 14784.3809 ms
2019-11-28 18:38:48.345 +01:00 [Information] HTTP "GET" "/configurationItems" responded 200 in 15299.9231 ms
2019-11-28 18:38:51.538 +01:00 [Information] HTTP "OPTIONS" "/configurationItems" responded 204 in 0.0314 ms
2019-11-28 18:38:51.598 +01:00 [Information] HTTP "OPTIONS" "/configurationItems" responded 204 in 0.0284 ms
2019-11-28 18:38:51.858 +01:00 [Information] HTTP "OPTIONS" "/configurationItems" responded 204 in 0.0291 ms
2019-11-28 18:38:59.531 +01:00 [Information] HTTP "GET" "/configurationItems" responded 200 in 7984.6729 ms
2019-11-28 18:38:59.554 +01:00 [Information] HTTP "GET" "/configurationItems" responded 200 in 7880.2795 ms
2019-11-28 18:38:59.606 +01:00 [Information] HTTP "GET" "/configurationItems" responded 200 in 26271.5127 ms
2019-11-28 18:39:01.312 +01:00 [Information] HTTP "GET" "/configurationItems" responded 200 in 9447.7292 ms
2019-11-28 18:39:18.940 +01:00 [Information] HTTP "OPTIONS" "/employees" responded 204 in 0.0378 ms
2019-11-28 18:39:22.068 +01:00 [Information] HTTP "GET" "/employees" responded 200 in 3124.7480 ms
2019-11-28 18:39:41.631 +01:00 [Information] HTTP "OPTIONS" "/configurationItems" responded 204 in 0.0274 ms
2019-11-28 18:39:42.504 +01:00 [Information] HTTP "OPTIONS" "/configurationItems" responded 204 in 0.0309 ms
2019-11-28 18:39:42.659 +01:00 [Information] HTTP "OPTIONS" "/configurationItems" responded 204 in 76.2003 ms
2019-11-28 18:39:53.002 +01:00 [Information] HTTP "OPTIONS" "/configurationItems" responded 204 in 0.0279 ms
2019-11-28 18:39:57.699 +01:00 [Information] HTTP "GET" "/configurationItems" responded 200 in 16062.1168 ms
2019-11-28 18:39:57.711 +01:00 [Information] HTTP "OPTIONS" "/configurationItems" responded 204 in 0.0345 ms
2019-11-28 18:39:57.714 +01:00 [Information] HTTP "OPTIONS" "/configurationItems" responded 204 in 0.0402 ms
2019-11-28 18:39:58.984 +01:00 [Information] HTTP "GET" "/configurationItems" responded 200 in 16275.5611 ms
2019-11-28 18:40:12.061 +01:00 [Information] HTTP "GET" "/configurationItems" responded 200 in 14342.4684 ms
2019-11-28 18:40:14.298 +01:00 [Information] HTTP "GET" "/configurationItems" responded 200 in 15304.1386 ms
2019-11-28 18:40:15.559 +01:00 [Information] HTTP "OPTIONS" "/configurationItems" responded 204 in 0.0288 ms
2019-11-28 18:40:16.282 +01:00 [Information] HTTP "OPTIONS" "/configurationItems" responded 204 in 0.0477 ms
2019-11-28 18:40:16.375 +01:00 [Information] HTTP "OPTIONS" "/configurationItems" responded 204 in 0.0289 ms
2019-11-28 18:40:17.591 +01:00 [Information] HTTP "GET" "/configurationItems" responded 200 in 34932.6337 ms
2019-11-28 18:40:22.731 +01:00 [Information] HTTP "GET" "/configurationItems" responded 200 in 29416.9614 ms
2019-11-28 18:40:25.468 +01:00 [Information] HTTP "GET" "/configurationItems" responded 200 in 9902.3801 ms
2019-11-28 18:40:27.349 +01:00 [Information] HTTP "GET" "/configurationItems" responded 200 in 11060.5201 ms
2019-11-28 18:40:28.559 +01:00 [Information] HTTP "GET" "/configurationItems" responded 200 in 12173.1454 ms
2019-11-28 18:41:22.885 +01:00 [Information] HTTP "OPTIONS" "/configurationItems" responded 204 in 0.0321 ms
2019-11-28 18:41:23.585 +01:00 [Information] HTTP "OPTIONS" "/configurationItems" responded 204 in 0.0366 ms
2019-11-28 18:41:23.729 +01:00 [Information] HTTP "OPTIONS" "/configurationItems" responded 204 in 0.0383 ms
2019-11-28 18:41:31.741 +01:00 [Information] HTTP "GET" "/configurationItems" responded 200 in 8843.9408 ms
2019-11-28 18:41:32.149 +01:00 [Information] HTTP "GET" "/configurationItems" responded 200 in 8555.0968 ms
2019-11-28 18:41:33.540 +01:00 [Information] HTTP "GET" "/configurationItems" responded 200 in 9804.7418 ms
2019-11-28 18:42:39.888 +01:00 [Information] HTTP "OPTIONS" "/configurationItems" responded 204 in 0.0494 ms
2019-11-28 18:43:19.258 +01:00 [Information] HTTP "OPTIONS" "/configurationItems" responded 204 in 0.0318 ms
2019-11-28 18:43:20.173 +01:00 [Information] HTTP "OPTIONS" "/configurationItems" responded 204 in 0.0295 ms
2019-11-28 18:43:20.212 +01:00 [Information] HTTP "OPTIONS" "/configurationItems" responded 204 in 0.0318 ms
2019-11-28 18:43:30.283 +01:00 [Information] HTTP "OPTIONS" "/configurationItems" responded 204 in 0.1479 ms
2019-11-28 18:43:32.418 +01:00 [Information] HTTP "GET" "/configurationItems" responded 200 in 13060.2972 ms
2019-11-28 18:43:32.568 +01:00 [Information] HTTP "GET" "/configurationItems" responded 200 in 12302.4074 ms
2019-11-28 18:43:36.885 +01:00 [Information] HTTP "GET" "/configurationItems" responded 200 in 16688.5886 ms
2019-11-28 18:48:04.527 +01:00 [Information] HTTP "OPTIONS" "/configurationItems" responded 204 in 0.0577 ms
2019-11-28 18:48:04.528 +01:00 [Information] HTTP "OPTIONS" "/configurationItems" responded 204 in 0.0413 ms
2019-11-28 18:48:13.602 +01:00 [Information] HTTP "OPTIONS" "/configurationItems" responded 204 in 0.0304 ms
2019-11-28 18:48:20.524 +01:00 [Information] HTTP "GET" "/configurationItems" responded 200 in 15893.9802 ms
2019-11-28 18:48:20.610 +01:00 [Information] HTTP "GET" "/configurationItems" responded 200 in 16019.6008 ms
2019-11-28 18:48:26.184 +01:00 [Information] HTTP "GET" "/configurationItems" responded 200 in 12538.8959 ms
2019-11-28 18:48:33.186 +01:00 [Information] HTTP "OPTIONS" "/configurationItems" responded 204 in 0.0323 ms
2019-11-28 18:48:37.369 +01:00 [Information] HTTP "GET" "/configurationItems" responded 200 in 4180.0029 ms
2019-11-28 18:48:46.488 +01:00 [Information] HTTP "OPTIONS" "/employees" responded 204 in 0.0319 ms
2019-11-28 18:48:51.064 +01:00 [Information] HTTP "GET" "/employees" responded 200 in 4568.8157 ms
2019-11-28 18:49:19.396 +01:00 [Information] HTTP "OPTIONS" "/configurationItems" responded 204 in 0.0397 ms
2019-11-28 18:49:23.164 +01:00 [Information] HTTP "GET" "/configurationItems" responded 200 in 3142.4810 ms
2019-11-28 18:49:29.551 +01:00 [Information] HTTP "OPTIONS" "/employees" responded 204 in 0.0342 ms
2019-11-28 18:49:32.732 +01:00 [Information] HTTP "GET" "/employees" responded 200 in 3109.0783 ms
2019-11-28 18:50:12.322 +01:00 [Information] HTTP "OPTIONS" "/configurationItems" responded 204 in 0.0345 ms
2019-11-28 18:50:12.974 +01:00 [Information] HTTP "OPTIONS" "/configurationItems" responded 204 in 0.0646 ms
2019-11-28 18:50:21.932 +01:00 [Information] HTTP "GET" "/configurationItems" responded 200 in 9598.6179 ms
2019-11-28 18:50:22.668 +01:00 [Information] HTTP "GET" "/configurationItems" responded 200 in 9686.1996 ms
2019-11-28 18:50:23.845 +01:00 [Information] HTTP "OPTIONS" "/configurationItems" responded 204 in 0.0321 ms
2019-11-28 18:50:29.896 +01:00 [Information] HTTP "GET" "/configurationItems" responded 200 in 6049.1975 ms
2019-11-28 18:50:36.625 +01:00 [Information] HTTP "OPTIONS" "/configurationItems" responded 204 in 0.0350 ms
2019-11-28 18:50:36.783 +01:00 [Information] HTTP "OPTIONS" "/configurationItems" responded 204 in 0.0359 ms
2019-11-28 18:50:43.778 +01:00 [Information] HTTP "GET" "/configurationItems" responded 200 in 7146.7996 ms
2019-11-28 18:50:43.885 +01:00 [Information] HTTP "GET" "/configurationItems" responded 200 in 7068.7581 ms
2019-11-28 18:50:52.831 +01:00 [Information] HTTP "OPTIONS" "/configurationItems" responded 204 in 0.0345 ms
2019-11-28 18:51:00.799 +01:00 [Information] HTTP "OPTIONS" "/employees" responded 204 in 0.0354 ms
2019-11-28 18:51:36.673 +01:00 [Information] HTTP "OPTIONS" "/configurationItems" responded 204 in 0.0347 ms
2019-11-28 18:51:36.966 +01:00 [Information] HTTP "OPTIONS" "/configurationItems" responded 204 in 0.0291 ms
2019-11-28 18:51:49.486 +01:00 [Information] HTTP "GET" "/configurationItems" responded 200 in 12803.8511 ms
2019-11-28 18:51:49.525 +01:00 [Information] HTTP "GET" "/configurationItems" responded 200 in 12523.3643 ms
2019-11-28 18:51:53.439 +01:00 [Information] HTTP "OPTIONS" "/configurationItems" responded 204 in 0.1128 ms
2019-11-28 18:51:56.954 +01:00 [Information] HTTP "GET" "/configurationItems" responded 200 in 3512.7496 ms
2019-11-28 18:52:07.408 +01:00 [Information] HTTP "OPTIONS" "/employees" responded 204 in 0.0292 ms
2019-11-28 18:52:11.758 +01:00 [Information] HTTP "GET" "/employees" responded 200 in 4343.7722 ms
2019-11-28 18:52:22.173 +01:00 [Information] HTTP "OPTIONS" "/configurationItems" responded 204 in 0.0310 ms
2019-11-28 18:52:58.126 +01:00 [Information] HTTP "OPTIONS" "/employees" responded 204 in 0.0380 ms
2019-11-28 18:53:01.387 +01:00 [Information] HTTP "GET" "/employees" responded 200 in 3255.0819 ms
2019-11-28 18:53:12.993 +01:00 [Information] HTTP "OPTIONS" "/employees" responded 204 in 0.0505 ms
2019-11-28 18:53:32.612 +01:00 [Information] HTTP "OPTIONS" "/configurationItems" responded 204 in 0.0352 ms
2019-11-28 18:53:33.429 +01:00 [Information] HTTP "OPTIONS" "/configurationItems" responded 204 in 0.0329 ms
2019-11-28 18:53:43.098 +01:00 [Information] HTTP "OPTIONS" "/configurationItems" responded 204 in 0.0384 ms
2019-11-28 18:53:43.690 +01:00 [Information] HTTP "GET" "/configurationItems" responded 200 in 10256.0376 ms
2019-11-28 18:53:43.698 +01:00 [Information] HTTP "GET" "/configurationItems" responded 200 in 11072.3905 ms
2019-11-28 18:53:46.977 +01:00 [Information] HTTP "OPTIONS" "/configurationItems" responded 204 in 0.1287 ms
2019-11-28 18:53:47.776 +01:00 [Information] HTTP "OPTIONS" "/employees" responded 204 in 0.0305 ms
2019-11-28 18:53:52.379 +01:00 [Information] HTTP "GET" "/configurationItems" responded 200 in 5399.5736 ms
2019-11-28 18:53:53.866 +01:00 [Information] HTTP "GET" "/employees" responded 200 in 6085.8146 ms
2019-11-28 18:54:05.419 +01:00 [Information] HTTP "OPTIONS" "/employees" responded 204 in 0.0391 ms
2019-11-28 18:56:44.519 +01:00 [Information] HTTP "OPTIONS" "/configurationItems" responded 204 in 0.0454 ms
2019-11-28 18:56:44.885 +01:00 [Information] HTTP "OPTIONS" "/configurationItems" responded 204 in 0.0311 ms
2019-11-28 18:56:55.769 +01:00 [Information] HTTP "OPTIONS" "/configurationItems" responded 204 in 0.0348 ms
2019-11-28 18:57:00.264 +01:00 [Information] HTTP "GET" "/configurationItems" responded 200 in 15740.9893 ms
2019-11-28 18:57:00.411 +01:00 [Information] HTTP "GET" "/configurationItems" responded 200 in 15513.5091 ms
2019-11-28 18:57:03.159 +01:00 [Information] HTTP "OPTIONS" "/configurationItems" responded 204 in 0.1454 ms
2019-11-28 18:57:05.724 +01:00 [Information] HTTP "GET" "/configurationItems" responded 200 in 2562.4898 ms
2019-11-28 18:57:24.279 +01:00 [Information] HTTP "OPTIONS" "/configurationItems" responded 204 in 0.0305 ms
2019-11-28 18:57:24.364 +01:00 [Information] HTTP "OPTIONS" "/configurationItems" responded 204 in 0.0409 ms
2019-11-28 18:57:35.336 +01:00 [Information] HTTP "OPTIONS" "/configurationItems" responded 204 in 0.0444 ms
2019-11-28 18:57:42.433 +01:00 [Information] HTTP "OPTIONS" "/configurationItems" responded 204 in 2.5479 ms
2019-11-28 18:57:42.594 +01:00 [Information] HTTP "OPTIONS" "/configurationItems" responded 204 in 0.0325 ms
2019-11-28 18:57:54.250 +01:00 [Information] HTTP "OPTIONS" "/configurationItems" responded 204 in 0.0442 ms
2019-11-28 18:57:58.670 +01:00 [Information] HTTP "GET" "/configurationItems" responded 200 in 34385.6821 ms
2019-11-28 18:57:59.223 +01:00 [Information] HTTP "GET" "/configurationItems" responded 200 in 34825.5565 ms
2019-11-28 18:58:04.165 +01:00 [Information] HTTP "OPTIONS" "/configurationItems" responded 204 in 0.0439 ms
2019-11-28 18:58:20.208 +01:00 [Information] HTTP "OPTIONS" "/configurationItems" responded 204 in 0.0279 ms
2019-11-28 18:58:20.257 +01:00 [Information] HTTP "OPTIONS" "/configurationItems" responded 204 in 0.0268 ms
2019-11-28 18:58:22.796 +01:00 [Information] HTTP "GET" "/configurationItems" responded 200 in 40347.9516 ms
2019-11-28 18:58:25.970 +01:00 [Information] HTTP "GET" "/configurationItems" responded 200 in 43237.0287 ms
2019-11-28 18:58:29.125 +01:00 [Information] HTTP "OPTIONS" "/configurationItems" responded 204 in 0.0408 ms
2019-11-28 18:58:31.012 +01:00 [Information] HTTP "GET" "/configurationItems" responded 200 in 10571.3028 ms
2019-11-28 18:58:31.039 +01:00 [Information] HTTP "GET" "/configurationItems" responded 200 in 10784.7676 ms
2019-11-28 18:58:32.153 +01:00 [Information] HTTP "GET" "/configurationItems" responded 200 in 37894.1251 ms
2019-11-28 18:58:33.338 +01:00 [Information] HTTP "OPTIONS" "/configurationItems" responded 204 in 0.0364 ms
2019-11-28 18:58:36.041 +01:00 [Information] HTTP "GET" "/configurationItems" responded 200 in 2701.2575 ms
2019-11-28 19:00:35.732 +01:00 [Information] HTTP "OPTIONS" "/configurationItems" responded 204 in 0.0591 ms
2019-11-28 19:00:35.747 +01:00 [Information] HTTP "OPTIONS" "/configurationItems" responded 204 in 0.0431 ms
2019-11-28 19:00:45.417 +01:00 [Information] HTTP "OPTIONS" "/configurationItems" responded 204 in 0.0336 ms
2019-11-28 19:00:46.869 +01:00 [Information] HTTP "GET" "/configurationItems" responded 200 in 11097.9409 ms
2019-11-28 19:00:46.911 +01:00 [Information] HTTP "GET" "/configurationItems" responded 200 in 11142.4929 ms
2019-11-28 19:00:50.574 +01:00 [Information] HTTP "OPTIONS" "/configurationItems" responded 204 in 0.1461 ms
2019-11-28 19:00:53.070 +01:00 [Information] HTTP "GET" "/configurationItems" responded 200 in 2493.4608 ms
2019-11-28 19:01:09.757 +01:00 [Information] HTTP "OPTIONS" "/configurationItems" responded 204 in 0.0289 ms
2019-11-28 19:01:10.518 +01:00 [Information] HTTP "OPTIONS" "/configurationItems" responded 204 in 0.0331 ms
2019-11-28 19:01:20.106 +01:00 [Information] HTTP "OPTIONS" "/configurationItems" responded 204 in 0.0325 ms
2019-11-28 19:01:21.063 +01:00 [Information] HTTP "GET" "/configurationItems" responded 200 in 11259.6131 ms
2019-11-28 19:01:21.074 +01:00 [Information] HTTP "GET" "/configurationItems" responded 200 in 10353.3234 ms
2019-11-28 19:01:23.947 +01:00 [Information] HTTP "OPTIONS" "/configurationItems" responded 204 in 0.0313 ms
2019-11-28 19:01:26.408 +01:00 [Information] HTTP "GET" "/configurationItems" responded 200 in 2458.4459 ms
2019-11-28 19:03:48.016 +01:00 [Information] HTTP "OPTIONS" "/configurationItems" responded 204 in 0.0367 ms
2019-11-28 19:03:48.345 +01:00 [Information] HTTP "OPTIONS" "/configurationItems" responded 204 in 0.0374 ms
2019-11-28 19:03:58.740 +01:00 [Information] HTTP "OPTIONS" "/configurationItems" responded 204 in 0.0349 ms
2019-11-28 19:04:01.239 +01:00 [Information] HTTP "GET" "/configurationItems" responded 200 in 13205.8574 ms
2019-11-28 19:04:01.276 +01:00 [Information] HTTP "GET" "/configurationItems" responded 200 in 12836.3924 ms
2019-11-28 19:04:04.461 +01:00 [Information] HTTP "OPTIONS" "/configurationItems" responded 204 in 0.1831 ms
2019-11-28 19:04:07.077 +01:00 [Information] HTTP "GET" "/configurationItems" responded 200 in 2613.5874 ms
2019-11-28 19:09:07.138 +01:00 [Information] HTTP "OPTIONS" "/configurationItems" responded 204 in 0.0562 ms
2019-11-28 19:09:07.138 +01:00 [Information] HTTP "OPTIONS" "/configurationItems" responded 204 in 0.0247 ms
2019-11-28 19:09:19.189 +01:00 [Information] HTTP "OPTIONS" "/configurationItems" responded 204 in 2.7193 ms
2019-11-28 19:09:27.154 +01:00 [Information] HTTP "OPTIONS" "/configurationItems" responded 204 in 0.0365 ms
2019-11-28 19:09:29.530 +01:00 [Information] HTTP "GET" "/configurationItems" responded 200 in 22296.2718 ms
2019-11-28 19:09:29.534 +01:00 [Information] HTTP "GET" "/configurationItems" responded 200 in 22378.9591 ms
2019-11-28 19:09:29.543 +01:00 [Information] HTTP "OPTIONS" "/configurationItems" responded 204 in 0.0355 ms
2019-11-28 19:09:37.471 +01:00 [Information] HTTP "GET" "/configurationItems" responded 200 in 10308.4792 ms
2019-11-28 19:09:37.494 +01:00 [Information] HTTP "GET" "/configurationItems" responded 200 in 7932.0021 ms
2019-11-28 19:09:39.304 +01:00 [Information] HTTP "OPTIONS" "/configurationItems" responded 204 in 0.0330 ms
2019-11-28 19:09:41.638 +01:00 [Information] HTTP "GET" "/configurationItems" responded 200 in 2332.0236 ms
2019-11-28 19:10:00.075 +01:00 [Information] HTTP "OPTIONS" "/employees" responded 204 in 0.0429 ms
2019-11-28 19:10:03.268 +01:00 [Information] HTTP "GET" "/employees" responded 200 in 3190.5479 ms
2019-11-28 19:10:58.673 +01:00 [Information] HTTP "OPTIONS" "/configurationItems" responded 204 in 0.0388 ms
2019-11-28 19:10:58.675 +01:00 [Information] HTTP "OPTIONS" "/configurationItems" responded 204 in 0.0821 ms
2019-11-28 19:11:11.364 +01:00 [Information] HTTP "OPTIONS" "/configurationItems" responded 204 in 0.0385 ms
2019-11-28 19:11:37.668 +01:00 [Information] HTTP "OPTIONS" "/configurationItems" responded 204 in 0.0269 ms
2019-11-28 19:11:37.669 +01:00 [Information] HTTP "OPTIONS" "/configurationItems" responded 204 in 0.0272 ms
2019-11-28 19:11:50.224 +01:00 [Information] HTTP "OPTIONS" "/configurationItems" responded 204 in 0.0387 ms
2019-11-28 19:11:56.983 +01:00 [Information] HTTP "OPTIONS" "/configurationItems" responded 204 in 2.6876 ms
2019-11-28 19:11:56.998 +01:00 [Information] HTTP "OPTIONS" "/configurationItems" responded 204 in 6.5166 ms
2019-11-28 19:12:13.101 +01:00 [Information] HTTP "OPTIONS" "/configurationItems" responded 204 in 0.0556 ms
2019-11-28 19:12:18.860 +01:00 [Information] HTTP "GET" "/configurationItems" responded 200 in 79824.1337 ms
2019-11-28 19:12:19.063 +01:00 [Information] HTTP "GET" "/configurationItems" responded 200 in 79002.4896 ms
2019-11-28 19:12:21.193 +01:00 [Information] HTTP "OPTIONS" "/configurationItems" responded 204 in 0.0331 ms
2019-11-28 19:12:22.133 +01:00 [Information] HTTP "OPTIONS" "/configurationItems" responded 204 in 0.0727 ms
2019-11-28 19:12:22.493 +01:00 [Information] HTTP "OPTIONS" "/configurationItems" responded 204 in 0.0307 ms
2019-11-28 19:12:31.456 +01:00 [Information] HTTP "GET" "/configurationItems" responded 200 in 53269.0568 ms
2019-11-28 19:12:33.237 +01:00 [Information] HTTP "GET" "/configurationItems" responded 200 in 11092.7399 ms
2019-11-28 19:12:34.270 +01:00 [Information] HTTP "GET" "/configurationItems" responded 200 in 50925.3980 ms
2019-11-28 19:12:51.976 +01:00 [Information] HTTP "OPTIONS" "/configurationItems" responded 204 in 0.0656 ms
2019-11-28 19:12:57.556 +01:00 [Information] HTTP "OPTIONS" "/configurationItems" responded 204 in 0.0306 ms
2019-11-28 19:13:06.191 +01:00 [Information] HTTP "OPTIONS" "/configurationItems" responded 204 in 0.0281 ms
2019-11-28 19:13:09.187 +01:00 [Information] HTTP "OPTIONS" "/configurationItems" responded 204 in 0.0376 ms
2019-11-28 19:13:16.875 +01:00 [Information] HTTP "OPTIONS" "/configurationItems" responded 204 in 1.1255 ms
2019-11-28 19:13:22.002 +01:00 [Information] HTTP "OPTIONS" "/configurationItems" responded 204 in 0.0317 ms
2019-11-28 19:13:22.270 +01:00 [Information] HTTP "OPTIONS" "/configurationItems" responded 204 in 0.0357 ms
2019-11-28 19:13:39.919 +01:00 [Information] HTTP "OPTIONS" "/configurationItems" responded 204 in 1.3602 ms
2019-11-28 19:13:43.715 +01:00 [Information] HTTP "GET" "/configurationItems" responded 200 in 45889.0300 ms
2019-11-28 19:13:49.901 +01:00 [Information] HTTP "GET" "/configurationItems" responded 200 in 40666.7335 ms
2019-11-28 19:13:50.017 +01:00 [Information] HTTP "OPTIONS" "/configurationItems" responded 204 in 1.2981 ms
2019-11-28 19:14:07.590 +01:00 [Information] HTTP "OPTIONS" "/configurationItems" responded 204 in 0.0466 ms
2019-11-28 19:14:14.256 +01:00 [Information] HTTP "GET" "/configurationItems" responded 200 in 82095.7988 ms
2019-11-28 19:14:18.032 +01:00 [Information] HTTP "OPTIONS" "/configurationItems" responded 204 in 0.6372 ms
2019-11-28 19:14:18.032 +01:00 [Information] HTTP "OPTIONS" "/configurationItems" responded 204 in 0.0297 ms
2019-11-28 19:14:25.006 +01:00 [Information] HTTP "GET" "/configurationItems" responded 200 in 41273.2996 ms
2019-11-28 19:14:26.253 +01:00 [Information] HTTP "GET" "/configurationItems" responded 200 in 148831.2004 ms
2019-11-28 19:14:32.669 +01:00 [Information] HTTP "OPTIONS" "/configurationItems" responded 204 in 0.0320 ms
2019-11-28 19:14:38.639 +01:00 [Information] HTTP "GET" "/configurationItems" responded 200 in 136130.4086 ms
2019-11-28 19:14:41.189 +01:00 [Information] HTTP "GET" "/configurationItems" responded 200 in 22892.6070 ms
2019-11-28 19:14:43.619 +01:00 [Information] HTTP "OPTIONS" "/configurationItems" responded 204 in 2.5261 ms
2019-11-28 19:14:46.975 +01:00 [Information] HTTP "GET" "/configurationItems" responded 200 in 14288.3454 ms
2019-11-28 19:14:47.646 +01:00 [Information] HTTP "GET" "/configurationItems" responded 200 in 154226.4331 ms
2019-11-28 19:14:52.755 +01:00 [Information] HTTP "OPTIONS" "/employees" responded 204 in 0.0378 ms
2019-11-28 19:14:52.955 +01:00 [Information] HTTP "GET" "/configurationItems" responded 200 in 90466.1470 ms
2019-11-28 19:14:55.398 +01:00 [Information] HTTP "GET" "/configurationItems" responded 200 in 84765.1482 ms
2019-11-28 19:14:58.184 +01:00 [Information] HTTP "GET" "/configurationItems" responded 200 in 39889.5982 ms
2019-11-28 19:15:00.208 +01:00 [Information] HTTP "GET" "/employees" responded 200 in 7440.4062 ms
2019-11-28 19:15:07.510 +01:00 [Information] HTTP "OPTIONS" "/configurationItems" responded 204 in 0.0533 ms
2019-11-28 19:15:10.100 +01:00 [Information] HTTP "GET" "/configurationItems" responded 200 in 2587.9250 ms
2019-11-28 19:15:38.683 +01:00 [Information] HTTP "OPTIONS" "/configurationItems" responded 204 in 0.0595 ms
2019-11-28 19:15:41.371 +01:00 [Information] HTTP "GET" "/configurationItems" responded 200 in 2462.0153 ms
2019-11-28 19:15:46.682 +01:00 [Information] HTTP "OPTIONS" "/employees" responded 204 in 0.0323 ms
2019-11-28 19:15:49.931 +01:00 [Information] HTTP "GET" "/employees" responded 200 in 3209.2231 ms
2019-11-28 19:16:10.201 +01:00 [Information] HTTP "OPTIONS" "/configurationItems" responded 204 in 0.0332 ms
2019-11-28 19:16:10.728 +01:00 [Information] HTTP "OPTIONS" "/configurationItems" responded 204 in 0.0308 ms
2019-11-28 19:16:19.222 +01:00 [Information] HTTP "GET" "/configurationItems" responded 200 in 9014.3633 ms
2019-11-28 19:16:19.269 +01:00 [Information] HTTP "GET" "/configurationItems" responded 200 in 8479.7217 ms
2019-11-28 19:16:20.684 +01:00 [Information] HTTP "OPTIONS" "/configurationItems" responded 204 in 0.0719 ms
2019-11-28 19:16:23.346 +01:00 [Information] HTTP "GET" "/configurationItems" responded 200 in 2659.5610 ms
2019-11-28 19:16:23.979 +01:00 [Information] HTTP "OPTIONS" "/employees" responded 204 in 0.1148 ms
2019-11-28 19:16:27.380 +01:00 [Information] HTTP "GET" "/employees" responded 200 in 3399.2758 ms
2019-11-28 19:17:51.210 +01:00 [Information] HTTP "OPTIONS" "/configurationItems" responded 204 in 0.0424 ms
2019-11-28 19:17:53.804 +01:00 [Information] HTTP "GET" "/configurationItems" responded 200 in 2585.0031 ms
2019-11-28 19:19:07.376 +01:00 [Information] HTTP "OPTIONS" "/configurationItems" responded 204 in 0.0417 ms
2019-11-28 19:19:10.032 +01:00 [Information] HTTP "GET" "/configurationItems" responded 200 in 2478.3646 ms
2019-11-28 19:19:14.730 +01:00 [Information] HTTP "OPTIONS" "/employees" responded 204 in 0.0398 ms
2019-11-28 19:19:17.901 +01:00 [Information] HTTP "GET" "/employees" responded 200 in 3132.1381 ms
