2019-11-27 09:54:02.897 +01:00 [Information] HTTP "OPTIONS" "/configurationItems" responded 204 in 0.1835 ms
2019-11-27 09:54:06.628 +01:00 [Information] HTTP "GET" "/configurationItems" responded 200 in 3709.7582 ms
2019-11-27 10:07:18.740 +01:00 [Information] HTTP "OPTIONS" "/fines" responded 204 in 0.1757 ms
2019-11-27 10:07:22.963 +01:00 [Information] HTTP "GET" "/fines" responded 200 in 4217.6530 ms
2019-11-27 10:07:24.707 +01:00 [Information] HTTP "OPTIONS" "/configurationItems" responded 204 in 0.1556 ms
2019-11-27 10:07:24.713 +01:00 [Information] HTTP "OPTIONS" "/configurationItems" responded 204 in 0.1146 ms
2019-11-27 10:07:24.725 +01:00 [Information] HTTP "OPTIONS" "/countries" responded 204 in 0.0965 ms
2019-11-27 10:07:32.561 +01:00 [Information] HTTP "GET" "/configurationItems" responded 200 in 7833.6372 ms
2019-11-27 10:07:33.002 +01:00 [Information] HTTP "GET" "/configurationItems" responded 200 in 8292.0584 ms
2019-11-27 10:07:36.049 +01:00 [Information] HTTP "GET" "/countries" responded 200 in 11305.6824 ms
2019-11-27 10:20:55.110 +01:00 [Information] HTTP "OPTIONS" "/configurationItems" responded 204 in 3.6718 ms
2019-11-27 10:20:58.634 +01:00 [Information] HTTP "GET" "/configurationItems" responded 200 in 3525.5544 ms
2019-11-27 10:26:45.567 +01:00 [Information] HTTP "OPTIONS" "/configurationItems" responded 204 in 4.2142 ms
2019-11-27 10:26:49.212 +01:00 [Information] HTTP "GET" "/configurationItems" responded 200 in 3640.7825 ms
2019-11-27 10:26:59.555 +01:00 [Information] HTTP "OPTIONS" "/configurationItems" responded 204 in 0.1754 ms
2019-11-27 10:27:09.390 +01:00 [Information] HTTP "GET" "/configurationItems" responded 200 in 9820.5841 ms
2019-11-27 10:27:10.537 +01:00 [Information] HTTP "OPTIONS" "/configurationItems" responded 204 in 0.1312 ms
2019-11-27 10:27:13.999 +01:00 [Information] HTTP "GET" "/configurationItems" responded 200 in 3455.7929 ms
2019-11-27 10:27:22.356 +01:00 [Information] HTTP "OPTIONS" "/configurationItems" responded 204 in 0.0473 ms
2019-11-27 10:27:25.971 +01:00 [Information] HTTP "GET" "/configurationItems" responded 200 in 3607.4063 ms
2019-11-27 10:31:17.183 +01:00 [Information] HTTP "OPTIONS" "/configurationItems" responded 204 in 0.0604 ms
2019-11-27 10:31:20.810 +01:00 [Information] HTTP "GET" "/configurationItems" responded 200 in 3563.2194 ms
2019-11-27 10:53:14.196 +01:00 [Information] HTTP "OPTIONS" "/configurationItems" responded 204 in 0.0830 ms
2019-11-27 10:53:16.845 +01:00 [Information] HTTP "GET" "/configurationItems" responded 200 in 2641.7061 ms
2019-11-27 10:54:24.970 +01:00 [Information] HTTP "OPTIONS" "/configurationItems" responded 204 in 0.0524 ms
2019-11-27 10:54:28.194 +01:00 [Information] HTTP "GET" "/configurationItems" responded 200 in 3218.7167 ms
2019-11-27 10:56:49.731 +01:00 [Information] HTTP "OPTIONS" "/configurationItems" responded 204 in 0.0834 ms
2019-11-27 10:56:52.862 +01:00 [Information] HTTP "GET" "/configurationItems" responded 200 in 3119.2291 ms
2019-11-27 10:57:21.809 +01:00 [Information] HTTP "OPTIONS" "/configurationItems" responded 204 in 0.0470 ms
2019-11-27 10:57:25.339 +01:00 [Information] HTTP "GET" "/configurationItems" responded 200 in 3524.8005 ms
2019-11-27 10:57:33.486 +01:00 [Information] HTTP "OPTIONS" "/configurationItems" responded 204 in 0.1121 ms
2019-11-27 10:57:36.914 +01:00 [Information] HTTP "GET" "/configurationItems" responded 200 in 3421.8198 ms
2019-11-27 10:58:42.528 +01:00 [Information] HTTP "OPTIONS" "/configurationItems" responded 204 in 0.0638 ms
2019-11-27 10:58:46.239 +01:00 [Information] HTTP "GET" "/configurationItems" responded 200 in 3704.5981 ms
2019-11-27 11:01:22.870 +01:00 [Information] HTTP "OPTIONS" "/configurationItems" responded 204 in 0.0603 ms
2019-11-27 11:01:28.624 +01:00 [Information] HTTP "GET" "/configurationItems" responded 200 in 5726.7095 ms
2019-11-27 11:03:15.041 +01:00 [Information] HTTP "OPTIONS" "/configurationItems" responded 204 in 0.0755 ms
2019-11-27 11:03:19.449 +01:00 [Information] HTTP "GET" "/configurationItems" responded 200 in 4402.1624 ms
2019-11-27 11:21:15.207 +01:00 [Information] HTTP "OPTIONS" "/configurationItems" responded 204 in 0.0912 ms
2019-11-27 11:21:20.827 +01:00 [Information] HTTP "GET" "/configurationItems" responded 200 in 5609.3839 ms
2019-11-27 11:24:30.705 +01:00 [Information] HTTP "OPTIONS" "/configurationItems" responded 204 in 0.0830 ms
2019-11-27 11:24:36.490 +01:00 [Information] HTTP "GET" "/configurationItems" responded 200 in 5764.6270 ms
2019-11-27 11:26:36.202 +01:00 [Information] HTTP "OPTIONS" "/configurationItems" responded 204 in 0.2029 ms
2019-11-27 11:26:40.357 +01:00 [Information] HTTP "GET" "/configurationItems" responded 200 in 4147.5056 ms
2019-11-27 11:34:19.498 +01:00 [Information] HTTP "GET" "/" responded 404 in 52.3023 ms
2019-11-27 11:34:19.683 +01:00 [Information] HTTP "GET" "/favicon.ico" responded 404 in 31.7540 ms
2019-11-27 11:36:23.601 +01:00 [Information] HTTP "OPTIONS" "/configurationItems" responded 204 in 1.9576 ms
2019-11-27 11:36:34.705 +01:00 [Information] HTTP "GET" "/configurationItems" responded 200 in 11097.3192 ms
2019-11-27 11:36:40.687 +01:00 [Information] HTTP "OPTIONS" "/fines" responded 204 in 1.0473 ms
2019-11-27 11:36:45.865 +01:00 [Information] HTTP "GET" "/fines" responded 200 in 5159.8305 ms
2019-11-27 11:36:51.414 +01:00 [Information] HTTP "OPTIONS" "/configurationItems" responded 204 in 0.3390 ms
2019-11-27 11:36:54.191 +01:00 [Information] HTTP "GET" "/configurationItems" responded 200 in 2772.2700 ms
2019-11-27 11:37:01.463 +01:00 [Information] HTTP "OPTIONS" "/fines" responded 204 in 0.1843 ms
2019-11-27 11:37:07.844 +01:00 [Information] HTTP "GET" "/fines" responded 200 in 6377.9220 ms
2019-11-27 11:39:21.879 +01:00 [Information] HTTP "OPTIONS" "/configurationItems" responded 204 in 0.2980 ms
2019-11-27 11:39:21.885 +01:00 [Information] HTTP "OPTIONS" "/configurationItems" responded 204 in 0.1751 ms
2019-11-27 11:39:22.007 +01:00 [Information] HTTP "OPTIONS" "/countries" responded 204 in 0.2184 ms
2019-11-27 11:39:31.110 +01:00 [Information] HTTP "GET" "/configurationItems" responded 200 in 9209.8714 ms
2019-11-27 11:39:32.806 +01:00 [Information] HTTP "GET" "/countries" responded 200 in 10709.4664 ms
2019-11-27 11:39:33.209 +01:00 [Information] HTTP "GET" "/configurationItems" responded 200 in 11305.5311 ms
2019-11-27 11:42:41.191 +01:00 [Information] HTTP "OPTIONS" "/employees/plates/" responded 204 in 0.3490 ms
2019-11-27 11:42:41.198 +01:00 [Information] HTTP "GET" "/employees/plates/" responded 404 in 1.1083 ms
2019-11-27 11:50:10.216 +01:00 [Information] HTTP "OPTIONS" "/configurationItems" responded 204 in 0.1657 ms
2019-11-27 11:50:13.178 +01:00 [Information] HTTP "GET" "/configurationItems" responded 200 in 2954.4469 ms
2019-11-27 11:50:30.488 +01:00 [Information] HTTP "OPTIONS" "/fines" responded 204 in 0.1494 ms
2019-11-27 11:50:35.319 +01:00 [Information] HTTP "GET" "/fines" responded 200 in 4816.6117 ms
2019-11-27 11:50:39.070 +01:00 [Information] HTTP "OPTIONS" "/configurationItems" responded 204 in 0.3998 ms
2019-11-27 11:50:39.083 +01:00 [Information] HTTP "OPTIONS" "/configurationItems" responded 204 in 0.1002 ms
2019-11-27 11:50:39.112 +01:00 [Information] HTTP "OPTIONS" "/countries" responded 204 in 0.1573 ms
2019-11-27 11:50:46.532 +01:00 [Information] HTTP "GET" "/configurationItems" responded 200 in 7455.4546 ms
2019-11-27 11:50:46.537 +01:00 [Information] HTTP "GET" "/countries" responded 200 in 7396.9032 ms
2019-11-27 11:50:47.685 +01:00 [Information] HTTP "GET" "/configurationItems" responded 200 in 8596.9782 ms
2019-11-27 11:51:22.864 +01:00 [Information] HTTP "OPTIONS" "/employees/plates/" responded 204 in 0.1258 ms
2019-11-27 11:51:22.875 +01:00 [Information] HTTP "GET" "/employees/plates/" responded 404 in 0.3330 ms
2019-11-27 12:43:12.205 +01:00 [Information] HTTP "OPTIONS" "/configurationItems" responded 204 in 0.9157 ms
2019-11-27 12:43:15.025 +01:00 [Information] HTTP "GET" "/configurationItems" responded 200 in 2816.6304 ms
2019-11-27 12:43:21.184 +01:00 [Information] HTTP "OPTIONS" "/configurationItems" responded 204 in 0.1056 ms
2019-11-27 12:43:21.194 +01:00 [Information] HTTP "OPTIONS" "/configurationItems" responded 204 in 0.1702 ms
2019-11-27 12:43:21.198 +01:00 [Information] HTTP "OPTIONS" "/countries" responded 204 in 0.1119 ms
2019-11-27 12:43:29.475 +01:00 [Information] HTTP "GET" "/configurationItems" responded 200 in 8287.3003 ms
2019-11-27 12:43:29.909 +01:00 [Information] HTTP "GET" "/countries" responded 200 in 8603.5579 ms
2019-11-27 12:43:31.238 +01:00 [Information] HTTP "GET" "/configurationItems" responded 200 in 10033.9203 ms
2019-11-27 12:46:20.282 +01:00 [Information] HTTP "OPTIONS" "/configurationItems" responded 204 in 1.2340 ms
2019-11-27 12:46:20.288 +01:00 [Information] HTTP "OPTIONS" "/configurationItems" responded 204 in 0.1087 ms
2019-11-27 12:46:20.289 +01:00 [Information] HTTP "OPTIONS" "/countries" responded 204 in 0.0418 ms
2019-11-27 12:46:28.689 +01:00 [Information] HTTP "GET" "/configurationItems" responded 200 in 8394.1974 ms
2019-11-27 12:46:28.741 +01:00 [Information] HTTP "GET" "/configurationItems" responded 200 in 8437.0342 ms
2019-11-27 12:46:30.305 +01:00 [Information] HTTP "GET" "/countries" responded 200 in 9913.6414 ms
2019-11-27 12:48:10.970 +01:00 [Information] HTTP "OPTIONS" "/configurationItems" responded 204 in 0.0524 ms
2019-11-27 12:48:10.971 +01:00 [Information] HTTP "OPTIONS" "/configurationItems" responded 204 in 0.0461 ms
2019-11-27 12:48:10.999 +01:00 [Information] HTTP "OPTIONS" "/countries" responded 204 in 0.1475 ms
2019-11-27 12:48:18.877 +01:00 [Information] HTTP "GET" "/countries" responded 200 in 7868.5198 ms
2019-11-27 12:48:18.928 +01:00 [Information] HTTP "GET" "/configurationItems" responded 200 in 7950.1377 ms
2019-11-27 12:48:20.930 +01:00 [Information] HTTP "GET" "/configurationItems" responded 200 in 9938.5322 ms
2019-11-27 13:02:05.675 +01:00 [Information] HTTP "OPTIONS" "/countries" responded 204 in 0.0741 ms
2019-11-27 13:02:05.682 +01:00 [Information] HTTP "OPTIONS" "/configurationItems" responded 204 in 0.0396 ms
2019-11-27 13:02:05.683 +01:00 [Information] HTTP "OPTIONS" "/configurationItems" responded 204 in 0.0425 ms
2019-11-27 13:02:15.328 +01:00 [Information] HTTP "GET" "/configurationItems" responded 200 in 9634.9862 ms
2019-11-27 13:02:15.721 +01:00 [Information] HTTP "GET" "/countries" responded 200 in 10035.8503 ms
2019-11-27 13:02:17.313 +01:00 [Information] HTTP "GET" "/configurationItems" responded 200 in 11620.5154 ms
2019-11-27 13:08:01.638 +01:00 [Information] HTTP "OPTIONS" "/configurationItems" responded 204 in 1.1518 ms
2019-11-27 13:08:01.641 +01:00 [Information] HTTP "OPTIONS" "/configurationItems" responded 204 in 0.0478 ms
2019-11-27 13:08:01.663 +01:00 [Information] HTTP "OPTIONS" "/countries" responded 204 in 0.0410 ms
2019-11-27 13:08:09.314 +01:00 [Information] HTTP "GET" "/configurationItems" responded 200 in 7667.2162 ms
2019-11-27 13:08:10.066 +01:00 [Information] HTTP "GET" "/configurationItems" responded 200 in 8401.9260 ms
2019-11-27 13:08:11.639 +01:00 [Information] HTTP "GET" "/countries" responded 200 in 9968.5128 ms
2019-11-27 13:11:42.260 +01:00 [Information] HTTP "GET" "/" responded 404 in 88.9049 ms
2019-11-27 13:11:42.531 +01:00 [Information] HTTP "GET" "/favicon.ico" responded 404 in 44.0111 ms
2019-11-27 13:13:28.698 +01:00 [Information] HTTP "OPTIONS" "/countries" responded 204 in 2.0337 ms
2019-11-27 13:13:28.698 +01:00 [Information] HTTP "OPTIONS" "/configurationItems" responded 204 in 2.0336 ms
2019-11-27 13:13:28.698 +01:00 [Information] HTTP "OPTIONS" "/configurationItems" responded 204 in 2.0283 ms
2019-11-27 13:13:45.206 +01:00 [Information] HTTP "GET" "/countries" responded 200 in 16274.6992 ms
2019-11-27 13:13:45.206 +01:00 [Information] HTTP "GET" "/configurationItems" responded 200 in 16275.8524 ms
2019-11-27 13:13:45.211 +01:00 [Information] HTTP "GET" "/configurationItems" responded 200 in 16413.6959 ms
2019-11-27 13:15:01.190 +01:00 [Information] HTTP "OPTIONS" "/configurationItems" responded 204 in 0.5880 ms
2019-11-27 13:15:01.200 +01:00 [Information] HTTP "OPTIONS" "/countries" responded 204 in 0.0581 ms
2019-11-27 13:15:01.200 +01:00 [Information] HTTP "OPTIONS" "/configurationItems" responded 204 in 5.4576 ms
2019-11-27 13:15:10.345 +01:00 [Information] HTTP "GET" "/countries" responded 200 in 8877.1815 ms
2019-11-27 13:15:10.421 +01:00 [Information] HTTP "GET" "/configurationItems" responded 200 in 8953.5910 ms
2019-11-27 13:15:12.403 +01:00 [Information] HTTP "GET" "/configurationItems" responded 200 in 11069.2159 ms
2019-11-27 13:15:55.174 +01:00 [Information] HTTP "OPTIONS" "/employees/plates/12897" responded 204 in 0.3771 ms
2019-11-27 13:17:05.404 +01:00 [Information] HTTP "OPTIONS" "/configurationItems" responded 204 in 0.2505 ms
2019-11-27 13:17:05.418 +01:00 [Information] HTTP "OPTIONS" "/configurationItems" responded 204 in 1.1960 ms
2019-11-27 13:17:05.431 +01:00 [Information] HTTP "OPTIONS" "/countries" responded 204 in 0.0392 ms
2019-11-27 13:17:14.074 +01:00 [Information] HTTP "GET" "/configurationItems" responded 200 in 8653.7112 ms
2019-11-27 13:17:14.126 +01:00 [Information] HTTP "GET" "/configurationItems" responded 200 in 8695.2732 ms
2019-11-27 13:17:15.999 +01:00 [Information] HTTP "GET" "/countries" responded 200 in 10557.7505 ms
2019-11-27 13:17:53.901 +01:00 [Information] HTTP "OPTIONS" "/employees/plates/sedrfsdfsdfsdfsdfsdfsdfsdfsdfsdfsdfsdfsdfsdfsdfsdfsdfsdfsdfsdfsdfsdfsdfsdfsdf" responded 204 in 0.2037 ms
2019-11-27 13:17:59.724 +01:00 [Information] HTTP "GET" "/employees/plates/sedrfsdfsdfsdfsdfsdfsdfsdfsdfsdfsdfsdfsdfsdfsdfsdfsdfsdfsdfsdfsdfsdfsdfsdfsdf" responded 204 in 5809.5253 ms
2019-11-27 13:20:12.666 +01:00 [Information] HTTP "OPTIONS" "/configurationItems" responded 204 in 0.5406 ms
2019-11-27 13:20:12.669 +01:00 [Information] HTTP "OPTIONS" "/configurationItems" responded 204 in 0.1462 ms
2019-11-27 13:20:12.677 +01:00 [Information] HTTP "OPTIONS" "/countries" responded 204 in 0.1848 ms
2019-11-27 13:20:19.397 +01:00 [Information] HTTP "OPTIONS" "/configurationItems" responded 204 in 1.0158 ms
2019-11-27 13:20:19.428 +01:00 [Information] HTTP "OPTIONS" "/configurationItems" responded 204 in 35.9972 ms
2019-11-27 13:20:19.428 +01:00 [Information] HTTP "OPTIONS" "/countries" responded 204 in 6.7427 ms
2019-11-27 13:20:21.218 +01:00 [Information] HTTP "GET" "/configurationItems" responded 200 in 8420.9125 ms
2019-11-27 13:20:21.298 +01:00 [Information] HTTP "GET" "/countries" responded 200 in 8362.7472 ms
2019-11-27 13:20:26.355 +01:00 [Information] HTTP "GET" "/configurationItems" responded 200 in 13434.3540 ms
2019-11-27 13:20:29.251 +01:00 [Information] HTTP "GET" "/countries" responded 200 in 9779.8020 ms
2019-11-27 13:20:30.901 +01:00 [Information] HTTP "GET" "/configurationItems" responded 200 in 11442.8914 ms
2019-11-27 13:20:33.183 +01:00 [Information] HTTP "GET" "/configurationItems" responded 200 in 13730.4633 ms
2019-11-27 13:21:24.088 +01:00 [Information] HTTP "OPTIONS" "/employees/plates/1122" responded 204 in 0.1173 ms
2019-11-27 13:21:28.758 +01:00 [Information] HTTP "GET" "/employees/plates/1122" responded 204 in 4660.2526 ms
2019-11-27 13:22:04.880 +01:00 [Information] HTTP "OPTIONS" "/employees/plates/%20" responded 204 in 0.1269 ms
2019-11-27 13:22:10.593 +01:00 [Information] HTTP "GET" "/employees/plates/%20" responded 204 in 5707.9149 ms
2019-11-27 13:25:24.347 +01:00 [Information] HTTP "GET" "/" responded 404 in 2.8809 ms
2019-11-27 13:25:24.393 +01:00 [Information] HTTP "GET" "/favicon.ico" responded 404 in 0.3285 ms
2019-11-27 13:26:29.423 +01:00 [Information] HTTP "OPTIONS" "/configurationItems" responded 204 in 0.1421 ms
2019-11-27 13:26:29.425 +01:00 [Information] HTTP "OPTIONS" "/configurationItems" responded 204 in 0.2274 ms
2019-11-27 13:26:29.466 +01:00 [Information] HTTP "OPTIONS" "/countries" responded 204 in 0.1140 ms
2019-11-27 13:26:38.025 +01:00 [Information] HTTP "GET" "/countries" responded 200 in 8532.9636 ms
2019-11-27 13:26:38.209 +01:00 [Information] HTTP "GET" "/configurationItems" responded 200 in 8762.1026 ms
2019-11-27 13:26:40.315 +01:00 [Information] HTTP "GET" "/configurationItems" responded 200 in 10867.3304 ms
2019-11-27 13:29:47.035 +01:00 [Information] HTTP "OPTIONS" "/configurationItems" responded 204 in 0.4511 ms
2019-11-27 13:29:47.038 +01:00 [Information] HTTP "OPTIONS" "/configurationItems" responded 204 in 0.1765 ms
2019-11-27 13:29:47.046 +01:00 [Information] HTTP "OPTIONS" "/countries" responded 204 in 0.0582 ms
2019-11-27 13:29:55.196 +01:00 [Information] HTTP "GET" "/countries" responded 200 in 7991.9343 ms
2019-11-27 13:29:55.231 +01:00 [Information] HTTP "GET" "/configurationItems" responded 200 in 8175.0482 ms
2019-11-27 13:29:56.898 +01:00 [Information] HTTP "GET" "/configurationItems" responded 200 in 9850.7226 ms
2019-11-27 14:23:21.128 +01:00 [Information] HTTP "GET" "/" responded 404 in 129.9941 ms
2019-11-27 14:23:21.347 +01:00 [Information] HTTP "GET" "/favicon.ico" responded 404 in 31.7356 ms
2019-11-27 14:25:04.792 +01:00 [Information] HTTP "OPTIONS" "/configurationItems" responded 204 in 11.7110 ms
2019-11-27 14:25:14.133 +01:00 [Information] HTTP "GET" "/configurationItems" responded 200 in 9335.4842 ms
2019-11-27 14:25:15.503 +01:00 [Information] HTTP "OPTIONS" "/fines" responded 204 in 0.4666 ms
2019-11-27 14:25:22.555 +01:00 [Information] HTTP "GET" "/fines" responded 200 in 7047.2666 ms
2019-11-27 14:26:15.912 +01:00 [Information] HTTP "OPTIONS" "/configurationItems" responded 204 in 1.3389 ms
2019-11-27 14:26:19.370 +01:00 [Information] HTTP "GET" "/configurationItems" responded 200 in 3412.9838 ms
2019-11-27 14:26:23.668 +01:00 [Information] HTTP "OPTIONS" "/fines" responded 204 in 0.2913 ms
2019-11-27 14:26:28.227 +01:00 [Information] HTTP "GET" "/fines" responded 200 in 4556.1694 ms
2019-11-27 14:34:21.296 +01:00 [Information] HTTP "GET" "/" responded 404 in 81.5359 ms
2019-11-27 14:34:21.864 +01:00 [Information] HTTP "GET" "/favicon.ico" responded 404 in 171.6891 ms
2019-11-27 14:35:06.878 +01:00 [Information] HTTP "OPTIONS" "/configurationItems" responded 204 in 2.4472 ms
2019-11-27 14:35:16.573 +01:00 [Information] HTTP "GET" "/configurationItems" responded 200 in 9677.0589 ms
2019-11-27 14:35:19.085 +01:00 [Information] HTTP "OPTIONS" "/fines" responded 204 in 0.5615 ms
2019-11-27 14:35:23.887 +01:00 [Information] HTTP "GET" "/fines" responded 200 in 4796.9862 ms
2019-11-27 14:35:24.749 +01:00 [Information] HTTP "OPTIONS" "/configurationItems" responded 204 in 0.6685 ms
2019-11-27 14:35:24.754 +01:00 [Information] HTTP "OPTIONS" "/configurationItems" responded 204 in 0.3362 ms
2019-11-27 14:35:24.758 +01:00 [Information] HTTP "OPTIONS" "/countries" responded 204 in 0.0885 ms
2019-11-27 14:35:32.661 +01:00 [Information] HTTP "GET" "/configurationItems" responded 200 in 7900.6027 ms
2019-11-27 14:35:34.202 +01:00 [Information] HTTP "GET" "/countries" responded 200 in 9439.7949 ms
2019-11-27 14:35:34.624 +01:00 [Information] HTTP "GET" "/configurationItems" responded 200 in 9869.7419 ms
2019-11-27 14:36:14.509 +01:00 [Information] HTTP "OPTIONS" "/employees/plates/1-WME-133" responded 204 in 0.8186 ms
2019-11-27 14:36:19.662 +01:00 [Information] HTTP "GET" "/employees/plates/1-WME-133" responded 200 in 5144.3060 ms
2019-11-27 14:36:34.726 +01:00 [Information] HTTP "OPTIONS" "/cities/22/1189" responded 204 in 0.2474 ms
2019-11-27 14:36:37.260 +01:00 [Information] HTTP "OPTIONS" "/cities/22/1180" responded 204 in 0.2650 ms
2019-11-27 14:36:38.076 +01:00 [Information] HTTP "GET" "/cities/22/1189" responded 200 in 3346.3433 ms
2019-11-27 14:36:41.028 +01:00 [Information] HTTP "GET" "/cities/22/1180" responded 200 in 3757.6993 ms
2019-11-27 14:36:44.751 +01:00 [Information] HTTP "OPTIONS" "/fines" responded 204 in 0.2484 ms
2019-11-27 14:36:48.384 +01:00 [Information] HTTP "POST" "/fines" responded 422 in 3629.4728 ms
2019-11-27 14:36:59.404 +01:00 [Information] HTTP "OPTIONS" "/fines" responded 204 in 0.2406 ms
2019-11-27 14:37:02.215 +01:00 [Information] HTTP "POST" "/fines" responded 422 in 2808.3337 ms
2019-11-27 14:38:02.331 +01:00 [Information] HTTP "GET" "/" responded 404 in 60.1603 ms
2019-11-27 14:38:02.464 +01:00 [Information] HTTP "GET" "/favicon.ico" responded 404 in 24.2758 ms
2019-11-27 14:39:43.049 +01:00 [Information] HTTP "OPTIONS" "/countries" responded 204 in 6.0344 ms
2019-11-27 14:39:43.049 +01:00 [Information] HTTP "OPTIONS" "/configurationItems" responded 204 in 11.3401 ms
2019-11-27 14:39:43.049 +01:00 [Information] HTTP "OPTIONS" "/configurationItems" responded 204 in 6.0345 ms
2019-11-27 14:39:59.840 +01:00 [Information] HTTP "GET" "/configurationItems" responded 200 in 16780.0937 ms
2019-11-27 14:39:59.840 +01:00 [Information] HTTP "GET" "/countries" responded 200 in 16785.4104 ms
2019-11-27 14:39:59.841 +01:00 [Information] HTTP "GET" "/configurationItems" responded 200 in 16785.8488 ms
2019-11-27 15:32:32.454 +01:00 [Information] HTTP "OPTIONS" "/configurationItems" responded 204 in 0.4410 ms
2019-11-27 15:32:35.885 +01:00 [Information] HTTP "GET" "/configurationItems" responded 200 in 3426.3046 ms
2019-11-27 15:32:36.700 +01:00 [Information] HTTP "OPTIONS" "/fines" responded 204 in 0.3001 ms
2019-11-27 15:32:41.709 +01:00 [Information] HTTP "GET" "/fines" responded 200 in 5002.5083 ms
2019-11-27 15:32:50.531 +01:00 [Information] HTTP "OPTIONS" "/fines" responded 204 in 0.2537 ms
2019-11-27 15:32:54.923 +01:00 [Information] HTTP "GET" "/fines" responded 200 in 4389.3573 ms
2019-11-27 15:33:03.660 +01:00 [Information] HTTP "OPTIONS" "/fines" responded 204 in 0.2695 ms
2019-11-27 15:33:06.440 +01:00 [Information] HTTP "GET" "/fines" responded 204 in 2775.6822 ms
2019-11-27 15:34:17.730 +01:00 [Information] HTTP "OPTIONS" "/configurationItems" responded 204 in 1.4929 ms
2019-11-27 15:34:20.338 +01:00 [Information] HTTP "GET" "/configurationItems" responded 200 in 2604.2771 ms
2019-11-27 15:35:54.058 +01:00 [Information] HTTP "OPTIONS" "/configurationItems" responded 204 in 0.1998 ms
2019-11-27 15:35:54.072 +01:00 [Information] HTTP "OPTIONS" "/configurationItems" responded 204 in 0.1600 ms
2019-11-27 15:35:54.090 +01:00 [Information] HTTP "OPTIONS" "/countries" responded 204 in 0.0749 ms
2019-11-27 15:36:02.707 +01:00 [Information] HTTP "GET" "/configurationItems" responded 200 in 8634.5584 ms
2019-11-27 15:36:03.105 +01:00 [Information] HTTP "GET" "/countries" responded 200 in 9006.5443 ms
2019-11-27 15:36:04.291 +01:00 [Information] HTTP "GET" "/configurationItems" responded 200 in 10208.4608 ms
2019-11-27 15:36:44.132 +01:00 [Information] HTTP "GET" "/" responded 404 in 43.6108 ms
2019-11-27 15:36:44.303 +01:00 [Information] HTTP "GET" "/favicon.ico" responded 404 in 31.9457 ms
2019-11-27 15:53:58.697 +01:00 [Information] HTTP "OPTIONS" "/configurationItems" responded 204 in 2.5238 ms
2019-11-27 15:53:58.697 +01:00 [Information] HTTP "OPTIONS" "/countries" responded 204 in 2.5239 ms
2019-11-27 15:53:58.697 +01:00 [Information] HTTP "OPTIONS" "/configurationItems" responded 204 in 2.5247 ms
2019-11-27 15:54:14.785 +01:00 [Information] HTTP "GET" "/configurationItems" responded 200 in 16067.8727 ms
2019-11-27 15:54:14.785 +01:00 [Information] HTTP "GET" "/configurationItems" responded 200 in 16073.2468 ms
2019-11-27 15:54:14.787 +01:00 [Information] HTTP "GET" "/countries" responded 200 in 16077.4327 ms
2019-11-27 15:56:06.212 +01:00 [Information] HTTP "OPTIONS" "/configurationItems" responded 204 in 0.2967 ms
2019-11-27 15:56:08.801 +01:00 [Information] HTTP "GET" "/configurationItems" responded 200 in 2585.0099 ms
2019-11-27 15:58:54.016 +01:00 [Information] HTTP "OPTIONS" "/configurationItems" responded 204 in 0.3071 ms
2019-11-27 15:58:57.004 +01:00 [Information] HTTP "GET" "/configurationItems" responded 200 in 2984.4738 ms
2019-11-27 15:59:57.264 +01:00 [Information] HTTP "OPTIONS" "/configurationItems" responded 204 in 5.2898 ms
2019-11-27 15:59:57.264 +01:00 [Information] HTTP "OPTIONS" "/configurationItems" responded 204 in 0.0425 ms
2019-11-27 15:59:57.269 +01:00 [Information] HTTP "OPTIONS" "/countries" responded 204 in 0.0379 ms
2019-11-27 16:00:04.699 +01:00 [Information] HTTP "GET" "/countries" responded 200 in 7426.1703 ms
2019-11-27 16:00:04.751 +01:00 [Information] HTTP "GET" "/configurationItems" responded 200 in 7481.9484 ms
2019-11-27 16:00:05.881 +01:00 [Information] HTTP "GET" "/configurationItems" responded 200 in 8611.3734 ms
2019-11-27 16:25:52.781 +01:00 [Information] HTTP "OPTIONS" "/configurationItems" responded 204 in 0.5177 ms
2019-11-27 16:25:52.782 +01:00 [Information] HTTP "OPTIONS" "/configurationItems" responded 204 in 0.2220 ms
2019-11-27 16:25:52.785 +01:00 [Information] HTTP "OPTIONS" "/countries" responded 204 in 0.2035 ms
2019-11-27 16:26:00.036 +01:00 [Information] HTTP "GET" "/configurationItems" responded 200 in 7240.6359 ms
2019-11-27 16:26:00.272 +01:00 [Information] HTTP "GET" "/configurationItems" responded 200 in 7480.6861 ms
2019-11-27 16:26:01.385 +01:00 [Information] HTTP "GET" "/countries" responded 200 in 8566.3291 ms
2019-11-27 16:27:02.525 +01:00 [Information] HTTP "OPTIONS" "/employees/plates/1-WRP-293" responded 204 in 1.1130 ms
2019-11-27 16:27:10.908 +01:00 [Information] HTTP "GET" "/employees/plates/1-WRP-293" responded 200 in 8375.5664 ms
2019-11-27 16:27:17.620 +01:00 [Information] HTTP "OPTIONS" "/cities/22/1170" responded 204 in 0.3863 ms
2019-11-27 16:27:20.402 +01:00 [Information] HTTP "GET" "/cities/22/1170" responded 200 in 2770.8295 ms
2019-11-27 16:27:24.916 +01:00 [Information] HTTP "OPTIONS" "/cities/22/1170" responded 204 in 0.2249 ms
2019-11-27 16:27:27.527 +01:00 [Information] HTTP "GET" "/cities/22/1170" responded 200 in 2606.0931 ms
2019-11-27 16:27:28.592 +01:00 [Information] HTTP "OPTIONS" "/fines" responded 204 in 0.2192 ms
2019-11-27 16:27:35.757 +01:00 [Information] HTTP "POST" "/fines" responded 200 in 7161.1019 ms
2019-11-27 16:27:35.850 +01:00 [Information] HTTP "OPTIONS" "/countries" responded 204 in 0.0948 ms
2019-11-27 16:27:35.854 +01:00 [Information] HTTP "OPTIONS" "/configurationItems" responded 204 in 0.0348 ms
2019-11-27 16:27:35.859 +01:00 [Information] HTTP "OPTIONS" "/configurationItems" responded 204 in 0.0337 ms
2019-11-27 16:27:35.866 +01:00 [Information] HTTP "OPTIONS" "/configurationItems" responded 204 in 0.1577 ms
2019-11-27 16:27:36.020 +01:00 [Information] HTTP "OPTIONS" "/documents/fine/20381" responded 204 in 0.0428 ms
2019-11-27 16:27:36.118 +01:00 [Information] HTTP "OPTIONS" "/fines/20381/activities" responded 204 in 0.0428 ms
2019-11-27 16:27:43.893 +01:00 [Information] HTTP "GET" "/countries" responded 200 in 8039.5017 ms
2019-11-27 16:27:46.468 +01:00 [Information] HTTP "GET" "/configurationItems" responded 200 in 10600.2840 ms
2019-11-27 16:27:50.910 +01:00 [Information] HTTP "GET" "/configurationItems" responded 200 in 15051.1446 ms
2019-11-27 16:27:50.965 +01:00 [Information] HTTP "GET" "/fines/20381/activities" responded 200 in 14812.6941 ms
2019-11-27 16:27:53.782 +01:00 [Information] HTTP "GET" "/configurationItems" responded 200 in 17903.8685 ms
2019-11-27 16:27:53.817 +01:00 [Information] HTTP "OPTIONS" "/fines/20381" responded 204 in 0.0975 ms
2019-11-27 16:27:56.725 +01:00 [Information] HTTP "GET" "/documents/fine/20381" responded 200 in 20697.8815 ms
2019-11-27 16:28:01.314 +01:00 [Information] HTTP "GET" "/fines/20381" responded 200 in 7486.4998 ms
2019-11-27 16:28:01.636 +01:00 [Information] HTTP "OPTIONS" "/cities/22/1170" responded 204 in 0.0938 ms
2019-11-27 16:28:04.453 +01:00 [Information] HTTP "GET" "/cities/22/1170" responded 200 in 2810.8243 ms
2019-11-27 16:29:09.627 +01:00 [Information] HTTP "OPTIONS" "/configurationItems" responded 204 in 4.0926 ms
2019-11-27 16:29:09.631 +01:00 [Information] HTTP "OPTIONS" "/configurationItems" responded 204 in 0.0900 ms
2019-11-27 16:29:09.631 +01:00 [Information] HTTP "OPTIONS" "/countries" responded 204 in 0.0859 ms
2019-11-27 16:29:16.931 +01:00 [Information] HTTP "GET" "/configurationItems" responded 200 in 7295.9879 ms
2019-11-27 16:29:16.958 +01:00 [Information] HTTP "GET" "/configurationItems" responded 200 in 7296.4360 ms
2019-11-27 16:29:19.318 +01:00 [Information] HTTP "GET" "/countries" responded 200 in 9652.7758 ms
2019-11-27 16:29:52.984 +01:00 [Information] HTTP "OPTIONS" "/employees/plates/1-WRP-293" responded 204 in 0.0582 ms
2019-11-27 16:29:57.951 +01:00 [Information] HTTP "GET" "/employees/plates/1-WRP-293" responded 200 in 4957.8648 ms
2019-11-27 16:30:10.283 +01:00 [Information] HTTP "OPTIONS" "/cities/22/1170" responded 204 in 0.8028 ms
2019-11-27 16:30:12.870 +01:00 [Information] HTTP "GET" "/cities/22/1170" responded 200 in 2579.3169 ms
2019-11-27 16:30:41.374 +01:00 [Information] HTTP "OPTIONS" "/fines" responded 204 in 0.0645 ms
2019-11-27 16:30:46.069 +01:00 [Information] HTTP "POST" "/fines" responded 200 in 4687.8999 ms
2019-11-27 16:30:46.100 +01:00 [Information] HTTP "OPTIONS" "/countries" responded 204 in 0.3934 ms
2019-11-27 16:30:46.101 +01:00 [Information] HTTP "OPTIONS" "/configurationItems" responded 204 in 0.2543 ms
2019-11-27 16:30:46.103 +01:00 [Information] HTTP "OPTIONS" "/configurationItems" responded 204 in 0.0529 ms
2019-11-27 16:30:46.106 +01:00 [Information] HTTP "OPTIONS" "/configurationItems" responded 204 in 0.0506 ms
2019-11-27 16:30:46.173 +01:00 [Information] HTTP "OPTIONS" "/documents/fine/20382" responded 204 in 0.0470 ms
2019-11-27 16:30:46.273 +01:00 [Information] HTTP "OPTIONS" "/fines/20382/activities" responded 204 in 0.0390 ms
2019-11-27 16:30:54.012 +01:00 [Information] HTTP "GET" "/configurationItems" responded 200 in 7898.4625 ms
2019-11-27 16:30:54.783 +01:00 [Information] HTTP "GET" "/countries" responded 200 in 8677.3238 ms
2019-11-27 16:30:59.116 +01:00 [Information] HTTP "GET" "/configurationItems" responded 200 in 12984.7139 ms
2019-11-27 16:31:01.667 +01:00 [Information] HTTP "GET" "/configurationItems" responded 200 in 15525.8457 ms
2019-11-27 16:31:01.700 +01:00 [Information] HTTP "OPTIONS" "/fines/20382" responded 204 in 0.0521 ms
2019-11-27 16:31:07.295 +01:00 [Information] HTTP "GET" "/fines/20382/activities" responded 200 in 21012.9422 ms
2019-11-27 16:31:09.591 +01:00 [Information] HTTP "GET" "/documents/fine/20382" responded 200 in 23407.8390 ms
2019-11-27 16:31:13.685 +01:00 [Information] HTTP "GET" "/fines/20382" responded 200 in 11973.0573 ms
2019-11-27 16:31:14.025 +01:00 [Information] HTTP "OPTIONS" "/cities/22/1170" responded 204 in 0.1345 ms
2019-11-27 16:31:17.734 +01:00 [Information] HTTP "GET" "/cities/22/1170" responded 200 in 3703.3588 ms
2019-11-27 17:17:28.664 +01:00 [Information] HTTP "OPTIONS" "/configurationItems" responded 204 in 0.1451 ms
2019-11-27 17:17:28.664 +01:00 [Information] HTTP "OPTIONS" "/countries" responded 204 in 0.1208 ms
2019-11-27 17:17:28.665 +01:00 [Information] HTTP "OPTIONS" "/configurationItems" responded 204 in 0.0369 ms
2019-11-27 17:17:28.665 +01:00 [Information] HTTP "OPTIONS" "/configurationItems" responded 204 in 0.0246 ms
2019-11-27 17:17:34.728 +01:00 [Information] HTTP "OPTIONS" "/fines/20382/activities" responded 204 in 0.0315 ms
2019-11-27 17:17:34.733 +01:00 [Information] HTTP "OPTIONS" "/documents/fine/20382" responded 204 in 0.0307 ms
2019-11-27 17:17:38.892 +01:00 [Information] HTTP "GET" "/configurationItems" responded 200 in 10220.6890 ms
2019-11-27 17:17:39.841 +01:00 [Information] HTTP "GET" "/configurationItems" responded 200 in 11169.9565 ms
2019-11-27 17:17:51.860 +01:00 [Information] HTTP "GET" "/configurationItems" responded 200 in 23134.7786 ms
2019-11-27 17:17:53.176 +01:00 [Information] HTTP "GET" "/countries" responded 200 in 22871.9807 ms
2019-11-27 17:17:54.718 +01:00 [Information] HTTP "OPTIONS" "/countries" responded 204 in 0.0351 ms
2019-11-27 17:17:54.725 +01:00 [Information] HTTP "OPTIONS" "/configurationItems" responded 204 in 0.0243 ms
2019-11-27 17:17:54.733 +01:00 [Information] HTTP "OPTIONS" "/configurationItems" responded 204 in 0.0201 ms
2019-11-27 17:17:54.739 +01:00 [Information] HTTP "OPTIONS" "/configurationItems" responded 204 in 0.0578 ms
2019-11-27 17:17:54.956 +01:00 [Information] HTTP "OPTIONS" "/fines/20382/activities" responded 204 in 0.9093 ms
2019-11-27 17:17:55.441 +01:00 [Information] HTTP "OPTIONS" "/documents/fine/20382" responded 204 in 0.0274 ms
2019-11-27 17:18:09.631 +01:00 [Information] HTTP "OPTIONS" "/countries" responded 204 in 1.0784 ms
2019-11-27 17:18:09.642 +01:00 [Information] HTTP "OPTIONS" "/configurationItems" responded 204 in 0.0312 ms
2019-11-27 17:18:09.660 +01:00 [Information] HTTP "OPTIONS" "/configurationItems" responded 204 in 0.9810 ms
2019-11-27 17:18:09.667 +01:00 [Information] HTTP "OPTIONS" "/configurationItems" responded 204 in 0.0344 ms
2019-11-27 17:18:10.050 +01:00 [Information] HTTP "GET" "/configurationItems" responded 200 in 15309.4885 ms
2019-11-27 17:18:10.082 +01:00 [Information] HTTP "OPTIONS" "/fines/20382/activities" responded 204 in 0.0392 ms
2019-11-27 17:18:10.095 +01:00 [Information] HTTP "GET" "/countries" responded 200 in 15370.3811 ms
2019-11-27 17:18:10.435 +01:00 [Information] HTTP "OPTIONS" "/documents/fine/20382" responded 204 in 0.0264 ms
2019-11-27 17:18:14.838 +01:00 [Information] HTTP "GET" "/documents/fine/20382" responded 200 in 19381.9368 ms
2019-11-27 17:18:19.638 +01:00 [Information] HTTP "GET" "/documents/fine/20382" responded 200 in 9196.6050 ms
2019-11-27 17:18:21.549 +01:00 [Information] HTTP "GET" "/fines/20382/activities" responded 200 in 26587.3153 ms
2019-11-27 17:18:21.609 +01:00 [Information] HTTP "GET" "/fines/20382/activities" responded 200 in 46818.3153 ms
2019-11-27 17:18:24.320 +01:00 [Information] HTTP "GET" "/documents/fine/20382" responded 200 in 47090.4694 ms
2019-11-27 17:18:29.106 +01:00 [Information] HTTP "GET" "/configurationItems" responded 200 in 34372.6746 ms
2019-11-27 17:18:31.297 +01:00 [Information] HTTP "GET" "/configurationItems" responded 200 in 36553.5473 ms
2019-11-27 17:18:34.524 +01:00 [Information] HTTP "GET" "/configurationItems" responded 200 in 24875.3482 ms
2019-11-27 17:18:37.514 +01:00 [Information] HTTP "GET" "/countries" responded 200 in 27871.7897 ms
2019-11-27 17:18:47.865 +01:00 [Information] HTTP "GET" "/configurationItems" responded 200 in 38197.8827 ms
2019-11-27 17:18:56.573 +01:00 [Information] HTTP "OPTIONS" "/countries" responded 204 in 0.0325 ms
2019-11-27 17:18:56.583 +01:00 [Information] HTTP "OPTIONS" "/configurationItems" responded 204 in 0.0274 ms
2019-11-27 17:18:56.593 +01:00 [Information] HTTP "OPTIONS" "/configurationItems" responded 204 in 0.0994 ms
2019-11-27 17:18:56.735 +01:00 [Information] HTTP "OPTIONS" "/configurationItems" responded 204 in 1.8354 ms
2019-11-27 17:18:57.016 +01:00 [Information] HTTP "OPTIONS" "/fines/20382/activities" responded 204 in 0.0389 ms
2019-11-27 17:18:57.360 +01:00 [Information] HTTP "OPTIONS" "/documents/fine/20382" responded 204 in 0.0320 ms
2019-11-27 17:19:09.442 +01:00 [Information] HTTP "GET" "/configurationItems" responded 200 in 12823.3618 ms
2019-11-27 17:19:09.629 +01:00 [Information] HTTP "GET" "/countries" responded 200 in 13045.4598 ms
2019-11-27 17:19:10.907 +01:00 [Information] HTTP "OPTIONS" "/countries" responded 204 in 0.0437 ms
2019-11-27 17:19:10.918 +01:00 [Information] HTTP "OPTIONS" "/configurationItems" responded 204 in 0.0513 ms
2019-11-27 17:19:11.174 +01:00 [Information] HTTP "OPTIONS" "/configurationItems" responded 204 in 0.0392 ms
2019-11-27 17:19:11.179 +01:00 [Information] HTTP "OPTIONS" "/configurationItems" responded 204 in 0.0299 ms
2019-11-27 17:19:11.413 +01:00 [Information] HTTP "OPTIONS" "/fines/20382/activities" responded 204 in 0.8791 ms
2019-11-27 17:19:11.762 +01:00 [Information] HTTP "OPTIONS" "/documents/fine/20382" responded 204 in 0.0336 ms
2019-11-27 17:19:21.803 +01:00 [Information] HTTP "GET" "/countries" responded 200 in 10881.2801 ms
2019-11-27 17:19:31.195 +01:00 [Information] HTTP "GET" "/fines/20382/activities" responded 200 in 19775.2465 ms
2019-11-27 17:19:33.301 +01:00 [Information] HTTP "GET" "/documents/fine/20382" responded 200 in 21531.9636 ms
2019-11-27 17:19:37.694 +01:00 [Information] HTTP "OPTIONS" "/countries" responded 204 in 0.0269 ms
2019-11-27 17:19:37.694 +01:00 [Information] HTTP "OPTIONS" "/configurationItems" responded 204 in 0.0193 ms
2019-11-27 17:19:37.703 +01:00 [Information] HTTP "OPTIONS" "/configurationItems" responded 204 in 0.0261 ms
2019-11-27 17:19:37.712 +01:00 [Information] HTTP "OPTIONS" "/configurationItems" responded 204 in 0.0297 ms
2019-11-27 17:19:38.003 +01:00 [Information] HTTP "OPTIONS" "/fines/20382/activities" responded 204 in 0.0297 ms
2019-11-27 17:19:38.371 +01:00 [Information] HTTP "OPTIONS" "/documents/fine/20382" responded 204 in 0.0844 ms
2019-11-27 17:19:39.184 +01:00 [Information] HTTP "GET" "/configurationItems" responded 200 in 28251.0162 ms
2019-11-27 17:19:46.649 +01:00 [Information] HTTP "GET" "/configurationItems" responded 200 in 8944.0494 ms
2019-11-27 17:19:46.711 +01:00 [Information] HTTP "GET" "/configurationItems" responded 200 in 8997.7694 ms
2019-11-27 17:19:50.321 +01:00 [Information] HTTP "GET" "/configurationItems" responded 200 in 39138.3834 ms
2019-11-27 17:19:52.179 +01:00 [Information] HTTP "GET" "/fines/20382/activities" responded 200 in 55151.7514 ms
2019-11-27 17:19:52.466 +01:00 [Information] HTTP "GET" "/documents/fine/20382" responded 200 in 14084.3565 ms
2019-11-27 17:19:53.008 +01:00 [Information] HTTP "GET" "/fines/20382/activities" responded 200 in 102919.2967 ms
2019-11-27 17:19:59.618 +01:00 [Information] HTTP "GET" "/configurationItems" responded 200 in 62875.8916 ms
2019-11-27 17:20:01.819 +01:00 [Information] HTTP "GET" "/configurationItems" responded 200 in 65220.5736 ms
2019-11-27 17:20:01.836 +01:00 [Information] HTTP "GET" "/configurationItems" responded 200 in 112128.1592 ms
2019-11-27 17:20:06.764 +01:00 [Information] HTTP "GET" "/documents/fine/20382" responded 200 in 69388.9017 ms
2019-11-27 17:20:09.553 +01:00 [Information] HTTP "GET" "/configurationItems" responded 200 in 58351.6050 ms
2019-11-27 17:20:11.923 +01:00 [Information] HTTP "GET" "/countries" responded 200 in 34219.7474 ms
2019-11-27 17:20:18.182 +01:00 [Information] HTTP "GET" "/fines/20382/activities" responded 200 in 40171.6361 ms
2019-11-27 17:20:18.315 +01:00 [Information] HTTP "GET" "/configurationItems" responded 200 in 40596.3961 ms
2019-11-27 17:20:18.329 +01:00 [Information] HTTP "OPTIONS" "/fines/20382" responded 204 in 0.0476 ms
2019-11-27 17:20:25.979 +01:00 [Information] HTTP "GET" "/fines/20382" responded 200 in 7647.7284 ms
2019-11-27 17:20:26.309 +01:00 [Information] HTTP "OPTIONS" "/cities/22/1170" responded 204 in 0.0481 ms
2019-11-27 17:20:29.894 +01:00 [Information] HTTP "GET" "/cities/22/1170" responded 200 in 3582.1362 ms
2019-11-27 17:20:57.150 +01:00 [Information] HTTP "OPTIONS" "/countries" responded 204 in 0.0332 ms
2019-11-27 17:20:57.151 +01:00 [Information] HTTP "OPTIONS" "/configurationItems" responded 204 in 0.0324 ms
2019-11-27 17:20:57.152 +01:00 [Information] HTTP "OPTIONS" "/configurationItems" responded 204 in 0.0277 ms
2019-11-27 17:20:57.152 +01:00 [Information] HTTP "OPTIONS" "/configurationItems" responded 204 in 0.0262 ms
2019-11-27 17:21:03.175 +01:00 [Information] HTTP "OPTIONS" "/fines/20382/activities" responded 204 in 0.0313 ms
2019-11-27 17:21:03.186 +01:00 [Information] HTTP "OPTIONS" "/documents/fine/20382" responded 204 in 0.0454 ms
2019-11-27 17:21:06.929 +01:00 [Information] HTTP "GET" "/countries" responded 200 in 9765.7581 ms
2019-11-27 17:21:07.530 +01:00 [Information] HTTP "GET" "/configurationItems" responded 200 in 10328.6791 ms
2019-11-27 17:21:14.153 +01:00 [Information] HTTP "GET" "/configurationItems" responded 200 in 16950.9545 ms
2019-11-27 17:21:17.284 +01:00 [Information] HTTP "GET" "/configurationItems" responded 200 in 20099.4283 ms
2019-11-27 17:21:17.329 +01:00 [Information] HTTP "OPTIONS" "/fines/20382" responded 204 in 0.0400 ms
2019-11-27 17:21:21.172 +01:00 [Information] HTTP "GET" "/documents/fine/20382" responded 200 in 17975.0383 ms
2019-11-27 17:21:27.968 +01:00 [Information] HTTP "GET" "/fines/20382/activities" responded 200 in 23807.3878 ms
2019-11-27 17:21:32.059 +01:00 [Information] HTTP "GET" "/fines/20382" responded 200 in 14708.9363 ms
2019-11-27 17:21:32.423 +01:00 [Information] HTTP "OPTIONS" "/cities/22/1170" responded 204 in 0.0464 ms
2019-11-27 17:21:37.318 +01:00 [Information] HTTP "GET" "/cities/22/1170" responded 200 in 4890.4144 ms
2019-11-27 17:21:52.440 +01:00 [Information] HTTP "OPTIONS" "/countries" responded 204 in 0.0410 ms
2019-11-27 17:21:52.444 +01:00 [Information] HTTP "OPTIONS" "/configurationItems" responded 204 in 0.0285 ms
2019-11-27 17:21:52.453 +01:00 [Information] HTTP "OPTIONS" "/configurationItems" responded 204 in 0.0419 ms
2019-11-27 17:21:52.459 +01:00 [Information] HTTP "OPTIONS" "/configurationItems" responded 204 in 0.0368 ms
2019-11-27 17:21:52.764 +01:00 [Information] HTTP "OPTIONS" "/fines/20382/activities" responded 204 in 0.0367 ms
2019-11-27 17:21:54.460 +01:00 [Information] HTTP "OPTIONS" "/documents/fine/20382" responded 204 in 0.0319 ms
2019-11-27 17:22:02.440 +01:00 [Information] HTTP "GET" "/configurationItems" responded 200 in 9970.4960 ms
2019-11-27 17:22:02.829 +01:00 [Information] HTTP "GET" "/countries" responded 200 in 10386.4268 ms
2019-11-27 17:22:07.671 +01:00 [Information] HTTP "GET" "/configurationItems" responded 200 in 15212.0863 ms
2019-11-27 17:22:12.701 +01:00 [Information] HTTP "GET" "/configurationItems" responded 200 in 20251.7454 ms
2019-11-27 17:22:12.740 +01:00 [Information] HTTP "OPTIONS" "/fines/20382" responded 204 in 0.0371 ms
2019-11-27 17:22:13.378 +01:00 [Information] HTTP "GET" "/fines/20382/activities" responded 200 in 20433.6414 ms
2019-11-27 17:22:16.740 +01:00 [Information] HTTP "GET" "/documents/fine/20382" responded 200 in 22270.3179 ms
2019-11-27 17:22:21.109 +01:00 [Information] HTTP "GET" "/fines/20382" responded 200 in 8342.7467 ms
2019-11-27 17:22:21.434 +01:00 [Information] HTTP "OPTIONS" "/cities/22/1170" responded 204 in 0.0731 ms
2019-11-27 17:22:24.485 +01:00 [Information] HTTP "GET" "/cities/22/1170" responded 200 in 3048.6563 ms
2019-11-27 17:22:35.376 +01:00 [Information] HTTP "OPTIONS" "/countries" responded 204 in 0.0350 ms
2019-11-27 17:22:35.383 +01:00 [Information] HTTP "OPTIONS" "/configurationItems" responded 204 in 0.0522 ms
2019-11-27 17:22:35.390 +01:00 [Information] HTTP "OPTIONS" "/configurationItems" responded 204 in 0.0402 ms
2019-11-27 17:22:35.392 +01:00 [Information] HTTP "OPTIONS" "/configurationItems" responded 204 in 0.0256 ms
2019-11-27 17:22:35.676 +01:00 [Information] HTTP "OPTIONS" "/fines/20382/activities" responded 204 in 1.4383 ms
2019-11-27 17:22:36.030 +01:00 [Information] HTTP "OPTIONS" "/documents/fine/20382" responded 204 in 0.9522 ms
2019-11-27 17:22:43.624 +01:00 [Information] HTTP "GET" "/countries" responded 200 in 8238.6992 ms
2019-11-27 17:22:43.750 +01:00 [Information] HTTP "GET" "/configurationItems" responded 200 in 8352.1606 ms
2019-11-27 17:22:49.467 +01:00 [Information] HTTP "GET" "/configurationItems" responded 200 in 14074.2477 ms
2019-11-27 17:22:56.272 +01:00 [Information] HTTP "GET" "/configurationItems" responded 200 in 20875.1446 ms
2019-11-27 17:23:00.230 +01:00 [Information] HTTP "OPTIONS" "/configurationItems" responded 204 in 1.2327 ms
2019-11-27 17:23:00.230 +01:00 [Information] HTTP "OPTIONS" "/countries" responded 204 in 1.2439 ms
2019-11-27 17:23:00.239 +01:00 [Information] HTTP "OPTIONS" "/configurationItems" responded 204 in 0.0329 ms
2019-11-27 17:23:00.278 +01:00 [Information] HTTP "OPTIONS" "/configurationItems" responded 204 in 0.0390 ms
2019-11-27 17:23:00.500 +01:00 [Information] HTTP "OPTIONS" "/fines/20382/activities" responded 204 in 0.0530 ms
2019-11-27 17:23:00.852 +01:00 [Information] HTTP "OPTIONS" "/documents/fine/20382" responded 204 in 0.0599 ms
2019-11-27 17:23:03.280 +01:00 [Information] HTTP "GET" "/fines/20382/activities" responded 200 in 27589.2618 ms
2019-11-27 17:23:08.570 +01:00 [Information] HTTP "GET" "/configurationItems" responded 200 in 8322.0668 ms
2019-11-27 17:23:10.970 +01:00 [Information] HTTP "GET" "/fines/20382/activities" responded 200 in 10463.4563 ms
2019-11-27 17:23:12.362 +01:00 [Information] HTTP "GET" "/configurationItems" responded 200 in 12107.0249 ms
2019-11-27 17:23:17.266 +01:00 [Information] HTTP "GET" "/documents/fine/20382" responded 200 in 16400.4632 ms
2019-11-27 17:23:17.560 +01:00 [Information] HTTP "GET" "/documents/fine/20382" responded 200 in 41517.9469 ms
2019-11-27 17:23:18.554 +01:00 [Information] HTTP "GET" "/configurationItems" responded 200 in 18264.9393 ms
2019-11-27 17:23:20.519 +01:00 [Information] HTTP "GET" "/countries" responded 200 in 20280.1839 ms
2019-11-27 17:23:20.540 +01:00 [Information] HTTP "OPTIONS" "/fines/20382" responded 204 in 0.0781 ms
2019-11-27 17:23:25.841 +01:00 [Information] HTTP "GET" "/fines/20382" responded 200 in 5297.6047 ms
2019-11-27 17:23:26.176 +01:00 [Information] HTTP "OPTIONS" "/cities/22/1170" responded 204 in 0.0697 ms
2019-11-27 17:23:28.831 +01:00 [Information] HTTP "GET" "/cities/22/1170" responded 200 in 2652.8299 ms
2019-11-27 17:45:58.826 +01:00 [Information] HTTP "GET" "/" responded 404 in 78.2520 ms
2019-11-27 17:47:53.054 +01:00 [Information] HTTP "OPTIONS" "/configurationItems" responded 204 in 22.7433 ms
2019-11-27 17:48:02.238 +01:00 [Information] HTTP "GET" "/configurationItems" responded 200 in 9174.8655 ms
2019-11-27 17:48:03.983 +01:00 [Information] HTTP "OPTIONS" "/fines" responded 204 in 0.3438 ms
2019-11-27 17:48:09.886 +01:00 [Information] HTTP "GET" "/fines" responded 200 in 5897.7421 ms
2019-11-27 17:48:12.415 +01:00 [Information] HTTP "OPTIONS" "/countries" responded 204 in 0.6247 ms
2019-11-27 17:48:12.427 +01:00 [Information] HTTP "OPTIONS" "/configurationItems" responded 204 in 0.3434 ms
2019-11-27 17:48:12.436 +01:00 [Information] HTTP "OPTIONS" "/configurationItems" responded 204 in 0.1327 ms
2019-11-27 17:48:13.433 +01:00 [Information] HTTP "OPTIONS" "/configurationItems" responded 204 in 0.0634 ms
2019-11-27 17:48:13.433 +01:00 [Information] HTTP "OPTIONS" "/documents/fine/13143" responded 204 in 0.0452 ms
2019-11-27 17:48:13.434 +01:00 [Information] HTTP "OPTIONS" "/fines/13143/activities" responded 204 in 0.0403 ms
2019-11-27 17:48:26.164 +01:00 [Information] HTTP "GET" "/configurationItems" responded 200 in 13713.4656 ms
2019-11-27 17:48:27.152 +01:00 [Information] HTTP "GET" "/countries" responded 200 in 14727.9596 ms
2019-11-27 17:48:29.362 +01:00 [Information] HTTP "GET" "/configurationItems" responded 200 in 16930.8362 ms
2019-11-27 17:48:30.062 +01:00 [Information] HTTP "GET" "/fines/13143/activities" responded 200 in 16601.2002 ms
2019-11-27 17:48:33.780 +01:00 [Information] HTTP "GET" "/documents/fine/13143" responded 200 in 19322.3350 ms
2019-11-27 17:48:34.669 +01:00 [Information] HTTP "GET" "/configurationItems" responded 200 in 19221.3460 ms
2019-11-27 17:48:34.732 +01:00 [Information] HTTP "OPTIONS" "/fines/13143" responded 204 in 0.6935 ms
2019-11-27 17:48:40.515 +01:00 [Information] HTTP "GET" "/fines/13143" responded 200 in 5773.4326 ms
2019-11-27 17:49:07.564 +01:00 [Information] HTTP "OPTIONS" "/countries" responded 204 in 0.2508 ms
2019-11-27 17:49:07.745 +01:00 [Information] HTTP "OPTIONS" "/configurationItems" responded 204 in 0.1731 ms
2019-11-27 17:49:07.797 +01:00 [Information] HTTP "OPTIONS" "/configurationItems" responded 204 in 3.1026 ms
2019-11-27 17:49:07.844 +01:00 [Information] HTTP "OPTIONS" "/configurationItems" responded 204 in 0.0499 ms
2019-11-27 17:49:09.231 +01:00 [Information] HTTP "OPTIONS" "/fines/13143/activities" responded 204 in 0.0633 ms
2019-11-27 17:49:09.239 +01:00 [Information] HTTP "OPTIONS" "/documents/fine/13143" responded 204 in 0.0457 ms
2019-11-27 17:49:31.147 +01:00 [Information] HTTP "GET" "/configurationItems" responded 200 in 23290.4820 ms
2019-11-27 17:49:31.476 +01:00 [Information] HTTP "GET" "/countries" responded 200 in 23867.6428 ms
2019-11-27 17:49:35.582 +01:00 [Information] HTTP "OPTIONS" "/countries" responded 204 in 4.8293 ms
2019-11-27 17:49:35.592 +01:00 [Information] HTTP "OPTIONS" "/configurationItems" responded 204 in 0.0487 ms
2019-11-27 17:49:35.602 +01:00 [Information] HTTP "OPTIONS" "/configurationItems" responded 204 in 0.0606 ms
2019-11-27 17:49:35.604 +01:00 [Information] HTTP "OPTIONS" "/configurationItems" responded 204 in 0.0427 ms
2019-11-27 17:49:35.605 +01:00 [Information] HTTP "OPTIONS" "/fines/13143/activities" responded 204 in 0.0467 ms
2019-11-27 17:49:35.620 +01:00 [Information] HTTP "OPTIONS" "/documents/fine/13143" responded 204 in 0.0461 ms
2019-11-27 17:49:46.329 +01:00 [Information] HTTP "GET" "/configurationItems" responded 200 in 38509.9229 ms
2019-11-27 17:49:49.497 +01:00 [Information] HTTP "GET" "/configurationItems" responded 200 in 13858.2872 ms
2019-11-27 17:50:12.296 +01:00 [Information] HTTP "GET" "/" responded 404 in 109.8277 ms
2019-11-27 17:50:12.630 +01:00 [Information] HTTP "GET" "/favicon.ico" responded 404 in 69.6912 ms
2019-11-27 17:52:00.937 +01:00 [Information] HTTP "OPTIONS" "/configurationItems" responded 204 in 1.8390 ms
2019-11-27 17:52:10.672 +01:00 [Information] HTTP "GET" "/configurationItems" responded 200 in 9729.9043 ms
2019-11-27 17:52:15.138 +01:00 [Information] HTTP "OPTIONS" "/fines" responded 204 in 0.5118 ms
2019-11-27 17:52:20.071 +01:00 [Information] HTTP "GET" "/fines" responded 200 in 4926.9890 ms
2019-11-27 17:52:22.696 +01:00 [Information] HTTP "OPTIONS" "/countries" responded 204 in 0.3337 ms
2019-11-27 17:52:22.706 +01:00 [Information] HTTP "OPTIONS" "/configurationItems" responded 204 in 0.1962 ms
2019-11-27 17:52:22.715 +01:00 [Information] HTTP "OPTIONS" "/configurationItems" responded 204 in 0.0851 ms
2019-11-27 17:52:22.730 +01:00 [Information] HTTP "OPTIONS" "/configurationItems" responded 204 in 0.0449 ms
2019-11-27 17:52:22.898 +01:00 [Information] HTTP "OPTIONS" "/documents/fine/13143" responded 204 in 0.0544 ms
2019-11-27 17:52:22.961 +01:00 [Information] HTTP "OPTIONS" "/fines/13143/activities" responded 204 in 0.9936 ms
2019-11-27 17:52:32.637 +01:00 [Information] HTTP "GET" "/configurationItems" responded 200 in 9896.0618 ms
2019-11-27 17:52:34.763 +01:00 [Information] HTTP "GET" "/configurationItems" responded 200 in 12053.8711 ms
2019-11-27 17:52:34.763 +01:00 [Information] HTTP "GET" "/countries" responded 200 in 12058.5083 ms
2019-11-27 17:52:38.941 +01:00 [Information] HTTP "GET" "/configurationItems" responded 200 in 16213.4778 ms
2019-11-27 17:52:38.981 +01:00 [Information] HTTP "OPTIONS" "/fines/13143" responded 204 in 0.1836 ms
2019-11-27 17:52:43.681 +01:00 [Information] HTTP "GET" "/documents/fine/13143" responded 200 in 20772.7389 ms
2019-11-27 17:52:48.618 +01:00 [Information] HTTP "GET" "/fines/13143/activities" responded 200 in 25650.3672 ms
2019-11-27 17:52:50.372 +01:00 [Information] HTTP "GET" "/fines/13143" responded 200 in 11376.8004 ms
2019-11-27 17:53:45.203 +01:00 [Information] HTTP "OPTIONS" "/configurationItems" responded 204 in 0.2251 ms
2019-11-27 17:53:45.203 +01:00 [Information] HTTP "OPTIONS" "/countries" responded 204 in 0.2252 ms
2019-11-27 17:53:45.205 +01:00 [Information] HTTP "OPTIONS" "/configurationItems" responded 204 in 0.0587 ms
2019-11-27 17:53:45.213 +01:00 [Information] HTTP "OPTIONS" "/configurationItems" responded 204 in 0.0868 ms
2019-11-27 17:53:55.207 +01:00 [Information] HTTP "OPTIONS" "/fines/13143/activities" responded 204 in 0.0680 ms
2019-11-27 17:53:55.220 +01:00 [Information] HTTP "OPTIONS" "/documents/fine/13143" responded 204 in 0.0436 ms
2019-11-27 17:54:04.895 +01:00 [Information] HTTP "GET" "/countries" responded 200 in 19647.6868 ms
2019-11-27 17:54:04.899 +01:00 [Information] HTTP "GET" "/configurationItems" responded 200 in 19672.6287 ms
2019-11-27 17:54:15.457 +01:00 [Information] HTTP "GET" "/configurationItems" responded 200 in 30185.1628 ms
2019-11-27 17:54:18.693 +01:00 [Information] HTTP "GET" "/configurationItems" responded 200 in 28914.9297 ms
2019-11-27 17:54:18.765 +01:00 [Information] HTTP "OPTIONS" "/fines/13143" responded 204 in 0.1973 ms
2019-11-27 17:54:26.693 +01:00 [Information] HTTP "GET" "/fines/13143/activities" responded 200 in 31087.5096 ms
2019-11-27 17:54:34.668 +01:00 [Information] HTTP "GET" "/documents/fine/13143" responded 200 in 32839.2639 ms
2019-11-27 17:54:36.290 +01:00 [Information] HTTP "GET" "/fines/13143" responded 200 in 17484.8337 ms
2019-11-27 17:55:32.410 +01:00 [Information] HTTP "OPTIONS" "/countries" responded 204 in 0.2478 ms
2019-11-27 17:55:32.425 +01:00 [Information] HTTP "OPTIONS" "/configurationItems" responded 204 in 0.0818 ms
2019-11-27 17:55:32.474 +01:00 [Information] HTTP "OPTIONS" "/configurationItems" responded 204 in 2.4779 ms
2019-11-27 17:55:35.720 +01:00 [Information] HTTP "OPTIONS" "/configurationItems" responded 204 in 0.0440 ms
2019-11-27 17:55:35.722 +01:00 [Information] HTTP "OPTIONS" "/fines/13143/activities" responded 204 in 0.0710 ms
2019-11-27 17:55:35.730 +01:00 [Information] HTTP "OPTIONS" "/documents/fine/13143" responded 204 in 0.0422 ms
2019-11-27 17:55:42.216 +01:00 [Information] HTTP "GET" "/countries" responded 200 in 9791.5856 ms
2019-11-27 17:55:42.257 +01:00 [Information] HTTP "GET" "/configurationItems" responded 200 in 9760.4545 ms
2019-11-27 17:55:45.844 +01:00 [Information] HTTP "GET" "/configurationItems" responded 200 in 13410.8902 ms
2019-11-27 17:55:48.972 +01:00 [Information] HTTP "GET" "/configurationItems" responded 200 in 13238.0976 ms
2019-11-27 17:55:49.041 +01:00 [Information] HTTP "OPTIONS" "/fines/13143" responded 204 in 0.1089 ms
2019-11-27 17:55:51.582 +01:00 [Information] HTTP "GET" "/documents/fine/13143" responded 200 in 14870.3669 ms
2019-11-27 17:55:55.570 +01:00 [Information] HTTP "GET" "/fines/13143/activities" responded 200 in 17856.9557 ms
2019-11-27 17:55:57.869 +01:00 [Information] HTTP "GET" "/fines/13143" responded 200 in 8809.3859 ms
2019-11-27 17:57:06.217 +01:00 [Information] HTTP "OPTIONS" "/countries" responded 204 in 0.1237 ms
2019-11-27 17:57:06.219 +01:00 [Information] HTTP "OPTIONS" "/configurationItems" responded 204 in 0.1309 ms
2019-11-27 17:57:06.220 +01:00 [Information] HTTP "OPTIONS" "/configurationItems" responded 204 in 0.1074 ms
2019-11-27 17:57:06.370 +01:00 [Information] HTTP "OPTIONS" "/configurationItems" responded 204 in 0.1183 ms
2019-11-27 17:57:17.333 +01:00 [Information] HTTP "OPTIONS" "/fines/13143/activities" responded 204 in 0.0928 ms
2019-11-27 17:57:17.463 +01:00 [Information] HTTP "OPTIONS" "/documents/fine/13143" responded 204 in 0.0796 ms
2019-11-27 17:57:29.665 +01:00 [Information] HTTP "GET" "/countries" responded 200 in 23293.7004 ms
2019-11-27 17:57:29.847 +01:00 [Information] HTTP "GET" "/configurationItems" responded 200 in 23412.1843 ms
2019-11-27 17:57:38.313 +01:00 [Information] HTTP "GET" "/configurationItems" responded 200 in 31918.8348 ms
2019-11-27 17:57:39.888 +01:00 [Information] HTTP "GET" "/configurationItems" responded 200 in 29004.9770 ms
2019-11-27 17:57:39.931 +01:00 [Information] HTTP "OPTIONS" "/fines/13143" responded 204 in 0.9721 ms
2019-11-27 17:57:46.039 +01:00 [Information] HTTP "GET" "/fines/13143/activities" responded 200 in 28574.1451 ms
2019-11-27 17:57:49.581 +01:00 [Information] HTTP "GET" "/documents/fine/13143" responded 200 in 25834.3205 ms
2019-11-27 17:57:50.673 +01:00 [Information] HTTP "GET" "/fines/13143" responded 200 in 10730.4192 ms
2019-11-27 17:58:36.850 +01:00 [Information] HTTP "GET" "/" responded 404 in 259.5511 ms
2019-11-27 17:58:37.260 +01:00 [Information] HTTP "GET" "/favicon.ico" responded 404 in 71.2740 ms
2019-11-27 17:59:16.881 +01:00 [Information] HTTP "OPTIONS" "/configurationItems" responded 204 in 3.5868 ms
2019-11-27 17:59:27.764 +01:00 [Information] HTTP "GET" "/configurationItems" responded 200 in 10876.1480 ms
2019-11-27 17:59:29.354 +01:00 [Information] HTTP "OPTIONS" "/fines" responded 204 in 0.5344 ms
2019-11-27 17:59:35.319 +01:00 [Information] HTTP "GET" "/fines" responded 200 in 5947.2926 ms
2019-11-27 17:59:37.342 +01:00 [Information] HTTP "OPTIONS" "/countries" responded 204 in 0.3305 ms
2019-11-27 17:59:37.357 +01:00 [Information] HTTP "OPTIONS" "/configurationItems" responded 204 in 0.3697 ms
2019-11-27 17:59:37.384 +01:00 [Information] HTTP "OPTIONS" "/configurationItems" responded 204 in 0.0702 ms
2019-11-27 17:59:37.392 +01:00 [Information] HTTP "OPTIONS" "/configurationItems" responded 204 in 0.0582 ms
2019-11-27 17:59:37.665 +01:00 [Information] HTTP "OPTIONS" "/documents/fine/13143" responded 204 in 0.0626 ms
2019-11-27 17:59:37.745 +01:00 [Information] HTTP "OPTIONS" "/fines/13143/activities" responded 204 in 0.0456 ms
2019-11-27 17:59:50.032 +01:00 [Information] HTTP "GET" "/configurationItems" responded 200 in 12636.2246 ms
2019-11-27 17:59:50.999 +01:00 [Information] HTTP "GET" "/countries" responded 200 in 13648.8960 ms
2019-11-27 17:59:51.704 +01:00 [Information] HTTP "GET" "/configurationItems" responded 200 in 14336.6668 ms
2019-11-27 17:59:55.395 +01:00 [Information] HTTP "GET" "/configurationItems" responded 200 in 17988.1843 ms
2019-11-27 17:59:55.473 +01:00 [Information] HTTP "OPTIONS" "/fines/13143" responded 204 in 1.2174 ms
2019-11-27 18:00:02.683 +01:00 [Information] HTTP "GET" "/fines/13143/activities" responded 200 in 24928.9930 ms
2019-11-27 18:00:04.645 +01:00 [Information] HTTP "GET" "/documents/fine/13143" responded 200 in 26961.8474 ms
2019-11-27 18:00:06.874 +01:00 [Information] HTTP "GET" "/fines/13143" responded 200 in 11383.2446 ms
2019-11-27 18:02:29.227 +01:00 [Information] HTTP "GET" "/" responded 404 in 122.4526 ms
2019-11-27 18:02:29.462 +01:00 [Information] HTTP "GET" "/favicon.ico" responded 404 in 47.2064 ms
2019-11-27 18:02:53.205 +01:00 [Information] HTTP "OPTIONS" "/configurationItems" responded 204 in 1.7015 ms
2019-11-27 18:03:03.052 +01:00 [Information] HTTP "GET" "/configurationItems" responded 200 in 9842.8332 ms
2019-11-27 18:03:04.132 +01:00 [Information] HTTP "OPTIONS" "/fines" responded 204 in 0.5434 ms
2019-11-27 18:03:09.456 +01:00 [Information] HTTP "GET" "/fines" responded 200 in 5318.4840 ms
2019-11-27 18:03:11.758 +01:00 [Information] HTTP "OPTIONS" "/countries" responded 204 in 0.3832 ms
2019-11-27 18:03:11.769 +01:00 [Information] HTTP "OPTIONS" "/configurationItems" responded 204 in 0.1653 ms
2019-11-27 18:03:11.784 +01:00 [Information] HTTP "OPTIONS" "/configurationItems" responded 204 in 0.0911 ms
2019-11-27 18:03:11.798 +01:00 [Information] HTTP "OPTIONS" "/configurationItems" responded 204 in 0.0662 ms
2019-11-27 18:03:12.039 +01:00 [Information] HTTP "OPTIONS" "/documents/fine/4923" responded 204 in 0.0521 ms
2019-11-27 18:03:12.111 +01:00 [Information] HTTP "OPTIONS" "/fines/4923/activities" responded 204 in 1.0928 ms
2019-11-27 18:03:22.912 +01:00 [Information] HTTP "GET" "/configurationItems" responded 200 in 11132.3700 ms
2019-11-27 18:03:24.526 +01:00 [Information] HTTP "GET" "/countries" responded 200 in 12761.3722 ms
2019-11-27 18:03:25.962 +01:00 [Information] HTTP "GET" "/configurationItems" responded 200 in 14172.9833 ms
2019-11-27 18:03:31.605 +01:00 [Information] HTTP "GET" "/documents/fine/4923" responded 200 in 19556.1880 ms
2019-11-27 18:03:33.649 +01:00 [Information] HTTP "GET" "/configurationItems" responded 200 in 21822.2998 ms
2019-11-27 18:03:33.688 +01:00 [Information] HTTP "OPTIONS" "/fines/4923" responded 204 in 0.1856 ms
2019-11-27 18:03:40.248 +01:00 [Information] HTTP "GET" "/fines/4923/activities" responded 200 in 28127.2633 ms
2019-11-27 18:03:45.161 +01:00 [Information] HTTP "GET" "/fines/4923" responded 200 in 11463.9413 ms
2019-11-27 18:05:56.509 +01:00 [Information] HTTP "GET" "/" responded 404 in 85.8260 ms
2019-11-27 18:05:56.860 +01:00 [Information] HTTP "GET" "/favicon.ico" responded 404 in 67.0795 ms
2019-11-27 18:06:33.592 +01:00 [Information] HTTP "OPTIONS" "/configurationItems" responded 204 in 2.9322 ms
2019-11-27 18:06:44.034 +01:00 [Information] HTTP "GET" "/configurationItems" responded 200 in 10435.7622 ms
2019-11-27 18:07:12.673 +01:00 [Information] HTTP "OPTIONS" "/fines" responded 204 in 1.0534 ms
2019-11-27 18:07:17.826 +01:00 [Information] HTTP "GET" "/fines" responded 200 in 5132.7062 ms
2019-11-27 18:07:21.960 +01:00 [Information] HTTP "OPTIONS" "/fines/13143" responded 204 in 0.3833 ms
2019-11-27 18:07:21.981 +01:00 [Information] HTTP "OPTIONS" "/emailtemplates" responded 204 in 0.5464 ms
2019-11-27 18:07:30.998 +01:00 [Information] HTTP "GET" "/emailtemplates" responded 200 in 9003.2505 ms
2019-11-27 18:07:31.631 +01:00 [Information] HTTP "GET" "/fines/13143" responded 200 in 9649.9184 ms
2019-11-27 18:07:35.713 +01:00 [Information] HTTP "OPTIONS" "/configurationItems" responded 204 in 0.8623 ms
2019-11-27 18:07:38.963 +01:00 [Information] HTTP "GET" "/configurationItems" responded 200 in 3237.9106 ms
2019-11-27 18:07:40.091 +01:00 [Information] HTTP "OPTIONS" "/fines" responded 204 in 0.2486 ms
2019-11-27 18:07:44.479 +01:00 [Information] HTTP "GET" "/fines" responded 200 in 4380.2840 ms
2019-11-27 18:07:47.582 +01:00 [Information] HTTP "OPTIONS" "/countries" responded 204 in 0.1974 ms
2019-11-27 18:07:47.602 +01:00 [Information] HTTP "OPTIONS" "/configurationItems" responded 204 in 0.2948 ms
2019-11-27 18:07:47.632 +01:00 [Information] HTTP "OPTIONS" "/configurationItems" responded 204 in 0.2405 ms
2019-11-27 18:07:47.637 +01:00 [Information] HTTP "OPTIONS" "/configurationItems" responded 204 in 0.0813 ms
2019-11-27 18:07:47.855 +01:00 [Information] HTTP "OPTIONS" "/documents/fine/13143" responded 204 in 0.0541 ms
2019-11-27 18:07:48.611 +01:00 [Information] HTTP "OPTIONS" "/fines/13143/activities" responded 204 in 0.0520 ms
2019-11-27 18:07:57.558 +01:00 [Information] HTTP "GET" "/configurationItems" responded 200 in 9837.4959 ms
2019-11-27 18:07:58.901 +01:00 [Information] HTTP "GET" "/countries" responded 200 in 11297.6183 ms
2019-11-27 18:08:00.441 +01:00 [Information] HTTP "GET" "/configurationItems" responded 200 in 12808.5970 ms
2019-11-27 18:08:07.388 +01:00 [Information] HTTP "GET" "/fines/13143/activities" responded 200 in 18564.5978 ms
2019-11-27 18:08:08.013 +01:00 [Information] HTTP "GET" "/documents/fine/13143" responded 200 in 20135.4852 ms
2019-11-27 18:08:08.890 +01:00 [Information] HTTP "GET" "/configurationItems" responded 200 in 21241.1854 ms
2019-11-27 18:08:08.913 +01:00 [Information] HTTP "OPTIONS" "/fines/13143" responded 204 in 0.1579 ms
2019-11-27 18:08:13.862 +01:00 [Information] HTTP "GET" "/fines/13143" responded 200 in 4941.3882 ms
2019-11-27 18:08:49.793 +01:00 [Information] HTTP "GET" "/" responded 404 in 51.5752 ms
2019-11-27 18:13:18.837 +01:00 [Information] HTTP "OPTIONS" "/configurationItems" responded 204 in 26.1965 ms
2019-11-27 18:13:25.305 +01:00 [Information] HTTP "GET" "/configurationItems" responded 200 in 6463.1445 ms
2019-11-27 18:13:29.585 +01:00 [Information] HTTP "OPTIONS" "/fines" responded 204 in 0.7929 ms
2019-11-27 18:13:30.859 +01:00 [Information] HTTP "GET" "/fines" responded 200 in 1268.4573 ms
2019-11-27 18:13:32.448 +01:00 [Information] HTTP "OPTIONS" "/countries" responded 204 in 0.2824 ms
2019-11-27 18:13:32.466 +01:00 [Information] HTTP "OPTIONS" "/configurationItems" responded 204 in 0.1078 ms
2019-11-27 18:13:32.475 +01:00 [Information] HTTP "OPTIONS" "/configurationItems" responded 204 in 0.0507 ms
2019-11-27 18:13:32.493 +01:00 [Information] HTTP "OPTIONS" "/configurationItems" responded 204 in 0.0541 ms
2019-11-27 18:13:32.561 +01:00 [Information] HTTP "GET" "/configurationItems" responded 200 in 69.6878 ms
2019-11-27 18:13:32.646 +01:00 [Information] HTTP "GET" "/configurationItems" responded 200 in 150.0796 ms
2019-11-27 18:13:32.690 +01:00 [Information] HTTP "GET" "/countries" responded 200 in 237.2514 ms
2019-11-27 18:13:32.698 +01:00 [Information] HTTP "OPTIONS" "/documents/fine/13338" responded 204 in 0.0640 ms
2019-11-27 18:13:32.739 +01:00 [Information] HTTP "GET" "/configurationItems" responded 200 in 263.5215 ms
2019-11-27 18:13:32.753 +01:00 [Information] HTTP "OPTIONS" "/fines/13338/activities" responded 204 in 0.0576 ms
2019-11-27 18:13:32.910 +01:00 [Information] HTTP "GET" "/documents/fine/13338" responded 200 in 196.5000 ms
2019-11-27 18:13:32.995 +01:00 [Information] HTTP "OPTIONS" "/fines/13338" responded 204 in 0.1575 ms
2019-11-27 18:13:33.039 +01:00 [Information] HTTP "GET" "/fines/13338/activities" responded 200 in 282.9402 ms
2019-11-27 18:13:33.326 +01:00 [Information] HTTP "GET" "/fines/13338" responded 200 in 327.8735 ms
2019-11-27 18:16:12.736 +01:00 [Information] HTTP "OPTIONS" "/configurationItems" responded 204 in 0.8470 ms
2019-11-27 18:16:12.767 +01:00 [Information] HTTP "OPTIONS" "/configurationItems" responded 204 in 0.2766 ms
2019-11-27 18:16:12.769 +01:00 [Information] HTTP "OPTIONS" "/countries" responded 204 in 0.2659 ms
2019-11-27 18:16:12.784 +01:00 [Information] HTTP "GET" "/configurationItems" responded 200 in 14.8846 ms
2019-11-27 18:16:12.796 +01:00 [Information] HTTP "GET" "/configurationItems" responded 200 in 9.9248 ms
2019-11-27 18:16:12.816 +01:00 [Information] HTTP "GET" "/countries" responded 200 in 26.6337 ms
