2019-12-05 15:06:02.522 +01:00 [Information] HTTP "GET" "/" responded 404 in 67.1354 ms
2019-12-05 15:06:02.763 +01:00 [Information] HTTP "GET" "/favicon.ico" responded 404 in 37.5448 ms
2019-12-05 16:49:10.928 +01:00 [Information] HTTP "GET" "/" responded 404 in 90.8009 ms
2019-12-05 16:49:11.183 +01:00 [Information] HTTP "GET" "/favicon.ico" responded 404 in 50.7209 ms
2019-12-05 16:49:24.472 +01:00 [Information] HTTP "OPTIONS" "/configurationItems" responded 204 in 2.9926 ms
2019-12-05 16:49:34.386 +01:00 [Information] HTTP "GET" "/configurationItems" responded 200 in 9894.4966 ms
2019-12-05 16:49:41.151 +01:00 [Information] HTTP "OPTIONS" "/fines" responded 204 in 0.4921 ms
2019-12-05 16:49:46.913 +01:00 [Information] HTTP "GET" "/fines" responded 200 in 5757.1232 ms
2019-12-05 17:34:59.297 +01:00 [Information] HTTP "OPTIONS" "/configurationItems" responded 204 in 1.8551 ms
2019-12-05 17:35:00.036 +01:00 [Information] HTTP "OPTIONS" "/countries" responded 204 in 0.1456 ms
2019-12-05 17:35:00.080 +01:00 [Information] HTTP "OPTIONS" "/configurationItems" responded 204 in 0.1150 ms
2019-12-05 17:35:00.084 +01:00 [Information] HTTP "OPTIONS" "/configurationItems" responded 204 in 0.0575 ms
2019-12-05 17:35:00.085 +01:00 [Information] HTTP "OPTIONS" "/configurationItems" responded 204 in 0.0570 ms
2019-12-05 17:35:05.641 +01:00 [Information] HTTP "OPTIONS" "/countries" responded 204 in 0.1408 ms
2019-12-05 17:35:05.653 +01:00 [Information] HTTP "OPTIONS" "/configurationItems" responded 204 in 0.0605 ms
2019-12-05 17:35:05.653 +01:00 [Information] HTTP "OPTIONS" "/configurationItems" responded 204 in 0.0620 ms
2019-12-05 17:35:09.072 +01:00 [Information] HTTP "OPTIONS" "/configurationItems" responded 204 in 0.1223 ms
2019-12-05 17:35:09.076 +01:00 [Information] HTTP "OPTIONS" "/configurationItems" responded 204 in 0.0541 ms
2019-12-05 17:35:09.076 +01:00 [Information] HTTP "OPTIONS" "/configurationItems" responded 204 in 0.0530 ms
2019-12-05 17:35:09.078 +01:00 [Information] HTTP "OPTIONS" "/configurationItems" responded 204 in 0.1455 ms
2019-12-05 17:35:09.080 +01:00 [Information] HTTP "OPTIONS" "/countries" responded 204 in 0.0522 ms
2019-12-05 17:35:15.369 +01:00 [Information] HTTP "GET" "/configurationItems" responded 200 in 16016.6808 ms
2019-12-05 17:35:15.369 +01:00 [Information] HTTP "GET" "/configurationItems" responded 200 in 15210.0676 ms
2019-12-05 17:35:24.785 +01:00 [Information] HTTP "GET" "/configurationItems" responded 200 in 24635.7956 ms
2019-12-05 17:35:25.589 +01:00 [Information] HTTP "GET" "/configurationItems" responded 200 in 10208.0500 ms
2019-12-05 17:35:26.726 +01:00 [Information] HTTP "GET" "/countries" responded 200 in 11342.6218 ms
2019-12-05 17:35:28.850 +01:00 [Information] HTTP "GET" "/countries" responded 200 in 28284.8651 ms
2019-12-05 17:35:33.594 +01:00 [Information] HTTP "GET" "/configurationItems" responded 200 in 27939.1686 ms
2019-12-05 17:35:33.631 +01:00 [Information] HTTP "OPTIONS" "/fines/20542" responded 204 in 0.1867 ms
2019-12-05 17:35:36.061 +01:00 [Information] HTTP "GET" "/countries" responded 200 in 26978.3038 ms
2019-12-05 17:35:38.710 +01:00 [Information] HTTP "GET" "/configurationItems" responded 200 in 28646.1614 ms
2019-12-05 17:35:43.235 +01:00 [Information] HTTP "GET" "/configurationItems" responded 200 in 30666.0340 ms
2019-12-05 17:35:47.423 +01:00 [Information] HTTP "GET" "/configurationItems" responded 200 in 33820.7129 ms
2019-12-05 17:35:47.473 +01:00 [Information] HTTP "OPTIONS" "/fines/20542" responded 204 in 0.2731 ms
2019-12-05 17:35:50.744 +01:00 [Information] HTTP "GET" "/configurationItems" responded 200 in 36166.4888 ms
2019-12-05 17:35:57.041 +01:00 [Information] HTTP "GET" "/configurationItems" responded 200 in 40925.3435 ms
2019-12-05 17:35:57.055 +01:00 [Information] HTTP "OPTIONS" "/fines/20542" responded 204 in 0.2556 ms
2019-12-05 17:36:08.232 +01:00 [Information] HTTP "GET" "/fines/20542" responded 200 in 20753.3929 ms
2019-12-05 17:36:09.321 +01:00 [Information] HTTP "OPTIONS" "/cities/22/1180" responded 204 in 5.6512 ms
2019-12-05 17:36:16.159 +01:00 [Information] HTTP "GET" "/fines/20542" responded 200 in 19093.1908 ms
2019-12-05 17:36:16.535 +01:00 [Information] HTTP "OPTIONS" "/cities/22/1180" responded 204 in 2.0636 ms
2019-12-05 17:36:16.779 +01:00 [Information] HTTP "GET" "/fines/20542" responded 200 in 43139.3932 ms
2019-12-05 17:36:17.829 +01:00 [Information] HTTP "OPTIONS" "/cities/22/1180" responded 204 in 0.1230 ms
2019-12-05 17:36:18.788 +01:00 [Information] HTTP "GET" "/cities/22/1180" responded 200 in 9453.2298 ms
2019-12-05 17:36:23.463 +01:00 [Information] HTTP "GET" "/cities/22/1180" responded 200 in 6910.9179 ms
2019-12-05 17:36:24.148 +01:00 [Information] HTTP "GET" "/cities/22/1180" responded 200 in 6311.9034 ms
2019-12-05 17:37:06.767 +01:00 [Information] HTTP "OPTIONS" "/countries" responded 204 in 0.1551 ms
2019-12-05 17:37:06.778 +01:00 [Information] HTTP "OPTIONS" "/configurationItems" responded 204 in 0.1174 ms
2019-12-05 17:37:06.778 +01:00 [Information] HTTP "OPTIONS" "/configurationItems" responded 204 in 0.1192 ms
2019-12-05 17:37:06.778 +01:00 [Information] HTTP "OPTIONS" "/configurationItems" responded 204 in 0.1502 ms
2019-12-05 17:37:16.100 +01:00 [Information] HTTP "GET" "/configurationItems" responded 200 in 9196.4354 ms
2019-12-05 17:37:16.173 +01:00 [Information] HTTP "GET" "/configurationItems" responded 200 in 9388.4960 ms
2019-12-05 17:37:22.097 +01:00 [Information] HTTP "GET" "/countries" responded 200 in 15315.2096 ms
2019-12-05 17:37:22.625 +01:00 [Information] HTTP "GET" "/configurationItems" responded 200 in 12802.1455 ms
2019-12-05 17:37:22.650 +01:00 [Information] HTTP "OPTIONS" "/fines/20542" responded 204 in 0.1003 ms
2019-12-05 17:37:31.933 +01:00 [Information] HTTP "GET" "/fines/20542" responded 200 in 9272.8048 ms
2019-12-05 17:37:32.965 +01:00 [Information] HTTP "OPTIONS" "/cities/22/1180" responded 204 in 0.0810 ms
2019-12-05 17:37:36.552 +01:00 [Information] HTTP "GET" "/cities/22/1180" responded 200 in 3583.5967 ms
2019-12-05 17:39:46.255 +01:00 [Information] HTTP "OPTIONS" "/configurationItems" responded 204 in 0.1059 ms
2019-12-05 17:39:46.258 +01:00 [Information] HTTP "OPTIONS" "/configurationItems" responded 204 in 0.6484 ms
2019-12-05 17:39:46.261 +01:00 [Information] HTTP "OPTIONS" "/countries" responded 204 in 0.0640 ms
2019-12-05 17:39:47.555 +01:00 [Information] HTTP "OPTIONS" "/configurationItems" responded 204 in 0.0910 ms
2019-12-05 17:39:47.557 +01:00 [Information] HTTP "OPTIONS" "/configurationItems" responded 204 in 0.1032 ms
2019-12-05 17:39:48.231 +01:00 [Information] HTTP "OPTIONS" "/configurationItems" responded 204 in 0.0792 ms
2019-12-05 17:39:48.358 +01:00 [Information] HTTP "OPTIONS" "/configurationItems" responded 204 in 0.0387 ms
2019-12-05 17:39:59.947 +01:00 [Information] HTTP "OPTIONS" "/configurationItems" responded 204 in 0.0445 ms
2019-12-05 17:39:59.948 +01:00 [Information] HTTP "OPTIONS" "/countries" responded 204 in 0.0450 ms
2019-12-05 17:40:06.870 +01:00 [Information] HTTP "GET" "/configurationItems" responded 200 in 19313.1999 ms
2019-12-05 17:40:06.923 +01:00 [Information] HTTP "GET" "/countries" responded 200 in 18937.4731 ms
2019-12-05 17:40:07.020 +01:00 [Information] HTTP "OPTIONS" "/countries" responded 204 in 1.1509 ms
2019-12-05 17:40:07.024 +01:00 [Information] HTTP "OPTIONS" "/configurationItems" responded 204 in 0.0490 ms
2019-12-05 17:40:07.036 +01:00 [Information] HTTP "OPTIONS" "/configurationItems" responded 204 in 1.4291 ms
2019-12-05 17:40:07.036 +01:00 [Information] HTTP "OPTIONS" "/configurationItems" responded 204 in 0.0484 ms
2019-12-05 17:40:07.036 +01:00 [Information] HTTP "OPTIONS" "/countries" responded 204 in 0.0442 ms
2019-12-05 17:40:07.117 +01:00 [Information] HTTP "OPTIONS" "/configurationItems" responded 204 in 1.5877 ms
2019-12-05 17:40:07.118 +01:00 [Information] HTTP "OPTIONS" "/configurationItems" responded 204 in 0.0306 ms
2019-12-05 17:40:07.118 +01:00 [Information] HTTP "OPTIONS" "/configurationItems" responded 204 in 0.0271 ms
2019-12-05 17:40:27.802 +01:00 [Information] HTTP "GET" "/configurationItems" responded 200 in 20846.1889 ms
2019-12-05 17:40:27.886 +01:00 [Information] HTTP "GET" "/configurationItems" responded 200 in 20767.8647 ms
2019-12-05 17:40:32.629 +01:00 [Information] HTTP "GET" "/configurationItems" responded 200 in 44270.3049 ms
2019-12-05 17:40:37.985 +01:00 [Information] HTTP "GET" "/configurationItems" responded 200 in 10031.0237 ms
2019-12-05 17:40:38.318 +01:00 [Information] HTTP "GET" "/configurationItems" responded 200 in 10436.4515 ms
2019-12-05 17:40:41.882 +01:00 [Information] HTTP "GET" "/configurationItems" responded 200 in 54146.4062 ms
2019-12-05 17:40:47.248 +01:00 [Information] HTTP "GET" "/configurationItems" responded 200 in 53710.9162 ms
2019-12-05 17:40:47.365 +01:00 [Information] HTTP "OPTIONS" "/fines/20542" responded 204 in 0.0310 ms
2019-12-05 17:40:50.037 +01:00 [Information] HTTP "GET" "/configurationItems" responded 200 in 50087.2393 ms
2019-12-05 17:40:54.397 +01:00 [Information] HTTP "GET" "/countries" responded 200 in 38171.8839 ms
2019-12-05 17:40:55.634 +01:00 [Information] HTTP "OPTIONS" "/fines/20542" responded 204 in 0.0349 ms
2019-12-05 17:41:11.875 +01:00 [Information] HTTP "GET" "/fines/20542" responded 200 in 24445.0045 ms
2019-12-05 17:41:12.339 +01:00 [Information] HTTP "GET" "/countries" responded 200 in 50867.8893 ms
2019-12-05 17:41:12.453 +01:00 [Information] HTTP "OPTIONS" "/cities/22/1180" responded 204 in 0.0329 ms
2019-12-05 17:41:23.487 +01:00 [Information] HTTP "GET" "/fines/20542" responded 200 in 27838.9154 ms
2019-12-05 17:41:24.544 +01:00 [Information] HTTP "OPTIONS" "/cities/22/1180" responded 204 in 0.0537 ms
2019-12-05 17:41:24.719 +01:00 [Information] HTTP "GET" "/cities/22/1180" responded 200 in 12240.2318 ms
2019-12-05 17:41:26.728 +01:00 [Information] HTTP "GET" "/configurationItems" responded 200 in 63794.8411 ms
2019-12-05 17:41:33.159 +01:00 [Information] HTTP "GET" "/configurationItems" responded 200 in 68985.4419 ms
2019-12-05 17:41:33.438 +01:00 [Information] HTTP "GET" "/cities/22/1180" responded 200 in 8870.5519 ms
2019-12-05 17:41:36.872 +01:00 [Information] HTTP "GET" "/countries" responded 200 in 70875.7849 ms
2019-12-05 17:41:38.747 +01:00 [Information] HTTP "GET" "/configurationItems" responded 200 in 71223.0903 ms
2019-12-05 17:41:39.965 +01:00 [Information] HTTP "GET" "/configurationItems" responded 200 in 70969.6969 ms
2019-12-05 17:41:39.979 +01:00 [Information] HTTP "OPTIONS" "/fines/20542" responded 204 in 0.0348 ms
2019-12-05 17:41:46.734 +01:00 [Information] HTTP "GET" "/fines/20542" responded 200 in 6752.7132 ms
2019-12-05 17:41:48.490 +01:00 [Information] HTTP "OPTIONS" "/cities/22/1180" responded 204 in 0.0335 ms
2019-12-05 17:41:54.105 +01:00 [Information] HTTP "GET" "/cities/22/1180" responded 200 in 5497.9606 ms
2019-12-05 17:42:37.944 +01:00 [Information] HTTP "OPTIONS" "/configurationItems" responded 204 in 0.0356 ms
2019-12-05 17:42:38.721 +01:00 [Information] HTTP "OPTIONS" "/countries" responded 204 in 0.0381 ms
2019-12-05 17:42:38.722 +01:00 [Information] HTTP "OPTIONS" "/configurationItems" responded 204 in 0.0356 ms
2019-12-05 17:42:38.723 +01:00 [Information] HTTP "OPTIONS" "/configurationItems" responded 204 in 0.0362 ms
2019-12-05 17:42:38.723 +01:00 [Information] HTTP "OPTIONS" "/configurationItems" responded 204 in 0.0341 ms
2019-12-05 17:42:38.898 +01:00 [Information] HTTP "OPTIONS" "/fines/20542/activities" responded 204 in 0.0264 ms
2019-12-05 17:42:52.996 +01:00 [Information] HTTP "OPTIONS" "/documents/fine/20542" responded 204 in 0.0359 ms
2019-12-05 17:42:53.003 +01:00 [Information] HTTP "OPTIONS" "/fines/20542/activities" responded 204 in 0.0412 ms
2019-12-05 17:42:53.004 +01:00 [Information] HTTP "OPTIONS" "/configurationItems" responded 204 in 0.1336 ms
2019-12-05 17:42:53.142 +01:00 [Information] HTTP "OPTIONS" "/configurationItems" responded 204 in 0.0343 ms
2019-12-05 17:42:53.143 +01:00 [Information] HTTP "OPTIONS" "/countries" responded 204 in 0.0289 ms
2019-12-05 17:42:53.143 +01:00 [Information] HTTP "OPTIONS" "/configurationItems" responded 204 in 0.0301 ms
2019-12-05 17:42:53.143 +01:00 [Information] HTTP "OPTIONS" "/fines/20542/activities" responded 204 in 0.0335 ms
2019-12-05 17:42:53.144 +01:00 [Information] HTTP "OPTIONS" "/documents/fine/20542" responded 204 in 0.0339 ms
2019-12-05 17:42:53.144 +01:00 [Information] HTTP "OPTIONS" "/fines/20542/activities" responded 204 in 0.0275 ms
2019-12-05 17:42:53.145 +01:00 [Information] HTTP "OPTIONS" "/countries" responded 204 in 0.0190 ms
2019-12-05 17:42:53.145 +01:00 [Information] HTTP "OPTIONS" "/configurationItems" responded 204 in 0.0160 ms
2019-12-05 17:42:53.145 +01:00 [Information] HTTP "OPTIONS" "/configurationItems" responded 204 in 0.0208 ms
2019-12-05 17:42:53.146 +01:00 [Information] HTTP "OPTIONS" "/configurationItems" responded 204 in 0.0242 ms
2019-12-05 17:42:53.146 +01:00 [Information] HTTP "OPTIONS" "/fines/20542/activities" responded 204 in 0.0265 ms
2019-12-05 17:42:53.146 +01:00 [Information] HTTP "OPTIONS" "/documents/fine/20542" responded 204 in 0.0308 ms
2019-12-05 17:42:53.147 +01:00 [Information] HTTP "OPTIONS" "/fines/20542/activities" responded 204 in 0.0293 ms
2019-12-05 17:42:56.825 +01:00 [Information] HTTP "GET" "/countries" responded 200 in 17818.7350 ms
2019-12-05 17:42:56.902 +01:00 [Information] HTTP "GET" "/configurationItems" responded 200 in 18944.7121 ms
2019-12-05 17:43:07.820 +01:00 [Information] HTTP "GET" "/configurationItems" responded 200 in 10910.1385 ms
2019-12-05 17:43:26.055 +01:00 [Information] HTTP "GET" "/fines/20542/activities" responded 200 in 29209.9767 ms
2019-12-05 17:43:28.012 +01:00 [Information] HTTP "GET" "/configurationItems" responded 200 in 49115.0203 ms
2019-12-05 17:43:36.281 +01:00 [Information] HTTP "GET" "/configurationItems" responded 200 in 28439.2692 ms
2019-12-05 17:43:40.338 +01:00 [Information] HTTP "GET" "/countries" responded 200 in 14272.8656 ms
2019-12-05 17:43:52.269 +01:00 [Information] HTTP "GET" "/fines/20542/activities" responded 200 in 15902.6674 ms
2019-12-05 17:43:56.774 +01:00 [Information] HTTP "OPTIONS" "/configurationItems" responded 204 in 0.0332 ms
2019-12-05 17:43:56.781 +01:00 [Information] HTTP "OPTIONS" "/countries" responded 204 in 0.0429 ms
2019-12-05 17:43:56.797 +01:00 [Information] HTTP "OPTIONS" "/configurationItems" responded 204 in 0.0797 ms
2019-12-05 17:43:56.809 +01:00 [Information] HTTP "OPTIONS" "/configurationItems" responded 204 in 0.1369 ms
2019-12-05 17:43:56.812 +01:00 [Information] HTTP "OPTIONS" "/configurationItems" responded 204 in 0.0379 ms
2019-12-05 17:43:56.816 +01:00 [Information] HTTP "OPTIONS" "/configurationItems" responded 204 in 0.0577 ms
2019-12-05 17:43:56.818 +01:00 [Information] HTTP "OPTIONS" "/countries" responded 204 in 0.0437 ms
2019-12-05 17:43:56.823 +01:00 [Information] HTTP "OPTIONS" "/configurationItems" responded 204 in 0.0607 ms
2019-12-05 17:43:59.513 +01:00 [Information] HTTP "OPTIONS" "/configurationItems" responded 204 in 0.0402 ms
2019-12-05 17:43:59.518 +01:00 [Information] HTTP "OPTIONS" "/fines/20542/activities" responded 204 in 0.0442 ms
2019-12-05 17:43:59.520 +01:00 [Information] HTTP "OPTIONS" "/fines/20542/activities" responded 204 in 0.0316 ms
2019-12-05 17:43:59.521 +01:00 [Information] HTTP "OPTIONS" "/documents/fine/20542" responded 204 in 0.0840 ms
2019-12-05 17:43:59.522 +01:00 [Information] HTTP "OPTIONS" "/fines/20542/activities" responded 204 in 0.0670 ms
2019-12-05 17:43:59.529 +01:00 [Information] HTTP "OPTIONS" "/documents/fine/20542" responded 204 in 0.0510 ms
2019-12-05 17:43:59.532 +01:00 [Information] HTTP "OPTIONS" "/fines/20542/activities" responded 204 in 0.0434 ms
2019-12-05 17:44:00.407 +01:00 [Information] HTTP "GET" "/configurationItems" responded 200 in 19990.3270 ms
2019-12-05 17:44:01.633 +01:00 [Information] HTTP "GET" "/documents/fine/20542" responded 200 in 33546.8430 ms
2019-12-05 17:44:03.541 +01:00 [Information] HTTP "GET" "/configurationItems" responded 200 in 79388.5798 ms
2019-12-05 17:44:06.246 +01:00 [Information] HTTP "GET" "/fines/20542/activities" responded 200 in 13969.7300 ms
2019-12-05 17:44:10.563 +01:00 [Information] HTTP "GET" "/countries" responded 200 in 10083.8891 ms
2019-12-05 17:44:16.238 +01:00 [Information] HTTP "GET" "/countries" responded 200 in 9961.9155 ms
2019-12-05 17:44:18.101 +01:00 [Information] HTTP "GET" "/configurationItems" responded 200 in 16452.3621 ms
2019-12-05 17:44:21.029 +01:00 [Information] HTTP "GET" "/documents/fine/20542" responded 200 in 10368.4754 ms
2019-12-05 17:44:23.007 +01:00 [Information] HTTP "GET" "/configurationItems" responded 200 in 93535.9763 ms
2019-12-05 17:44:24.882 +01:00 [Information] HTTP "GET" "/configurationItems" responded 200 in 21335.1580 ms
2019-12-05 17:44:31.186 +01:00 [Information] HTTP "GET" "/fines/20542/activities" responded 200 in 99195.9153 ms
2019-12-05 17:44:33.389 +01:00 [Information] HTTP "GET" "/documents/fine/20542" responded 200 in 100242.6792 ms
2019-12-05 17:44:40.861 +01:00 [Information] HTTP "GET" "/fines/20542/activities" responded 200 in 102414.9500 ms
2019-12-05 17:44:42.070 +01:00 [Information] HTTP "GET" "/countries" responded 200 in 100998.6121 ms
2019-12-05 17:44:47.601 +01:00 [Information] HTTP "GET" "/configurationItems" responded 200 in 105137.2527 ms
2019-12-05 17:44:51.012 +01:00 [Information] HTTP "GET" "/configurationItems" responded 200 in 107062.9146 ms
2019-12-05 17:44:54.881 +01:00 [Information] HTTP "GET" "/configurationItems" responded 200 in 94882.6436 ms
2019-12-05 17:44:58.246 +01:00 [Information] HTTP "GET" "/documents/fine/20542" responded 200 in 69288.7068 ms
2019-12-05 17:45:05.064 +01:00 [Information] HTTP "GET" "/fines/20542/activities" responded 200 in 73044.6048 ms
2019-12-05 17:45:06.070 +01:00 [Information] HTTP "GET" "/configurationItems" responded 200 in 65826.2747 ms
2019-12-05 17:45:11.689 +01:00 [Information] HTTP "GET" "/configurationItems" responded 200 in 70140.9228 ms
2019-12-05 17:45:15.281 +01:00 [Information] HTTP "GET" "/configurationItems" responded 200 in 72312.7749 ms
2019-12-05 17:45:15.309 +01:00 [Information] HTTP "OPTIONS" "/fines/20542" responded 204 in 0.0342 ms
2019-12-05 17:45:18.144 +01:00 [Information] HTTP "GET" "/configurationItems" responded 200 in 72662.7725 ms
2019-12-05 17:45:22.226 +01:00 [Information] HTTP "OPTIONS" "/fines" responded 204 in 0.0397 ms
2019-12-05 17:45:24.731 +01:00 [Information] HTTP "GET" "/fines/20542/activities" responded 200 in 77118.5445 ms
2019-12-05 17:45:29.194 +01:00 [Information] HTTP "GET" "/fines/20542/activities" responded 200 in 80617.8607 ms
2019-12-05 17:45:33.781 +01:00 [Information] HTTP "GET" "/documents/fine/20542" responded 200 in 83219.5145 ms
2019-12-05 17:45:35.281 +01:00 [Information] HTTP "GET" "/fines" responded 200 in 13026.1839 ms
2019-12-05 17:45:41.361 +01:00 [Information] HTTP "OPTIONS" "/countries" responded 204 in 0.0345 ms
2019-12-05 17:45:41.372 +01:00 [Information] HTTP "OPTIONS" "/configurationItems" responded 204 in 0.0344 ms
2019-12-05 17:45:41.372 +01:00 [Information] HTTP "OPTIONS" "/configurationItems" responded 204 in 0.0226 ms
2019-12-05 17:45:41.391 +01:00 [Information] HTTP "OPTIONS" "/configurationItems" responded 204 in 0.0702 ms
2019-12-05 17:45:41.575 +01:00 [Information] HTTP "OPTIONS" "/documents/fine/13143" responded 204 in 0.0362 ms
2019-12-05 17:45:41.630 +01:00 [Information] HTTP "OPTIONS" "/fines/13143/activities" responded 204 in 0.0340 ms
2019-12-05 17:45:51.202 +01:00 [Information] HTTP "GET" "/configurationItems" responded 200 in 9819.1232 ms
2019-12-05 17:45:53.859 +01:00 [Information] HTTP "GET" "/fines/13143/activities" responded 200 in 12221.8217 ms
2019-12-05 17:45:54.418 +01:00 [Information] HTTP "GET" "/countries" responded 200 in 13031.7531 ms
2019-12-05 17:45:55.261 +01:00 [Information] HTTP "GET" "/fines/20542/activities" responded 200 in 102749.6940 ms
2019-12-05 17:45:57.849 +01:00 [Information] HTTP "GET" "/configurationItems" responded 200 in 104320.6791 ms
2019-12-05 17:45:57.886 +01:00 [Information] HTTP "OPTIONS" "/fines/20542" responded 204 in 0.0678 ms
2019-12-05 17:45:59.958 +01:00 [Information] HTTP "GET" "/configurationItems" responded 200 in 18562.3085 ms
2019-12-05 17:46:02.658 +01:00 [Information] HTTP "GET" "/configurationItems" responded 200 in 21233.8653 ms
2019-12-05 17:46:02.689 +01:00 [Information] HTTP "OPTIONS" "/fines/13143" responded 204 in 0.0506 ms
2019-12-05 17:46:06.626 +01:00 [Information] HTTP "GET" "/fines/20542/activities" responded 200 in 111154.8817 ms
2019-12-05 17:46:18.885 +01:00 [Information] HTTP "GET" "/fines/13143" responded 200 in 16185.5550 ms
2019-12-05 17:46:21.849 +01:00 [Information] HTTP "GET" "/fines/20542" responded 200 in 66527.5919 ms
2019-12-05 17:46:21.967 +01:00 [Information] HTTP "GET" "/documents/fine/13143" responded 200 in 40381.2948 ms
2019-12-05 17:46:22.920 +01:00 [Information] HTTP "OPTIONS" "/cities/22/1180" responded 204 in 0.0343 ms
2019-12-05 17:46:28.906 +01:00 [Information] HTTP "GET" "/cities/22/1180" responded 200 in 5971.4078 ms
2019-12-05 17:46:30.203 +01:00 [Information] HTTP "GET" "/fines/20542" responded 200 in 32310.2617 ms
2019-12-05 17:46:31.261 +01:00 [Information] HTTP "OPTIONS" "/cities/22/1180" responded 204 in 0.0906 ms
2019-12-05 17:46:34.053 +01:00 [Information] HTTP "GET" "/cities/22/1180" responded 200 in 2785.5170 ms
2019-12-05 17:47:47.067 +01:00 [Information] HTTP "OPTIONS" "/countries" responded 204 in 0.0362 ms
2019-12-05 17:47:47.071 +01:00 [Information] HTTP "OPTIONS" "/configurationItems" responded 204 in 0.0405 ms
2019-12-05 17:47:47.071 +01:00 [Information] HTTP "OPTIONS" "/configurationItems" responded 204 in 0.0262 ms
2019-12-05 17:47:47.071 +01:00 [Information] HTTP "OPTIONS" "/configurationItems" responded 204 in 0.0277 ms
2019-12-05 17:47:57.091 +01:00 [Information] HTTP "OPTIONS" "/fines/13143/activities" responded 204 in 3.0435 ms
2019-12-05 17:47:57.094 +01:00 [Information] HTTP "OPTIONS" "/fines/13143/activities" responded 204 in 0.0350 ms
2019-12-05 17:47:57.095 +01:00 [Information] HTTP "OPTIONS" "/documents/fine/13143" responded 204 in 0.0270 ms
2019-12-05 17:47:57.102 +01:00 [Information] HTTP "OPTIONS" "/configurationItems" responded 204 in 1.3357 ms
2019-12-05 17:47:57.103 +01:00 [Information] HTTP "OPTIONS" "/configurationItems" responded 204 in 0.0336 ms
2019-12-05 17:47:57.103 +01:00 [Information] HTTP "OPTIONS" "/configurationItems" responded 204 in 0.0254 ms
2019-12-05 17:47:57.103 +01:00 [Information] HTTP "OPTIONS" "/countries" responded 204 in 0.0182 ms
2019-12-05 17:47:57.103 +01:00 [Information] HTTP "OPTIONS" "/fines/20542/activities" responded 204 in 0.0166 ms
2019-12-05 17:47:57.104 +01:00 [Information] HTTP "OPTIONS" "/configurationItems" responded 204 in 0.0229 ms
2019-12-05 17:47:57.104 +01:00 [Information] HTTP "OPTIONS" "/countries" responded 204 in 0.0135 ms
2019-12-05 17:47:57.104 +01:00 [Information] HTTP "OPTIONS" "/configurationItems" responded 204 in 0.0104 ms
2019-12-05 17:47:57.104 +01:00 [Information] HTTP "OPTIONS" "/configurationItems" responded 204 in 0.0109 ms
2019-12-05 17:47:57.104 +01:00 [Information] HTTP "OPTIONS" "/documents/fine/20542" responded 204 in 0.0125 ms
2019-12-05 17:47:57.104 +01:00 [Information] HTTP "OPTIONS" "/fines/20542/activities" responded 204 in 0.0176 ms
2019-12-05 17:47:57.105 +01:00 [Information] HTTP "OPTIONS" "/fines/20542/activities" responded 204 in 0.0301 ms
2019-12-05 17:48:00.878 +01:00 [Information] HTTP "GET" "/countries" responded 200 in 13790.4836 ms
2019-12-05 17:48:00.928 +01:00 [Information] HTTP "GET" "/configurationItems" responded 200 in 13795.3584 ms
2019-12-05 17:48:12.998 +01:00 [Information] HTTP "GET" "/documents/fine/13143" responded 200 in 12020.6389 ms
2019-12-05 17:48:14.897 +01:00 [Information] HTTP "GET" "/fines/13143/activities" responded 200 in 14012.6512 ms
2019-12-05 17:48:18.602 +01:00 [Information] HTTP "OPTIONS" "/configurationItems" responded 204 in 0.0662 ms
2019-12-05 17:48:18.603 +01:00 [Information] HTTP "OPTIONS" "/configurationItems" responded 204 in 0.1209 ms
2019-12-05 17:48:18.604 +01:00 [Information] HTTP "OPTIONS" "/configurationItems" responded 204 in 0.0335 ms
2019-12-05 17:48:18.604 +01:00 [Information] HTTP "OPTIONS" "/countries" responded 204 in 0.0361 ms
2019-12-05 17:48:18.605 +01:00 [Information] HTTP "OPTIONS" "/fines/20542/activities" responded 204 in 0.0526 ms
2019-12-05 17:48:18.605 +01:00 [Information] HTTP "OPTIONS" "/documents/fine/20542" responded 204 in 0.0275 ms
2019-12-05 17:48:18.614 +01:00 [Information] HTTP "OPTIONS" "/fines/20542/activities" responded 204 in 0.0308 ms
2019-12-05 17:48:18.738 +01:00 [Information] HTTP "GET" "/configurationItems" responded 200 in 31543.0555 ms
2019-12-05 17:48:22.009 +01:00 [Information] HTTP "GET" "/countries" responded 200 in 8982.6046 ms
2019-12-05 17:48:23.474 +01:00 [Information] HTTP "GET" "/configurationItems" responded 200 in 8558.0924 ms
2019-12-05 17:48:32.506 +01:00 [Information] HTTP "GET" "/documents/fine/20542" responded 200 in 10488.1775 ms
2019-12-05 17:48:35.579 +01:00 [Information] HTTP "GET" "/configurationItems" responded 200 in 16821.7391 ms
2019-12-05 17:48:37.853 +01:00 [Information] HTTP "GET" "/fines/20542/activities" responded 200 in 14369.9536 ms
2019-12-05 17:48:38.809 +01:00 [Information] HTTP "GET" "/configurationItems" responded 200 in 47228.0208 ms
2019-12-05 17:48:38.877 +01:00 [Information] HTTP "OPTIONS" "/fines/13143" responded 204 in 0.0457 ms
2019-12-05 17:48:50.156 +01:00 [Information] HTTP "GET" "/fines/13143/activities" responded 200 in 53051.1677 ms
2019-12-05 17:48:55.174 +01:00 [Information] HTTP "GET" "/configurationItems" responded 200 in 48075.9399 ms
2019-12-05 17:48:58.549 +01:00 [Information] HTTP "GET" "/fines/13143" responded 200 in 19660.5530 ms
2019-12-05 17:49:02.200 +01:00 [Information] HTTP "GET" "/documents/fine/20542" responded 200 in 50103.6728 ms
2019-12-05 17:49:08.570 +01:00 [Information] HTTP "GET" "/fines/20542/activities" responded 200 in 54496.2796 ms
2019-12-05 17:49:09.585 +01:00 [Information] HTTP "GET" "/configurationItems" responded 200 in 53989.6081 ms
2019-12-05 17:49:09.671 +01:00 [Information] HTTP "OPTIONS" "/fines/20542" responded 204 in 0.0399 ms
2019-12-05 17:49:16.827 +01:00 [Information] HTTP "GET" "/fines/20542/activities" responded 200 in 59254.3366 ms
2019-12-05 17:49:20.063 +01:00 [Information] HTTP "GET" "/configurationItems" responded 200 in 61296.4381 ms
2019-12-05 17:49:26.420 +01:00 [Information] HTTP "GET" "/countries" responded 200 in 66347.4102 ms
2019-12-05 17:49:26.947 +01:00 [Information] HTTP "GET" "/fines/20542" responded 200 in 17259.0421 ms
2019-12-05 17:49:27.314 +01:00 [Information] HTTP "OPTIONS" "/cities/22/1180" responded 204 in 0.0351 ms
2019-12-05 17:49:33.901 +01:00 [Information] HTTP "GET" "/fines/20542/activities" responded 200 in 72291.7887 ms
2019-12-05 17:49:33.922 +01:00 [Information] HTTP "GET" "/configurationItems" responded 200 in 71331.2696 ms
2019-12-05 17:49:35.850 +01:00 [Information] HTTP "GET" "/cities/22/1180" responded 200 in 8531.8142 ms
2019-12-05 17:51:14.038 +01:00 [Information] HTTP "OPTIONS" "/configurationItems" responded 204 in 0.0371 ms
2019-12-05 17:51:17.497 +01:00 [Information] HTTP "GET" "/configurationItems" responded 200 in 3442.5391 ms
2019-12-05 17:51:19.850 +01:00 [Information] HTTP "OPTIONS" "/fines" responded 204 in 0.0385 ms
2019-12-05 17:51:24.297 +01:00 [Information] HTTP "GET" "/fines" responded 200 in 4444.8115 ms
2019-12-05 17:51:31.646 +01:00 [Information] HTTP "OPTIONS" "/fines" responded 204 in 0.0396 ms
2019-12-05 17:51:36.464 +01:00 [Information] HTTP "GET" "/fines" responded 200 in 4815.1983 ms
2019-12-05 17:51:42.376 +01:00 [Information] HTTP "OPTIONS" "/fines" responded 204 in 0.0867 ms
2019-12-05 17:51:46.613 +01:00 [Information] HTTP "GET" "/fines" responded 200 in 4234.3386 ms
2019-12-05 17:51:56.704 +01:00 [Information] HTTP "OPTIONS" "/fines" responded 204 in 0.3699 ms
2019-12-05 17:52:01.263 +01:00 [Information] HTTP "GET" "/fines" responded 200 in 4556.7790 ms
2019-12-05 17:52:14.419 +01:00 [Information] HTTP "OPTIONS" "/fines" responded 204 in 0.0339 ms
2019-12-05 17:52:17.635 +01:00 [Information] HTTP "GET" "/fines" responded 204 in 3212.0734 ms
2019-12-05 17:54:12.609 +01:00 [Information] HTTP "OPTIONS" "/fines" responded 204 in 0.0371 ms
2019-12-05 17:54:17.170 +01:00 [Information] HTTP "GET" "/fines" responded 200 in 4551.6185 ms
2019-12-05 17:54:20.085 +01:00 [Information] HTTP "OPTIONS" "/fines" responded 204 in 0.1174 ms
2019-12-05 17:54:24.261 +01:00 [Information] HTTP "GET" "/fines" responded 200 in 4174.0693 ms
2019-12-05 17:54:41.800 +01:00 [Information] HTTP "OPTIONS" "/configurationItems" responded 204 in 0.0408 ms
2019-12-05 17:54:45.216 +01:00 [Information] HTTP "GET" "/configurationItems" responded 200 in 3411.6975 ms
2019-12-05 17:54:49.702 +01:00 [Information] HTTP "OPTIONS" "/fines" responded 204 in 0.0421 ms
2019-12-05 17:54:54.780 +01:00 [Information] HTTP "GET" "/fines" responded 200 in 5071.2465 ms
2019-12-05 17:56:47.396 +01:00 [Information] HTTP "OPTIONS" "/countries" responded 204 in 0.0456 ms
2019-12-05 17:56:47.397 +01:00 [Information] HTTP "OPTIONS" "/configurationItems" responded 204 in 0.0399 ms
2019-12-05 17:56:47.401 +01:00 [Information] HTTP "OPTIONS" "/configurationItems" responded 204 in 0.0382 ms
2019-12-05 17:56:47.402 +01:00 [Information] HTTP "OPTIONS" "/configurationItems" responded 204 in 0.0322 ms
2019-12-05 17:56:49.921 +01:00 [Information] HTTP "OPTIONS" "/documents/fine/13143" responded 204 in 0.0365 ms
2019-12-05 17:56:49.923 +01:00 [Information] HTTP "OPTIONS" "/fines/13143/activities" responded 204 in 0.0999 ms
2019-12-05 17:56:56.408 +01:00 [Information] HTTP "GET" "/countries" responded 200 in 9005.1565 ms
2019-12-05 17:56:56.486 +01:00 [Information] HTTP "GET" "/configurationItems" responded 200 in 9070.8902 ms
2019-12-05 17:57:02.931 +01:00 [Information] HTTP "GET" "/configurationItems" responded 200 in 15469.1205 ms
2019-12-05 17:57:03.981 +01:00 [Information] HTTP "GET" "/configurationItems" responded 200 in 15075.8726 ms
2019-12-05 17:57:04.035 +01:00 [Information] HTTP "OPTIONS" "/fines/13143" responded 204 in 1.8291 ms
2019-12-05 17:57:08.779 +01:00 [Information] HTTP "GET" "/documents/fine/13143" responded 200 in 18849.8721 ms
2019-12-05 17:57:15.573 +01:00 [Information] HTTP "GET" "/fines/13143/activities" responded 200 in 24107.0726 ms
2019-12-05 17:57:17.624 +01:00 [Information] HTTP "GET" "/fines/13143" responded 200 in 13580.7198 ms
2019-12-05 17:59:44.105 +01:00 [Information] HTTP "OPTIONS" "/configurationItems" responded 204 in 0.0463 ms
2019-12-05 17:59:47.101 +01:00 [Information] HTTP "GET" "/configurationItems" responded 200 in 2990.3227 ms
