2020-01-28 17:00:08.753 +01:00 [Information] HTTP "GET" "/" responded 404 in 44.8972 ms
2020-01-28 17:00:08.901 +01:00 [Information] HTTP "GET" "/favicon.ico" responded 404 in 36.4029 ms
2020-01-28 17:02:37.058 +01:00 [Information] HTTP "OPTIONS" "/configurationItems" responded 204 in 3.0403 ms
2020-01-28 17:02:41.695 +01:00 [Information] HTTP "GET" "/configurationItems" responded 200 in 4631.4104 ms
2020-01-28 17:02:42.295 +01:00 [Information] HTTP "OPTIONS" "/fines" responded 204 in 0.4349 ms
2020-01-28 17:02:43.493 +01:00 [Information] HTTP "GET" "/fines" responded 200 in 1189.5221 ms
2020-01-28 17:02:46.415 +01:00 [Information] HTTP "OPTIONS" "/countries" responded 204 in 0.3371 ms
2020-01-28 17:02:46.420 +01:00 [Information] HTTP "OPTIONS" "/configurationItems" responded 204 in 0.5915 ms
2020-01-28 17:02:46.429 +01:00 [Information] HTTP "OPTIONS" "/configurationItems" responded 204 in 0.2800 ms
2020-01-28 17:02:46.429 +01:00 [Information] HTTP "OPTIONS" "/configurationItems" responded 204 in 0.0917 ms
2020-01-28 17:02:46.955 +01:00 [Information] HTTP "GET" "/configurationItems" responded 200 in 520.6642 ms
2020-01-28 17:02:46.957 +01:00 [Information] HTTP "GET" "/configurationItems" responded 200 in 524.7565 ms
2020-01-28 17:02:46.958 +01:00 [Information] HTTP "OPTIONS" "/documents/fine/13338" responded 204 in 0.1161 ms
2020-01-28 17:02:46.959 +01:00 [Information] HTTP "OPTIONS" "/fines/13338/activities" responded 204 in 0.0511 ms
2020-01-28 17:02:47.098 +01:00 [Information] HTTP "GET" "/countries" responded 200 in 676.8480 ms
2020-01-28 17:02:47.473 +01:00 [Information] HTTP "GET" "/configurationItems" responded 200 in 517.5714 ms
2020-01-28 17:02:47.495 +01:00 [Information] HTTP "OPTIONS" "/fines/13338" responded 204 in 0.1113 ms
2020-01-28 17:02:47.744 +01:00 [Information] HTTP "GET" "/documents/fine/13338" responded 200 in 775.6188 ms
2020-01-28 17:02:48.014 +01:00 [Information] HTTP "GET" "/fines/13338/activities" responded 200 in 1044.4349 ms
2020-01-28 17:02:48.535 +01:00 [Information] HTTP "GET" "/fines/13338" responded 200 in 1037.4341 ms
2020-01-28 17:04:30.348 +01:00 [Information] HTTP "OPTIONS" "/configurationItems" responded 204 in 0.9459 ms
2020-01-28 17:04:30.352 +01:00 [Information] HTTP "OPTIONS" "/configurationItems" responded 204 in 0.1350 ms
2020-01-28 17:04:30.359 +01:00 [Information] HTTP "OPTIONS" "/countries" responded 204 in 0.0519 ms
2020-01-28 17:04:30.666 +01:00 [Information] HTTP "GET" "/countries" responded 200 in 299.8669 ms
2020-01-28 17:04:30.673 +01:00 [Information] HTTP "GET" "/configurationItems" responded 200 in 313.8260 ms
2020-01-28 17:04:30.675 +01:00 [Information] HTTP "GET" "/configurationItems" responded 200 in 323.1719 ms
2020-01-28 17:05:22.155 +01:00 [Information] HTTP "OPTIONS" "/employees/plates" responded 204 in 0.2751 ms
2020-01-28 17:05:22.355 +01:00 [Information] HTTP "GET" "/employees/plates" responded 204 in 195.9480 ms
2020-01-28 17:05:39.417 +01:00 [Information] HTTP "OPTIONS" "/employees/plates" responded 204 in 0.2519 ms
2020-01-28 17:05:39.740 +01:00 [Information] HTTP "GET" "/employees/plates" responded 200 in 318.0631 ms
2020-01-28 17:05:45.458 +01:00 [Information] HTTP "OPTIONS" "/cities/22/1190" responded 204 in 0.1780 ms
2020-01-28 17:05:45.823 +01:00 [Information] HTTP "GET" "/cities/22/1190" responded 200 in 352.8296 ms
2020-01-28 17:05:47.029 +01:00 [Information] HTTP "OPTIONS" "/fines" responded 204 in 0.2359 ms
2020-01-28 17:05:48.012 +01:00 [Information] HTTP "POST" "/fines" responded 200 in 979.1042 ms
2020-01-28 17:05:48.129 +01:00 [Information] HTTP "OPTIONS" "/countries" responded 204 in 0.1488 ms
2020-01-28 17:05:48.132 +01:00 [Information] HTTP "OPTIONS" "/configurationItems" responded 204 in 0.0314 ms
2020-01-28 17:05:48.144 +01:00 [Information] HTTP "OPTIONS" "/configurationItems" responded 204 in 0.0357 ms
2020-01-28 17:05:48.148 +01:00 [Information] HTTP "OPTIONS" "/configurationItems" responded 204 in 0.0353 ms
2020-01-28 17:05:48.455 +01:00 [Information] HTTP "GET" "/countries" responded 200 in 323.1711 ms
2020-01-28 17:05:48.458 +01:00 [Information] HTTP "GET" "/configurationItems" responded 200 in 319.6036 ms
2020-01-28 17:05:48.483 +01:00 [Information] HTTP "GET" "/configurationItems" responded 200 in 331.2440 ms
2020-01-28 17:05:48.505 +01:00 [Information] HTTP "OPTIONS" "/documents/fine/26201" responded 204 in 0.0440 ms
2020-01-28 17:05:48.519 +01:00 [Information] HTTP "GET" "/configurationItems" responded 200 in 364.7449 ms
2020-01-28 17:05:48.572 +01:00 [Information] HTTP "OPTIONS" "/fines/26201/activities" responded 204 in 0.1124 ms
2020-01-28 17:05:48.840 +01:00 [Information] HTTP "OPTIONS" "/fines/26201" responded 204 in 0.2800 ms
2020-01-28 17:05:48.958 +01:00 [Information] HTTP "GET" "/documents/fine/26201" responded 200 in 445.3532 ms
2020-01-28 17:05:49.084 +01:00 [Information] HTTP "GET" "/fines/26201/activities" responded 200 in 505.3358 ms
2020-01-28 17:05:49.428 +01:00 [Information] HTTP "GET" "/fines/26201" responded 200 in 563.5841 ms
2020-01-28 17:05:49.759 +01:00 [Information] HTTP "OPTIONS" "/cities/22/1190" responded 204 in 0.1664 ms
2020-01-28 17:05:50.002 +01:00 [Information] HTTP "GET" "/cities/22/1190" responded 200 in 235.3350 ms
