2020-01-30 10:03:35.290 +01:00 [Information] HTTP "GET" "/" responded 404 in 19.7571 ms
2020-01-30 10:03:35.375 +01:00 [Information] HTTP "GET" "/favicon.ico" responded 404 in 0.5673 ms
2020-01-30 10:08:21.698 +01:00 [Information] HTTP "OPTIONS" "/configurationItems" responded 204 in 8.9663 ms
2020-01-30 10:08:22.463 +01:00 [Information] HTTP "GET" "/configurationItems" responded 200 in 755.5607 ms
2020-01-30 10:08:26.784 +01:00 [Information] HTTP "OPTIONS" "/fines" responded 204 in 0.1062 ms
2020-01-30 10:08:27.577 +01:00 [Information] HTTP "GET" "/fines" responded 200 in 788.6523 ms
2020-01-30 10:08:30.009 +01:00 [Information] HTTP "OPTIONS" "/countries" responded 204 in 0.1720 ms
2020-01-30 10:08:30.060 +01:00 [Information] HTTP "OPTIONS" "/configurationItems" responded 204 in 0.2574 ms
2020-01-30 10:08:30.062 +01:00 [Information] HTTP "OPTIONS" "/configurationItems" responded 204 in 0.0442 ms
2020-01-30 10:08:30.064 +01:00 [Information] HTTP "OPTIONS" "/configurationItems" responded 204 in 0.1512 ms
2020-01-30 10:08:30.520 +01:00 [Information] HTTP "OPTIONS" "/documents/fine/26201" responded 204 in 0.1865 ms
2020-01-30 10:08:30.538 +01:00 [Information] HTTP "OPTIONS" "/fines/26201/activities" responded 204 in 0.0327 ms
2020-01-30 10:08:30.892 +01:00 [Information] HTTP "GET" "/configurationItems" responded 200 in 722.1619 ms
2020-01-30 10:08:30.902 +01:00 [Information] HTTP "GET" "/configurationItems" responded 200 in 755.9668 ms
2020-01-30 10:08:30.932 +01:00 [Information] HTTP "GET" "/countries" responded 200 in 890.4763 ms
2020-01-30 10:08:30.986 +01:00 [Information] HTTP "GET" "/configurationItems" responded 200 in 818.7163 ms
2020-01-30 10:08:31.089 +01:00 [Information] HTTP "OPTIONS" "/fines/26201" responded 204 in 0.0825 ms
2020-01-30 10:08:31.274 +01:00 [Information] HTTP "GET" "/documents/fine/26201" responded 200 in 661.0663 ms
2020-01-30 10:08:31.433 +01:00 [Information] HTTP "GET" "/fines/26201/activities" responded 200 in 824.4084 ms
2020-01-30 10:08:31.919 +01:00 [Information] HTTP "GET" "/fines/26201" responded 200 in 806.2412 ms
2020-01-30 10:08:32.260 +01:00 [Information] HTTP "OPTIONS" "/cities/22/1190" responded 204 in 0.0437 ms
2020-01-30 10:08:32.565 +01:00 [Information] HTTP "GET" "/cities/22/1190" responded 200 in 301.5982 ms
2020-01-30 10:09:26.714 +01:00 [Information] HTTP "OPTIONS" "/configurationItems" responded 204 in 0.0420 ms
2020-01-30 10:09:26.714 +01:00 [Information] HTTP "OPTIONS" "/configurationItems" responded 204 in 0.0415 ms
2020-01-30 10:09:26.715 +01:00 [Information] HTTP "OPTIONS" "/countries" responded 204 in 0.1336 ms
2020-01-30 10:09:26.729 +01:00 [Information] HTTP "OPTIONS" "/configurationItems" responded 204 in 0.1216 ms
2020-01-30 10:09:27.190 +01:00 [Information] HTTP "GET" "/countries" responded 200 in 444.3591 ms
2020-01-30 10:09:27.210 +01:00 [Information] HTTP "GET" "/configurationItems" responded 200 in 473.8322 ms
2020-01-30 10:09:27.232 +01:00 [Information] HTTP "GET" "/configurationItems" responded 200 in 485.9612 ms
2020-01-30 10:09:27.256 +01:00 [Information] HTTP "OPTIONS" "/fines/26201/activities" responded 204 in 0.0508 ms
2020-01-30 10:09:27.445 +01:00 [Information] HTTP "GET" "/configurationItems" responded 200 in 576.9479 ms
2020-01-30 10:09:27.682 +01:00 [Information] HTTP "OPTIONS" "/documents/fine/26201" responded 204 in 0.0325 ms
2020-01-30 10:09:27.867 +01:00 [Information] HTTP "OPTIONS" "/fines/26201/activities" responded 204 in 0.0501 ms
2020-01-30 10:09:28.220 +01:00 [Information] HTTP "GET" "/fines/26201/activities" responded 200 in 863.2483 ms
2020-01-30 10:09:28.341 +01:00 [Information] HTTP "OPTIONS" "/fines/26201" responded 204 in 0.0269 ms
2020-01-30 10:09:28.368 +01:00 [Information] HTTP "GET" "/documents/fine/26201" responded 200 in 639.2798 ms
2020-01-30 10:09:28.772 +01:00 [Information] HTTP "GET" "/fines/26201/activities" responded 200 in 735.3107 ms
2020-01-30 10:09:29.374 +01:00 [Information] HTTP "GET" "/fines/26201" responded 200 in 969.7634 ms
2020-01-30 10:09:29.722 +01:00 [Information] HTTP "OPTIONS" "/cities/22/1190" responded 204 in 0.0850 ms
2020-01-30 10:09:30.218 +01:00 [Information] HTTP "GET" "/cities/22/1190" responded 200 in 470.3894 ms
2020-01-30 14:00:37.035 +01:00 [Information] HTTP "GET" "/_hc" responded 200 in 11092.1662 ms
2020-01-30 14:00:58.481 +01:00 [Information] HTTP "GET" "/_hc" responded 200 in 3288.1123 ms
2020-01-30 14:02:42.069 +01:00 [Information] HTTP "GET" "/_hc" responded 200 in 3929.6603 ms
2020-01-30 14:03:01.761 +01:00 [Information] HTTP "GET" "/_hc" responded 200 in 2994.2826 ms
2020-01-30 14:05:33.774 +01:00 [Information] HTTP "GET" "/_hc" responded 200 in 2839.1740 ms
2020-01-30 14:08:13.221 +01:00 [Information] HTTP "GET" "/_hc" responded 200 in 2999.8243 ms
2020-01-30 14:08:45.903 +01:00 [Information] HTTP "GET" "/_hc" responded 500 in 14096.9149 ms
System.Runtime.Serialization.InvalidDataContractException: Type 'System.Linq.OrderedEnumerable`2[Infrabel.ICT.Framework.Extended.AspNetCore.HealthCheck.HealthCheckEntryViewModel,System.String]' cannot be serialized. Consider marking it with the DataContractAttribute attribute, and marking all of its members you want serialized with the DataMemberAttribute attribute. Alternatively, you can ensure that the type is public and has a parameterless constructor - all public members of the type will then be serialized, and no attributes will be required.
   at System.Runtime.Serialization.DataContract.DataContractCriticalHelper.ThrowInvalidDataContractException(String message, Type type)
   at System.Runtime.Serialization.DataContract.DataContractCriticalHelper.CreateDataContract(Type type)
   at System.Runtime.Serialization.DataContract.DataContractCriticalHelper.CreateDataContract(Int32 id, RuntimeTypeHandle typeHandle, Type type)
   at System.Runtime.Serialization.DataContract.DataContractCriticalHelper.GetDataContractSkipValidation(Int32 id, RuntimeTypeHandle typeHandle, Type type)
   at System.Runtime.Serialization.XmlObjectSerializerContext.GetDataContractSkipValidation(Int32 typeId, RuntimeTypeHandle typeHandle, Type type)
   at System.Runtime.Serialization.XmlObjectSerializerWriteContext.SerializeWithXsiType(XmlWriterDelegator xmlWriter, Object obj, RuntimeTypeHandle objectTypeHandle, Type objectType, Int32 declaredTypeID, RuntimeTypeHandle declaredTypeHandle, Type declaredType)
   at System.Runtime.Serialization.XmlObjectSerializerWriteContext.InternalSerialize(XmlWriterDelegator xmlWriter, Object obj, Boolean isDeclaredType, Boolean writeXsiType, Int32 declaredTypeID, RuntimeTypeHandle declaredTypeHandle)
   at System.Runtime.Serialization.XmlObjectSerializerWriteContext.InternalSerializeReference(XmlWriterDelegator xmlWriter, Object obj, Boolean isDeclaredType, Boolean writeXsiType, Int32 declaredTypeID, RuntimeTypeHandle declaredTypeHandle)
   at WriteHealthCheckViewModelToXml(XmlWriterDelegator , Object , XmlObjectSerializerWriteContext , ClassDataContract )
   at System.Runtime.Serialization.ClassDataContract.WriteXmlValue(XmlWriterDelegator xmlWriter, Object obj, XmlObjectSerializerWriteContext context)
   at System.Runtime.Serialization.XmlObjectSerializerWriteContext.WriteDataContractValue(DataContract dataContract, XmlWriterDelegator xmlWriter, Object obj, RuntimeTypeHandle declaredTypeHandle)
   at System.Runtime.Serialization.XmlObjectSerializerWriteContext.SerializeWithoutXsiType(DataContract dataContract, XmlWriterDelegator xmlWriter, Object obj, RuntimeTypeHandle declaredTypeHandle)
   at System.Runtime.Serialization.DataContractSerializer.InternalWriteObjectContent(XmlWriterDelegator writer, Object graph, DataContractResolver dataContractResolver)
   at System.Runtime.Serialization.DataContractSerializer.InternalWriteObject(XmlWriterDelegator writer, Object graph, DataContractResolver dataContractResolver)
   at System.Runtime.Serialization.XmlObjectSerializer.WriteObjectHandleExceptions(XmlWriterDelegator writer, Object graph, DataContractResolver dataContractResolver)
   at System.Runtime.Serialization.DataContractSerializer.WriteObject(XmlWriter writer, Object graph)
   at Microsoft.AspNetCore.Mvc.Formatters.XmlDataContractSerializerOutputFormatter.WriteResponseBodyAsync(OutputFormatterWriteContext context, Encoding selectedEncoding)
   at Microsoft.AspNetCore.Mvc.Formatters.XmlDataContractSerializerOutputFormatter.WriteResponseBodyAsync(OutputFormatterWriteContext context, Encoding selectedEncoding)
   at Microsoft.AspNetCore.Mvc.Formatters.XmlDataContractSerializerOutputFormatter.WriteResponseBodyAsync(OutputFormatterWriteContext context, Encoding selectedEncoding)
   at Microsoft.AspNetCore.Mvc.Infrastructure.ResourceInvoker.<InvokeNextResultFilterAsync>g__Awaited|29_0[TFilter,TFilterAsync](ResourceInvoker invoker, Task lastTask, State next, Scope scope, Object state, Boolean isCompleted)
   at Microsoft.AspNetCore.Mvc.Infrastructure.ResourceInvoker.Rethrow(ResultExecutedContextSealed context)
   at Microsoft.AspNetCore.Mvc.Infrastructure.ResourceInvoker.ResultNext[TFilter,TFilterAsync](State& next, Scope& scope, Object& state, Boolean& isCompleted)
   at Microsoft.AspNetCore.Mvc.Infrastructure.ResourceInvoker.InvokeResultFilters()
--- End of stack trace from previous location where exception was thrown ---
   at Microsoft.AspNetCore.Mvc.Infrastructure.ResourceInvoker.<InvokeFilterPipelineAsync>g__Awaited|19_0(ResourceInvoker invoker, Task lastTask, State next, Scope scope, Object state, Boolean isCompleted)
   at Microsoft.AspNetCore.Mvc.Infrastructure.ResourceInvoker.<InvokeAsync>g__Awaited|17_0(ResourceInvoker invoker, Task task, IDisposable scope)
   at Microsoft.AspNetCore.Routing.EndpointMiddleware.<Invoke>g__AwaitRequestTask|6_0(Endpoint endpoint, Task requestTask, ILogger logger)
   at Microsoft.AspNetCore.Localization.RequestLocalizationMiddleware.Invoke(HttpContext context)
   at Microsoft.AspNetCore.Authorization.AuthorizationMiddleware.Invoke(HttpContext context)
   at Infrabel.ICT.Framework.Extended.AspNetCore.Middleware.LoggingMiddleware.Invoke(HttpContext context, IEnvironmentInfoService environmentInfoService)
2020-01-30 14:08:49.167 +01:00 [Error] An unhandled exception has occurred while executing the request.
System.Runtime.Serialization.InvalidDataContractException: Type 'System.Linq.OrderedEnumerable`2[Infrabel.ICT.Framework.Extended.AspNetCore.HealthCheck.HealthCheckEntryViewModel,System.String]' cannot be serialized. Consider marking it with the DataContractAttribute attribute, and marking all of its members you want serialized with the DataMemberAttribute attribute. Alternatively, you can ensure that the type is public and has a parameterless constructor - all public members of the type will then be serialized, and no attributes will be required.
   at System.Runtime.Serialization.DataContract.DataContractCriticalHelper.ThrowInvalidDataContractException(String message, Type type)
   at System.Runtime.Serialization.DataContract.DataContractCriticalHelper.CreateDataContract(Type type)
   at System.Runtime.Serialization.DataContract.DataContractCriticalHelper.CreateDataContract(Int32 id, RuntimeTypeHandle typeHandle, Type type)
   at System.Runtime.Serialization.DataContract.DataContractCriticalHelper.GetDataContractSkipValidation(Int32 id, RuntimeTypeHandle typeHandle, Type type)
   at System.Runtime.Serialization.XmlObjectSerializerContext.GetDataContractSkipValidation(Int32 typeId, RuntimeTypeHandle typeHandle, Type type)
   at System.Runtime.Serialization.XmlObjectSerializerWriteContext.SerializeWithXsiType(XmlWriterDelegator xmlWriter, Object obj, RuntimeTypeHandle objectTypeHandle, Type objectType, Int32 declaredTypeID, RuntimeTypeHandle declaredTypeHandle, Type declaredType)
   at System.Runtime.Serialization.XmlObjectSerializerWriteContext.InternalSerialize(XmlWriterDelegator xmlWriter, Object obj, Boolean isDeclaredType, Boolean writeXsiType, Int32 declaredTypeID, RuntimeTypeHandle declaredTypeHandle)
   at System.Runtime.Serialization.XmlObjectSerializerWriteContext.InternalSerializeReference(XmlWriterDelegator xmlWriter, Object obj, Boolean isDeclaredType, Boolean writeXsiType, Int32 declaredTypeID, RuntimeTypeHandle declaredTypeHandle)
   at WriteHealthCheckViewModelToXml(XmlWriterDelegator , Object , XmlObjectSerializerWriteContext , ClassDataContract )
   at System.Runtime.Serialization.ClassDataContract.WriteXmlValue(XmlWriterDelegator xmlWriter, Object obj, XmlObjectSerializerWriteContext context)
   at System.Runtime.Serialization.XmlObjectSerializerWriteContext.WriteDataContractValue(DataContract dataContract, XmlWriterDelegator xmlWriter, Object obj, RuntimeTypeHandle declaredTypeHandle)
   at System.Runtime.Serialization.XmlObjectSerializerWriteContext.SerializeWithoutXsiType(DataContract dataContract, XmlWriterDelegator xmlWriter, Object obj, RuntimeTypeHandle declaredTypeHandle)
   at System.Runtime.Serialization.DataContractSerializer.InternalWriteObjectContent(XmlWriterDelegator writer, Object graph, DataContractResolver dataContractResolver)
   at System.Runtime.Serialization.DataContractSerializer.InternalWriteObject(XmlWriterDelegator writer, Object graph, DataContractResolver dataContractResolver)
   at System.Runtime.Serialization.XmlObjectSerializer.WriteObjectHandleExceptions(XmlWriterDelegator writer, Object graph, DataContractResolver dataContractResolver)
   at System.Runtime.Serialization.DataContractSerializer.WriteObject(XmlWriter writer, Object graph)
   at Microsoft.AspNetCore.Mvc.Formatters.XmlDataContractSerializerOutputFormatter.WriteResponseBodyAsync(OutputFormatterWriteContext context, Encoding selectedEncoding)
   at Microsoft.AspNetCore.Mvc.Formatters.XmlDataContractSerializerOutputFormatter.WriteResponseBodyAsync(OutputFormatterWriteContext context, Encoding selectedEncoding)
   at Microsoft.AspNetCore.Mvc.Formatters.XmlDataContractSerializerOutputFormatter.WriteResponseBodyAsync(OutputFormatterWriteContext context, Encoding selectedEncoding)
   at Microsoft.AspNetCore.Mvc.Infrastructure.ResourceInvoker.<InvokeNextResultFilterAsync>g__Awaited|29_0[TFilter,TFilterAsync](ResourceInvoker invoker, Task lastTask, State next, Scope scope, Object state, Boolean isCompleted)
   at Microsoft.AspNetCore.Mvc.Infrastructure.ResourceInvoker.Rethrow(ResultExecutedContextSealed context)
   at Microsoft.AspNetCore.Mvc.Infrastructure.ResourceInvoker.ResultNext[TFilter,TFilterAsync](State& next, Scope& scope, Object& state, Boolean& isCompleted)
   at Microsoft.AspNetCore.Mvc.Infrastructure.ResourceInvoker.InvokeResultFilters()
--- End of stack trace from previous location where exception was thrown ---
   at Microsoft.AspNetCore.Mvc.Infrastructure.ResourceInvoker.<InvokeFilterPipelineAsync>g__Awaited|19_0(ResourceInvoker invoker, Task lastTask, State next, Scope scope, Object state, Boolean isCompleted)
   at Microsoft.AspNetCore.Mvc.Infrastructure.ResourceInvoker.<InvokeAsync>g__Awaited|17_0(ResourceInvoker invoker, Task task, IDisposable scope)
   at Microsoft.AspNetCore.Routing.EndpointMiddleware.<Invoke>g__AwaitRequestTask|6_0(Endpoint endpoint, Task requestTask, ILogger logger)
   at Microsoft.AspNetCore.Localization.RequestLocalizationMiddleware.Invoke(HttpContext context)
   at Microsoft.AspNetCore.Authorization.AuthorizationMiddleware.Invoke(HttpContext context)
   at Infrabel.ICT.Framework.Extended.AspNetCore.Middleware.LoggingMiddleware.Invoke(HttpContext context, IEnvironmentInfoService environmentInfoService)
   at Swashbuckle.AspNetCore.SwaggerUI.SwaggerUIMiddleware.Invoke(HttpContext httpContext)
   at Swashbuckle.AspNetCore.Swagger.SwaggerMiddleware.Invoke(HttpContext httpContext, ISwaggerProvider swaggerProvider)
   at Microsoft.AspNetCore.Diagnostics.DeveloperExceptionPageMiddleware.Invoke(HttpContext context)
2020-01-30 14:09:13.074 +01:00 [Information] HTTP "GET" "/_hc" responded 200 in 3434.4687 ms
2020-01-30 14:10:32.232 +01:00 [Information] HTTP "GET" "/_hc" responded 500 in 49936.9158 ms
System.Runtime.Serialization.InvalidDataContractException: Type 'System.Linq.OrderedEnumerable`2[Infrabel.ICT.Framework.Extended.AspNetCore.HealthCheck.HealthCheckEntryViewModel,System.String]' cannot be serialized. Consider marking it with the DataContractAttribute attribute, and marking all of its members you want serialized with the DataMemberAttribute attribute. Alternatively, you can ensure that the type is public and has a parameterless constructor - all public members of the type will then be serialized, and no attributes will be required.
   at System.Runtime.Serialization.DataContract.DataContractCriticalHelper.ThrowInvalidDataContractException(String message, Type type)
   at System.Runtime.Serialization.DataContract.DataContractCriticalHelper.CreateDataContract(Type type)
   at System.Runtime.Serialization.DataContract.DataContractCriticalHelper.CreateDataContract(Int32 id, RuntimeTypeHandle typeHandle, Type type)
   at System.Runtime.Serialization.DataContract.DataContractCriticalHelper.GetDataContractSkipValidation(Int32 id, RuntimeTypeHandle typeHandle, Type type)
   at System.Runtime.Serialization.XmlObjectSerializerContext.GetDataContractSkipValidation(Int32 typeId, RuntimeTypeHandle typeHandle, Type type)
   at System.Runtime.Serialization.XmlObjectSerializerWriteContext.SerializeWithXsiType(XmlWriterDelegator xmlWriter, Object obj, RuntimeTypeHandle objectTypeHandle, Type objectType, Int32 declaredTypeID, RuntimeTypeHandle declaredTypeHandle, Type declaredType)
   at System.Runtime.Serialization.XmlObjectSerializerWriteContext.InternalSerialize(XmlWriterDelegator xmlWriter, Object obj, Boolean isDeclaredType, Boolean writeXsiType, Int32 declaredTypeID, RuntimeTypeHandle declaredTypeHandle)
   at System.Runtime.Serialization.XmlObjectSerializerWriteContext.InternalSerializeReference(XmlWriterDelegator xmlWriter, Object obj, Boolean isDeclaredType, Boolean writeXsiType, Int32 declaredTypeID, RuntimeTypeHandle declaredTypeHandle)
   at WriteHealthCheckViewModelToXml(XmlWriterDelegator , Object , XmlObjectSerializerWriteContext , ClassDataContract )
   at System.Runtime.Serialization.ClassDataContract.WriteXmlValue(XmlWriterDelegator xmlWriter, Object obj, XmlObjectSerializerWriteContext context)
   at System.Runtime.Serialization.XmlObjectSerializerWriteContext.WriteDataContractValue(DataContract dataContract, XmlWriterDelegator xmlWriter, Object obj, RuntimeTypeHandle declaredTypeHandle)
   at System.Runtime.Serialization.XmlObjectSerializerWriteContext.SerializeWithoutXsiType(DataContract dataContract, XmlWriterDelegator xmlWriter, Object obj, RuntimeTypeHandle declaredTypeHandle)
   at System.Runtime.Serialization.DataContractSerializer.InternalWriteObjectContent(XmlWriterDelegator writer, Object graph, DataContractResolver dataContractResolver)
   at System.Runtime.Serialization.DataContractSerializer.InternalWriteObject(XmlWriterDelegator writer, Object graph, DataContractResolver dataContractResolver)
   at System.Runtime.Serialization.XmlObjectSerializer.WriteObjectHandleExceptions(XmlWriterDelegator writer, Object graph, DataContractResolver dataContractResolver)
   at System.Runtime.Serialization.DataContractSerializer.WriteObject(XmlWriter writer, Object graph)
   at Microsoft.AspNetCore.Mvc.Formatters.XmlDataContractSerializerOutputFormatter.WriteResponseBodyAsync(OutputFormatterWriteContext context, Encoding selectedEncoding)
   at Microsoft.AspNetCore.Mvc.Formatters.XmlDataContractSerializerOutputFormatter.WriteResponseBodyAsync(OutputFormatterWriteContext context, Encoding selectedEncoding)
   at Microsoft.AspNetCore.Mvc.Formatters.XmlDataContractSerializerOutputFormatter.WriteResponseBodyAsync(OutputFormatterWriteContext context, Encoding selectedEncoding)
   at Microsoft.AspNetCore.Mvc.Infrastructure.ResourceInvoker.<InvokeNextResultFilterAsync>g__Awaited|29_0[TFilter,TFilterAsync](ResourceInvoker invoker, Task lastTask, State next, Scope scope, Object state, Boolean isCompleted)
   at Microsoft.AspNetCore.Mvc.Infrastructure.ResourceInvoker.Rethrow(ResultExecutedContextSealed context)
   at Microsoft.AspNetCore.Mvc.Infrastructure.ResourceInvoker.ResultNext[TFilter,TFilterAsync](State& next, Scope& scope, Object& state, Boolean& isCompleted)
   at Microsoft.AspNetCore.Mvc.Infrastructure.ResourceInvoker.InvokeResultFilters()
--- End of stack trace from previous location where exception was thrown ---
   at Microsoft.AspNetCore.Mvc.Infrastructure.ResourceInvoker.<InvokeFilterPipelineAsync>g__Awaited|19_0(ResourceInvoker invoker, Task lastTask, State next, Scope scope, Object state, Boolean isCompleted)
   at Microsoft.AspNetCore.Mvc.Infrastructure.ResourceInvoker.<InvokeAsync>g__Awaited|17_0(ResourceInvoker invoker, Task task, IDisposable scope)
   at Microsoft.AspNetCore.Routing.EndpointMiddleware.<Invoke>g__AwaitRequestTask|6_0(Endpoint endpoint, Task requestTask, ILogger logger)
   at Microsoft.AspNetCore.Localization.RequestLocalizationMiddleware.Invoke(HttpContext context)
   at Microsoft.AspNetCore.Authorization.AuthorizationMiddleware.Invoke(HttpContext context)
   at Infrabel.ICT.Framework.Extended.AspNetCore.Middleware.LoggingMiddleware.Invoke(HttpContext context, IEnvironmentInfoService environmentInfoService)
2020-01-30 14:10:35.184 +01:00 [Error] An unhandled exception has occurred while executing the request.
System.Runtime.Serialization.InvalidDataContractException: Type 'System.Linq.OrderedEnumerable`2[Infrabel.ICT.Framework.Extended.AspNetCore.HealthCheck.HealthCheckEntryViewModel,System.String]' cannot be serialized. Consider marking it with the DataContractAttribute attribute, and marking all of its members you want serialized with the DataMemberAttribute attribute. Alternatively, you can ensure that the type is public and has a parameterless constructor - all public members of the type will then be serialized, and no attributes will be required.
   at System.Runtime.Serialization.DataContract.DataContractCriticalHelper.ThrowInvalidDataContractException(String message, Type type)
   at System.Runtime.Serialization.DataContract.DataContractCriticalHelper.CreateDataContract(Type type)
   at System.Runtime.Serialization.DataContract.DataContractCriticalHelper.CreateDataContract(Int32 id, RuntimeTypeHandle typeHandle, Type type)
   at System.Runtime.Serialization.DataContract.DataContractCriticalHelper.GetDataContractSkipValidation(Int32 id, RuntimeTypeHandle typeHandle, Type type)
   at System.Runtime.Serialization.XmlObjectSerializerContext.GetDataContractSkipValidation(Int32 typeId, RuntimeTypeHandle typeHandle, Type type)
   at System.Runtime.Serialization.XmlObjectSerializerWriteContext.SerializeWithXsiType(XmlWriterDelegator xmlWriter, Object obj, RuntimeTypeHandle objectTypeHandle, Type objectType, Int32 declaredTypeID, RuntimeTypeHandle declaredTypeHandle, Type declaredType)
   at System.Runtime.Serialization.XmlObjectSerializerWriteContext.InternalSerialize(XmlWriterDelegator xmlWriter, Object obj, Boolean isDeclaredType, Boolean writeXsiType, Int32 declaredTypeID, RuntimeTypeHandle declaredTypeHandle)
   at System.Runtime.Serialization.XmlObjectSerializerWriteContext.InternalSerializeReference(XmlWriterDelegator xmlWriter, Object obj, Boolean isDeclaredType, Boolean writeXsiType, Int32 declaredTypeID, RuntimeTypeHandle declaredTypeHandle)
   at WriteHealthCheckViewModelToXml(XmlWriterDelegator , Object , XmlObjectSerializerWriteContext , ClassDataContract )
   at System.Runtime.Serialization.ClassDataContract.WriteXmlValue(XmlWriterDelegator xmlWriter, Object obj, XmlObjectSerializerWriteContext context)
   at System.Runtime.Serialization.XmlObjectSerializerWriteContext.WriteDataContractValue(DataContract dataContract, XmlWriterDelegator xmlWriter, Object obj, RuntimeTypeHandle declaredTypeHandle)
   at System.Runtime.Serialization.XmlObjectSerializerWriteContext.SerializeWithoutXsiType(DataContract dataContract, XmlWriterDelegator xmlWriter, Object obj, RuntimeTypeHandle declaredTypeHandle)
   at System.Runtime.Serialization.DataContractSerializer.InternalWriteObjectContent(XmlWriterDelegator writer, Object graph, DataContractResolver dataContractResolver)
   at System.Runtime.Serialization.DataContractSerializer.InternalWriteObject(XmlWriterDelegator writer, Object graph, DataContractResolver dataContractResolver)
   at System.Runtime.Serialization.XmlObjectSerializer.WriteObjectHandleExceptions(XmlWriterDelegator writer, Object graph, DataContractResolver dataContractResolver)
   at System.Runtime.Serialization.DataContractSerializer.WriteObject(XmlWriter writer, Object graph)
   at Microsoft.AspNetCore.Mvc.Formatters.XmlDataContractSerializerOutputFormatter.WriteResponseBodyAsync(OutputFormatterWriteContext context, Encoding selectedEncoding)
   at Microsoft.AspNetCore.Mvc.Formatters.XmlDataContractSerializerOutputFormatter.WriteResponseBodyAsync(OutputFormatterWriteContext context, Encoding selectedEncoding)
   at Microsoft.AspNetCore.Mvc.Formatters.XmlDataContractSerializerOutputFormatter.WriteResponseBodyAsync(OutputFormatterWriteContext context, Encoding selectedEncoding)
   at Microsoft.AspNetCore.Mvc.Infrastructure.ResourceInvoker.<InvokeNextResultFilterAsync>g__Awaited|29_0[TFilter,TFilterAsync](ResourceInvoker invoker, Task lastTask, State next, Scope scope, Object state, Boolean isCompleted)
   at Microsoft.AspNetCore.Mvc.Infrastructure.ResourceInvoker.Rethrow(ResultExecutedContextSealed context)
   at Microsoft.AspNetCore.Mvc.Infrastructure.ResourceInvoker.ResultNext[TFilter,TFilterAsync](State& next, Scope& scope, Object& state, Boolean& isCompleted)
   at Microsoft.AspNetCore.Mvc.Infrastructure.ResourceInvoker.InvokeResultFilters()
--- End of stack trace from previous location where exception was thrown ---
   at Microsoft.AspNetCore.Mvc.Infrastructure.ResourceInvoker.<InvokeFilterPipelineAsync>g__Awaited|19_0(ResourceInvoker invoker, Task lastTask, State next, Scope scope, Object state, Boolean isCompleted)
   at Microsoft.AspNetCore.Mvc.Infrastructure.ResourceInvoker.<InvokeAsync>g__Awaited|17_0(ResourceInvoker invoker, Task task, IDisposable scope)
   at Microsoft.AspNetCore.Routing.EndpointMiddleware.<Invoke>g__AwaitRequestTask|6_0(Endpoint endpoint, Task requestTask, ILogger logger)
   at Microsoft.AspNetCore.Localization.RequestLocalizationMiddleware.Invoke(HttpContext context)
   at Microsoft.AspNetCore.Authorization.AuthorizationMiddleware.Invoke(HttpContext context)
   at Infrabel.ICT.Framework.Extended.AspNetCore.Middleware.LoggingMiddleware.Invoke(HttpContext context, IEnvironmentInfoService environmentInfoService)
   at Swashbuckle.AspNetCore.SwaggerUI.SwaggerUIMiddleware.Invoke(HttpContext httpContext)
   at Swashbuckle.AspNetCore.Swagger.SwaggerMiddleware.Invoke(HttpContext httpContext, ISwaggerProvider swaggerProvider)
   at Microsoft.AspNetCore.Diagnostics.DeveloperExceptionPageMiddleware.Invoke(HttpContext context)
2020-01-30 15:38:13.562 +01:00 [Information] HTTP "GET" "/_hc" responded 200 in 3919.1603 ms
