2020-01-14 17:29:59.155 +01:00 [Information] HTTP "GET" "/" responded 404 in 88.7442 ms
2020-01-14 17:29:59.396 +01:00 [Information] HTTP "GET" "/favicon.ico" responded 404 in 63.2136 ms
2020-01-14 17:32:13.752 +01:00 [Information] HTTP "GET" "/fine/20121" responded 404 in 10.4872 ms
2020-01-14 17:32:20.530 +01:00 [Information] HTTP "GET" "/fine/20121" responded 404 in 0.5102 ms
2020-01-14 17:33:31.332 +01:00 [Information] HTTP "GET" "/" responded 404 in 52.6568 ms
2020-01-14 17:34:52.215 +01:00 [Information] HTTP "GET" "/" responded 404 in 62.2175 ms
2020-01-14 17:36:46.220 +01:00 [Information] HTTP "GET" "/Documents/fine/20121" responded 200 in 17227.4299 ms
2020-01-14 17:37:14.598 +01:00 [Information] HTTP "GET" "/Documents/fine/20121" responded 200 in 2363.3073 ms
2020-01-14 17:45:29.168 +01:00 [Information] HTTP "GET" "/" responded 404 in 71.4830 ms
2020-01-14 17:45:29.392 +01:00 [Information] HTTP "GET" "/favicon.ico" responded 404 in 44.5174 ms
2020-01-14 17:46:20.550 +01:00 [Information] HTTP "PUT" "/Documents/161" responded 422 in 5028.4401 ms
2020-01-14 17:46:34.950 +01:00 [Information] HTTP "PUT" "/Documents/161" responded 422 in 410.6576 ms
2020-01-14 17:47:04.844 +01:00 [Information] HTTP "PUT" "/Documents/161/fine/1212" responded 404 in 1.0693 ms
2020-01-14 17:47:14.455 +01:00 [Information] HTTP "PUT" "/Documents/161/fine/1212" responded 404 in 0.3255 ms
2020-01-14 17:48:03.972 +01:00 [Information] HTTP "GET" "/" responded 404 in 51.4467 ms
2020-01-14 17:48:23.547 +01:00 [Information] HTTP "PUT" "/Documents/161" responded 422 in 4329.1717 ms
2020-01-14 17:48:38.136 +01:00 [Information] HTTP "PUT" "/Documents/161" responded 422 in 323.3172 ms
2020-01-14 17:48:53.684 +01:00 [Information] HTTP "PUT" "/Documents/161" responded 422 in 134.6587 ms
2020-01-14 17:49:55.134 +01:00 [Information] HTTP "GET" "/" responded 404 in 54.1782 ms
2020-01-14 17:50:01.747 +01:00 [Information] HTTP "PUT" "/Documents/161" responded 422 in 3876.0253 ms
2020-01-14 17:51:12.942 +01:00 [Information] HTTP "GET" "/" responded 404 in 100.1160 ms
2020-01-14 17:52:55.987 +01:00 [Information] HTTP "GET" "/" responded 404 in 73.6908 ms
2020-01-14 17:53:06.314 +01:00 [Information] HTTP "PUT" "/Documents/161" responded 422 in 3919.4866 ms
2020-01-14 17:54:05.173 +01:00 [Information] HTTP "GET" "/" responded 404 in 76.0123 ms
2020-01-14 17:54:27.313 +01:00 [Information] HTTP "PUT" "/Documents/161" responded 422 in 3925.8253 ms
2020-01-14 17:56:36.563 +01:00 [Information] HTTP "PUT" "/Documents/161" responded 422 in 552.1591 ms
2020-01-14 17:56:53.629 +01:00 [Information] HTTP "GET" "/Documents/fine/20121" responded 200 in 1511.5977 ms
2020-01-14 17:57:27.454 +01:00 [Information] HTTP "PUT" "/Documents/161" responded 422 in 146.1190 ms
2020-01-14 17:57:52.287 +01:00 [Information] HTTP "PUT" "/Documents/161" responded 422 in 161.8385 ms
2020-01-14 17:58:11.287 +01:00 [Information] HTTP "PUT" "/Documents/161" responded 422 in 89.8827 ms
2020-01-14 17:58:22.468 +01:00 [Information] HTTP "PUT" "/Documents/161" responded 200 in 1144.1612 ms
2020-01-14 17:58:54.576 +01:00 [Information] HTTP "PUT" "/Documents/161" responded 200 in 18870.9153 ms
2020-01-14 17:59:30.347 +01:00 [Information] HTTP "PUT" "/Documents/161" responded 422 in 110.3628 ms
2020-01-14 17:59:51.621 +01:00 [Information] HTTP "PUT" "/Documents/161" responded 200 in 15056.8681 ms
