2019-12-17 11:41:10.071 +01:00 [Information] HTTP "GET" "/" responded 404 in 48.2469 ms
2019-12-17 11:41:10.422 +01:00 [Information] HTTP "GET" "/favicon.ico" responded 404 in 47.4131 ms
2019-12-17 11:41:38.061 +01:00 [Information] HTTP "OPTIONS" "/configurationItems" responded 204 in 17.0548 ms
2019-12-17 11:41:48.406 +01:00 [Information] HTTP "GET" "/configurationItems" responded 200 in 10339.1097 ms
2019-12-17 11:41:54.703 +01:00 [Information] HTTP "OPTIONS" "/fines" responded 204 in 0.4657 ms
2019-12-17 11:42:00.518 +01:00 [Information] HTTP "GET" "/fines" responded 200 in 5811.0339 ms
2019-12-17 11:42:12.493 +01:00 [Information] HTTP "OPTIONS" "/fines" responded 204 in 0.4313 ms
2019-12-17 11:42:16.840 +01:00 [Information] HTTP "GET" "/fines" responded 200 in 4339.8933 ms
2019-12-17 11:42:21.266 +01:00 [Information] HTTP "OPTIONS" "/countries" responded 204 in 0.2721 ms
2019-12-17 11:42:21.269 +01:00 [Information] HTTP "OPTIONS" "/configurationItems" responded 204 in 0.4351 ms
2019-12-17 11:42:21.272 +01:00 [Information] HTTP "OPTIONS" "/configurationItems" responded 204 in 0.0470 ms
2019-12-17 11:42:21.275 +01:00 [Information] HTTP "OPTIONS" "/configurationItems" responded 204 in 0.0444 ms
2019-12-17 11:42:21.440 +01:00 [Information] HTTP "OPTIONS" "/documents/fine/13338" responded 204 in 0.0484 ms
2019-12-17 11:42:23.303 +01:00 [Information] HTTP "OPTIONS" "/fines/13338/activities" responded 204 in 0.0626 ms
2019-12-17 11:42:31.669 +01:00 [Information] HTTP "GET" "/configurationItems" responded 200 in 10392.6368 ms
2019-12-17 11:42:31.820 +01:00 [Information] HTTP "GET" "/configurationItems" responded 200 in 10536.6413 ms
2019-12-17 11:42:35.184 +01:00 [Information] HTTP "GET" "/countries" responded 200 in 13909.5233 ms
2019-12-17 11:42:35.953 +01:00 [Information] HTTP "GET" "/configurationItems" responded 200 in 14664.3711 ms
2019-12-17 11:42:35.978 +01:00 [Information] HTTP "OPTIONS" "/fines/13338" responded 204 in 0.1287 ms
2019-12-17 11:42:44.366 +01:00 [Information] HTTP "GET" "/documents/fine/13338" responded 200 in 22914.9095 ms
2019-12-17 11:42:44.403 +01:00 [Information] HTTP "GET" "/fines/13338/activities" responded 200 in 21072.3772 ms
2019-12-17 11:42:49.543 +01:00 [Information] HTTP "GET" "/fines/13338" responded 200 in 13559.2398 ms
2019-12-17 11:43:24.103 +01:00 [Information] HTTP "OPTIONS" "/countries" responded 204 in 0.2927 ms
2019-12-17 11:43:24.103 +01:00 [Information] HTTP "OPTIONS" "/configurationItems" responded 204 in 0.4122 ms
2019-12-17 11:43:24.103 +01:00 [Information] HTTP "OPTIONS" "/configurationItems" responded 204 in 0.4310 ms
2019-12-17 11:43:24.104 +01:00 [Information] HTTP "OPTIONS" "/configurationItems" responded 204 in 0.1155 ms
2019-12-17 11:43:26.594 +01:00 [Information] HTTP "OPTIONS" "/fines/13143/activities" responded 204 in 0.1348 ms
2019-12-17 11:43:26.613 +01:00 [Information] HTTP "OPTIONS" "/documents/fine/13143" responded 204 in 0.1246 ms
2019-12-17 11:43:26.618 +01:00 [Information] HTTP "OPTIONS" "/fines/13143/activities" responded 204 in 1.8798 ms
2019-12-17 11:43:33.078 +01:00 [Information] HTTP "GET" "/configurationItems" responded 200 in 8952.6704 ms
2019-12-17 11:43:33.105 +01:00 [Information] HTTP "GET" "/countries" responded 200 in 8970.8004 ms
2019-12-17 11:43:37.508 +01:00 [Information] HTTP "GET" "/configurationItems" responded 200 in 13371.3640 ms
2019-12-17 11:43:40.137 +01:00 [Information] HTTP "GET" "/configurationItems" responded 200 in 14481.5756 ms
2019-12-17 11:43:40.173 +01:00 [Information] HTTP "OPTIONS" "/fines/13143" responded 204 in 5.5014 ms
2019-12-17 11:43:47.081 +01:00 [Information] HTTP "GET" "/fines/13143/activities" responded 200 in 20461.0983 ms
2019-12-17 11:43:47.367 +01:00 [Information] HTTP "GET" "/documents/fine/13143" responded 200 in 19764.5247 ms
2019-12-17 11:43:53.173 +01:00 [Information] HTTP "GET" "/fines/13143/activities" responded 200 in 24554.6237 ms
2019-12-17 11:43:57.833 +01:00 [Information] HTTP "GET" "/fines/13143" responded 200 in 17649.9662 ms
2019-12-17 11:43:58.204 +01:00 [Information] HTTP "OPTIONS" "/cities/22/1190" responded 204 in 1.2010 ms
2019-12-17 11:44:01.183 +01:00 [Information] HTTP "GET" "/cities/22/1190" responded 200 in 2958.4308 ms
2019-12-17 11:44:06.852 +01:00 [Information] HTTP "OPTIONS" "/fines/13143" responded 204 in 0.1667 ms
2019-12-17 11:44:16.349 +01:00 [Information] HTTP "PUT" "/fines/13143" responded 200 in 9492.4918 ms
2019-12-17 11:44:16.551 +01:00 [Information] HTTP "OPTIONS" "/emailtemplates" responded 204 in 0.1149 ms
2019-12-17 11:44:16.551 +01:00 [Information] HTTP "OPTIONS" "/fines/13143" responded 204 in 0.3372 ms
