2019-11-26 10:07:22.181 +01:00 [Information] HTTP "GET" "/" responded 404 in 165.3946 ms
2019-11-26 10:07:22.539 +01:00 [Information] HTTP "GET" "/favicon.ico" responded 404 in 60.2937 ms
2019-11-26 17:35:54.492 +01:00 [Information] HTTP "GET" "/" responded 404 in 71.0799 ms
2019-11-26 17:35:54.667 +01:00 [Information] HTTP "GET" "/favicon.ico" responded 404 in 34.6028 ms
2019-11-26 17:36:14.807 +01:00 [Information] HTTP "OPTIONS" "/configurationItems" responded 204 in 2.8603 ms
2019-11-26 17:36:14.834 +01:00 [Information] HTTP "OPTIONS" "/configurationItems" responded 204 in 0.1084 ms
2019-11-26 17:36:14.845 +01:00 [Information] HTTP "OPTIONS" "/countries" responded 204 in 1.1258 ms
2019-11-26 17:36:32.493 +01:00 [Information] HTTP "GET" "/configurationItems" responded 200 in 17680.5928 ms
2019-11-26 17:36:32.493 +01:00 [Information] HTTP "GET" "/countries" responded 200 in 17644.5463 ms
2019-11-26 17:36:32.493 +01:00 [Information] HTTP "GET" "/configurationItems" responded 200 in 17653.3218 ms
2019-11-26 17:38:26.416 +01:00 [Information] HTTP "OPTIONS" "/employees/plates/1-WME-133" responded 204 in 0.4067 ms
2019-11-26 17:38:30.627 +01:00 [Information] HTTP "GET" "/employees/plates/1-WME-133" responded 200 in 4203.1502 ms
2019-11-26 17:38:44.594 +01:00 [Information] HTTP "OPTIONS" "/cities/22/1970" responded 204 in 0.3570 ms
2019-11-26 17:38:47.454 +01:00 [Information] HTTP "GET" "/cities/22/1970" responded 200 in 2857.0582 ms
2019-11-26 17:38:50.564 +01:00 [Information] HTTP "OPTIONS" "/fines" responded 204 in 0.2911 ms
2019-11-26 17:38:53.797 +01:00 [Information] HTTP "POST" "/fines" responded 422 in 3229.3181 ms
2019-11-26 18:01:22.017 +01:00 [Information] HTTP "GET" "/" responded 404 in 47.5382 ms
2019-11-26 18:09:17.964 +01:00 [Information] HTTP "OPTIONS" "/configurationItems" responded 204 in 26.3045 ms
2019-11-26 18:09:27.531 +01:00 [Information] HTTP "GET" "/configurationItems" responded 200 in 9563.9665 ms
2019-11-26 18:09:29.286 +01:00 [Information] HTTP "OPTIONS" "/fines" responded 204 in 0.5208 ms
2019-11-26 18:09:36.516 +01:00 [Information] HTTP "GET" "/fines" responded 200 in 7205.9510 ms
2019-11-26 18:10:08.854 +01:00 [Information] HTTP "OPTIONS" "/configurationItems" responded 204 in 0.3960 ms
2019-11-26 18:10:12.258 +01:00 [Information] HTTP "GET" "/configurationItems" responded 200 in 3398.3314 ms
2019-11-26 18:10:16.219 +01:00 [Information] HTTP "OPTIONS" "/fines" responded 204 in 0.3460 ms
2019-11-26 18:10:20.899 +01:00 [Information] HTTP "GET" "/fines" responded 200 in 4675.7787 ms
2019-11-26 18:11:08.299 +01:00 [Information] HTTP "OPTIONS" "/fines" responded 204 in 0.2313 ms
2019-11-26 18:11:13.058 +01:00 [Information] HTTP "GET" "/fines" responded 200 in 4741.5496 ms
2019-11-26 18:11:31.902 +01:00 [Information] HTTP "OPTIONS" "/configurationItems" responded 204 in 0.3854 ms
2019-11-26 18:11:34.824 +01:00 [Information] HTTP "GET" "/configurationItems" responded 200 in 2915.8690 ms
2019-11-26 18:12:06.697 +01:00 [Information] HTTP "OPTIONS" "/fines" responded 204 in 0.1917 ms
2019-11-26 18:12:10.911 +01:00 [Information] HTTP "GET" "/fines" responded 200 in 4208.1936 ms
2019-11-26 18:20:14.188 +01:00 [Information] HTTP "OPTIONS" "/configurationItems" responded 204 in 0.2055 ms
2019-11-26 18:20:16.978 +01:00 [Information] HTTP "GET" "/configurationItems" responded 200 in 2783.7564 ms
