2019-12-16 10:12:02.369 +01:00 [Information] HTTP "GET" "/" responded 404 in 47.8305 ms
2019-12-16 10:17:15.834 +01:00 [Information] HTTP "GET" "/" responded 404 in 46.5875 ms
2019-12-16 10:17:15.911 +01:00 [Information] HTTP "GET" "/favicon.ico" responded 404 in 4.4815 ms
2019-12-16 10:17:33.700 +01:00 [Information] HTTP "OPTIONS" "/countries" responded 204 in 3.8651 ms
2019-12-16 10:17:33.708 +01:00 [Information] HTTP "OPTIONS" "/configurationItems" responded 204 in 0.7570 ms
2019-12-16 10:17:33.719 +01:00 [Information] HTTP "OPTIONS" "/configurationItems" responded 204 in 1.7357 ms
2019-12-16 10:17:33.745 +01:00 [Information] HTTP "OPTIONS" "/configurationItems" responded 204 in 0.0664 ms
2019-12-16 10:17:34.038 +01:00 [Information] HTTP "OPTIONS" "/fines/13143/activities" responded 204 in 0.0687 ms
2019-12-16 10:17:35.713 +01:00 [Information] HTTP "OPTIONS" "/documents/fine/13143" responded 204 in 0.0655 ms
2019-12-16 10:17:35.714 +01:00 [Information] HTTP "OPTIONS" "/fines/13143/activities" responded 204 in 0.0465 ms
2019-12-16 10:17:40.564 +01:00 [Information] HTTP "GET" "/configurationItems" responded 200 in 6851.4763 ms
2019-12-16 10:17:40.564 +01:00 [Information] HTTP "GET" "/countries" responded 200 in 6855.8067 ms
2019-12-16 10:17:40.573 +01:00 [Information] HTTP "GET" "/configurationItems" responded 200 in 6847.5001 ms
2019-12-16 10:17:40.573 +01:00 [Information] HTTP "GET" "/configurationItems" responded 200 in 6821.4119 ms
2019-12-16 10:17:40.739 +01:00 [Information] HTTP "GET" "/documents/fine/13143" responded 200 in 4030.4438 ms
2019-12-16 10:17:40.746 +01:00 [Information] HTTP "OPTIONS" "/fines/13143" responded 204 in 0.0610 ms
2019-12-16 10:17:40.894 +01:00 [Information] HTTP "GET" "/fines/13143/activities" responded 200 in 6844.6992 ms
2019-12-16 10:17:41.028 +01:00 [Information] HTTP "GET" "/fines/13143/activities" responded 200 in 5303.2474 ms
2019-12-16 10:17:41.780 +01:00 [Information] HTTP "GET" "/fines/13143" responded 200 in 950.9017 ms
2019-12-16 10:17:42.128 +01:00 [Information] HTTP "OPTIONS" "/cities/22/1190" responded 204 in 0.6843 ms
2019-12-16 10:17:42.357 +01:00 [Information] HTTP "GET" "/cities/22/1190" responded 200 in 195.6355 ms
2019-12-16 10:18:54.711 +01:00 [Information] HTTP "OPTIONS" "/countries" responded 204 in 0.5866 ms
2019-12-16 10:18:54.717 +01:00 [Information] HTTP "OPTIONS" "/configurationItems" responded 204 in 0.3992 ms
2019-12-16 10:18:54.720 +01:00 [Information] HTTP "OPTIONS" "/configurationItems" responded 204 in 0.2717 ms
2019-12-16 10:18:54.731 +01:00 [Information] HTTP "OPTIONS" "/configurationItems" responded 204 in 0.2204 ms
2019-12-16 10:18:55.033 +01:00 [Information] HTTP "GET" "/countries" responded 200 in 309.8530 ms
2019-12-16 10:18:55.041 +01:00 [Information] HTTP "GET" "/configurationItems" responded 200 in 304.5399 ms
2019-12-16 10:18:55.041 +01:00 [Information] HTTP "OPTIONS" "/fines/13143/activities" responded 204 in 0.1242 ms
2019-12-16 10:18:55.073 +01:00 [Information] HTTP "GET" "/configurationItems" responded 200 in 346.7055 ms
2019-12-16 10:18:55.376 +01:00 [Information] HTTP "OPTIONS" "/documents/fine/13143" responded 204 in 0.2875 ms
2019-12-16 10:18:55.426 +01:00 [Information] HTTP "OPTIONS" "/fines/13143/activities" responded 204 in 0.0432 ms
2019-12-16 10:18:55.523 +01:00 [Information] HTTP "GET" "/configurationItems" responded 200 in 488.8051 ms
2019-12-16 10:18:55.723 +01:00 [Information] HTTP "GET" "/fines/13143/activities" responded 200 in 635.2119 ms
2019-12-16 10:18:55.779 +01:00 [Information] HTTP "OPTIONS" "/fines/13143" responded 204 in 0.0438 ms
2019-12-16 10:18:56.006 +01:00 [Information] HTTP "GET" "/documents/fine/13143" responded 200 in 610.2945 ms
2019-12-16 10:18:56.079 +01:00 [Information] HTTP "GET" "/fines/13143/activities" responded 200 in 607.7054 ms
2019-12-16 10:18:56.629 +01:00 [Information] HTTP "GET" "/fines/13143" responded 200 in 842.6090 ms
2019-12-16 10:18:57.021 +01:00 [Information] HTTP "OPTIONS" "/cities/22/1190" responded 204 in 0.3221 ms
2019-12-16 10:18:57.398 +01:00 [Information] HTTP "GET" "/cities/22/1190" responded 200 in 373.6005 ms
2019-12-16 10:20:00.750 +01:00 [Information] HTTP "OPTIONS" "/countries" responded 204 in 0.4186 ms
2019-12-16 10:20:00.753 +01:00 [Information] HTTP "OPTIONS" "/configurationItems" responded 204 in 0.3758 ms
2019-12-16 10:20:00.755 +01:00 [Information] HTTP "OPTIONS" "/configurationItems" responded 204 in 0.0446 ms
2019-12-16 10:20:00.761 +01:00 [Information] HTTP "OPTIONS" "/configurationItems" responded 204 in 0.0396 ms
2019-12-16 10:20:01.011 +01:00 [Information] HTTP "GET" "/configurationItems" responded 200 in 246.9436 ms
2019-12-16 10:20:01.011 +01:00 [Information] HTTP "GET" "/countries" responded 200 in 252.6740 ms
2019-12-16 10:20:01.012 +01:00 [Information] HTTP "GET" "/configurationItems" responded 200 in 252.4052 ms
2019-12-16 10:20:01.012 +01:00 [Information] HTTP "OPTIONS" "/fines/13143/activities" responded 204 in 0.0457 ms
2019-12-16 10:20:01.181 +01:00 [Information] HTTP "OPTIONS" "/documents/fine/13143" responded 204 in 0.0687 ms
2019-12-16 10:20:01.293 +01:00 [Information] HTTP "GET" "/configurationItems" responded 200 in 281.8364 ms
2019-12-16 10:20:01.294 +01:00 [Information] HTTP "OPTIONS" "/fines/13143/activities" responded 204 in 0.0348 ms
2019-12-16 10:20:01.445 +01:00 [Information] HTTP "GET" "/fines/13143/activities" responded 200 in 421.1192 ms
2019-12-16 10:20:01.528 +01:00 [Information] HTTP "GET" "/documents/fine/13143" responded 200 in 342.9315 ms
2019-12-16 10:20:01.528 +01:00 [Information] HTTP "OPTIONS" "/fines/13143" responded 204 in 0.0389 ms
2019-12-16 10:20:01.910 +01:00 [Information] HTTP "GET" "/fines/13143/activities" responded 200 in 464.7562 ms
2019-12-16 10:20:02.149 +01:00 [Information] HTTP "GET" "/fines/13143" responded 200 in 613.2566 ms
2019-12-16 10:20:02.490 +01:00 [Information] HTTP "OPTIONS" "/cities/22/1190" responded 204 in 0.1500 ms
2019-12-16 10:20:02.659 +01:00 [Information] HTTP "GET" "/cities/22/1190" responded 200 in 160.4077 ms
2019-12-16 10:24:16.912 +01:00 [Information] HTTP "OPTIONS" "/fines/13143" responded 204 in 0.4782 ms
2019-12-16 10:24:17.225 +01:00 [Information] HTTP "PUT" "/fines/13143" responded 422 in 304.2861 ms
2019-12-16 10:24:29.740 +01:00 [Information] HTTP "OPTIONS" "/fines/13143" responded 204 in 0.0987 ms
2019-12-16 10:24:30.941 +01:00 [Information] HTTP "PUT" "/fines/13143" responded 200 in 1192.0485 ms
2019-12-16 10:24:40.169 +01:00 [Information] HTTP "OPTIONS" "/countries" responded 204 in 0.0853 ms
2019-12-16 10:24:40.179 +01:00 [Information] HTTP "OPTIONS" "/configurationItems" responded 204 in 0.0866 ms
2019-12-16 10:24:40.182 +01:00 [Information] HTTP "OPTIONS" "/configurationItems" responded 204 in 0.0803 ms
2019-12-16 10:24:40.187 +01:00 [Information] HTTP "OPTIONS" "/configurationItems" responded 204 in 0.0779 ms
2019-12-16 10:24:40.521 +01:00 [Information] HTTP "OPTIONS" "/fines/13143/activities" responded 204 in 0.1444 ms
2019-12-16 10:24:40.595 +01:00 [Information] HTTP "GET" "/configurationItems" responded 200 in 370.9538 ms
2019-12-16 10:24:40.595 +01:00 [Information] HTTP "GET" "/configurationItems" responded 200 in 383.5037 ms
2019-12-16 10:24:40.600 +01:00 [Information] HTTP "GET" "/countries" responded 200 in 411.6502 ms
2019-12-16 10:24:40.606 +01:00 [Information] HTTP "GET" "/configurationItems" responded 200 in 409.4231 ms
2019-12-16 10:24:40.717 +01:00 [Information] HTTP "OPTIONS" "/documents/fine/13143" responded 204 in 0.0348 ms
2019-12-16 10:24:40.748 +01:00 [Information] HTTP "OPTIONS" "/fines/13143/activities" responded 204 in 0.0335 ms
2019-12-16 10:24:41.005 +01:00 [Information] HTTP "OPTIONS" "/fines/13143" responded 204 in 0.0395 ms
2019-12-16 10:24:41.073 +01:00 [Information] HTTP "GET" "/fines/13143/activities" responded 200 in 536.2019 ms
2019-12-16 10:24:41.081 +01:00 [Information] HTTP "GET" "/documents/fine/13143" responded 200 in 358.3160 ms
2019-12-16 10:24:41.142 +01:00 [Information] HTTP "GET" "/fines/13143/activities" responded 200 in 386.4851 ms
2019-12-16 10:24:41.592 +01:00 [Information] HTTP "GET" "/fines/13143" responded 200 in 568.9762 ms
2019-12-16 10:24:41.926 +01:00 [Information] HTTP "OPTIONS" "/cities/22/1190" responded 204 in 0.1222 ms
2019-12-16 10:24:42.087 +01:00 [Information] HTTP "GET" "/cities/22/1190" responded 200 in 157.8702 ms
2019-12-16 10:28:36.211 +01:00 [Information] HTTP "OPTIONS" "/fines/13143" responded 204 in 0.0896 ms
2019-12-16 10:28:36.368 +01:00 [Information] HTTP "PUT" "/fines/13143" responded 422 in 154.1650 ms
2019-12-16 10:28:46.486 +01:00 [Information] HTTP "OPTIONS" "/countries" responded 204 in 0.1176 ms
2019-12-16 10:28:46.495 +01:00 [Information] HTTP "OPTIONS" "/configurationItems" responded 204 in 0.0374 ms
2019-12-16 10:28:46.591 +01:00 [Information] HTTP "OPTIONS" "/configurationItems" responded 204 in 0.0328 ms
2019-12-16 10:28:46.592 +01:00 [Information] HTTP "OPTIONS" "/configurationItems" responded 204 in 0.0482 ms
2019-12-16 10:28:46.745 +01:00 [Information] HTTP "GET" "/configurationItems" responded 200 in 244.4834 ms
2019-12-16 10:28:46.748 +01:00 [Information] HTTP "GET" "/countries" responded 200 in 256.9100 ms
2019-12-16 10:28:46.749 +01:00 [Information] HTTP "OPTIONS" "/fines/13143/activities" responded 204 in 0.0363 ms
2019-12-16 10:28:46.893 +01:00 [Information] HTTP "GET" "/configurationItems" responded 200 in 294.8447 ms
2019-12-16 10:28:47.046 +01:00 [Information] HTTP "GET" "/configurationItems" responded 200 in 300.8063 ms
2019-12-16 10:28:47.047 +01:00 [Information] HTTP "OPTIONS" "/documents/fine/13143" responded 204 in 0.0218 ms
2019-12-16 10:28:47.113 +01:00 [Information] HTTP "OPTIONS" "/fines/13143/activities" responded 204 in 0.0281 ms
2019-12-16 10:28:47.233 +01:00 [Information] HTTP "GET" "/fines/13143/activities" responded 200 in 464.6819 ms
2019-12-16 10:28:47.429 +01:00 [Information] HTTP "GET" "/documents/fine/13143" responded 200 in 369.2152 ms
2019-12-16 10:28:47.429 +01:00 [Information] HTTP "OPTIONS" "/fines/13143" responded 204 in 0.0260 ms
2019-12-16 10:28:47.546 +01:00 [Information] HTTP "GET" "/fines/13143/activities" responded 200 in 425.5344 ms
2019-12-16 10:28:48.077 +01:00 [Information] HTTP "GET" "/fines/13143" responded 200 in 628.2831 ms
2019-12-16 10:28:48.401 +01:00 [Information] HTTP "OPTIONS" "/cities/22/1190" responded 204 in 0.0608 ms
2019-12-16 10:28:48.607 +01:00 [Information] HTTP "GET" "/cities/22/1190" responded 200 in 200.8619 ms
2019-12-16 10:28:53.686 +01:00 [Information] HTTP "OPTIONS" "/fines/13143" responded 204 in 0.0858 ms
2019-12-16 10:28:53.884 +01:00 [Information] HTTP "PUT" "/fines/13143" responded 422 in 194.4627 ms
2019-12-16 10:29:09.484 +01:00 [Information] HTTP "OPTIONS" "/fines/13143" responded 204 in 0.1413 ms
2019-12-16 10:29:09.674 +01:00 [Information] HTTP "PUT" "/fines/13143" responded 422 in 183.2172 ms
2019-12-16 10:29:58.756 +01:00 [Information] HTTP "OPTIONS" "/employees" responded 204 in 0.0409 ms
2019-12-16 10:29:59.300 +01:00 [Information] HTTP "GET" "/employees" responded 200 in 539.0422 ms
2019-12-16 10:30:00.463 +01:00 [Information] HTTP "OPTIONS" "/employees/41397" responded 204 in 0.0643 ms
2019-12-16 10:30:00.749 +01:00 [Information] HTTP "GET" "/employees/41397" responded 200 in 281.4216 ms
2019-12-16 10:30:08.227 +01:00 [Information] HTTP "OPTIONS" "/fines/13143" responded 204 in 0.1206 ms
2019-12-16 10:30:08.445 +01:00 [Information] HTTP "PUT" "/fines/13143" responded 422 in 215.6835 ms
2019-12-16 10:30:14.893 +01:00 [Information] HTTP "OPTIONS" "/fines/13143" responded 204 in 0.1032 ms
2019-12-16 10:30:15.455 +01:00 [Information] HTTP "PUT" "/fines/13143" responded 200 in 559.0881 ms
2019-12-16 10:30:21.272 +01:00 [Information] HTTP "OPTIONS" "/countries" responded 204 in 0.0339 ms
2019-12-16 10:30:21.275 +01:00 [Information] HTTP "OPTIONS" "/configurationItems" responded 204 in 0.0292 ms
2019-12-16 10:30:21.281 +01:00 [Information] HTTP "OPTIONS" "/configurationItems" responded 204 in 0.0279 ms
2019-12-16 10:30:21.297 +01:00 [Information] HTTP "OPTIONS" "/configurationItems" responded 204 in 0.0245 ms
2019-12-16 10:30:21.538 +01:00 [Information] HTTP "GET" "/configurationItems" responded 200 in 253.9552 ms
2019-12-16 10:30:21.581 +01:00 [Information] HTTP "GET" "/countries" responded 200 in 304.1620 ms
2019-12-16 10:30:21.582 +01:00 [Information] HTTP "OPTIONS" "/fines/13143/activities" responded 204 in 0.0210 ms
2019-12-16 10:30:21.611 +01:00 [Information] HTTP "GET" "/configurationItems" responded 200 in 274.8945 ms
2019-12-16 10:30:21.705 +01:00 [Information] HTTP "GET" "/configurationItems" responded 200 in 313.5892 ms
2019-12-16 10:30:21.788 +01:00 [Information] HTTP "OPTIONS" "/documents/fine/13143" responded 204 in 0.0318 ms
2019-12-16 10:30:21.841 +01:00 [Information] HTTP "OPTIONS" "/fines/13143/activities" responded 204 in 0.0519 ms
2019-12-16 10:30:22.121 +01:00 [Information] HTTP "GET" "/documents/fine/13143" responded 200 in 330.4057 ms
2019-12-16 10:30:22.135 +01:00 [Information] HTTP "GET" "/fines/13143/activities" responded 200 in 507.9209 ms
2019-12-16 10:30:22.169 +01:00 [Information] HTTP "OPTIONS" "/fines/13143" responded 204 in 0.0522 ms
2019-12-16 10:30:22.238 +01:00 [Information] HTTP "GET" "/fines/13143/activities" responded 200 in 391.5550 ms
2019-12-16 10:30:22.676 +01:00 [Information] HTTP "GET" "/fines/13143" responded 200 in 503.8835 ms
2019-12-16 10:30:23.042 +01:00 [Information] HTTP "OPTIONS" "/cities/22/1190" responded 204 in 0.2221 ms
2019-12-16 10:30:23.221 +01:00 [Information] HTTP "GET" "/cities/22/1190" responded 200 in 172.2773 ms
2019-12-16 10:30:42.541 +01:00 [Information] HTTP "OPTIONS" "/ActivityLogs/1562" responded 204 in 0.0323 ms
2019-12-16 10:30:42.919 +01:00 [Information] HTTP "GET" "/ActivityLogs/1562" responded 200 in 375.0021 ms
2019-12-16 10:31:00.278 +01:00 [Information] HTTP "OPTIONS" "/employees" responded 204 in 0.0436 ms
2019-12-16 10:31:00.689 +01:00 [Information] HTTP "GET" "/employees" responded 200 in 408.1483 ms
2019-12-16 10:31:02.977 +01:00 [Information] HTTP "OPTIONS" "/employees/41397" responded 204 in 0.0425 ms
2019-12-16 10:31:03.235 +01:00 [Information] HTTP "GET" "/employees/41397" responded 200 in 254.7383 ms
2019-12-16 10:31:05.907 +01:00 [Information] HTTP "OPTIONS" "/fines/13143" responded 204 in 0.0284 ms
2019-12-16 10:31:06.454 +01:00 [Information] HTTP "PUT" "/fines/13143" responded 200 in 543.6390 ms
2019-12-16 10:31:24.668 +01:00 [Information] HTTP "OPTIONS" "/countries" responded 204 in 0.6088 ms
2019-12-16 10:31:24.671 +01:00 [Information] HTTP "OPTIONS" "/configurationItems" responded 204 in 0.0290 ms
2019-12-16 10:31:24.677 +01:00 [Information] HTTP "OPTIONS" "/configurationItems" responded 204 in 0.0244 ms
2019-12-16 10:31:24.677 +01:00 [Information] HTTP "OPTIONS" "/configurationItems" responded 204 in 0.0168 ms
2019-12-16 10:31:24.964 +01:00 [Information] HTTP "GET" "/configurationItems" responded 200 in 286.7168 ms
2019-12-16 10:31:24.985 +01:00 [Information] HTTP "OPTIONS" "/fines/13143/activities" responded 204 in 0.0684 ms
2019-12-16 10:31:24.987 +01:00 [Information] HTTP "GET" "/countries" responded 200 in 311.6981 ms
2019-12-16 10:31:25.002 +01:00 [Information] HTTP "GET" "/configurationItems" responded 200 in 319.3271 ms
2019-12-16 10:31:25.004 +01:00 [Information] HTTP "GET" "/configurationItems" responded 200 in 291.7250 ms
2019-12-16 10:31:25.195 +01:00 [Information] HTTP "OPTIONS" "/documents/fine/13143" responded 204 in 0.0306 ms
2019-12-16 10:31:25.232 +01:00 [Information] HTTP "OPTIONS" "/fines/13143/activities" responded 204 in 0.0284 ms
2019-12-16 10:31:25.413 +01:00 [Information] HTTP "GET" "/fines/13143/activities" responded 200 in 415.0915 ms
2019-12-16 10:31:25.413 +01:00 [Information] HTTP "OPTIONS" "/fines/13143" responded 204 in 0.0216 ms
2019-12-16 10:31:25.507 +01:00 [Information] HTTP "GET" "/documents/fine/13143" responded 200 in 308.6492 ms
2019-12-16 10:31:25.647 +01:00 [Information] HTTP "GET" "/fines/13143/activities" responded 200 in 409.8789 ms
2019-12-16 10:31:25.968 +01:00 [Information] HTTP "GET" "/fines/13143" responded 200 in 543.3919 ms
2019-12-16 10:31:26.304 +01:00 [Information] HTTP "OPTIONS" "/cities/22/1190" responded 204 in 0.1570 ms
2019-12-16 10:31:26.472 +01:00 [Information] HTTP "GET" "/cities/22/1190" responded 200 in 160.4713 ms
2019-12-16 10:31:30.300 +01:00 [Information] HTTP "OPTIONS" "/ActivityLogs/1563" responded 204 in 0.1033 ms
2019-12-16 10:31:30.593 +01:00 [Information] HTTP "GET" "/ActivityLogs/1563" responded 200 in 290.0159 ms
2019-12-16 10:31:45.244 +01:00 [Information] HTTP "OPTIONS" "/ActivityLogs/1563" responded 204 in 0.1191 ms
2019-12-16 10:31:45.495 +01:00 [Information] HTTP "GET" "/ActivityLogs/1563" responded 200 in 249.7324 ms
2019-12-16 10:38:48.537 +01:00 [Information] HTTP "OPTIONS" "/configurationItems" responded 204 in 0.0151 ms
2019-12-16 10:38:48.537 +01:00 [Information] HTTP "OPTIONS" "/countries" responded 204 in 0.7219 ms
2019-12-16 10:38:48.538 +01:00 [Information] HTTP "OPTIONS" "/configurationItems" responded 204 in 0.1675 ms
2019-12-16 10:38:48.544 +01:00 [Information] HTTP "OPTIONS" "/configurationItems" responded 204 in 0.0292 ms
2019-12-16 10:38:48.783 +01:00 [Information] HTTP "GET" "/configurationItems" responded 200 in 243.5895 ms
2019-12-16 10:38:48.788 +01:00 [Information] HTTP "GET" "/countries" responded 200 in 248.3766 ms
2019-12-16 10:38:48.789 +01:00 [Information] HTTP "OPTIONS" "/fines/13143/activities" responded 204 in 0.0253 ms
2019-12-16 10:38:48.806 +01:00 [Information] HTTP "GET" "/configurationItems" responded 200 in 261.9235 ms
2019-12-16 10:38:49.061 +01:00 [Information] HTTP "GET" "/configurationItems" responded 200 in 277.4254 ms
2019-12-16 10:38:49.068 +01:00 [Information] HTTP "OPTIONS" "/documents/fine/13143" responded 204 in 0.0291 ms
2019-12-16 10:38:49.217 +01:00 [Information] HTTP "GET" "/fines/13143/activities" responded 200 in 410.4713 ms
2019-12-16 10:38:49.219 +01:00 [Information] HTTP "OPTIONS" "/fines/13143/activities" responded 204 in 0.0275 ms
2019-12-16 10:38:49.384 +01:00 [Information] HTTP "OPTIONS" "/fines/13143" responded 204 in 0.0637 ms
2019-12-16 10:38:49.444 +01:00 [Information] HTTP "GET" "/documents/fine/13143" responded 200 in 369.3103 ms
2019-12-16 10:38:49.667 +01:00 [Information] HTTP "GET" "/fines/13143/activities" responded 200 in 436.3978 ms
2019-12-16 10:38:50.003 +01:00 [Information] HTTP "GET" "/fines/13143" responded 200 in 610.9203 ms
2019-12-16 10:38:50.357 +01:00 [Information] HTTP "OPTIONS" "/cities/22/1190" responded 204 in 0.0363 ms
2019-12-16 10:38:50.521 +01:00 [Information] HTTP "GET" "/cities/22/1190" responded 200 in 161.5291 ms
2019-12-16 10:38:59.936 +01:00 [Information] HTTP "OPTIONS" "/fines/13143" responded 204 in 0.0366 ms
2019-12-16 10:39:00.417 +01:00 [Information] HTTP "PUT" "/fines/13143" responded 200 in 471.3962 ms
2019-12-16 10:39:00.547 +01:00 [Information] HTTP "OPTIONS" "/fines/13143" responded 204 in 0.0807 ms
2019-12-16 10:39:00.579 +01:00 [Information] HTTP "OPTIONS" "/emailtemplates" responded 204 in 0.0950 ms
2019-12-16 10:39:00.995 +01:00 [Information] HTTP "GET" "/fines/13143" responded 200 in 445.1999 ms
2019-12-16 10:39:01.144 +01:00 [Information] HTTP "GET" "/emailtemplates" responded 200 in 562.0251 ms
2019-12-16 10:39:21.193 +01:00 [Information] HTTP "OPTIONS" "/fines/13143" responded 204 in 0.0340 ms
2019-12-16 10:39:21.205 +01:00 [Information] HTTP "OPTIONS" "/emailtemplates" responded 204 in 0.0356 ms
2019-12-16 10:39:21.886 +01:00 [Information] HTTP "GET" "/fines/13143" responded 200 in 688.7732 ms
2019-12-16 10:39:21.910 +01:00 [Information] HTTP "GET" "/emailtemplates" responded 200 in 701.4187 ms
2019-12-16 10:40:47.525 +01:00 [Information] HTTP "OPTIONS" "/emailtemplates" responded 204 in 0.0309 ms
2019-12-16 10:40:47.526 +01:00 [Information] HTTP "OPTIONS" "/fines/13143" responded 204 in 0.0672 ms
2019-12-16 10:40:48.008 +01:00 [Information] HTTP "GET" "/emailtemplates" responded 200 in 476.5040 ms
2019-12-16 10:40:48.143 +01:00 [Information] HTTP "GET" "/fines/13143" responded 200 in 608.3676 ms
2019-12-16 10:41:30.694 +01:00 [Information] HTTP "OPTIONS" "/fines/13143" responded 204 in 0.0310 ms
2019-12-16 10:41:30.701 +01:00 [Information] HTTP "OPTIONS" "/emailtemplates" responded 204 in 0.0309 ms
2019-12-16 10:41:31.298 +01:00 [Information] HTTP "GET" "/emailtemplates" responded 200 in 587.2302 ms
2019-12-16 10:41:31.460 +01:00 [Information] HTTP "GET" "/fines/13143" responded 200 in 756.6007 ms
2019-12-16 10:42:44.948 +01:00 [Information] HTTP "OPTIONS" "/fines/13143" responded 204 in 0.0389 ms
2019-12-16 10:42:44.962 +01:00 [Information] HTTP "OPTIONS" "/emailtemplates" responded 204 in 0.0335 ms
2019-12-16 10:42:45.485 +01:00 [Information] HTTP "GET" "/emailtemplates" responded 200 in 503.2682 ms
2019-12-16 10:42:45.681 +01:00 [Information] HTTP "GET" "/fines/13143" responded 200 in 718.1487 ms
2019-12-16 10:44:09.150 +01:00 [Information] HTTP "OPTIONS" "/emailtemplates" responded 204 in 0.0378 ms
2019-12-16 10:44:09.151 +01:00 [Information] HTTP "OPTIONS" "/fines/13143" responded 204 in 0.0345 ms
2019-12-16 10:44:09.901 +01:00 [Information] HTTP "GET" "/fines/13143" responded 200 in 678.8199 ms
2019-12-16 10:44:10.519 +01:00 [Information] HTTP "GET" "/emailtemplates" responded 200 in 1311.1645 ms
2019-12-16 10:44:25.684 +01:00 [Information] HTTP "OPTIONS" "/fines/13143" responded 204 in 0.0492 ms
2019-12-16 10:44:25.701 +01:00 [Information] HTTP "OPTIONS" "/emailtemplates" responded 204 in 0.0267 ms
2019-12-16 10:44:26.302 +01:00 [Information] HTTP "GET" "/fines/13143" responded 200 in 612.2878 ms
2019-12-16 10:44:26.302 +01:00 [Information] HTTP "GET" "/emailtemplates" responded 200 in 577.2800 ms
2019-12-16 10:44:44.143 +01:00 [Information] HTTP "OPTIONS" "/emailtemplates" responded 204 in 0.0284 ms
2019-12-16 10:44:44.143 +01:00 [Information] HTTP "OPTIONS" "/fines/13143" responded 204 in 0.0201 ms
2019-12-16 10:44:44.668 +01:00 [Information] HTTP "GET" "/emailtemplates" responded 200 in 509.3959 ms
2019-12-16 10:44:44.722 +01:00 [Information] HTTP "GET" "/fines/13143" responded 200 in 564.1848 ms
2019-12-16 10:45:17.146 +01:00 [Information] HTTP "OPTIONS" "/fines/13143" responded 204 in 0.0337 ms
2019-12-16 10:45:17.155 +01:00 [Information] HTTP "OPTIONS" "/emailtemplates" responded 204 in 0.0340 ms
2019-12-16 10:45:17.555 +01:00 [Information] HTTP "GET" "/emailtemplates" responded 200 in 392.5697 ms
2019-12-16 10:45:17.614 +01:00 [Information] HTTP "GET" "/fines/13143" responded 200 in 464.4740 ms
2019-12-16 10:46:07.347 +01:00 [Information] HTTP "OPTIONS" "/fines/13143" responded 204 in 0.0417 ms
2019-12-16 10:46:07.348 +01:00 [Information] HTTP "OPTIONS" "/emailtemplates" responded 204 in 0.0304 ms
2019-12-16 10:46:08.049 +01:00 [Information] HTTP "GET" "/fines/13143" responded 200 in 676.0977 ms
2019-12-16 10:46:08.529 +01:00 [Information] HTTP "GET" "/emailtemplates" responded 200 in 1139.3529 ms
2019-12-16 10:46:39.303 +01:00 [Information] HTTP "OPTIONS" "/fines/13143" responded 204 in 0.0302 ms
2019-12-16 10:46:39.314 +01:00 [Information] HTTP "OPTIONS" "/emailtemplates" responded 204 in 0.0299 ms
2019-12-16 10:46:39.802 +01:00 [Information] HTTP "GET" "/emailtemplates" responded 200 in 482.9400 ms
2019-12-16 10:46:39.863 +01:00 [Information] HTTP "GET" "/fines/13143" responded 200 in 556.7770 ms
2019-12-16 10:46:52.058 +01:00 [Information] HTTP "OPTIONS" "/fines/13143" responded 204 in 0.0475 ms
2019-12-16 10:46:52.069 +01:00 [Information] HTTP "OPTIONS" "/emailtemplates" responded 204 in 0.0392 ms
2019-12-16 10:46:52.502 +01:00 [Information] HTTP "GET" "/emailtemplates" responded 200 in 429.3346 ms
2019-12-16 10:46:52.601 +01:00 [Information] HTTP "GET" "/fines/13143" responded 200 in 539.3469 ms
2019-12-16 10:48:04.703 +01:00 [Information] HTTP "OPTIONS" "/fines/13143" responded 204 in 0.0326 ms
2019-12-16 10:48:04.712 +01:00 [Information] HTTP "OPTIONS" "/emailtemplates" responded 204 in 0.0298 ms
2019-12-16 10:48:05.256 +01:00 [Information] HTTP "GET" "/fines/13143" responded 200 in 547.4144 ms
2019-12-16 10:48:05.882 +01:00 [Information] HTTP "GET" "/emailtemplates" responded 200 in 1163.4808 ms
2019-12-16 10:48:25.310 +01:00 [Information] HTTP "OPTIONS" "/fines/13143" responded 204 in 0.0305 ms
2019-12-16 10:48:25.329 +01:00 [Information] HTTP "OPTIONS" "/emailtemplates" responded 204 in 0.0271 ms
2019-12-16 10:48:25.858 +01:00 [Information] HTTP "GET" "/fines/13143" responded 200 in 541.6039 ms
2019-12-16 10:48:26.182 +01:00 [Information] HTTP "GET" "/emailtemplates" responded 200 in 844.2225 ms
2019-12-16 10:48:43.846 +01:00 [Information] HTTP "OPTIONS" "/fines/13143" responded 204 in 0.0293 ms
2019-12-16 10:48:43.857 +01:00 [Information] HTTP "OPTIONS" "/emailtemplates" responded 204 in 0.0281 ms
2019-12-16 10:48:44.445 +01:00 [Information] HTTP "GET" "/fines/13143" responded 200 in 595.0718 ms
2019-12-16 10:48:45.343 +01:00 [Information] HTTP "GET" "/emailtemplates" responded 200 in 1476.8890 ms
2019-12-16 10:49:20.589 +01:00 [Information] HTTP "OPTIONS" "/fines/13143" responded 204 in 0.0311 ms
2019-12-16 10:49:20.602 +01:00 [Information] HTTP "OPTIONS" "/emailtemplates" responded 204 in 0.1665 ms
2019-12-16 10:49:20.976 +01:00 [Information] HTTP "GET" "/emailtemplates" responded 200 in 369.0388 ms
2019-12-16 10:49:21.108 +01:00 [Information] HTTP "GET" "/fines/13143" responded 200 in 516.4121 ms
2019-12-16 10:49:43.088 +01:00 [Information] HTTP "OPTIONS" "/countries" responded 204 in 0.0309 ms
2019-12-16 10:49:43.108 +01:00 [Information] HTTP "OPTIONS" "/configurationItems" responded 204 in 0.0310 ms
2019-12-16 10:49:43.109 +01:00 [Information] HTTP "OPTIONS" "/configurationItems" responded 204 in 0.0263 ms
2019-12-16 10:49:43.113 +01:00 [Information] HTTP "OPTIONS" "/configurationItems" responded 204 in 0.0288 ms
2019-12-16 10:49:43.396 +01:00 [Information] HTTP "GET" "/countries" responded 200 in 303.4973 ms
2019-12-16 10:49:43.402 +01:00 [Information] HTTP "GET" "/configurationItems" responded 200 in 285.5492 ms
2019-12-16 10:49:43.402 +01:00 [Information] HTTP "OPTIONS" "/fines/13143/activities" responded 204 in 0.0210 ms
2019-12-16 10:49:43.451 +01:00 [Information] HTTP "GET" "/configurationItems" responded 200 in 307.5480 ms
2019-12-16 10:49:43.698 +01:00 [Information] HTTP "GET" "/configurationItems" responded 200 in 300.1534 ms
2019-12-16 10:49:43.932 +01:00 [Information] HTTP "GET" "/fines/13143/activities" responded 200 in 518.8567 ms
2019-12-16 10:49:44.513 +01:00 [Information] HTTP "OPTIONS" "/fines/13143/activities" responded 204 in 0.0415 ms
2019-12-16 10:49:44.533 +01:00 [Information] HTTP "OPTIONS" "/documents/fine/13143" responded 204 in 0.0291 ms
2019-12-16 10:49:44.669 +01:00 [Information] HTTP "OPTIONS" "/fines/13143" responded 204 in 0.0375 ms
2019-12-16 10:49:45.083 +01:00 [Information] HTTP "GET" "/fines/13143/activities" responded 200 in 543.2832 ms
2019-12-16 10:49:45.106 +01:00 [Information] HTTP "GET" "/documents/fine/13143" responded 200 in 458.1829 ms
2019-12-16 10:49:45.425 +01:00 [Information] HTTP "GET" "/fines/13143" responded 200 in 564.5128 ms
2019-12-16 10:49:45.885 +01:00 [Information] HTTP "OPTIONS" "/cities/22/1190" responded 204 in 0.0433 ms
2019-12-16 10:49:46.137 +01:00 [Information] HTTP "GET" "/cities/22/1190" responded 200 in 245.5408 ms
2019-12-16 10:50:02.658 +01:00 [Information] HTTP "OPTIONS" "/employees" responded 204 in 0.0472 ms
2019-12-16 10:50:02.988 +01:00 [Information] HTTP "GET" "/employees" responded 200 in 324.3462 ms
2019-12-16 10:50:06.608 +01:00 [Information] HTTP "OPTIONS" "/employees/41397" responded 204 in 0.1233 ms
2019-12-16 10:50:06.834 +01:00 [Information] HTTP "GET" "/employees/41397" responded 200 in 222.3745 ms
2019-12-16 10:50:13.272 +01:00 [Information] HTTP "OPTIONS" "/fines/13143" responded 204 in 0.0396 ms
2019-12-16 10:50:13.824 +01:00 [Information] HTTP "PUT" "/fines/13143" responded 200 in 548.9409 ms
2019-12-16 10:50:13.948 +01:00 [Information] HTTP "OPTIONS" "/fines/13143" responded 204 in 0.0407 ms
2019-12-16 10:50:13.962 +01:00 [Information] HTTP "OPTIONS" "/emailtemplates" responded 204 in 0.0276 ms
2019-12-16 10:50:14.297 +01:00 [Information] HTTP "GET" "/emailtemplates" responded 200 in 329.6859 ms
2019-12-16 10:50:14.389 +01:00 [Information] HTTP "GET" "/fines/13143" responded 200 in 437.0085 ms
2019-12-16 10:50:41.944 +01:00 [Information] HTTP "OPTIONS" "/configurationItems" responded 204 in 0.0312 ms
2019-12-16 10:50:42.251 +01:00 [Information] HTTP "GET" "/configurationItems" responded 200 in 300.0141 ms
2019-12-16 10:52:32.001 +01:00 [Information] HTTP "OPTIONS" "/countries" responded 204 in 0.0323 ms
2019-12-16 10:52:32.005 +01:00 [Information] HTTP "OPTIONS" "/configurationItems" responded 204 in 0.0304 ms
2019-12-16 10:52:32.028 +01:00 [Information] HTTP "OPTIONS" "/configurationItems" responded 204 in 0.0399 ms
2019-12-16 10:52:32.039 +01:00 [Information] HTTP "OPTIONS" "/configurationItems" responded 204 in 0.0243 ms
2019-12-16 10:52:32.279 +01:00 [Information] HTTP "GET" "/configurationItems" responded 200 in 247.8891 ms
2019-12-16 10:52:32.285 +01:00 [Information] HTTP "GET" "/countries" responded 200 in 274.1570 ms
2019-12-16 10:52:32.285 +01:00 [Information] HTTP "OPTIONS" "/fines/13143/activities" responded 204 in 0.0280 ms
2019-12-16 10:52:32.293 +01:00 [Information] HTTP "GET" "/configurationItems" responded 200 in 245.6334 ms
2019-12-16 10:52:32.657 +01:00 [Information] HTTP "GET" "/configurationItems" responded 200 in 377.7717 ms
2019-12-16 10:52:32.805 +01:00 [Information] HTTP "GET" "/fines/13143/activities" responded 200 in 511.7757 ms
2019-12-16 10:52:33.519 +01:00 [Information] HTTP "OPTIONS" "/fines/13143/activities" responded 204 in 0.0304 ms
2019-12-16 10:52:33.637 +01:00 [Information] HTTP "OPTIONS" "/documents/fine/13143" responded 204 in 0.0296 ms
2019-12-16 10:52:33.713 +01:00 [Information] HTTP "OPTIONS" "/fines/13143" responded 204 in 0.0318 ms
2019-12-16 10:52:34.368 +01:00 [Information] HTTP "GET" "/documents/fine/13143" responded 200 in 617.6199 ms
2019-12-16 10:52:34.394 +01:00 [Information] HTTP "GET" "/fines/13143/activities" responded 200 in 683.4797 ms
2019-12-16 10:52:34.586 +01:00 [Information] HTTP "GET" "/fines/13143" responded 200 in 769.7635 ms
2019-12-16 10:52:35.036 +01:00 [Information] HTTP "OPTIONS" "/cities/22/1190" responded 204 in 0.0301 ms
2019-12-16 10:52:35.252 +01:00 [Information] HTTP "GET" "/cities/22/1190" responded 200 in 208.9646 ms
2019-12-16 10:52:41.811 +01:00 [Information] HTTP "OPTIONS" "/fines/13143" responded 204 in 0.0397 ms
2019-12-16 10:52:42.215 +01:00 [Information] HTTP "PUT" "/fines/13143" responded 200 in 401.0227 ms
2019-12-16 10:52:42.363 +01:00 [Information] HTTP "OPTIONS" "/fines/13143" responded 204 in 0.0287 ms
2019-12-16 10:52:42.378 +01:00 [Information] HTTP "OPTIONS" "/emailtemplates" responded 204 in 0.1045 ms
2019-12-16 10:52:42.749 +01:00 [Information] HTTP "GET" "/emailtemplates" responded 200 in 365.5994 ms
2019-12-16 10:52:42.849 +01:00 [Information] HTTP "GET" "/fines/13143" responded 200 in 482.3195 ms
2019-12-16 13:09:11.179 +01:00 [Information] HTTP "OPTIONS" "/fines/13143/activities" responded 204 in 1.7906 ms
2019-12-16 13:09:11.185 +01:00 [Information] HTTP "OPTIONS" "/configurationItems" responded 204 in 17.5081 ms
2019-12-16 13:09:11.179 +01:00 [Information] HTTP "OPTIONS" "/fines/13143/activities" responded 204 in 1.7964 ms
2019-12-16 13:09:11.185 +01:00 [Information] HTTP "OPTIONS" "/countries" responded 204 in 19.1391 ms
2019-12-16 13:09:11.251 +01:00 [Information] HTTP "OPTIONS" "/documents/fine/13143" responded 204 in 0.0433 ms
2019-12-16 13:09:11.251 +01:00 [Information] HTTP "OPTIONS" "/configurationItems" responded 204 in 0.0433 ms
2019-12-16 13:09:11.252 +01:00 [Information] HTTP "OPTIONS" "/configurationItems" responded 204 in 0.0544 ms
2019-12-16 13:09:19.241 +01:00 [Information] HTTP "GET" "/configurationItems" responded 200 in 7825.7672 ms
2019-12-16 13:09:19.241 +01:00 [Information] HTTP "GET" "/configurationItems" responded 200 in 6161.1077 ms
2019-12-16 13:09:19.242 +01:00 [Information] HTTP "GET" "/countries" responded 200 in 7913.2876 ms
2019-12-16 13:09:19.439 +01:00 [Information] HTTP "GET" "/fines/13143/activities" responded 200 in 8061.3098 ms
2019-12-16 13:09:19.439 +01:00 [Information] HTTP "GET" "/fines/13143/activities" responded 200 in 8147.0992 ms
2019-12-16 13:09:20.592 +01:00 [Information] HTTP "GET" "/configurationItems" responded 200 in 5501.5353 ms
2019-12-16 13:09:20.603 +01:00 [Information] HTTP "OPTIONS" "/fines/13143" responded 204 in 0.3786 ms
2019-12-16 13:09:20.807 +01:00 [Information] HTTP "GET" "/documents/fine/13143" responded 200 in 6717.3832 ms
2019-12-16 13:09:21.682 +01:00 [Information] HTTP "GET" "/fines/13143" responded 200 in 1075.6276 ms
2019-12-16 13:09:22.026 +01:00 [Information] HTTP "OPTIONS" "/cities/22/1190" responded 204 in 4.1638 ms
2019-12-16 13:09:22.383 +01:00 [Information] HTTP "GET" "/cities/22/1190" responded 200 in 343.7669 ms
2019-12-16 15:25:15.159 +01:00 [Information] HTTP "GET" "/" responded 404 in 89.9759 ms
2019-12-16 15:25:15.462 +01:00 [Information] HTTP "GET" "/favicon.ico" responded 404 in 44.9607 ms
2019-12-16 15:25:21.126 +01:00 [Information] HTTP "OPTIONS" "/configurationItems" responded 204 in 3.3685 ms
2019-12-16 15:25:32.756 +01:00 [Information] HTTP "GET" "/configurationItems" responded 200 in 11619.8732 ms
2019-12-16 15:25:37.700 +01:00 [Information] HTTP "OPTIONS" "/countries" responded 204 in 1.9298 ms
2019-12-16 15:25:37.709 +01:00 [Information] HTTP "OPTIONS" "/configurationItems" responded 204 in 0.3237 ms
2019-12-16 15:25:37.717 +01:00 [Information] HTTP "OPTIONS" "/configurationItems" responded 204 in 0.3285 ms
2019-12-16 15:25:37.719 +01:00 [Information] HTTP "OPTIONS" "/configurationItems" responded 204 in 0.2948 ms
2019-12-16 15:25:40.903 +01:00 [Information] HTTP "OPTIONS" "/fines/13143/activities" responded 204 in 0.1862 ms
2019-12-16 15:25:40.907 +01:00 [Information] HTTP "OPTIONS" "/documents/fine/13143" responded 204 in 0.0993 ms
2019-12-16 15:25:40.907 +01:00 [Information] HTTP "OPTIONS" "/fines/13143/activities" responded 204 in 0.0445 ms
2019-12-16 15:25:50.854 +01:00 [Information] HTTP "GET" "/configurationItems" responded 200 in 13107.9219 ms
2019-12-16 15:25:52.278 +01:00 [Information] HTTP "GET" "/countries" responded 200 in 14554.2821 ms
2019-12-16 15:25:52.454 +01:00 [Information] HTTP "GET" "/configurationItems" responded 200 in 12557.6134 ms
2019-12-16 15:25:54.133 +01:00 [Information] HTTP "GET" "/configurationItems" responded 200 in 16409.0326 ms
2019-12-16 15:25:54.171 +01:00 [Information] HTTP "OPTIONS" "/fines/13143" responded 204 in 0.2323 ms
2019-12-16 15:26:01.880 +01:00 [Information] HTTP "GET" "/documents/fine/13143" responded 200 in 20960.7180 ms
2019-12-16 15:26:05.874 +01:00 [Information] HTTP "GET" "/fines/13143/activities" responded 200 in 21467.7741 ms
2019-12-16 15:26:08.438 +01:00 [Information] HTTP "GET" "/fines/13143/activities" responded 200 in 23018.7995 ms
2019-12-16 15:26:11.604 +01:00 [Information] HTTP "GET" "/fines/13143" responded 200 in 17414.5778 ms
2019-12-16 15:26:11.941 +01:00 [Information] HTTP "OPTIONS" "/cities/22/1190" responded 204 in 0.1783 ms
2019-12-16 15:26:15.557 +01:00 [Information] HTTP "GET" "/cities/22/1190" responded 200 in 3611.8935 ms
2019-12-16 15:26:24.801 +01:00 [Information] HTTP "OPTIONS" "/fines/13143" responded 204 in 0.2958 ms
2019-12-16 15:26:32.431 +01:00 [Information] HTTP "PUT" "/fines/13143" responded 200 in 7625.4927 ms
2019-12-16 15:26:39.713 +01:00 [Information] HTTP "OPTIONS" "/configurationItems" responded 204 in 0.1225 ms
2019-12-16 15:26:39.716 +01:00 [Information] HTTP "OPTIONS" "/countries" responded 204 in 0.1028 ms
2019-12-16 15:26:39.728 +01:00 [Information] HTTP "OPTIONS" "/configurationItems" responded 204 in 0.1471 ms
2019-12-16 15:26:39.729 +01:00 [Information] HTTP "OPTIONS" "/configurationItems" responded 204 in 0.0909 ms
2019-12-16 15:26:40.016 +01:00 [Information] HTTP "OPTIONS" "/fines/13143/activities" responded 204 in 2.2464 ms
2019-12-16 15:26:40.296 +01:00 [Information] HTTP "OPTIONS" "/documents/fine/13143" responded 204 in 0.0927 ms
2019-12-16 15:26:40.365 +01:00 [Information] HTTP "OPTIONS" "/fines/13143/activities" responded 204 in 0.0995 ms
2019-12-16 15:26:48.979 +01:00 [Information] HTTP "GET" "/countries" responded 200 in 9222.5759 ms
2019-12-16 15:26:49.790 +01:00 [Information] HTTP "GET" "/configurationItems" responded 200 in 10058.4172 ms
2019-12-16 15:26:52.225 +01:00 [Information] HTTP "GET" "/configurationItems" responded 200 in 12484.0392 ms
2019-12-16 15:26:55.686 +01:00 [Information] HTTP "GET" "/configurationItems" responded 200 in 15944.2892 ms
2019-12-16 15:26:55.726 +01:00 [Information] HTTP "OPTIONS" "/fines/13143" responded 204 in 0.1089 ms
2019-12-16 15:27:01.870 +01:00 [Information] HTTP "GET" "/fines/13143/activities" responded 200 in 21825.9447 ms
2019-12-16 15:27:04.295 +01:00 [Information] HTTP "GET" "/documents/fine/13143" responded 200 in 23985.6181 ms
2019-12-16 15:27:10.404 +01:00 [Information] HTTP "GET" "/fines/13143/activities" responded 200 in 30025.8641 ms
2019-12-16 15:27:11.259 +01:00 [Information] HTTP "GET" "/fines/13143" responded 200 in 15335.2938 ms
2019-12-16 15:27:11.595 +01:00 [Information] HTTP "OPTIONS" "/cities/22/1190" responded 204 in 0.1180 ms
2019-12-16 15:27:14.849 +01:00 [Information] HTTP "GET" "/cities/22/1190" responded 200 in 3250.7831 ms
2019-12-16 15:27:24.495 +01:00 [Information] HTTP "OPTIONS" "/countries" responded 204 in 0.1613 ms
2019-12-16 15:27:24.505 +01:00 [Information] HTTP "OPTIONS" "/configurationItems" responded 204 in 0.0462 ms
2019-12-16 15:27:24.505 +01:00 [Information] HTTP "OPTIONS" "/configurationItems" responded 204 in 0.0615 ms
2019-12-16 15:27:24.506 +01:00 [Information] HTTP "OPTIONS" "/configurationItems" responded 204 in 0.0413 ms
2019-12-16 15:27:24.768 +01:00 [Information] HTTP "OPTIONS" "/fines/13143/activities" responded 204 in 0.0804 ms
2019-12-16 15:27:25.154 +01:00 [Information] HTTP "OPTIONS" "/documents/fine/13143" responded 204 in 0.0455 ms
2019-12-16 15:27:27.013 +01:00 [Information] HTTP "OPTIONS" "/fines/13143/activities" responded 204 in 0.0676 ms
2019-12-16 15:27:40.367 +01:00 [Information] HTTP "GET" "/countries" responded 200 in 15867.0829 ms
2019-12-16 15:27:41.485 +01:00 [Information] HTTP "GET" "/fines/13143/activities" responded 200 in 16711.5565 ms
2019-12-16 15:27:44.482 +01:00 [Information] HTTP "GET" "/fines/13143/activities" responded 200 in 13477.3193 ms
2019-12-16 15:27:45.362 +01:00 [Information] HTTP "GET" "/configurationItems" responded 200 in 20845.8110 ms
2019-12-16 15:27:50.266 +01:00 [Information] HTTP "GET" "/configurationItems" responded 200 in 25750.9503 ms
2019-12-16 15:27:52.193 +01:00 [Information] HTTP "GET" "/documents/fine/13143" responded 200 in 27028.0910 ms
2019-12-16 15:27:52.710 +01:00 [Information] HTTP "GET" "/configurationItems" responded 200 in 28195.1501 ms
2019-12-16 15:27:52.724 +01:00 [Information] HTTP "OPTIONS" "/fines/13143" responded 204 in 0.0453 ms
2019-12-16 15:28:00.029 +01:00 [Information] HTTP "GET" "/fines/13143" responded 200 in 7301.1082 ms
2019-12-16 15:28:01.092 +01:00 [Information] HTTP "OPTIONS" "/cities/22/1190" responded 204 in 0.0444 ms
2019-12-16 15:28:03.823 +01:00 [Information] HTTP "GET" "/cities/22/1190" responded 200 in 2727.5202 ms
2019-12-16 15:28:20.243 +01:00 [Information] HTTP "OPTIONS" "/fines/13143/activities" responded 204 in 0.6211 ms
2019-12-16 15:28:24.084 +01:00 [Information] HTTP "GET" "/fines/13143/activities" responded 200 in 3837.3058 ms
2019-12-16 15:28:28.226 +01:00 [Information] HTTP "OPTIONS" "/fines/13143/activities" responded 204 in 0.0508 ms
2019-12-16 15:28:32.587 +01:00 [Information] HTTP "GET" "/fines/13143/activities" responded 200 in 4352.2753 ms
2019-12-16 15:28:41.674 +01:00 [Information] HTTP "OPTIONS" "/fines/13143" responded 204 in 0.0636 ms
2019-12-16 15:28:47.217 +01:00 [Information] HTTP "PUT" "/fines/13143" responded 200 in 5539.4265 ms
2019-12-16 15:28:53.935 +01:00 [Information] HTTP "OPTIONS" "/countries" responded 204 in 0.0315 ms
2019-12-16 15:28:53.937 +01:00 [Information] HTTP "OPTIONS" "/configurationItems" responded 204 in 0.0289 ms
2019-12-16 15:28:54.197 +01:00 [Information] HTTP "OPTIONS" "/configurationItems" responded 204 in 0.0444 ms
2019-12-16 15:28:54.204 +01:00 [Information] HTTP "OPTIONS" "/configurationItems" responded 204 in 0.0300 ms
2019-12-16 15:28:54.210 +01:00 [Information] HTTP "OPTIONS" "/fines/13143/activities" responded 204 in 0.0316 ms
2019-12-16 15:29:00.025 +01:00 [Information] HTTP "OPTIONS" "/documents/fine/13143" responded 204 in 0.0381 ms
2019-12-16 15:29:00.032 +01:00 [Information] HTTP "OPTIONS" "/fines/13143/activities" responded 204 in 0.0318 ms
2019-12-16 15:29:03.294 +01:00 [Information] HTTP "GET" "/configurationItems" responded 200 in 9353.6394 ms
2019-12-16 15:29:04.403 +01:00 [Information] HTTP "GET" "/configurationItems" responded 200 in 10184.1668 ms
2019-12-16 15:29:05.732 +01:00 [Information] HTTP "GET" "/countries" responded 200 in 11789.0387 ms
2019-12-16 15:29:11.103 +01:00 [Information] HTTP "GET" "/configurationItems" responded 200 in 13065.0086 ms
2019-12-16 15:29:11.140 +01:00 [Information] HTTP "OPTIONS" "/fines/13143" responded 204 in 0.0524 ms
2019-12-16 15:29:15.599 +01:00 [Information] HTTP "GET" "/fines/13143/activities" responded 200 in 20047.3055 ms
2019-12-16 15:29:17.403 +01:00 [Information] HTTP "GET" "/documents/fine/13143" responded 200 in 17365.0557 ms
2019-12-16 15:29:22.940 +01:00 [Information] HTTP "GET" "/fines/13143/activities" responded 200 in 21887.6016 ms
2019-12-16 15:29:24.527 +01:00 [Information] HTTP "GET" "/fines/13143" responded 200 in 13380.2907 ms
2019-12-16 15:30:28.109 +01:00 [Information] HTTP "OPTIONS" "/ActivityLogs/1621" responded 204 in 0.0456 ms
2019-12-16 15:30:32.931 +01:00 [Information] HTTP "GET" "/ActivityLogs/1621" responded 200 in 4816.2900 ms
2019-12-16 15:30:50.463 +01:00 [Information] HTTP "OPTIONS" "/countries" responded 204 in 0.0358 ms
2019-12-16 15:30:50.473 +01:00 [Information] HTTP "OPTIONS" "/configurationItems" responded 204 in 0.0334 ms
2019-12-16 15:30:50.494 +01:00 [Information] HTTP "OPTIONS" "/configurationItems" responded 204 in 0.0258 ms
2019-12-16 15:30:53.114 +01:00 [Information] HTTP "OPTIONS" "/configurationItems" responded 204 in 0.0356 ms
2019-12-16 15:30:53.114 +01:00 [Information] HTTP "OPTIONS" "/fines/13143/activities" responded 204 in 0.0265 ms
2019-12-16 15:30:53.115 +01:00 [Information] HTTP "OPTIONS" "/documents/fine/13143" responded 204 in 0.0238 ms
2019-12-16 15:30:53.115 +01:00 [Information] HTTP "OPTIONS" "/fines/13143/activities" responded 204 in 0.0245 ms
2019-12-16 15:31:01.508 +01:00 [Information] HTTP "GET" "/countries" responded 200 in 11042.8119 ms
2019-12-16 15:31:06.320 +01:00 [Information] HTTP "GET" "/configurationItems" responded 200 in 15765.8980 ms
2019-12-16 15:31:08.543 +01:00 [Information] HTTP "GET" "/fines/13143/activities" responded 200 in 15348.9905 ms
2019-12-16 15:31:12.172 +01:00 [Information] HTTP "GET" "/configurationItems" responded 200 in 10531.4243 ms
2019-12-16 15:31:13.766 +01:00 [Information] HTTP "GET" "/configurationItems" responded 200 in 23290.8086 ms
2019-12-16 15:31:13.831 +01:00 [Information] HTTP "OPTIONS" "/fines/13143" responded 204 in 0.0381 ms
2019-12-16 15:31:21.055 +01:00 [Information] HTTP "GET" "/documents/fine/13143" responded 200 in 26988.9251 ms
2019-12-16 15:31:26.199 +01:00 [Information] HTTP "GET" "/fines/13143/activities" responded 200 in 25651.0221 ms
2019-12-16 15:31:29.120 +01:00 [Information] HTTP "GET" "/fines/13143" responded 200 in 15281.0357 ms
2019-12-16 15:31:29.463 +01:00 [Information] HTTP "OPTIONS" "/cities/22/1190" responded 204 in 0.0592 ms
2019-12-16 15:31:32.605 +01:00 [Information] HTTP "GET" "/cities/22/1190" responded 200 in 3139.2137 ms
2019-12-16 15:33:21.531 +01:00 [Information] HTTP "OPTIONS" "/fines/13143" responded 204 in 0.0316 ms
2019-12-16 15:38:37.985 +01:00 [Information] HTTP "GET" "/" responded 404 in 63.0843 ms
2019-12-16 15:38:47.653 +01:00 [Information] HTTP "OPTIONS" "/configurationItems" responded 204 in 22.9160 ms
2019-12-16 15:38:47.653 +01:00 [Information] HTTP "OPTIONS" "/configurationItems" responded 204 in 17.8160 ms
2019-12-16 15:38:47.653 +01:00 [Information] HTTP "OPTIONS" "/countries" responded 204 in 25.9239 ms
2019-12-16 15:38:47.653 +01:00 [Information] HTTP "OPTIONS" "/configurationItems" responded 204 in 21.8922 ms
2019-12-16 15:38:47.880 +01:00 [Information] HTTP "OPTIONS" "/fines/13143/activities" responded 204 in 0.0598 ms
2019-12-16 15:38:52.660 +01:00 [Information] HTTP "OPTIONS" "/documents/fine/13143" responded 204 in 0.0771 ms
2019-12-16 15:38:52.668 +01:00 [Information] HTTP "OPTIONS" "/fines/13143/activities" responded 204 in 1.4459 ms
2019-12-16 15:39:19.887 +01:00 [Information] HTTP "GET" "/configurationItems" responded 200 in 32218.3594 ms
2019-12-16 15:39:19.888 +01:00 [Information] HTTP "GET" "/configurationItems" responded 200 in 32218.6999 ms
2019-12-16 15:39:19.889 +01:00 [Information] HTTP "GET" "/countries" responded 200 in 32221.7969 ms
2019-12-16 15:39:19.890 +01:00 [Information] HTTP "GET" "/documents/fine/13143" responded 200 in 27187.8752 ms
2019-12-16 15:39:19.895 +01:00 [Information] HTTP "GET" "/configurationItems" responded 200 in 32226.2352 ms
2019-12-16 15:39:20.145 +01:00 [Information] HTTP "OPTIONS" "/fines/13143" responded 204 in 0.3908 ms
2019-12-16 15:39:21.694 +01:00 [Information] HTTP "GET" "/fines/13143/activities" responded 200 in 33809.1553 ms
2019-12-16 15:39:21.694 +01:00 [Information] HTTP "GET" "/fines/13143/activities" responded 200 in 28040.5042 ms
2019-12-16 15:39:29.622 +01:00 [Information] HTTP "GET" "/fines/13143" responded 200 in 9460.4726 ms
2019-12-16 15:39:29.963 +01:00 [Information] HTTP "OPTIONS" "/cities/22/1190" responded 204 in 0.2483 ms
2019-12-16 15:39:33.747 +01:00 [Information] HTTP "GET" "/cities/22/1190" responded 200 in 3779.7624 ms
2019-12-16 15:41:15.803 +01:00 [Information] HTTP "OPTIONS" "/fines/13143" responded 204 in 0.3540 ms
2019-12-16 15:41:32.683 +01:00 [Information] HTTP "PUT" "/fines/13143" responded 200 in 16871.7011 ms
2019-12-16 15:41:45.172 +01:00 [Information] HTTP "OPTIONS" "/countries" responded 204 in 0.2683 ms
2019-12-16 15:41:45.179 +01:00 [Information] HTTP "OPTIONS" "/configurationItems" responded 204 in 0.1694 ms
2019-12-16 15:41:45.180 +01:00 [Information] HTTP "OPTIONS" "/configurationItems" responded 204 in 0.1576 ms
2019-12-16 15:41:45.180 +01:00 [Information] HTTP "OPTIONS" "/configurationItems" responded 204 in 0.1692 ms
2019-12-16 15:41:45.487 +01:00 [Information] HTTP "OPTIONS" "/fines/13143/activities" responded 204 in 0.1096 ms
2019-12-16 15:41:45.858 +01:00 [Information] HTTP "OPTIONS" "/documents/fine/13143" responded 204 in 0.1538 ms
2019-12-16 15:41:45.919 +01:00 [Information] HTTP "OPTIONS" "/fines/13143/activities" responded 204 in 0.2824 ms
2019-12-16 15:41:53.693 +01:00 [Information] HTTP "GET" "/configurationItems" responded 200 in 8503.5283 ms
2019-12-16 15:41:53.834 +01:00 [Information] HTTP "GET" "/configurationItems" responded 200 in 8643.6616 ms
2019-12-16 15:41:58.866 +01:00 [Information] HTTP "GET" "/countries" responded 200 in 13672.5398 ms
2019-12-16 15:42:01.494 +01:00 [Information] HTTP "GET" "/documents/fine/13143" responded 200 in 15514.1830 ms
2019-12-16 15:42:07.799 +01:00 [Information] HTTP "GET" "/fines/13143/activities" responded 200 in 21872.2593 ms
2019-12-16 15:42:08.277 +01:00 [Information] HTTP "GET" "/configurationItems" responded 200 in 23046.8668 ms
2019-12-16 15:42:08.314 +01:00 [Information] HTTP "OPTIONS" "/fines/13143" responded 204 in 0.1101 ms
2019-12-16 15:42:13.808 +01:00 [Information] HTTP "GET" "/fines/13143/activities" responded 200 in 28300.4610 ms
2019-12-16 15:42:18.604 +01:00 [Information] HTTP "GET" "/fines/13143" responded 200 in 10262.1509 ms
2019-12-16 15:42:18.936 +01:00 [Information] HTTP "OPTIONS" "/cities/22/1190" responded 204 in 0.1026 ms
2019-12-16 15:42:21.993 +01:00 [Information] HTTP "GET" "/cities/22/1190" responded 200 in 3048.8782 ms
2019-12-16 15:42:27.013 +01:00 [Information] HTTP "OPTIONS" "/ActivityLogs/1642" responded 204 in 0.0750 ms
2019-12-16 15:42:31.537 +01:00 [Information] HTTP "GET" "/ActivityLogs/1642" responded 200 in 4518.3471 ms
2019-12-16 15:42:54.756 +01:00 [Information] HTTP "OPTIONS" "/ActivityLogs/1641" responded 204 in 0.0840 ms
2019-12-16 15:42:58.953 +01:00 [Information] HTTP "GET" "/ActivityLogs/1641" responded 200 in 4189.0364 ms
2019-12-16 15:43:11.477 +01:00 [Information] HTTP "OPTIONS" "/fines/13143" responded 204 in 0.0781 ms
2019-12-16 15:43:19.934 +01:00 [Information] HTTP "PUT" "/fines/13143" responded 200 in 8453.2285 ms
2019-12-16 15:43:27.314 +01:00 [Information] HTTP "OPTIONS" "/countries" responded 204 in 0.2063 ms
2019-12-16 15:43:27.315 +01:00 [Information] HTTP "OPTIONS" "/configurationItems" responded 204 in 0.0619 ms
2019-12-16 15:43:27.332 +01:00 [Information] HTTP "OPTIONS" "/configurationItems" responded 204 in 0.0446 ms
2019-12-16 15:43:27.335 +01:00 [Information] HTTP "OPTIONS" "/configurationItems" responded 204 in 0.0424 ms
2019-12-16 15:43:27.561 +01:00 [Information] HTTP "OPTIONS" "/fines/13143/activities" responded 204 in 0.0637 ms
2019-12-16 15:43:27.886 +01:00 [Information] HTTP "OPTIONS" "/documents/fine/13143" responded 204 in 0.0389 ms
2019-12-16 15:43:27.934 +01:00 [Information] HTTP "OPTIONS" "/fines/13143/activities" responded 204 in 0.0340 ms
2019-12-16 15:43:36.219 +01:00 [Information] HTTP "GET" "/countries" responded 200 in 8881.1815 ms
2019-12-16 15:43:36.396 +01:00 [Information] HTTP "GET" "/configurationItems" responded 200 in 9073.6717 ms
2019-12-16 15:43:41.688 +01:00 [Information] HTTP "GET" "/configurationItems" responded 200 in 14348.4157 ms
2019-12-16 15:43:46.559 +01:00 [Information] HTTP "GET" "/fines/13143/activities" responded 200 in 18616.4838 ms
2019-12-16 15:43:50.230 +01:00 [Information] HTTP "GET" "/fines/13143/activities" responded 200 in 22654.2432 ms
2019-12-16 15:43:51.750 +01:00 [Information] HTTP "GET" "/configurationItems" responded 200 in 24388.2732 ms
2019-12-16 15:43:51.782 +01:00 [Information] HTTP "OPTIONS" "/fines/13143" responded 204 in 0.1478 ms
2019-12-16 15:43:55.223 +01:00 [Information] HTTP "GET" "/documents/fine/13143" responded 200 in 27328.5449 ms
2019-12-16 15:44:00.638 +01:00 [Information] HTTP "GET" "/fines/13143" responded 200 in 8851.2684 ms
2019-12-16 15:44:01.003 +01:00 [Information] HTTP "OPTIONS" "/cities/22/1190" responded 204 in 0.8238 ms
2019-12-16 15:44:03.948 +01:00 [Information] HTTP "GET" "/cities/22/1190" responded 200 in 2937.5286 ms
2019-12-16 15:44:07.733 +01:00 [Information] HTTP "OPTIONS" "/ActivityLogs/1644" responded 204 in 0.0640 ms
2019-12-16 15:44:12.008 +01:00 [Information] HTTP "GET" "/ActivityLogs/1644" responded 200 in 4271.4275 ms
2019-12-16 15:44:17.170 +01:00 [Information] HTTP "OPTIONS" "/ActivityLogs/1643" responded 204 in 0.0531 ms
2019-12-16 15:44:21.579 +01:00 [Information] HTTP "GET" "/ActivityLogs/1643" responded 200 in 4405.6683 ms
2019-12-16 15:48:53.241 +01:00 [Information] HTTP "GET" "/" responded 404 in 70.6279 ms
2019-12-16 15:48:53.488 +01:00 [Information] HTTP "GET" "/favicon.ico" responded 404 in 56.8772 ms
2019-12-16 15:49:08.718 +01:00 [Information] HTTP "OPTIONS" "/fines/13143" responded 204 in 3.2468 ms
2019-12-16 15:49:43.646 +01:00 [Information] HTTP "PUT" "/fines/13143" responded 200 in 34920.8101 ms
2019-12-16 15:50:36.159 +01:00 [Information] HTTP "OPTIONS" "/countries" responded 204 in 0.4821 ms
2019-12-16 15:50:36.159 +01:00 [Information] HTTP "OPTIONS" "/configurationItems" responded 204 in 0.3746 ms
2019-12-16 15:50:36.160 +01:00 [Information] HTTP "OPTIONS" "/configurationItems" responded 204 in 0.3479 ms
2019-12-16 15:50:36.162 +01:00 [Information] HTTP "OPTIONS" "/configurationItems" responded 204 in 0.3258 ms
2019-12-16 15:50:38.665 +01:00 [Information] HTTP "OPTIONS" "/fines/13143/activities" responded 204 in 1.0439 ms
2019-12-16 15:50:38.675 +01:00 [Information] HTTP "OPTIONS" "/documents/fine/13143" responded 204 in 0.1197 ms
2019-12-16 15:50:38.679 +01:00 [Information] HTTP "OPTIONS" "/fines/13143/activities" responded 204 in 0.0737 ms
2019-12-16 15:50:48.918 +01:00 [Information] HTTP "GET" "/countries" responded 200 in 12752.0441 ms
2019-12-16 15:50:48.992 +01:00 [Information] HTTP "GET" "/configurationItems" responded 200 in 12820.5365 ms
2019-12-16 15:50:52.589 +01:00 [Information] HTTP "GET" "/configurationItems" responded 200 in 16418.9562 ms
2019-12-16 15:50:53.654 +01:00 [Information] HTTP "GET" "/configurationItems" responded 200 in 15980.9709 ms
2019-12-16 15:50:53.695 +01:00 [Information] HTTP "OPTIONS" "/fines/13143" responded 204 in 0.8704 ms
2019-12-16 15:51:02.241 +01:00 [Information] HTTP "GET" "/documents/fine/13143" responded 200 in 22555.4964 ms
2019-12-16 15:51:02.811 +01:00 [Information] HTTP "GET" "/fines/13143/activities" responded 200 in 24131.4704 ms
2019-12-16 15:51:05.925 +01:00 [Information] HTTP "GET" "/fines/13143/activities" responded 200 in 25727.6628 ms
2019-12-16 15:51:10.138 +01:00 [Information] HTTP "GET" "/fines/13143" responded 200 in 16430.1605 ms
2019-12-16 15:51:10.472 +01:00 [Information] HTTP "OPTIONS" "/cities/22/1190" responded 204 in 0.3027 ms
2019-12-16 15:51:13.315 +01:00 [Information] HTTP "GET" "/cities/22/1190" responded 200 in 2838.9746 ms
2019-12-16 15:51:20.710 +01:00 [Information] HTTP "OPTIONS" "/fines/13143" responded 204 in 0.1959 ms
2019-12-16 15:51:26.063 +01:00 [Information] HTTP "PUT" "/fines/13143" responded 200 in 5349.1292 ms
2019-12-16 15:51:58.999 +01:00 [Information] HTTP "OPTIONS" "/countries" responded 204 in 0.1419 ms
2019-12-16 15:51:59.001 +01:00 [Information] HTTP "OPTIONS" "/configurationItems" responded 204 in 0.1156 ms
2019-12-16 15:51:59.002 +01:00 [Information] HTTP "OPTIONS" "/configurationItems" responded 204 in 0.1062 ms
2019-12-16 15:51:59.010 +01:00 [Information] HTTP "OPTIONS" "/configurationItems" responded 204 in 0.0890 ms
2019-12-16 15:52:01.508 +01:00 [Information] HTTP "OPTIONS" "/fines/13143/activities" responded 204 in 2.2710 ms
2019-12-16 15:52:01.516 +01:00 [Information] HTTP "OPTIONS" "/documents/fine/13143" responded 204 in 0.0492 ms
2019-12-16 15:52:01.521 +01:00 [Information] HTTP "OPTIONS" "/fines/13143/activities" responded 204 in 0.0658 ms
2019-12-16 15:52:07.750 +01:00 [Information] HTTP "GET" "/countries" responded 200 in 8739.0822 ms
2019-12-16 15:52:07.809 +01:00 [Information] HTTP "GET" "/configurationItems" responded 200 in 8796.4474 ms
2019-12-16 15:52:13.606 +01:00 [Information] HTTP "GET" "/configurationItems" responded 200 in 14582.9620 ms
2019-12-16 15:52:15.917 +01:00 [Information] HTTP "GET" "/configurationItems" responded 200 in 15397.3066 ms
2019-12-16 15:52:19.685 +01:00 [Information] HTTP "OPTIONS" "/countries" responded 204 in 0.0849 ms
2019-12-16 15:52:19.685 +01:00 [Information] HTTP "OPTIONS" "/configurationItems" responded 204 in 0.0603 ms
2019-12-16 15:52:19.692 +01:00 [Information] HTTP "OPTIONS" "/configurationItems" responded 204 in 0.0927 ms
2019-12-16 15:52:19.698 +01:00 [Information] HTTP "OPTIONS" "/configurationItems" responded 204 in 0.0791 ms
2019-12-16 15:52:19.925 +01:00 [Information] HTTP "OPTIONS" "/fines/13143/activities" responded 204 in 0.1385 ms
2019-12-16 15:52:20.267 +01:00 [Information] HTTP "OPTIONS" "/documents/fine/13143" responded 204 in 1.0827 ms
2019-12-16 15:52:20.317 +01:00 [Information] HTTP "OPTIONS" "/fines/13143/activities" responded 204 in 0.0784 ms
2019-12-16 15:52:29.176 +01:00 [Information] HTTP "GET" "/configurationItems" responded 200 in 9459.0712 ms
2019-12-16 15:52:30.436 +01:00 [Information] HTTP "GET" "/documents/fine/13143" responded 200 in 10154.9977 ms
2019-12-16 15:52:31.675 +01:00 [Information] HTTP "GET" "/countries" responded 200 in 11972.7561 ms
2019-12-16 15:52:31.716 +01:00 [Information] HTTP "GET" "/fines/13143/activities" responded 200 in 30193.6857 ms
2019-12-16 15:52:35.415 +01:00 [Information] HTTP "GET" "/documents/fine/13143" responded 200 in 31885.7355 ms
2019-12-16 15:52:36.251 +01:00 [Information] HTTP "GET" "/configurationItems" responded 200 in 16543.2731 ms
2019-12-16 15:52:43.875 +01:00 [Information] HTTP "GET" "/configurationItems" responded 200 in 24122.6148 ms
2019-12-16 15:52:43.904 +01:00 [Information] HTTP "OPTIONS" "/fines/13143" responded 204 in 0.0494 ms
2019-12-16 15:52:45.163 +01:00 [Information] HTTP "GET" "/fines/13143/activities" responded 200 in 24832.1947 ms
2019-12-16 15:52:48.242 +01:00 [Information] HTTP "GET" "/fines/13143/activities" responded 200 in 28308.2391 ms
2019-12-16 15:52:53.704 +01:00 [Information] HTTP "GET" "/fines/13143" responded 200 in 9790.4985 ms
2019-12-16 15:52:54.041 +01:00 [Information] HTTP "OPTIONS" "/cities/22/1190" responded 204 in 0.1034 ms
2019-12-16 15:52:57.385 +01:00 [Information] HTTP "GET" "/cities/22/1190" responded 200 in 3339.7769 ms
2019-12-16 15:53:02.256 +01:00 [Information] HTTP "OPTIONS" "/ActivityLogs/1661" responded 204 in 0.2384 ms
2019-12-16 15:53:06.931 +01:00 [Information] HTTP "GET" "/ActivityLogs/1661" responded 200 in 4671.7745 ms
2019-12-16 15:53:30.451 +01:00 [Information] HTTP "OPTIONS" "/fines/13143" responded 204 in 0.0620 ms
2019-12-16 15:54:03.015 +01:00 [Information] HTTP "PUT" "/fines/13143" responded 200 in 32554.4298 ms
2019-12-16 15:54:10.656 +01:00 [Information] HTTP "OPTIONS" "/countries" responded 204 in 0.1975 ms
2019-12-16 15:54:10.657 +01:00 [Information] HTTP "OPTIONS" "/configurationItems" responded 204 in 0.0351 ms
2019-12-16 15:54:10.665 +01:00 [Information] HTTP "OPTIONS" "/configurationItems" responded 204 in 0.0388 ms
2019-12-16 15:54:10.665 +01:00 [Information] HTTP "OPTIONS" "/configurationItems" responded 204 in 0.0341 ms
2019-12-16 15:54:10.889 +01:00 [Information] HTTP "OPTIONS" "/fines/13143/activities" responded 204 in 0.0439 ms
2019-12-16 15:54:11.189 +01:00 [Information] HTTP "OPTIONS" "/documents/fine/13143" responded 204 in 0.0464 ms
2019-12-16 15:54:11.237 +01:00 [Information] HTTP "OPTIONS" "/fines/13143/activities" responded 204 in 0.0322 ms
2019-12-16 15:54:19.310 +01:00 [Information] HTTP "GET" "/configurationItems" responded 200 in 8643.9889 ms
2019-12-16 15:54:19.910 +01:00 [Information] HTTP "GET" "/configurationItems" responded 200 in 9206.7914 ms
2019-12-16 15:54:22.840 +01:00 [Information] HTTP "GET" "/countries" responded 200 in 12143.8977 ms
2019-12-16 15:54:26.263 +01:00 [Information] HTTP "GET" "/configurationItems" responded 200 in 15591.2155 ms
2019-12-16 15:54:26.294 +01:00 [Information] HTTP "OPTIONS" "/fines/13143" responded 204 in 0.1011 ms
2019-12-16 15:54:29.653 +01:00 [Information] HTTP "GET" "/documents/fine/13143" responded 200 in 18458.5123 ms
2019-12-16 15:54:36.442 +01:00 [Information] HTTP "GET" "/fines/13143/activities" responded 200 in 25195.5197 ms
2019-12-16 15:54:40.444 +01:00 [Information] HTTP "GET" "/fines/13143/activities" responded 200 in 29548.5716 ms
2019-12-16 15:54:41.906 +01:00 [Information] HTTP "GET" "/fines/13143" responded 200 in 15604.4058 ms
2019-12-16 15:54:42.281 +01:00 [Information] HTTP "OPTIONS" "/cities/22/1190" responded 204 in 0.0294 ms
2019-12-16 15:54:45.983 +01:00 [Information] HTTP "GET" "/cities/22/1190" responded 200 in 3691.8314 ms
2019-12-16 15:54:54.527 +01:00 [Information] HTTP "OPTIONS" "/ActivityLogs/1681" responded 204 in 2.1641 ms
2019-12-16 15:54:59.073 +01:00 [Information] HTTP "GET" "/ActivityLogs/1681" responded 200 in 4540.8131 ms
2019-12-16 15:55:41.322 +01:00 [Information] HTTP "OPTIONS" "/countries" responded 204 in 0.0335 ms
2019-12-16 15:55:41.323 +01:00 [Information] HTTP "OPTIONS" "/configurationItems" responded 204 in 0.0299 ms
2019-12-16 15:55:41.398 +01:00 [Information] HTTP "OPTIONS" "/configurationItems" responded 204 in 0.0449 ms
2019-12-16 15:55:41.404 +01:00 [Information] HTTP "OPTIONS" "/configurationItems" responded 204 in 0.9254 ms
2019-12-16 15:55:50.811 +01:00 [Information] HTTP "GET" "/configurationItems" responded 200 in 9484.5993 ms
2019-12-16 15:55:50.830 +01:00 [Information] HTTP "GET" "/countries" responded 200 in 9503.2850 ms
2019-12-16 15:55:50.843 +01:00 [Information] HTTP "OPTIONS" "/fines/13143/activities" responded 204 in 0.0264 ms
2019-12-16 15:55:50.843 +01:00 [Information] HTTP "OPTIONS" "/documents/fine/13143" responded 204 in 0.0396 ms
2019-12-16 15:55:50.844 +01:00 [Information] HTTP "OPTIONS" "/fines/13143/activities" responded 204 in 0.0299 ms
2019-12-16 15:56:02.904 +01:00 [Information] HTTP "GET" "/documents/fine/13143" responded 200 in 11833.0786 ms
2019-12-16 15:56:04.063 +01:00 [Information] HTTP "GET" "/configurationItems" responded 200 in 22657.8764 ms
2019-12-16 15:56:04.968 +01:00 [Information] HTTP "GET" "/fines/13143/activities" responded 200 in 14087.8016 ms
2019-12-16 15:56:07.715 +01:00 [Information] HTTP "GET" "/configurationItems" responded 200 in 21467.6981 ms
2019-12-16 15:56:07.748 +01:00 [Information] HTTP "OPTIONS" "/fines/13143" responded 204 in 0.1210 ms
2019-12-16 15:56:11.744 +01:00 [Information] HTTP "GET" "/fines/13143/activities" responded 200 in 15332.4737 ms
2019-12-16 15:56:16.140 +01:00 [Information] HTTP "GET" "/fines/13143" responded 200 in 8387.5299 ms
2019-12-16 15:56:17.170 +01:00 [Information] HTTP "OPTIONS" "/cities/22/1190" responded 204 in 0.3989 ms
2019-12-16 15:56:20.442 +01:00 [Information] HTTP "GET" "/cities/22/1190" responded 200 in 3269.0294 ms
2019-12-16 15:56:58.842 +01:00 [Information] HTTP "OPTIONS" "/fines/13143" responded 204 in 0.0292 ms
2019-12-16 15:57:24.085 +01:00 [Information] HTTP "GET" "/" responded 404 in 77.2793 ms
2019-12-16 15:58:37.087 +01:00 [Information] HTTP "OPTIONS" "/fines/13143" responded 204 in 23.3368 ms
2019-12-16 15:58:53.004 +01:00 [Information] HTTP "PUT" "/fines/13143" responded 422 in 15909.5940 ms
2019-12-16 16:20:35.116 +01:00 [Information] HTTP "OPTIONS" "/fines/13143" responded 204 in 1.2621 ms
2019-12-16 16:20:45.036 +01:00 [Information] HTTP "PUT" "/fines/13143" responded 422 in 9910.7058 ms
2019-12-16 16:20:54.208 +01:00 [Information] HTTP "OPTIONS" "/fines/13143" responded 204 in 0.4878 ms
2019-12-16 16:21:04.438 +01:00 [Information] HTTP "PUT" "/fines/13143" responded 422 in 10212.3059 ms
2019-12-16 16:21:16.213 +01:00 [Information] HTTP "OPTIONS" "/countries" responded 204 in 0.3290 ms
2019-12-16 16:21:16.216 +01:00 [Information] HTTP "OPTIONS" "/configurationItems" responded 204 in 0.4017 ms
2019-12-16 16:21:16.221 +01:00 [Information] HTTP "OPTIONS" "/configurationItems" responded 204 in 0.4693 ms
2019-12-16 16:21:16.248 +01:00 [Information] HTTP "OPTIONS" "/configurationItems" responded 204 in 0.1524 ms
2019-12-16 16:22:29.835 +01:00 [Information] HTTP "OPTIONS" "/documents/fine/13143" responded 204 in 1.1641 ms
2019-12-16 16:22:31.680 +01:00 [Information] HTTP "OPTIONS" "/fines/13143/activities" responded 204 in 0.7975 ms
2019-12-16 16:22:31.685 +01:00 [Information] HTTP "OPTIONS" "/fines/13143/activities" responded 204 in 0.0631 ms
2019-12-16 16:22:45.900 +01:00 [Information] HTTP "GET" "/configurationItems" responded 200 in 89657.1968 ms
2019-12-16 16:22:45.900 +01:00 [Information] HTTP "GET" "/configurationItems" responded 200 in 14214.3156 ms
2019-12-16 16:22:46.895 +01:00 [Information] HTTP "GET" "/countries" responded 200 in 90665.7237 ms
2019-12-16 16:22:48.074 +01:00 [Information] HTTP "GET" "/configurationItems" responded 200 in 91831.4670 ms
2019-12-16 16:22:48.120 +01:00 [Information] HTTP "OPTIONS" "/fines/13143" responded 204 in 0.1956 ms
2019-12-16 16:22:53.900 +01:00 [Information] HTTP "GET" "/documents/fine/13143" responded 200 in 17283.7655 ms
2019-12-16 16:22:58.931 +01:00 [Information] HTTP "GET" "/fines/13143/activities" responded 200 in 21307.7797 ms
2019-12-16 16:23:03.065 +01:00 [Information] HTTP "GET" "/fines/13143/activities" responded 200 in 21433.2996 ms
2019-12-16 16:23:04.195 +01:00 [Information] HTTP "GET" "/fines/13143" responded 200 in 16061.5403 ms
2019-12-16 16:23:04.533 +01:00 [Information] HTTP "OPTIONS" "/cities/22/1190" responded 204 in 5.7664 ms
2019-12-16 16:23:07.466 +01:00 [Information] HTTP "GET" "/cities/22/1190" responded 200 in 2928.2275 ms
2019-12-16 17:13:47.453 +01:00 [Information] HTTP "GET" "/" responded 404 in 34.0160 ms
2019-12-16 17:15:05.958 +01:00 [Information] HTTP "OPTIONS" "/countries" responded 204 in 25.8582 ms
2019-12-16 17:15:05.958 +01:00 [Information] HTTP "OPTIONS" "/configurationItems" responded 204 in 11.6162 ms
2019-12-16 17:15:05.958 +01:00 [Information] HTTP "OPTIONS" "/configurationItems" responded 204 in 21.3803 ms
2019-12-16 17:15:05.962 +01:00 [Information] HTTP "OPTIONS" "/configurationItems" responded 204 in 15.9491 ms
2019-12-16 17:15:07.931 +01:00 [Information] HTTP "OPTIONS" "/fines/13143/activities" responded 204 in 0.0504 ms
2019-12-16 17:15:07.932 +01:00 [Information] HTTP "OPTIONS" "/documents/fine/13143" responded 204 in 0.0466 ms
2019-12-16 17:15:07.934 +01:00 [Information] HTTP "OPTIONS" "/fines/13143/activities" responded 204 in 0.1550 ms
2019-12-16 17:15:11.432 +01:00 [Information] HTTP "GET" "/" responded 404 in 0.1602 ms
2019-12-16 17:15:13.890 +01:00 [Information] HTTP "GET" "/favicon.ico" responded 404 in 0.3217 ms
2019-12-16 17:15:14.582 +01:00 [Information] HTTP "GET" "/configurationItems" responded 200 in 8605.8854 ms
2019-12-16 17:15:14.591 +01:00 [Information] HTTP "GET" "/configurationItems" responded 200 in 8613.9635 ms
2019-12-16 17:15:14.592 +01:00 [Information] HTTP "GET" "/countries" responded 200 in 8617.5142 ms
2019-12-16 17:15:14.593 +01:00 [Information] HTTP "GET" "/configurationItems" responded 200 in 8616.2168 ms
2019-12-16 17:15:14.858 +01:00 [Information] HTTP "OPTIONS" "/fines/13143" responded 204 in 0.0517 ms
2019-12-16 17:15:14.868 +01:00 [Information] HTTP "GET" "/fines/13143/activities" responded 200 in 6901.7944 ms
2019-12-16 17:15:14.980 +01:00 [Information] HTTP "GET" "/documents/fine/13143" responded 200 in 4547.5550 ms
2019-12-16 17:15:14.980 +01:00 [Information] HTTP "GET" "/fines/13143/activities" responded 200 in 5548.1528 ms
2019-12-16 17:15:15.979 +01:00 [Information] HTTP "GET" "/fines/13143" responded 200 in 1116.3552 ms
2019-12-16 17:15:17.006 +01:00 [Information] HTTP "OPTIONS" "/cities/22/1190" responded 204 in 0.5456 ms
2019-12-16 17:15:17.232 +01:00 [Information] HTTP "GET" "/cities/22/1190" responded 200 in 220.6109 ms
2019-12-16 17:19:24.278 +01:00 [Information] HTTP "OPTIONS" "/fines/13143" responded 204 in 0.3847 ms
2019-12-16 17:19:24.603 +01:00 [Information] HTTP "PUT" "/fines/13143" responded 422 in 318.9185 ms
2019-12-16 17:19:34.869 +01:00 [Information] HTTP "OPTIONS" "/fines/13143" responded 204 in 0.4718 ms
2019-12-16 17:19:35.138 +01:00 [Information] HTTP "PUT" "/fines/13143" responded 422 in 266.5794 ms
2019-12-16 17:19:41.943 +01:00 [Information] HTTP "OPTIONS" "/fines/13143" responded 204 in 0.5394 ms
2019-12-16 17:19:42.148 +01:00 [Information] HTTP "PUT" "/fines/13143" responded 422 in 201.6528 ms
2019-12-16 17:19:55.558 +01:00 [Information] HTTP "OPTIONS" "/fines/13143" responded 204 in 0.2957 ms
2019-12-16 17:19:55.756 +01:00 [Information] HTTP "PUT" "/fines/13143" responded 422 in 195.2338 ms
2019-12-16 17:21:04.416 +01:00 [Information] HTTP "OPTIONS" "/fines/13143" responded 204 in 0.1890 ms
2019-12-16 17:21:04.647 +01:00 [Information] HTTP "PUT" "/fines/13143" responded 422 in 224.4426 ms
2019-12-16 17:22:58.175 +01:00 [Information] HTTP "GET" "/" responded 404 in 69.6081 ms
2019-12-16 17:24:16.016 +01:00 [Information] HTTP "OPTIONS" "/fines/13143" responded 204 in 29.9058 ms
2019-12-16 17:24:33.368 +01:00 [Information] HTTP "PUT" "/fines/13143" responded 422 in 17339.0113 ms
2019-12-16 17:27:54.627 +01:00 [Information] HTTP "GET" "/" responded 404 in 45.4284 ms
2019-12-16 17:28:56.893 +01:00 [Information] HTTP "OPTIONS" "/fines/13143" responded 204 in 21.3801 ms
2019-12-16 17:29:13.577 +01:00 [Information] HTTP "PUT" "/fines/13143" responded 422 in 16668.7608 ms
2019-12-16 17:29:47.278 +01:00 [Information] HTTP "OPTIONS" "/fines/13143" responded 204 in 1.5623 ms
2019-12-16 17:29:59.020 +01:00 [Information] HTTP "PUT" "/fines/13143" responded 200 in 11732.2538 ms
2019-12-16 17:30:06.701 +01:00 [Information] HTTP "OPTIONS" "/countries" responded 204 in 0.3787 ms
2019-12-16 17:30:06.708 +01:00 [Information] HTTP "OPTIONS" "/configurationItems" responded 204 in 0.2755 ms
2019-12-16 17:30:06.709 +01:00 [Information] HTTP "OPTIONS" "/configurationItems" responded 204 in 0.3181 ms
2019-12-16 17:30:06.713 +01:00 [Information] HTTP "OPTIONS" "/configurationItems" responded 204 in 0.2668 ms
2019-12-16 17:30:06.931 +01:00 [Information] HTTP "OPTIONS" "/fines/13143/activities" responded 204 in 0.1279 ms
2019-12-16 17:30:08.205 +01:00 [Information] HTTP "OPTIONS" "/fines/13143/activities" responded 204 in 0.0608 ms
2019-12-16 17:30:08.207 +01:00 [Information] HTTP "OPTIONS" "/documents/fine/13143" responded 204 in 0.0493 ms
2019-12-16 17:30:16.729 +01:00 [Information] HTTP "GET" "/configurationItems" responded 200 in 10002.0345 ms
2019-12-16 17:30:17.261 +01:00 [Information] HTTP "GET" "/countries" responded 200 in 10547.8828 ms
2019-12-16 17:30:19.839 +01:00 [Information] HTTP "GET" "/configurationItems" responded 200 in 13118.0598 ms
2019-12-16 17:30:27.709 +01:00 [Information] HTTP "GET" "/fines/13143/activities" responded 200 in 19495.0972 ms
2019-12-16 17:30:28.121 +01:00 [Information] HTTP "GET" "/fines/13143/activities" responded 200 in 21180.8316 ms
2019-12-16 17:30:30.209 +01:00 [Information] HTTP "GET" "/documents/fine/13143" responded 200 in 21993.7971 ms
2019-12-16 17:30:31.622 +01:00 [Information] HTTP "GET" "/configurationItems" responded 200 in 24862.8232 ms
2019-12-16 17:30:31.669 +01:00 [Information] HTTP "OPTIONS" "/fines/13143" responded 204 in 0.3122 ms
2019-12-16 17:30:38.690 +01:00 [Information] HTTP "GET" "/fines/13143" responded 200 in 7018.3360 ms
2019-12-16 17:30:39.033 +01:00 [Information] HTTP "OPTIONS" "/cities/22/1190" responded 204 in 0.3151 ms
2019-12-16 17:30:41.909 +01:00 [Information] HTTP "GET" "/cities/22/1190" responded 200 in 2861.9322 ms
2019-12-16 17:31:31.495 +01:00 [Information] HTTP "OPTIONS" "/fines/13143" responded 204 in 0.1911 ms
2019-12-16 17:31:41.340 +01:00 [Information] HTTP "PUT" "/fines/13143" responded 422 in 9822.0061 ms
2019-12-16 17:31:50.491 +01:00 [Information] HTTP "OPTIONS" "/fines/13143" responded 204 in 0.1238 ms
2019-12-16 17:32:00.525 +01:00 [Information] HTTP "PUT" "/fines/13143" responded 200 in 10030.9031 ms
2019-12-16 17:32:09.022 +01:00 [Information] HTTP "OPTIONS" "/countries" responded 204 in 0.1761 ms
2019-12-16 17:32:09.025 +01:00 [Information] HTTP "OPTIONS" "/configurationItems" responded 204 in 0.0997 ms
2019-12-16 17:32:09.028 +01:00 [Information] HTTP "OPTIONS" "/configurationItems" responded 204 in 0.2968 ms
2019-12-16 17:32:09.039 +01:00 [Information] HTTP "OPTIONS" "/configurationItems" responded 204 in 0.2900 ms
2019-12-16 17:32:10.550 +01:00 [Information] HTTP "OPTIONS" "/fines/13143/activities" responded 204 in 0.0534 ms
2019-12-16 17:32:10.551 +01:00 [Information] HTTP "OPTIONS" "/documents/fine/13143" responded 204 in 0.0384 ms
2019-12-16 17:32:10.551 +01:00 [Information] HTTP "OPTIONS" "/fines/13143/activities" responded 204 in 0.0697 ms
2019-12-16 17:32:18.305 +01:00 [Information] HTTP "GET" "/countries" responded 200 in 9275.8236 ms
2019-12-16 17:32:20.755 +01:00 [Information] HTTP "GET" "/configurationItems" responded 200 in 11715.0138 ms
2019-12-16 17:32:22.790 +01:00 [Information] HTTP "GET" "/fines/13143/activities" responded 200 in 12228.9439 ms
2019-12-16 17:32:25.934 +01:00 [Information] HTTP "GET" "/configurationItems" responded 200 in 16897.5880 ms
2019-12-16 17:32:29.096 +01:00 [Information] HTTP "GET" "/configurationItems" responded 200 in 20047.7014 ms
2019-12-16 17:32:29.121 +01:00 [Information] HTTP "OPTIONS" "/fines/13143" responded 204 in 0.0941 ms
2019-12-16 17:32:34.569 +01:00 [Information] HTTP "GET" "/fines/13143/activities" responded 200 in 23019.5695 ms
2019-12-16 17:32:35.644 +01:00 [Information] HTTP "GET" "/documents/fine/13143" responded 200 in 20091.9908 ms
2019-12-16 17:32:41.471 +01:00 [Information] HTTP "GET" "/fines/13143" responded 200 in 12338.7646 ms
2019-12-16 17:32:41.817 +01:00 [Information] HTTP "OPTIONS" "/cities/22/1190" responded 204 in 0.2265 ms
2019-12-16 17:32:44.682 +01:00 [Information] HTTP "GET" "/cities/22/1190" responded 200 in 2856.9794 ms
