2020-03-05 16:43:06.943 +01:00 [Information] HTTP "PUT" "/IpatSync" responded 500 in 287.7073 ms
DryIoc.ContainerException: Unable to resolve IpatIotListener.Infrastructure.Data.MqTTStageRepository as parameter "mqTTStageRepository"
  in scoped IpatIotListener.Infrastructure.Services.MqTTStageService: IpatIotListener.ApplicationCore.Services.IMqTTStageService {DryIoc.IfUnresolved.ReturnDefaultIfNotRegistered} FactoryId=63 IsResolutionCall
  from Container with Scope {no name}
 with Rules with {TrackingDisposableTransients, SelectLastRegisteredFactory} and without {ThrowOnRegisteringDisposableTransient}
 with FactorySelector=SelectLastRegisteredFactory
 with Made={FactoryMethod=ConstructorWithResolvableArguments}
Where no service registrations found
  and no dynamic registrations found in 0 of Rules.DynamicServiceProviders
  and nothing found in 0 of Rules.UnknownServiceResolvers
   at DryIoc.Throw.It(Int32 error, Object arg0, Object arg1, Object arg2, Object arg3) in D:\Dev\DryIoc\src\DryIoc\Container.cs:line 10684
   at DryIoc.Container.TryThrowUnableToResolve(Request request) in D:\Dev\DryIoc\src\DryIoc\Container.cs:line 939
   at DryIoc.Container.DryIoc.IContainer.ResolveFactory(Request request) in D:\Dev\DryIoc\src\DryIoc\Container.cs:line 918
   at DryIoc.ReflectionFactory.TryResolveParameterExpressions(ParameterInfo[] parameters, Func`2 parameterServiceInfoSelector, Request request, Int32& usedInputArgAndCustomValueCount) in D:\Dev\DryIoc\src\DryIoc\Container.cs:line 8454
   at DryIoc.ReflectionFactory.CreateExpressionOrDefault(Request request) in D:\Dev\DryIoc\src\DryIoc\Container.cs:line 8384
   at DryIoc.Factory.GetExpressionOrDefault(Request request) in D:\Dev\DryIoc\src\DryIoc\Container.cs:line 7869
   at DryIoc.Container.ResolveAndCacheFactoryDelegate(Type serviceType, IfUnresolved ifUnresolved) in D:\Dev\DryIoc\src\DryIoc\Container.cs:line 269
   at DryIoc.Container.DryIoc.IResolver.Resolve(Type serviceType, IfUnresolved ifUnresolved) in D:\Dev\DryIoc\src\DryIoc\Container.cs:line 230
   at DryIoc.Container.System.IServiceProvider.GetService(Type serviceType) in D:\Dev\DryIoc\src\DryIoc\Container.cs:line 224
   at Microsoft.Extensions.DependencyInjection.ActivatorUtilities.GetService(IServiceProvider sp, Type type, Type requiredBy, Boolean isDefaultParameterRequired)
   at lambda_method(Closure , IServiceProvider , Object[] )
   at Microsoft.AspNetCore.Mvc.Controllers.ControllerActivatorProvider.<>c__DisplayClass4_0.<CreateActivator>b__0(ControllerContext controllerContext)
   at Microsoft.AspNetCore.Mvc.Controllers.ControllerFactoryProvider.<>c__DisplayClass5_0.<CreateControllerFactory>g__CreateController|0(ControllerContext controllerContext)
   at Microsoft.AspNetCore.Mvc.Infrastructure.ControllerActionInvoker.Next(State& next, Scope& scope, Object& state, Boolean& isCompleted)
   at Microsoft.AspNetCore.Mvc.Infrastructure.ControllerActionInvoker.InvokeInnerFilterAsync()
--- End of stack trace from previous location where exception was thrown ---
   at Microsoft.AspNetCore.Mvc.Infrastructure.ResourceInvoker.<InvokeNextExceptionFilterAsync>g__Awaited|25_0(ResourceInvoker invoker, Task lastTask, State next, Scope scope, Object state, Boolean isCompleted)
   at Microsoft.AspNetCore.Mvc.Infrastructure.ResourceInvoker.Rethrow(ExceptionContextSealed context)
   at Microsoft.AspNetCore.Mvc.Infrastructure.ResourceInvoker.Next(State& next, Scope& scope, Object& state, Boolean& isCompleted)
   at Microsoft.AspNetCore.Mvc.Infrastructure.ResourceInvoker.InvokeFilterPipelineAsync()
--- End of stack trace from previous location where exception was thrown ---
   at Microsoft.AspNetCore.Mvc.Infrastructure.ResourceInvoker.<InvokeAsync>g__Awaited|17_0(ResourceInvoker invoker, Task task, IDisposable scope)
   at Microsoft.AspNetCore.Routing.EndpointMiddleware.<Invoke>g__AwaitRequestTask|6_0(Endpoint endpoint, Task requestTask, ILogger logger)
   at Microsoft.AspNetCore.Localization.RequestLocalizationMiddleware.Invoke(HttpContext context)
   at Microsoft.AspNetCore.Authorization.AuthorizationMiddleware.Invoke(HttpContext context)
   at Infrabel.ICT.Framework.Extended.AspNetCore.Middleware.LoggingMiddleware.Invoke(HttpContext context, IEnvironmentInfoService environmentInfoService)
2020-03-05 16:43:07.510 +01:00 [Error] An unhandled exception has occurred while executing the request.
DryIoc.ContainerException: Unable to resolve IpatIotListener.Infrastructure.Data.MqTTStageRepository as parameter "mqTTStageRepository"
  in scoped IpatIotListener.Infrastructure.Services.MqTTStageService: IpatIotListener.ApplicationCore.Services.IMqTTStageService {DryIoc.IfUnresolved.ReturnDefaultIfNotRegistered} FactoryId=63 IsResolutionCall
  from Container with Scope {no name}
 with Rules with {TrackingDisposableTransients, SelectLastRegisteredFactory} and without {ThrowOnRegisteringDisposableTransient}
 with FactorySelector=SelectLastRegisteredFactory
 with Made={FactoryMethod=ConstructorWithResolvableArguments}
Where no service registrations found
  and no dynamic registrations found in 0 of Rules.DynamicServiceProviders
  and nothing found in 0 of Rules.UnknownServiceResolvers
   at DryIoc.Throw.It(Int32 error, Object arg0, Object arg1, Object arg2, Object arg3) in D:\Dev\DryIoc\src\DryIoc\Container.cs:line 10684
   at DryIoc.Container.TryThrowUnableToResolve(Request request) in D:\Dev\DryIoc\src\DryIoc\Container.cs:line 939
   at DryIoc.Container.DryIoc.IContainer.ResolveFactory(Request request) in D:\Dev\DryIoc\src\DryIoc\Container.cs:line 918
   at DryIoc.ReflectionFactory.TryResolveParameterExpressions(ParameterInfo[] parameters, Func`2 parameterServiceInfoSelector, Request request, Int32& usedInputArgAndCustomValueCount) in D:\Dev\DryIoc\src\DryIoc\Container.cs:line 8454
   at DryIoc.ReflectionFactory.CreateExpressionOrDefault(Request request) in D:\Dev\DryIoc\src\DryIoc\Container.cs:line 8384
   at DryIoc.Factory.GetExpressionOrDefault(Request request) in D:\Dev\DryIoc\src\DryIoc\Container.cs:line 7869
   at DryIoc.Container.ResolveAndCacheFactoryDelegate(Type serviceType, IfUnresolved ifUnresolved) in D:\Dev\DryIoc\src\DryIoc\Container.cs:line 269
   at DryIoc.Container.DryIoc.IResolver.Resolve(Type serviceType, IfUnresolved ifUnresolved) in D:\Dev\DryIoc\src\DryIoc\Container.cs:line 230
   at DryIoc.Container.System.IServiceProvider.GetService(Type serviceType) in D:\Dev\DryIoc\src\DryIoc\Container.cs:line 224
   at Microsoft.Extensions.DependencyInjection.ActivatorUtilities.GetService(IServiceProvider sp, Type type, Type requiredBy, Boolean isDefaultParameterRequired)
   at lambda_method(Closure , IServiceProvider , Object[] )
   at Microsoft.AspNetCore.Mvc.Controllers.ControllerActivatorProvider.<>c__DisplayClass4_0.<CreateActivator>b__0(ControllerContext controllerContext)
   at Microsoft.AspNetCore.Mvc.Controllers.ControllerFactoryProvider.<>c__DisplayClass5_0.<CreateControllerFactory>g__CreateController|0(ControllerContext controllerContext)
   at Microsoft.AspNetCore.Mvc.Infrastructure.ControllerActionInvoker.Next(State& next, Scope& scope, Object& state, Boolean& isCompleted)
   at Microsoft.AspNetCore.Mvc.Infrastructure.ControllerActionInvoker.InvokeInnerFilterAsync()
--- End of stack trace from previous location where exception was thrown ---
   at Microsoft.AspNetCore.Mvc.Infrastructure.ResourceInvoker.<InvokeNextExceptionFilterAsync>g__Awaited|25_0(ResourceInvoker invoker, Task lastTask, State next, Scope scope, Object state, Boolean isCompleted)
   at Microsoft.AspNetCore.Mvc.Infrastructure.ResourceInvoker.Rethrow(ExceptionContextSealed context)
   at Microsoft.AspNetCore.Mvc.Infrastructure.ResourceInvoker.Next(State& next, Scope& scope, Object& state, Boolean& isCompleted)
   at Microsoft.AspNetCore.Mvc.Infrastructure.ResourceInvoker.InvokeFilterPipelineAsync()
--- End of stack trace from previous location where exception was thrown ---
   at Microsoft.AspNetCore.Mvc.Infrastructure.ResourceInvoker.<InvokeAsync>g__Awaited|17_0(ResourceInvoker invoker, Task task, IDisposable scope)
   at Microsoft.AspNetCore.Routing.EndpointMiddleware.<Invoke>g__AwaitRequestTask|6_0(Endpoint endpoint, Task requestTask, ILogger logger)
   at Microsoft.AspNetCore.Localization.RequestLocalizationMiddleware.Invoke(HttpContext context)
   at Microsoft.AspNetCore.Authorization.AuthorizationMiddleware.Invoke(HttpContext context)
   at Infrabel.ICT.Framework.Extended.AspNetCore.Middleware.LoggingMiddleware.Invoke(HttpContext context, IEnvironmentInfoService environmentInfoService)
   at Swashbuckle.AspNetCore.SwaggerUI.SwaggerUIMiddleware.Invoke(HttpContext httpContext)
   at Swashbuckle.AspNetCore.Swagger.SwaggerMiddleware.Invoke(HttpContext httpContext, ISwaggerProvider swaggerProvider)
   at Microsoft.AspNetCore.Diagnostics.DeveloperExceptionPageMiddleware.Invoke(HttpContext context)
2020-03-05 16:53:04.317 +01:00 [Information] HTTP "PUT" "/IpatSync" responded 500 in 982.9260 ms
System.InvalidOperationException: The connection string for IpatDbContext is undefined
   at Infrabel.ICT.Framework.Extended.AspNetCore.Resolver.ConnectionStringResolver.BuildConnectionString[TDbContext]()
   at Infrabel.ICT.Framework.Service.ConnectionStringResolverBase.<>c__DisplayClass4_0`1.<Resolve>b__1()
   at Infrabel.ICT.Framework.Extension.ReaderWriterLockSlimExtensions.WriteExecute[T](ReaderWriterLockSlim locker, Func`1 func)
   at Infrabel.ICT.Framework.Service.ConnectionStringResolverBase.<Resolve>b__4_0[TDbContext]()
   at Infrabel.ICT.Framework.Extension.ReaderWriterLockSlimExtensions.UpgradeableReadExecute[T](ReaderWriterLockSlim locker, Func`1 func)
   at Infrabel.ICT.Framework.Service.ConnectionStringResolverBase.Resolve[TDbContext]()
   at Infrabel.ICT.Framework.Extended.EntityFramework.Extension.RegistrationContainerExtensions.<>c__DisplayClass0_0`1.<RegisterDbContext>b__0(IResolutionContainer resolver)
   at Infrabel.ICT.Framework.Extended.DryIoc.DryIocContainerAdapter.<>c__DisplayClass14_0`1.<RegisterFactory>b__0(IResolverContext _)
   at DryIoc.Registrator.ToFactoryDelegate[TService](Func`2 f, IResolverContext r) in D:\Dev\DryIoc\src\DryIoc\Container.cs:line 5547
   at DryIoc.Scope.TryGetOrAddViaFactoryDelegate(ImMap`1 items, Int32 id, FactoryDelegate createValue, IResolverContext r, Int32 disposalOrder) in D:\Dev\DryIoc\src\DryIoc\Container.cs:line 9342
   at DryIoc.Scope.GetOrAddViaFactoryDelegate(Int32 id, FactoryDelegate createValue, IResolverContext r, Int32 disposalOrder) in D:\Dev\DryIoc\src\DryIoc\Container.cs:line 9327
   at DryIoc.Interpreter.InterpretGetScopedViaFactoryDelegate(IResolverContext r, IList`1 args, Boolean useFec, Object& result) in D:\Dev\DryIoc\src\DryIoc\Container.cs:line 2589
   at DryIoc.Interpreter.TryInterpret(IResolverContext r, Expression expr, Boolean useFec, Object& result) in D:\Dev\DryIoc\src\DryIoc\Container.cs:line 2358
   at DryIoc.Interpreter.TryInterpret(IResolverContext r, Expression expr, Boolean useFec, Object& result) in D:\Dev\DryIoc\src\DryIoc\Container.cs:line 2397
   at DryIoc.Interpreter.TryInterpretMany(IResolverContext r, IList`1 argExprs, Boolean useFec, Object[]& args) in D:\Dev\DryIoc\src\DryIoc\Container.cs:line 2731
   at DryIoc.Interpreter.TryInterpret(IResolverContext r, Expression expr, Boolean useFec, Object& result) in D:\Dev\DryIoc\src\DryIoc\Container.cs:line 2326
   at DryIoc.Interpreter.TryInterpretAndUnwrapContainerException(IResolverContext r, Expression expr, Boolean useFec, Object& result) in D:\Dev\DryIoc\src\DryIoc\Container.cs:line 2305
   at DryIoc.Interpreter.<>c.<InterpretGetScoped>b__5_0(IResolverContext rc, Expression e, Boolean uf) in D:\Dev\DryIoc\src\DryIoc\Container.cs:line 2563
   at DryIoc.Scope.TryGetOrAddWithoutClosure(Int32 id, IResolverContext resolveContext, Expression expr, Boolean useFec, Func`4 createValue, Int32 disposalOrder) in D:\Dev\DryIoc\src\DryIoc\Container.cs:line 9372
   at DryIoc.Interpreter.InterpretGetScoped(IResolverContext r, IList`1 args, Boolean useFec, Object& result) in D:\Dev\DryIoc\src\DryIoc\Container.cs:line 2562
   at DryIoc.Interpreter.TryInterpret(IResolverContext r, Expression expr, Boolean useFec, Object& result) in D:\Dev\DryIoc\src\DryIoc\Container.cs:line 2355
   at DryIoc.Interpreter.TryInterpret(IResolverContext r, Expression expr, Boolean useFec, Object& result) in D:\Dev\DryIoc\src\DryIoc\Container.cs:line 2397
   at DryIoc.Interpreter.TryInterpretMany(IResolverContext r, IList`1 argExprs, Boolean useFec, Object[]& args) in D:\Dev\DryIoc\src\DryIoc\Container.cs:line 2731
   at DryIoc.Interpreter.TryInterpret(IResolverContext r, Expression expr, Boolean useFec, Object& result) in D:\Dev\DryIoc\src\DryIoc\Container.cs:line 2326
   at DryIoc.Interpreter.TryInterpretAndUnwrapContainerException(IResolverContext r, Expression expr, Boolean useFec, Object& result) in D:\Dev\DryIoc\src\DryIoc\Container.cs:line 2305
   at DryIoc.Interpreter.<>c.<InterpretGetScoped>b__5_0(IResolverContext rc, Expression e, Boolean uf) in D:\Dev\DryIoc\src\DryIoc\Container.cs:line 2563
   at DryIoc.Scope.TryGetOrAddWithoutClosure(Int32 id, IResolverContext resolveContext, Expression expr, Boolean useFec, Func`4 createValue, Int32 disposalOrder) in D:\Dev\DryIoc\src\DryIoc\Container.cs:line 9372
   at DryIoc.Interpreter.InterpretGetScoped(IResolverContext r, IList`1 args, Boolean useFec, Object& result) in D:\Dev\DryIoc\src\DryIoc\Container.cs:line 2562
   at DryIoc.Interpreter.TryInterpret(IResolverContext r, Expression expr, Boolean useFec, Object& result) in D:\Dev\DryIoc\src\DryIoc\Container.cs:line 2355
   at DryIoc.Interpreter.TryInterpret(IResolverContext r, Expression expr, Boolean useFec, Object& result) in D:\Dev\DryIoc\src\DryIoc\Container.cs:line 2397
   at DryIoc.Interpreter.TryInterpretMany(IResolverContext r, IList`1 argExprs, Boolean useFec, Object[]& args) in D:\Dev\DryIoc\src\DryIoc\Container.cs:line 2731
   at DryIoc.Interpreter.TryInterpret(IResolverContext r, Expression expr, Boolean useFec, Object& result) in D:\Dev\DryIoc\src\DryIoc\Container.cs:line 2326
   at DryIoc.Interpreter.TryInterpretAndUnwrapContainerException(IResolverContext r, Expression expr, Boolean useFec, Object& result) in D:\Dev\DryIoc\src\DryIoc\Container.cs:line 2305
   at DryIoc.Interpreter.<>c.<InterpretGetScoped>b__5_0(IResolverContext rc, Expression e, Boolean uf) in D:\Dev\DryIoc\src\DryIoc\Container.cs:line 2563
   at DryIoc.Scope.TryGetOrAddWithoutClosure(Int32 id, IResolverContext resolveContext, Expression expr, Boolean useFec, Func`4 createValue, Int32 disposalOrder) in D:\Dev\DryIoc\src\DryIoc\Container.cs:line 9372
   at DryIoc.Interpreter.InterpretGetScoped(IResolverContext r, IList`1 args, Boolean useFec, Object& result) in D:\Dev\DryIoc\src\DryIoc\Container.cs:line 2562
   at DryIoc.Interpreter.TryInterpret(IResolverContext r, Expression expr, Boolean useFec, Object& result) in D:\Dev\DryIoc\src\DryIoc\Container.cs:line 2355
   at DryIoc.Interpreter.TryInterpret(IResolverContext r, Expression expr, Boolean useFec, Object& result) in D:\Dev\DryIoc\src\DryIoc\Container.cs:line 2397
   at DryIoc.Interpreter.TryInterpretAndUnwrapContainerException(IResolverContext r, Expression expr, Boolean useFec, Object& result) in D:\Dev\DryIoc\src\DryIoc\Container.cs:line 2305
   at DryIoc.Container.ResolveAndCacheFactoryDelegate(Type serviceType, IfUnresolved ifUnresolved) in D:\Dev\DryIoc\src\DryIoc\Container.cs:line 288
   at DryIoc.Container.DryIoc.IResolver.Resolve(Type serviceType, IfUnresolved ifUnresolved) in D:\Dev\DryIoc\src\DryIoc\Container.cs:line 230
   at DryIoc.Container.System.IServiceProvider.GetService(Type serviceType) in D:\Dev\DryIoc\src\DryIoc\Container.cs:line 224
   at Microsoft.Extensions.DependencyInjection.ActivatorUtilities.GetService(IServiceProvider sp, Type type, Type requiredBy, Boolean isDefaultParameterRequired)
   at lambda_method(Closure , IServiceProvider , Object[] )
   at Microsoft.AspNetCore.Mvc.Controllers.ControllerActivatorProvider.<>c__DisplayClass4_0.<CreateActivator>b__0(ControllerContext controllerContext)
   at Microsoft.AspNetCore.Mvc.Controllers.ControllerFactoryProvider.<>c__DisplayClass5_0.<CreateControllerFactory>g__CreateController|0(ControllerContext controllerContext)
   at Microsoft.AspNetCore.Mvc.Infrastructure.ControllerActionInvoker.Next(State& next, Scope& scope, Object& state, Boolean& isCompleted)
   at Microsoft.AspNetCore.Mvc.Infrastructure.ControllerActionInvoker.InvokeInnerFilterAsync()
--- End of stack trace from previous location where exception was thrown ---
   at Microsoft.AspNetCore.Mvc.Infrastructure.ResourceInvoker.<InvokeNextExceptionFilterAsync>g__Awaited|25_0(ResourceInvoker invoker, Task lastTask, State next, Scope scope, Object state, Boolean isCompleted)
   at Microsoft.AspNetCore.Mvc.Infrastructure.ResourceInvoker.Rethrow(ExceptionContextSealed context)
   at Microsoft.AspNetCore.Mvc.Infrastructure.ResourceInvoker.Next(State& next, Scope& scope, Object& state, Boolean& isCompleted)
   at Microsoft.AspNetCore.Mvc.Infrastructure.ResourceInvoker.InvokeFilterPipelineAsync()
--- End of stack trace from previous location where exception was thrown ---
   at Microsoft.AspNetCore.Mvc.Infrastructure.ResourceInvoker.<InvokeAsync>g__Awaited|17_0(ResourceInvoker invoker, Task task, IDisposable scope)
   at Microsoft.AspNetCore.Routing.EndpointMiddleware.<Invoke>g__AwaitRequestTask|6_0(Endpoint endpoint, Task requestTask, ILogger logger)
   at Microsoft.AspNetCore.Localization.RequestLocalizationMiddleware.Invoke(HttpContext context)
   at Microsoft.AspNetCore.Authorization.AuthorizationMiddleware.Invoke(HttpContext context)
   at Infrabel.ICT.Framework.Extended.AspNetCore.Middleware.LoggingMiddleware.Invoke(HttpContext context, IEnvironmentInfoService environmentInfoService)
2020-03-05 16:53:04.974 +01:00 [Error] An unhandled exception has occurred while executing the request.
System.InvalidOperationException: The connection string for IpatDbContext is undefined
   at Infrabel.ICT.Framework.Extended.AspNetCore.Resolver.ConnectionStringResolver.BuildConnectionString[TDbContext]()
   at Infrabel.ICT.Framework.Service.ConnectionStringResolverBase.<>c__DisplayClass4_0`1.<Resolve>b__1()
   at Infrabel.ICT.Framework.Extension.ReaderWriterLockSlimExtensions.WriteExecute[T](ReaderWriterLockSlim locker, Func`1 func)
   at Infrabel.ICT.Framework.Service.ConnectionStringResolverBase.<Resolve>b__4_0[TDbContext]()
   at Infrabel.ICT.Framework.Extension.ReaderWriterLockSlimExtensions.UpgradeableReadExecute[T](ReaderWriterLockSlim locker, Func`1 func)
   at Infrabel.ICT.Framework.Service.ConnectionStringResolverBase.Resolve[TDbContext]()
   at Infrabel.ICT.Framework.Extended.EntityFramework.Extension.RegistrationContainerExtensions.<>c__DisplayClass0_0`1.<RegisterDbContext>b__0(IResolutionContainer resolver)
   at Infrabel.ICT.Framework.Extended.DryIoc.DryIocContainerAdapter.<>c__DisplayClass14_0`1.<RegisterFactory>b__0(IResolverContext _)
   at DryIoc.Registrator.ToFactoryDelegate[TService](Func`2 f, IResolverContext r) in D:\Dev\DryIoc\src\DryIoc\Container.cs:line 5547
   at DryIoc.Scope.TryGetOrAddViaFactoryDelegate(ImMap`1 items, Int32 id, FactoryDelegate createValue, IResolverContext r, Int32 disposalOrder) in D:\Dev\DryIoc\src\DryIoc\Container.cs:line 9342
   at DryIoc.Scope.GetOrAddViaFactoryDelegate(Int32 id, FactoryDelegate createValue, IResolverContext r, Int32 disposalOrder) in D:\Dev\DryIoc\src\DryIoc\Container.cs:line 9327
   at DryIoc.Interpreter.InterpretGetScopedViaFactoryDelegate(IResolverContext r, IList`1 args, Boolean useFec, Object& result) in D:\Dev\DryIoc\src\DryIoc\Container.cs:line 2589
   at DryIoc.Interpreter.TryInterpret(IResolverContext r, Expression expr, Boolean useFec, Object& result) in D:\Dev\DryIoc\src\DryIoc\Container.cs:line 2358
   at DryIoc.Interpreter.TryInterpret(IResolverContext r, Expression expr, Boolean useFec, Object& result) in D:\Dev\DryIoc\src\DryIoc\Container.cs:line 2397
   at DryIoc.Interpreter.TryInterpretMany(IResolverContext r, IList`1 argExprs, Boolean useFec, Object[]& args) in D:\Dev\DryIoc\src\DryIoc\Container.cs:line 2731
   at DryIoc.Interpreter.TryInterpret(IResolverContext r, Expression expr, Boolean useFec, Object& result) in D:\Dev\DryIoc\src\DryIoc\Container.cs:line 2326
   at DryIoc.Interpreter.TryInterpretAndUnwrapContainerException(IResolverContext r, Expression expr, Boolean useFec, Object& result) in D:\Dev\DryIoc\src\DryIoc\Container.cs:line 2305
   at DryIoc.Interpreter.<>c.<InterpretGetScoped>b__5_0(IResolverContext rc, Expression e, Boolean uf) in D:\Dev\DryIoc\src\DryIoc\Container.cs:line 2563
   at DryIoc.Scope.TryGetOrAddWithoutClosure(Int32 id, IResolverContext resolveContext, Expression expr, Boolean useFec, Func`4 createValue, Int32 disposalOrder) in D:\Dev\DryIoc\src\DryIoc\Container.cs:line 9372
   at DryIoc.Interpreter.InterpretGetScoped(IResolverContext r, IList`1 args, Boolean useFec, Object& result) in D:\Dev\DryIoc\src\DryIoc\Container.cs:line 2562
   at DryIoc.Interpreter.TryInterpret(IResolverContext r, Expression expr, Boolean useFec, Object& result) in D:\Dev\DryIoc\src\DryIoc\Container.cs:line 2355
   at DryIoc.Interpreter.TryInterpret(IResolverContext r, Expression expr, Boolean useFec, Object& result) in D:\Dev\DryIoc\src\DryIoc\Container.cs:line 2397
   at DryIoc.Interpreter.TryInterpretMany(IResolverContext r, IList`1 argExprs, Boolean useFec, Object[]& args) in D:\Dev\DryIoc\src\DryIoc\Container.cs:line 2731
   at DryIoc.Interpreter.TryInterpret(IResolverContext r, Expression expr, Boolean useFec, Object& result) in D:\Dev\DryIoc\src\DryIoc\Container.cs:line 2326
   at DryIoc.Interpreter.TryInterpretAndUnwrapContainerException(IResolverContext r, Expression expr, Boolean useFec, Object& result) in D:\Dev\DryIoc\src\DryIoc\Container.cs:line 2305
   at DryIoc.Interpreter.<>c.<InterpretGetScoped>b__5_0(IResolverContext rc, Expression e, Boolean uf) in D:\Dev\DryIoc\src\DryIoc\Container.cs:line 2563
   at DryIoc.Scope.TryGetOrAddWithoutClosure(Int32 id, IResolverContext resolveContext, Expression expr, Boolean useFec, Func`4 createValue, Int32 disposalOrder) in D:\Dev\DryIoc\src\DryIoc\Container.cs:line 9372
   at DryIoc.Interpreter.InterpretGetScoped(IResolverContext r, IList`1 args, Boolean useFec, Object& result) in D:\Dev\DryIoc\src\DryIoc\Container.cs:line 2562
   at DryIoc.Interpreter.TryInterpret(IResolverContext r, Expression expr, Boolean useFec, Object& result) in D:\Dev\DryIoc\src\DryIoc\Container.cs:line 2355
   at DryIoc.Interpreter.TryInterpret(IResolverContext r, Expression expr, Boolean useFec, Object& result) in D:\Dev\DryIoc\src\DryIoc\Container.cs:line 2397
   at DryIoc.Interpreter.TryInterpretMany(IResolverContext r, IList`1 argExprs, Boolean useFec, Object[]& args) in D:\Dev\DryIoc\src\DryIoc\Container.cs:line 2731
   at DryIoc.Interpreter.TryInterpret(IResolverContext r, Expression expr, Boolean useFec, Object& result) in D:\Dev\DryIoc\src\DryIoc\Container.cs:line 2326
   at DryIoc.Interpreter.TryInterpretAndUnwrapContainerException(IResolverContext r, Expression expr, Boolean useFec, Object& result) in D:\Dev\DryIoc\src\DryIoc\Container.cs:line 2305
   at DryIoc.Interpreter.<>c.<InterpretGetScoped>b__5_0(IResolverContext rc, Expression e, Boolean uf) in D:\Dev\DryIoc\src\DryIoc\Container.cs:line 2563
   at DryIoc.Scope.TryGetOrAddWithoutClosure(Int32 id, IResolverContext resolveContext, Expression expr, Boolean useFec, Func`4 createValue, Int32 disposalOrder) in D:\Dev\DryIoc\src\DryIoc\Container.cs:line 9372
   at DryIoc.Interpreter.InterpretGetScoped(IResolverContext r, IList`1 args, Boolean useFec, Object& result) in D:\Dev\DryIoc\src\DryIoc\Container.cs:line 2562
   at DryIoc.Interpreter.TryInterpret(IResolverContext r, Expression expr, Boolean useFec, Object& result) in D:\Dev\DryIoc\src\DryIoc\Container.cs:line 2355
   at DryIoc.Interpreter.TryInterpret(IResolverContext r, Expression expr, Boolean useFec, Object& result) in D:\Dev\DryIoc\src\DryIoc\Container.cs:line 2397
   at DryIoc.Interpreter.TryInterpretAndUnwrapContainerException(IResolverContext r, Expression expr, Boolean useFec, Object& result) in D:\Dev\DryIoc\src\DryIoc\Container.cs:line 2305
   at DryIoc.Container.ResolveAndCacheFactoryDelegate(Type serviceType, IfUnresolved ifUnresolved) in D:\Dev\DryIoc\src\DryIoc\Container.cs:line 288
   at DryIoc.Container.DryIoc.IResolver.Resolve(Type serviceType, IfUnresolved ifUnresolved) in D:\Dev\DryIoc\src\DryIoc\Container.cs:line 230
   at DryIoc.Container.System.IServiceProvider.GetService(Type serviceType) in D:\Dev\DryIoc\src\DryIoc\Container.cs:line 224
   at Microsoft.Extensions.DependencyInjection.ActivatorUtilities.GetService(IServiceProvider sp, Type type, Type requiredBy, Boolean isDefaultParameterRequired)
   at lambda_method(Closure , IServiceProvider , Object[] )
   at Microsoft.AspNetCore.Mvc.Controllers.ControllerActivatorProvider.<>c__DisplayClass4_0.<CreateActivator>b__0(ControllerContext controllerContext)
   at Microsoft.AspNetCore.Mvc.Controllers.ControllerFactoryProvider.<>c__DisplayClass5_0.<CreateControllerFactory>g__CreateController|0(ControllerContext controllerContext)
   at Microsoft.AspNetCore.Mvc.Infrastructure.ControllerActionInvoker.Next(State& next, Scope& scope, Object& state, Boolean& isCompleted)
   at Microsoft.AspNetCore.Mvc.Infrastructure.ControllerActionInvoker.InvokeInnerFilterAsync()
--- End of stack trace from previous location where exception was thrown ---
   at Microsoft.AspNetCore.Mvc.Infrastructure.ResourceInvoker.<InvokeNextExceptionFilterAsync>g__Awaited|25_0(ResourceInvoker invoker, Task lastTask, State next, Scope scope, Object state, Boolean isCompleted)
   at Microsoft.AspNetCore.Mvc.Infrastructure.ResourceInvoker.Rethrow(ExceptionContextSealed context)
   at Microsoft.AspNetCore.Mvc.Infrastructure.ResourceInvoker.Next(State& next, Scope& scope, Object& state, Boolean& isCompleted)
   at Microsoft.AspNetCore.Mvc.Infrastructure.ResourceInvoker.InvokeFilterPipelineAsync()
--- End of stack trace from previous location where exception was thrown ---
   at Microsoft.AspNetCore.Mvc.Infrastructure.ResourceInvoker.<InvokeAsync>g__Awaited|17_0(ResourceInvoker invoker, Task task, IDisposable scope)
   at Microsoft.AspNetCore.Routing.EndpointMiddleware.<Invoke>g__AwaitRequestTask|6_0(Endpoint endpoint, Task requestTask, ILogger logger)
   at Microsoft.AspNetCore.Localization.RequestLocalizationMiddleware.Invoke(HttpContext context)
   at Microsoft.AspNetCore.Authorization.AuthorizationMiddleware.Invoke(HttpContext context)
   at Infrabel.ICT.Framework.Extended.AspNetCore.Middleware.LoggingMiddleware.Invoke(HttpContext context, IEnvironmentInfoService environmentInfoService)
   at Swashbuckle.AspNetCore.SwaggerUI.SwaggerUIMiddleware.Invoke(HttpContext httpContext)
   at Swashbuckle.AspNetCore.Swagger.SwaggerMiddleware.Invoke(HttpContext httpContext, ISwaggerProvider swaggerProvider)
   at Microsoft.AspNetCore.Diagnostics.DeveloperExceptionPageMiddleware.Invoke(HttpContext context)
2020-03-05 16:55:23.823 +01:00 [Information] HTTP "PUT" "/IpatSync" responded 500 in 27643.0949 ms
Microsoft.EntityFrameworkCore.DbUpdateException: An error occurred while updating the entries. See the inner exception for details.
 ---> Oracle.ManagedDataAccess.Client.OracleException (0x80004005): ORA-06550: line 13, column 14:
PL/SQL: ORA-00942: table or view does not exist
ORA-06550: line 13, column 1:
PL/SQL: SQL Statement ignored
   at OracleInternal.ServiceObjects.OracleConnectionImpl.VerifyExecution(Int32& cursorId, Boolean bThrowArrayBindRelatedErrors, SqlStatementType sqlStatementType, Int32 arrayBindCount, OracleException& exceptionForArrayBindDML, Boolean& hasMoreRowsInDB, Boolean bFirstIterationDone)
   at OracleInternal.ServiceObjects.OracleCommandImpl.ExecuteReader(String commandText, OracleParameterCollection paramColl, CommandType commandType, OracleConnectionImpl connectionImpl, OracleDataReaderImpl& rdrImpl, Int32 longFetchSize, Int64 clientInitialLOBFS, OracleDependencyImpl orclDependencyImpl, Int64[] scnForExecution, Int64[]& scnFromExecution, OracleParameterCollection& bindByPositionParamColl, Boolean& bBindParamPresent, Int64& internalInitialLOBFS, OracleException& exceptionForArrayBindDML, OracleConnection connection, OracleLogicalTransaction& oracleLogicalTransaction, IEnumerable`1 adrianParsedStmt, Boolean isDescribeOnly, Boolean isFromEF)
   at Oracle.ManagedDataAccess.Client.OracleCommand.ExecuteReader(Boolean requery, Boolean fillRequest, CommandBehavior behavior)
   at Oracle.ManagedDataAccess.Client.OracleCommand.ExecuteDbDataReader(CommandBehavior behavior)
   at System.Data.Common.DbCommand.ExecuteDbDataReaderAsync(CommandBehavior behavior, CancellationToken cancellationToken)
--- End of stack trace from previous location where exception was thrown ---
   at Oracle.EntityFrameworkCore.Storage.Internal.OracleRelationalCommandBuilderFactory.OracleRelationalCommandBuilder.OracleRelationalCommand.ExecuteAsync(IRelationalConnection connection, DbCommandMethod executeMethod, IReadOnlyDictionary`2 parameterValues, CancellationToken cancellationToken)
   at Microsoft.EntityFrameworkCore.Update.ReaderModificationCommandBatch.ExecuteAsync(IRelationalConnection connection, CancellationToken cancellationToken)
   --- End of inner exception stack trace ---
   at Microsoft.EntityFrameworkCore.Update.ReaderModificationCommandBatch.ExecuteAsync(IRelationalConnection connection, CancellationToken cancellationToken)
   at Microsoft.EntityFrameworkCore.Update.Internal.BatchExecutor.ExecuteAsync(DbContext _, ValueTuple`2 parameters, CancellationToken cancellationToken)
   at Oracle.EntityFrameworkCore.Storage.Internal.OracleExecutionStrategy.ExecuteAsync[TState,TResult](TState state, Func`4 operation, Func`4 verifySucceeded, CancellationToken cancellationToken)
   at Microsoft.EntityFrameworkCore.ChangeTracking.Internal.StateManager.SaveChangesAsync(IReadOnlyList`1 entriesToSave, CancellationToken cancellationToken)
   at Microsoft.EntityFrameworkCore.ChangeTracking.Internal.StateManager.SaveChangesAsync(Boolean acceptAllChangesOnSuccess, CancellationToken cancellationToken)
   at Microsoft.EntityFrameworkCore.DbContext.SaveChangesAsync(Boolean acceptAllChangesOnSuccess, CancellationToken cancellationToken)
   at Infrabel.ICT.Framework.Extended.EntityFramework.DbContextBase.SaveChangesAsync(Boolean acceptAllChangesOnSuccess, CancellationToken cancellationToken)
   at Infrabel.ICT.Framework.Extended.EntityFramework.DbRepository`1.CommitAsync(CancellationToken cancellationToken)
   at IpatIotListener.Infrastructure.Services.MqTTStageService.CreateAsync(Nullable`1 loadingTime, String topic, String message) in C:\Coding\a453-admora\api\Infrastructure\Services\MqTTStageService.cs:line 30
   at IpatIotListener.Web.Api.IpatSyncController.SyncIpatDatabase(Int64 activityLogId) in C:\Coding\a453-admora\api\Web\Api\IpatSyncController.cs:line 34
   at Microsoft.AspNetCore.Mvc.Infrastructure.ActionMethodExecutor.TaskOfIActionResultExecutor.Execute(IActionResultTypeMapper mapper, ObjectMethodExecutor executor, Object controller, Object[] arguments)
   at Microsoft.AspNetCore.Mvc.Infrastructure.ControllerActionInvoker.<InvokeActionMethodAsync>g__Awaited|12_0(ControllerActionInvoker invoker, ValueTask`1 actionResultValueTask)
   at Microsoft.AspNetCore.Mvc.Infrastructure.ControllerActionInvoker.<InvokeNextActionFilterAsync>g__Awaited|10_0(ControllerActionInvoker invoker, Task lastTask, State next, Scope scope, Object state, Boolean isCompleted)
   at Microsoft.AspNetCore.Mvc.Infrastructure.ControllerActionInvoker.Rethrow(ActionExecutedContextSealed context)
   at Microsoft.AspNetCore.Mvc.Infrastructure.ControllerActionInvoker.Next(State& next, Scope& scope, Object& state, Boolean& isCompleted)
   at Microsoft.AspNetCore.Mvc.Infrastructure.ControllerActionInvoker.InvokeInnerFilterAsync()
--- End of stack trace from previous location where exception was thrown ---
   at Microsoft.AspNetCore.Mvc.Infrastructure.ResourceInvoker.<InvokeNextExceptionFilterAsync>g__Awaited|25_0(ResourceInvoker invoker, Task lastTask, State next, Scope scope, Object state, Boolean isCompleted)
   at Microsoft.AspNetCore.Mvc.Infrastructure.ResourceInvoker.Rethrow(ExceptionContextSealed context)
   at Microsoft.AspNetCore.Mvc.Infrastructure.ResourceInvoker.Next(State& next, Scope& scope, Object& state, Boolean& isCompleted)
   at Microsoft.AspNetCore.Mvc.Infrastructure.ResourceInvoker.InvokeFilterPipelineAsync()
--- End of stack trace from previous location where exception was thrown ---
   at Microsoft.AspNetCore.Mvc.Infrastructure.ResourceInvoker.<InvokeAsync>g__Awaited|17_0(ResourceInvoker invoker, Task task, IDisposable scope)
   at Microsoft.AspNetCore.Routing.EndpointMiddleware.<Invoke>g__AwaitRequestTask|6_0(Endpoint endpoint, Task requestTask, ILogger logger)
   at Microsoft.AspNetCore.Localization.RequestLocalizationMiddleware.Invoke(HttpContext context)
   at Microsoft.AspNetCore.Authorization.AuthorizationMiddleware.Invoke(HttpContext context)
   at Infrabel.ICT.Framework.Extended.AspNetCore.Middleware.LoggingMiddleware.Invoke(HttpContext context, IEnvironmentInfoService environmentInfoService)
2020-03-05 16:55:23.935 +01:00 [Error] An unhandled exception has occurred while executing the request.
Microsoft.EntityFrameworkCore.DbUpdateException: An error occurred while updating the entries. See the inner exception for details.
 ---> Oracle.ManagedDataAccess.Client.OracleException (0x80004005): ORA-06550: line 13, column 14:
PL/SQL: ORA-00942: table or view does not exist
ORA-06550: line 13, column 1:
PL/SQL: SQL Statement ignored
   at OracleInternal.ServiceObjects.OracleConnectionImpl.VerifyExecution(Int32& cursorId, Boolean bThrowArrayBindRelatedErrors, SqlStatementType sqlStatementType, Int32 arrayBindCount, OracleException& exceptionForArrayBindDML, Boolean& hasMoreRowsInDB, Boolean bFirstIterationDone)
   at OracleInternal.ServiceObjects.OracleCommandImpl.ExecuteReader(String commandText, OracleParameterCollection paramColl, CommandType commandType, OracleConnectionImpl connectionImpl, OracleDataReaderImpl& rdrImpl, Int32 longFetchSize, Int64 clientInitialLOBFS, OracleDependencyImpl orclDependencyImpl, Int64[] scnForExecution, Int64[]& scnFromExecution, OracleParameterCollection& bindByPositionParamColl, Boolean& bBindParamPresent, Int64& internalInitialLOBFS, OracleException& exceptionForArrayBindDML, OracleConnection connection, OracleLogicalTransaction& oracleLogicalTransaction, IEnumerable`1 adrianParsedStmt, Boolean isDescribeOnly, Boolean isFromEF)
   at Oracle.ManagedDataAccess.Client.OracleCommand.ExecuteReader(Boolean requery, Boolean fillRequest, CommandBehavior behavior)
   at Oracle.ManagedDataAccess.Client.OracleCommand.ExecuteDbDataReader(CommandBehavior behavior)
   at System.Data.Common.DbCommand.ExecuteDbDataReaderAsync(CommandBehavior behavior, CancellationToken cancellationToken)
--- End of stack trace from previous location where exception was thrown ---
   at Oracle.EntityFrameworkCore.Storage.Internal.OracleRelationalCommandBuilderFactory.OracleRelationalCommandBuilder.OracleRelationalCommand.ExecuteAsync(IRelationalConnection connection, DbCommandMethod executeMethod, IReadOnlyDictionary`2 parameterValues, CancellationToken cancellationToken)
   at Microsoft.EntityFrameworkCore.Update.ReaderModificationCommandBatch.ExecuteAsync(IRelationalConnection connection, CancellationToken cancellationToken)
   --- End of inner exception stack trace ---
   at Microsoft.EntityFrameworkCore.Update.ReaderModificationCommandBatch.ExecuteAsync(IRelationalConnection connection, CancellationToken cancellationToken)
   at Microsoft.EntityFrameworkCore.Update.Internal.BatchExecutor.ExecuteAsync(DbContext _, ValueTuple`2 parameters, CancellationToken cancellationToken)
   at Oracle.EntityFrameworkCore.Storage.Internal.OracleExecutionStrategy.ExecuteAsync[TState,TResult](TState state, Func`4 operation, Func`4 verifySucceeded, CancellationToken cancellationToken)
   at Microsoft.EntityFrameworkCore.ChangeTracking.Internal.StateManager.SaveChangesAsync(IReadOnlyList`1 entriesToSave, CancellationToken cancellationToken)
   at Microsoft.EntityFrameworkCore.ChangeTracking.Internal.StateManager.SaveChangesAsync(Boolean acceptAllChangesOnSuccess, CancellationToken cancellationToken)
   at Microsoft.EntityFrameworkCore.DbContext.SaveChangesAsync(Boolean acceptAllChangesOnSuccess, CancellationToken cancellationToken)
   at Infrabel.ICT.Framework.Extended.EntityFramework.DbContextBase.SaveChangesAsync(Boolean acceptAllChangesOnSuccess, CancellationToken cancellationToken)
   at Infrabel.ICT.Framework.Extended.EntityFramework.DbRepository`1.CommitAsync(CancellationToken cancellationToken)
   at IpatIotListener.Infrastructure.Services.MqTTStageService.CreateAsync(Nullable`1 loadingTime, String topic, String message) in C:\Coding\a453-admora\api\Infrastructure\Services\MqTTStageService.cs:line 30
   at IpatIotListener.Web.Api.IpatSyncController.SyncIpatDatabase(Int64 activityLogId) in C:\Coding\a453-admora\api\Web\Api\IpatSyncController.cs:line 34
   at Microsoft.AspNetCore.Mvc.Infrastructure.ActionMethodExecutor.TaskOfIActionResultExecutor.Execute(IActionResultTypeMapper mapper, ObjectMethodExecutor executor, Object controller, Object[] arguments)
   at Microsoft.AspNetCore.Mvc.Infrastructure.ControllerActionInvoker.<InvokeActionMethodAsync>g__Awaited|12_0(ControllerActionInvoker invoker, ValueTask`1 actionResultValueTask)
   at Microsoft.AspNetCore.Mvc.Infrastructure.ControllerActionInvoker.<InvokeNextActionFilterAsync>g__Awaited|10_0(ControllerActionInvoker invoker, Task lastTask, State next, Scope scope, Object state, Boolean isCompleted)
   at Microsoft.AspNetCore.Mvc.Infrastructure.ControllerActionInvoker.Rethrow(ActionExecutedContextSealed context)
   at Microsoft.AspNetCore.Mvc.Infrastructure.ControllerActionInvoker.Next(State& next, Scope& scope, Object& state, Boolean& isCompleted)
   at Microsoft.AspNetCore.Mvc.Infrastructure.ControllerActionInvoker.InvokeInnerFilterAsync()
--- End of stack trace from previous location where exception was thrown ---
   at Microsoft.AspNetCore.Mvc.Infrastructure.ResourceInvoker.<InvokeNextExceptionFilterAsync>g__Awaited|25_0(ResourceInvoker invoker, Task lastTask, State next, Scope scope, Object state, Boolean isCompleted)
   at Microsoft.AspNetCore.Mvc.Infrastructure.ResourceInvoker.Rethrow(ExceptionContextSealed context)
   at Microsoft.AspNetCore.Mvc.Infrastructure.ResourceInvoker.Next(State& next, Scope& scope, Object& state, Boolean& isCompleted)
   at Microsoft.AspNetCore.Mvc.Infrastructure.ResourceInvoker.InvokeFilterPipelineAsync()
--- End of stack trace from previous location where exception was thrown ---
   at Microsoft.AspNetCore.Mvc.Infrastructure.ResourceInvoker.<InvokeAsync>g__Awaited|17_0(ResourceInvoker invoker, Task task, IDisposable scope)
   at Microsoft.AspNetCore.Routing.EndpointMiddleware.<Invoke>g__AwaitRequestTask|6_0(Endpoint endpoint, Task requestTask, ILogger logger)
   at Microsoft.AspNetCore.Localization.RequestLocalizationMiddleware.Invoke(HttpContext context)
   at Microsoft.AspNetCore.Authorization.AuthorizationMiddleware.Invoke(HttpContext context)
   at Infrabel.ICT.Framework.Extended.AspNetCore.Middleware.LoggingMiddleware.Invoke(HttpContext context, IEnvironmentInfoService environmentInfoService)
   at Swashbuckle.AspNetCore.SwaggerUI.SwaggerUIMiddleware.Invoke(HttpContext httpContext)
   at Swashbuckle.AspNetCore.Swagger.SwaggerMiddleware.Invoke(HttpContext httpContext, ISwaggerProvider swaggerProvider)
   at Microsoft.AspNetCore.Diagnostics.DeveloperExceptionPageMiddleware.Invoke(HttpContext context)
2020-03-05 16:58:42.245 +01:00 [Information] HTTP "PUT" "/IpatSync" responded 200 in 77297.0080 ms
