2019-12-19 15:37:43.780 +01:00 [Information] HTTP "GET" "/" responded 404 in 85.2884 ms
2019-12-19 15:37:44.279 +01:00 [Information] HTTP "GET" "/favicon.ico" responded 404 in 45.9755 ms
2019-12-19 15:39:27.969 +01:00 [Information] HTTP "OPTIONS" "/configurationItems" responded 204 in 2.8404 ms
2019-12-19 15:39:32.422 +01:00 [Information] HTTP "GET" "/configurationItems" responded 200 in 4446.8012 ms
2019-12-19 15:39:33.796 +01:00 [Information] HTTP "OPTIONS" "/fines" responded 204 in 0.3757 ms
2019-12-19 15:39:34.833 +01:00 [Information] HTTP "GET" "/fines" responded 200 in 1033.1109 ms
2019-12-19 15:39:37.671 +01:00 [Information] HTTP "OPTIONS" "/countries" responded 204 in 0.7736 ms
2019-12-19 15:39:37.679 +01:00 [Information] HTTP "OPTIONS" "/configurationItems" responded 204 in 0.4530 ms
2019-12-19 15:39:37.682 +01:00 [Information] HTTP "OPTIONS" "/configurationItems" responded 204 in 0.1984 ms
2019-12-19 15:39:37.682 +01:00 [Information] HTTP "OPTIONS" "/configurationItems" responded 204 in 0.0532 ms
2019-12-19 15:39:38.206 +01:00 [Information] HTTP "GET" "/configurationItems" responded 200 in 520.4022 ms
2019-12-19 15:39:38.206 +01:00 [Information] HTTP "GET" "/configurationItems" responded 200 in 519.8425 ms
2019-12-19 15:39:38.207 +01:00 [Information] HTTP "OPTIONS" "/documents/fine/13338" responded 204 in 0.0377 ms
2019-12-19 15:39:38.208 +01:00 [Information] HTTP "OPTIONS" "/fines/13338/activities" responded 204 in 0.1883 ms
2019-12-19 15:39:38.332 +01:00 [Information] HTTP "GET" "/countries" responded 200 in 651.6006 ms
2019-12-19 15:39:38.666 +01:00 [Information] HTTP "GET" "/configurationItems" responded 200 in 458.8090 ms
2019-12-19 15:39:38.681 +01:00 [Information] HTTP "OPTIONS" "/fines/13338" responded 204 in 0.1374 ms
2019-12-19 15:39:38.766 +01:00 [Information] HTTP "GET" "/documents/fine/13338" responded 200 in 518.6020 ms
2019-12-19 15:39:39.001 +01:00 [Information] HTTP "GET" "/fines/13338/activities" responded 200 in 746.5724 ms
2019-12-19 15:39:39.506 +01:00 [Information] HTTP "GET" "/fines/13338" responded 200 in 819.7989 ms
2019-12-19 15:41:21.734 +01:00 [Information] HTTP "OPTIONS" "/countries" responded 204 in 0.8918 ms
2019-12-19 15:41:21.736 +01:00 [Information] HTTP "OPTIONS" "/configurationItems" responded 204 in 0.1414 ms
2019-12-19 15:41:21.738 +01:00 [Information] HTTP "OPTIONS" "/configurationItems" responded 204 in 0.0455 ms
2019-12-19 15:41:21.743 +01:00 [Information] HTTP "OPTIONS" "/configurationItems" responded 204 in 0.0335 ms
2019-12-19 15:41:22.059 +01:00 [Information] HTTP "GET" "/countries" responded 200 in 316.9824 ms
2019-12-19 15:41:22.059 +01:00 [Information] HTTP "GET" "/configurationItems" responded 200 in 315.3821 ms
2019-12-19 15:41:22.059 +01:00 [Information] HTTP "OPTIONS" "/fines/13143/activities" responded 204 in 0.0302 ms
2019-12-19 15:41:22.096 +01:00 [Information] HTTP "GET" "/configurationItems" responded 200 in 353.6677 ms
2019-12-19 15:41:22.354 +01:00 [Information] HTTP "OPTIONS" "/documents/fine/13143" responded 204 in 0.2087 ms
2019-12-19 15:41:22.408 +01:00 [Information] HTTP "GET" "/configurationItems" responded 200 in 347.6789 ms
2019-12-19 15:41:22.412 +01:00 [Information] HTTP "OPTIONS" "/fines/13143/activities" responded 204 in 0.0398 ms
2019-12-19 15:41:22.680 +01:00 [Information] HTTP "GET" "/fines/13143/activities" responded 200 in 591.3592 ms
2019-12-19 15:41:22.875 +01:00 [Information] HTTP "OPTIONS" "/fines/13143" responded 204 in 0.0485 ms
2019-12-19 15:41:23.038 +01:00 [Information] HTTP "GET" "/documents/fine/13143" responded 200 in 655.9976 ms
2019-12-19 15:41:23.084 +01:00 [Information] HTTP "GET" "/fines/13143/activities" responded 200 in 608.8417 ms
2019-12-19 15:41:23.503 +01:00 [Information] HTTP "GET" "/fines/13143" responded 200 in 608.9541 ms
2019-12-19 15:41:23.915 +01:00 [Information] HTTP "OPTIONS" "/cities/22/1190" responded 204 in 0.4490 ms
2019-12-19 15:41:24.254 +01:00 [Information] HTTP "GET" "/cities/22/1190" responded 200 in 324.0183 ms
2019-12-19 15:41:26.713 +01:00 [Information] HTTP "OPTIONS" "/fines/13143" responded 204 in 0.3709 ms
2019-12-19 15:41:27.511 +01:00 [Information] HTTP "PUT" "/fines/13143" responded 200 in 794.8951 ms
2019-12-19 15:41:27.653 +01:00 [Information] HTTP "OPTIONS" "/fines/13143" responded 204 in 0.1535 ms
2019-12-19 15:41:27.653 +01:00 [Information] HTTP "OPTIONS" "/emailtemplates" responded 204 in 0.1324 ms
2019-12-19 15:41:28.143 +01:00 [Information] HTTP "GET" "/fines/13143" responded 200 in 484.3386 ms
2019-12-19 15:41:28.303 +01:00 [Information] HTTP "GET" "/emailtemplates" responded 200 in 641.2427 ms
2019-12-19 15:41:51.714 +01:00 [Information] HTTP "OPTIONS" "/emaillogs" responded 204 in 0.2201 ms
2019-12-19 15:41:52.093 +01:00 [Information] HTTP "POST" "/emaillogs" responded 200 in 362.8327 ms
2019-12-19 15:41:52.111 +01:00 [Information] HTTP "OPTIONS" "/emaillogs/send" responded 204 in 0.1317 ms
2019-12-19 15:41:53.998 +01:00 [Information] HTTP "POST" "/emaillogs/send" responded 200 in 1884.3368 ms
2019-12-19 15:43:22.869 +01:00 [Information] HTTP "GET" "/" responded 404 in 71.1131 ms
2019-12-19 15:43:23.053 +01:00 [Information] HTTP "GET" "/favicon.ico" responded 404 in 29.3843 ms
2019-12-19 15:43:48.951 +01:00 [Information] HTTP "OPTIONS" "/configurationItems" responded 204 in 3.0091 ms
2019-12-19 15:43:58.451 +01:00 [Information] HTTP "GET" "/configurationItems" responded 200 in 9495.6533 ms
2019-12-19 15:44:00.954 +01:00 [Information] HTTP "OPTIONS" "/fines" responded 204 in 0.4333 ms
2019-12-19 15:44:06.396 +01:00 [Information] HTTP "GET" "/fines" responded 200 in 5430.7460 ms
2019-12-19 15:44:12.193 +01:00 [Information] HTTP "OPTIONS" "/countries" responded 204 in 0.4703 ms
2019-12-19 15:44:12.198 +01:00 [Information] HTTP "OPTIONS" "/configurationItems" responded 204 in 0.3388 ms
2019-12-19 15:44:12.204 +01:00 [Information] HTTP "OPTIONS" "/configurationItems" responded 204 in 0.2668 ms
2019-12-19 15:44:12.209 +01:00 [Information] HTTP "OPTIONS" "/configurationItems" responded 204 in 0.2785 ms
2019-12-19 15:44:12.507 +01:00 [Information] HTTP "OPTIONS" "/fines/13143/activities" responded 204 in 2.6980 ms
2019-12-19 15:44:12.772 +01:00 [Information] HTTP "OPTIONS" "/documents/fine/13143" responded 204 in 0.1036 ms
2019-12-19 15:44:13.745 +01:00 [Information] HTTP "OPTIONS" "/fines/13143/activities" responded 204 in 0.0553 ms
2019-12-19 15:44:22.428 +01:00 [Information] HTTP "GET" "/configurationItems" responded 200 in 10213.3111 ms
2019-12-19 15:44:22.590 +01:00 [Information] HTTP "GET" "/configurationItems" responded 200 in 10372.4909 ms
2019-12-19 15:44:24.839 +01:00 [Information] HTTP "GET" "/configurationItems" responded 200 in 12619.8073 ms
2019-12-19 15:44:29.532 +01:00 [Information] HTTP "GET" "/countries" responded 200 in 17318.3931 ms
2019-12-19 15:44:29.621 +01:00 [Information] HTTP "OPTIONS" "/fines/13143" responded 204 in 1.9175 ms
2019-12-19 15:44:32.814 +01:00 [Information] HTTP "GET" "/documents/fine/13143" responded 200 in 20034.1552 ms
2019-12-19 15:44:39.129 +01:00 [Information] HTTP "GET" "/fines/13143/activities" responded 200 in 26610.0519 ms
2019-12-19 15:44:44.565 +01:00 [Information] HTTP "GET" "/fines/13143/activities" responded 200 in 29834.1114 ms
2019-12-19 15:44:47.670 +01:00 [Information] HTTP "GET" "/fines/13143" responded 200 in 18040.1673 ms
2019-12-19 15:44:48.725 +01:00 [Information] HTTP "OPTIONS" "/cities/22/1190" responded 204 in 0.1989 ms
2019-12-19 15:44:51.810 +01:00 [Information] HTTP "GET" "/cities/22/1190" responded 200 in 3081.4452 ms
2019-12-19 15:46:03.591 +01:00 [Information] HTTP "OPTIONS" "/fines/13143" responded 204 in 0.1733 ms
2019-12-19 15:46:08.485 +01:00 [Information] HTTP "PUT" "/fines/13143" responded 200 in 4868.6833 ms
2019-12-19 15:46:08.657 +01:00 [Information] HTTP "OPTIONS" "/fines/13143" responded 204 in 0.1048 ms
2019-12-19 15:46:08.663 +01:00 [Information] HTTP "OPTIONS" "/emailtemplates" responded 204 in 0.1142 ms
2019-12-19 15:46:17.085 +01:00 [Information] HTTP "GET" "/emailtemplates" responded 200 in 8413.1492 ms
2019-12-19 15:46:19.247 +01:00 [Information] HTTP "GET" "/fines/13143" responded 200 in 10586.2736 ms
2019-12-19 15:46:32.451 +01:00 [Information] HTTP "OPTIONS" "/emaillogs" responded 204 in 0.1500 ms
2019-12-19 15:46:35.523 +01:00 [Information] HTTP "POST" "/emaillogs" responded 200 in 3066.5043 ms
2019-12-19 15:46:35.548 +01:00 [Information] HTTP "OPTIONS" "/emaillogs/send" responded 204 in 0.2384 ms
2019-12-19 16:05:14.927 +01:00 [Information] HTTP "GET" "/" responded 404 in 44.8202 ms
2019-12-19 16:05:47.219 +01:00 [Information] HTTP "OPTIONS" "/configurationItems" responded 204 in 24.4256 ms
2019-12-19 16:06:04.501 +01:00 [Information] HTTP "GET" "/configurationItems" responded 200 in 17273.2855 ms
2019-12-19 16:06:09.408 +01:00 [Information] HTTP "OPTIONS" "/configurationItems" responded 204 in 0.6538 ms
2019-12-19 16:06:09.407 +01:00 [Information] HTTP "OPTIONS" "/countries" responded 204 in 2.2926 ms
2019-12-19 16:06:09.420 +01:00 [Information] HTTP "OPTIONS" "/configurationItems" responded 204 in 1.5476 ms
2019-12-19 16:06:09.421 +01:00 [Information] HTTP "OPTIONS" "/configurationItems" responded 204 in 0.0945 ms
2019-12-19 16:06:11.932 +01:00 [Information] HTTP "OPTIONS" "/fines/13143/activities" responded 204 in 0.0419 ms
2019-12-19 16:06:11.932 +01:00 [Information] HTTP "OPTIONS" "/documents/fine/13143" responded 204 in 0.0416 ms
2019-12-19 16:06:11.940 +01:00 [Information] HTTP "OPTIONS" "/fines/13143/activities" responded 204 in 0.0476 ms
2019-12-19 16:06:19.517 +01:00 [Information] HTTP "GET" "/configurationItems" responded 200 in 10096.7855 ms
2019-12-19 16:06:21.668 +01:00 [Information] HTTP "GET" "/countries" responded 200 in 12246.7082 ms
2019-12-19 16:06:22.254 +01:00 [Information] HTTP "GET" "/configurationItems" responded 200 in 12802.6134 ms
2019-12-19 16:06:25.744 +01:00 [Information] HTTP "GET" "/configurationItems" responded 200 in 14813.9739 ms
2019-12-19 16:06:25.793 +01:00 [Information] HTTP "OPTIONS" "/fines/13143" responded 204 in 0.1563 ms
2019-12-19 16:06:33.075 +01:00 [Information] HTTP "GET" "/documents/fine/13143" responded 200 in 20132.0943 ms
2019-12-19 16:06:33.787 +01:00 [Information] HTTP "GET" "/fines/13143/activities" responded 200 in 21843.1824 ms
2019-12-19 16:06:39.301 +01:00 [Information] HTTP "GET" "/fines/13143/activities" responded 200 in 25360.3219 ms
2019-12-19 16:06:47.522 +01:00 [Information] HTTP "GET" "/fines/13143" responded 200 in 21722.9794 ms
2019-12-19 16:06:47.860 +01:00 [Information] HTTP "OPTIONS" "/cities/22/1190" responded 204 in 0.2291 ms
2019-12-19 16:06:50.736 +01:00 [Information] HTTP "GET" "/cities/22/1190" responded 200 in 2872.6654 ms
2019-12-19 16:06:52.721 +01:00 [Information] HTTP "OPTIONS" "/fines/13143" responded 204 in 0.2765 ms
2019-12-19 16:06:58.709 +01:00 [Information] HTTP "PUT" "/fines/13143" responded 200 in 5956.6321 ms
2019-12-19 16:06:58.949 +01:00 [Information] HTTP "OPTIONS" "/fines/13143" responded 204 in 0.1390 ms
2019-12-19 16:06:58.950 +01:00 [Information] HTTP "OPTIONS" "/emailtemplates" responded 204 in 0.1647 ms
2019-12-19 16:07:08.816 +01:00 [Information] HTTP "GET" "/emailtemplates" responded 200 in 9847.2813 ms
2019-12-19 16:07:11.137 +01:00 [Information] HTTP "GET" "/fines/13143" responded 200 in 12171.4248 ms
2019-12-19 16:07:23.936 +01:00 [Information] HTTP "OPTIONS" "/emaillogs" responded 204 in 0.2065 ms
2019-12-19 16:07:27.082 +01:00 [Information] HTTP "POST" "/emaillogs" responded 200 in 3139.0690 ms
2019-12-19 16:07:27.098 +01:00 [Information] HTTP "OPTIONS" "/emaillogs/send" responded 204 in 0.1060 ms
2019-12-19 16:09:15.521 +01:00 [Information] HTTP "POST" "/emaillogs/send" responded 500 in 108420.7361 ms
System.ServiceModel.FaultException: An error has occurred while consuming this service. Please contact your administrator for more information. Error ID: 5185b2c2-8611-4844-a516-037c3d8a6d72
   at System.ServiceModel.Channels.ServiceChannel.HandleReply(ProxyOperationRuntime operation, ProxyRpc& rpc)
   at System.ServiceModel.Channels.ServiceChannel.EndCall(String action, Object[] outs, IAsyncResult result)
   at System.ServiceModel.Channels.ServiceChannelProxy.TaskCreator.<>c__DisplayClass2_0.<CreateTask>b__0(IAsyncResult asyncResult)
--- End of stack trace from previous location where exception was thrown ---
   at Infrabel.ICT.Framework.CorporateService.Mail.MailService.SendMailAsync(String subject, String body, String[] toRecipients, String[] ccRecipients, Attachment[] attachments)
   at FleetManager.Infrastructure.Services.EmailLogService.SendEmail(Int64 id, Nullable`1 templateId, CancellationToken cancellationToken) in C:\Coding\a245-fleetmanager\api\Infrastructure\Services\EmailLogService.cs:line 73
   at FleetManager.Infrastructure.Services.EmailLogService.SendEmail(Int64 id, Nullable`1 templateId, CancellationToken cancellationToken) in C:\Coding\a245-fleetmanager\api\Infrastructure\Services\EmailLogService.cs:line 93
   at FleetManager.Web.Api.EmailLogsController.SendEmail(SendEmailRequest request) in C:\Coding\a245-fleetmanager\api\Web\Api\EmailLogsController.cs:line 39
   at Microsoft.AspNetCore.Mvc.Infrastructure.ActionMethodExecutor.TaskOfIActionResultExecutor.Execute(IActionResultTypeMapper mapper, ObjectMethodExecutor executor, Object controller, Object[] arguments)
   at Microsoft.AspNetCore.Mvc.Infrastructure.ControllerActionInvoker.<InvokeActionMethodAsync>g__Awaited|12_0(ControllerActionInvoker invoker, ValueTask`1 actionResultValueTask)
   at Microsoft.AspNetCore.Mvc.Infrastructure.ControllerActionInvoker.<InvokeNextActionFilterAsync>g__Awaited|10_0(ControllerActionInvoker invoker, Task lastTask, State next, Scope scope, Object state, Boolean isCompleted)
   at Microsoft.AspNetCore.Mvc.Infrastructure.ControllerActionInvoker.Rethrow(ActionExecutedContextSealed context)
   at Microsoft.AspNetCore.Mvc.Infrastructure.ControllerActionInvoker.Next(State& next, Scope& scope, Object& state, Boolean& isCompleted)
   at Microsoft.AspNetCore.Mvc.Infrastructure.ControllerActionInvoker.<InvokeInnerFilterAsync>g__Awaited|13_0(ControllerActionInvoker invoker, Task lastTask, State next, Scope scope, Object state, Boolean isCompleted)
   at Microsoft.AspNetCore.Mvc.Infrastructure.ResourceInvoker.<InvokeNextExceptionFilterAsync>g__Awaited|25_0(ResourceInvoker invoker, Task lastTask, State next, Scope scope, Object state, Boolean isCompleted)
   at Microsoft.AspNetCore.Mvc.Infrastructure.ResourceInvoker.Rethrow(ExceptionContextSealed context)
   at Microsoft.AspNetCore.Mvc.Infrastructure.ResourceInvoker.Next(State& next, Scope& scope, Object& state, Boolean& isCompleted)
   at Microsoft.AspNetCore.Mvc.Infrastructure.ResourceInvoker.<InvokeFilterPipelineAsync>g__Awaited|19_0(ResourceInvoker invoker, Task lastTask, State next, Scope scope, Object state, Boolean isCompleted)
   at Microsoft.AspNetCore.Mvc.Infrastructure.ResourceInvoker.<InvokeAsync>g__Awaited|17_0(ResourceInvoker invoker, Task task, IDisposable scope)
   at Microsoft.AspNetCore.Routing.EndpointMiddleware.<Invoke>g__AwaitRequestTask|6_0(Endpoint endpoint, Task requestTask, ILogger logger)
   at Microsoft.AspNetCore.Localization.RequestLocalizationMiddleware.Invoke(HttpContext context)
   at Microsoft.AspNetCore.Authorization.AuthorizationMiddleware.Invoke(HttpContext context)
   at Infrabel.ICT.Framework.Extended.AspNetCore.Middleware.LoggingMiddleware.Invoke(HttpContext context, IEnvironmentInfoService environmentInfoService)
2019-12-19 16:09:17.486 +01:00 [Error] An unhandled exception has occurred while executing the request.
System.ServiceModel.FaultException: An error has occurred while consuming this service. Please contact your administrator for more information. Error ID: 5185b2c2-8611-4844-a516-037c3d8a6d72
   at System.ServiceModel.Channels.ServiceChannel.HandleReply(ProxyOperationRuntime operation, ProxyRpc& rpc)
   at System.ServiceModel.Channels.ServiceChannel.EndCall(String action, Object[] outs, IAsyncResult result)
   at System.ServiceModel.Channels.ServiceChannelProxy.TaskCreator.<>c__DisplayClass2_0.<CreateTask>b__0(IAsyncResult asyncResult)
--- End of stack trace from previous location where exception was thrown ---
   at Infrabel.ICT.Framework.CorporateService.Mail.MailService.SendMailAsync(String subject, String body, String[] toRecipients, String[] ccRecipients, Attachment[] attachments)
   at FleetManager.Infrastructure.Services.EmailLogService.SendEmail(Int64 id, Nullable`1 templateId, CancellationToken cancellationToken) in C:\Coding\a245-fleetmanager\api\Infrastructure\Services\EmailLogService.cs:line 73
   at FleetManager.Infrastructure.Services.EmailLogService.SendEmail(Int64 id, Nullable`1 templateId, CancellationToken cancellationToken) in C:\Coding\a245-fleetmanager\api\Infrastructure\Services\EmailLogService.cs:line 93
   at FleetManager.Web.Api.EmailLogsController.SendEmail(SendEmailRequest request) in C:\Coding\a245-fleetmanager\api\Web\Api\EmailLogsController.cs:line 39
   at Microsoft.AspNetCore.Mvc.Infrastructure.ActionMethodExecutor.TaskOfIActionResultExecutor.Execute(IActionResultTypeMapper mapper, ObjectMethodExecutor executor, Object controller, Object[] arguments)
   at Microsoft.AspNetCore.Mvc.Infrastructure.ControllerActionInvoker.<InvokeActionMethodAsync>g__Awaited|12_0(ControllerActionInvoker invoker, ValueTask`1 actionResultValueTask)
   at Microsoft.AspNetCore.Mvc.Infrastructure.ControllerActionInvoker.<InvokeNextActionFilterAsync>g__Awaited|10_0(ControllerActionInvoker invoker, Task lastTask, State next, Scope scope, Object state, Boolean isCompleted)
   at Microsoft.AspNetCore.Mvc.Infrastructure.ControllerActionInvoker.Rethrow(ActionExecutedContextSealed context)
   at Microsoft.AspNetCore.Mvc.Infrastructure.ControllerActionInvoker.Next(State& next, Scope& scope, Object& state, Boolean& isCompleted)
   at Microsoft.AspNetCore.Mvc.Infrastructure.ControllerActionInvoker.<InvokeInnerFilterAsync>g__Awaited|13_0(ControllerActionInvoker invoker, Task lastTask, State next, Scope scope, Object state, Boolean isCompleted)
   at Microsoft.AspNetCore.Mvc.Infrastructure.ResourceInvoker.<InvokeNextExceptionFilterAsync>g__Awaited|25_0(ResourceInvoker invoker, Task lastTask, State next, Scope scope, Object state, Boolean isCompleted)
   at Microsoft.AspNetCore.Mvc.Infrastructure.ResourceInvoker.Rethrow(ExceptionContextSealed context)
   at Microsoft.AspNetCore.Mvc.Infrastructure.ResourceInvoker.Next(State& next, Scope& scope, Object& state, Boolean& isCompleted)
   at Microsoft.AspNetCore.Mvc.Infrastructure.ResourceInvoker.<InvokeFilterPipelineAsync>g__Awaited|19_0(ResourceInvoker invoker, Task lastTask, State next, Scope scope, Object state, Boolean isCompleted)
   at Microsoft.AspNetCore.Mvc.Infrastructure.ResourceInvoker.<InvokeAsync>g__Awaited|17_0(ResourceInvoker invoker, Task task, IDisposable scope)
   at Microsoft.AspNetCore.Routing.EndpointMiddleware.<Invoke>g__AwaitRequestTask|6_0(Endpoint endpoint, Task requestTask, ILogger logger)
   at Microsoft.AspNetCore.Localization.RequestLocalizationMiddleware.Invoke(HttpContext context)
   at Microsoft.AspNetCore.Authorization.AuthorizationMiddleware.Invoke(HttpContext context)
   at Infrabel.ICT.Framework.Extended.AspNetCore.Middleware.LoggingMiddleware.Invoke(HttpContext context, IEnvironmentInfoService environmentInfoService)
   at Microsoft.AspNetCore.Diagnostics.DeveloperExceptionPageMiddleware.Invoke(HttpContext context)
2019-12-19 17:22:06.151 +01:00 [Information] HTTP "OPTIONS" "/countries" responded 204 in 2.0132 ms
2019-12-19 17:22:06.175 +01:00 [Information] HTTP "OPTIONS" "/configurationItems" responded 204 in 0.2425 ms
2019-12-19 17:22:06.176 +01:00 [Information] HTTP "OPTIONS" "/configurationItems" responded 204 in 0.3648 ms
2019-12-19 17:22:06.178 +01:00 [Information] HTTP "OPTIONS" "/configurationItems" responded 204 in 0.0837 ms
2019-12-19 17:22:06.178 +01:00 [Information] HTTP "OPTIONS" "/fines/13338/activities" responded 204 in 0.1029 ms
2019-12-19 17:22:06.577 +01:00 [Information] HTTP "OPTIONS" "/fines/13143" responded 204 in 0.2687 ms
2019-12-19 17:22:06.745 +01:00 [Information] HTTP "OPTIONS" "/emailtemplates" responded 204 in 0.0710 ms
2019-12-19 17:22:06.856 +01:00 [Information] HTTP "OPTIONS" "/documents/fine/13338" responded 204 in 0.0374 ms
2019-12-19 17:22:06.856 +01:00 [Information] HTTP "OPTIONS" "/fines/13338/activities" responded 204 in 0.0343 ms
2019-12-19 17:22:23.165 +01:00 [Information] HTTP "GET" "/configurationItems" responded 200 in 16877.5256 ms
2019-12-19 17:22:23.165 +01:00 [Information] HTTP "GET" "/configurationItems" responded 200 in 16877.5255 ms
2019-12-19 17:22:31.505 +01:00 [Information] HTTP "GET" "/countries" responded 200 in 25307.4061 ms
2019-12-19 17:22:37.725 +01:00 [Information] HTTP "GET" "/configurationItems" responded 200 in 31149.5886 ms
2019-12-19 17:22:39.024 +01:00 [Information] HTTP "OPTIONS" "/fines/13338" responded 204 in 0.8531 ms
2019-12-19 17:22:39.027 +01:00 [Information] HTTP "OPTIONS" "/fines/13143" responded 204 in 0.0643 ms
2019-12-19 17:22:39.066 +01:00 [Information] HTTP "OPTIONS" "/emailtemplates" responded 204 in 0.0578 ms
2019-12-19 17:22:49.857 +01:00 [Information] HTTP "GET" "/emailtemplates" responded 200 in 10508.6093 ms
2019-12-19 17:22:51.305 +01:00 [Information] HTTP "GET" "/fines/13143" responded 200 in 44560.2559 ms
2019-12-19 17:22:55.657 +01:00 [Information] HTTP "GET" "/fines/13338" responded 200 in 16587.7309 ms
2019-12-19 17:23:00.561 +01:00 [Information] HTTP "GET" "/fines/13338/activities" responded 200 in 53984.9967 ms
2019-12-19 17:23:07.261 +01:00 [Information] HTTP "GET" "/emailtemplates" responded 200 in 60403.8433 ms
2019-12-19 17:23:07.952 +01:00 [Information] HTTP "GET" "/fines/13143" responded 200 in 28775.2905 ms
2019-12-19 17:23:11.117 +01:00 [Information] HTTP "GET" "/documents/fine/13338" responded 200 in 64097.8178 ms
2019-12-19 17:23:13.106 +01:00 [Information] HTTP "GET" "/fines/13338/activities" responded 200 in 56916.5447 ms
2019-12-19 17:23:32.581 +01:00 [Information] HTTP "OPTIONS" "/countries" responded 204 in 0.0452 ms
2019-12-19 17:23:32.584 +01:00 [Information] HTTP "OPTIONS" "/configurationItems" responded 204 in 0.0384 ms
2019-12-19 17:23:32.587 +01:00 [Information] HTTP "OPTIONS" "/configurationItems" responded 204 in 0.0277 ms
2019-12-19 17:23:32.592 +01:00 [Information] HTTP "OPTIONS" "/configurationItems" responded 204 in 0.0391 ms
2019-12-19 17:23:34.636 +01:00 [Information] HTTP "OPTIONS" "/fines/13338/activities" responded 204 in 0.0540 ms
2019-12-19 17:23:34.642 +01:00 [Information] HTTP "OPTIONS" "/documents/fine/13338" responded 204 in 0.0381 ms
2019-12-19 17:23:34.644 +01:00 [Information] HTTP "OPTIONS" "/fines/13338/activities" responded 204 in 0.0360 ms
2019-12-19 17:23:43.480 +01:00 [Information] HTTP "GET" "/configurationItems" responded 200 in 10813.2600 ms
2019-12-19 17:23:45.586 +01:00 [Information] HTTP "GET" "/configurationItems" responded 200 in 12993.8399 ms
2019-12-19 17:23:47.787 +01:00 [Information] HTTP "GET" "/fines/13338/activities" responded 200 in 13138.2401 ms
2019-12-19 17:23:49.945 +01:00 [Information] HTTP "GET" "/countries" responded 200 in 17358.0525 ms
2019-12-19 17:23:54.602 +01:00 [Information] HTTP "GET" "/configurationItems" responded 200 in 22010.7369 ms
2019-12-19 17:23:54.642 +01:00 [Information] HTTP "OPTIONS" "/fines/13338" responded 204 in 0.0468 ms
2019-12-19 17:26:03.148 +01:00 [Information] HTTP "GET" "/" responded 404 in 40.8003 ms
2019-12-19 17:33:57.068 +01:00 [Information] HTTP "OPTIONS" "/fines/13143" responded 204 in 25.1617 ms
2019-12-19 17:33:57.074 +01:00 [Information] HTTP "OPTIONS" "/emailtemplates" responded 204 in 0.1321 ms
2019-12-19 17:34:07.322 +01:00 [Information] HTTP "GET" "/fines/13143" responded 200 in 10014.3122 ms
2019-12-19 17:34:07.349 +01:00 [Information] HTTP "GET" "/emailtemplates" responded 200 in 9813.2161 ms
2019-12-19 17:34:13.052 +01:00 [Information] HTTP "OPTIONS" "/fines/13143" responded 204 in 0.4604 ms
2019-12-19 17:34:13.054 +01:00 [Information] HTTP "OPTIONS" "/emailtemplates" responded 204 in 0.2982 ms
2019-12-19 17:34:13.764 +01:00 [Information] HTTP "GET" "/emailtemplates" responded 200 in 700.6009 ms
2019-12-19 17:34:13.973 +01:00 [Information] HTTP "GET" "/fines/13143" responded 200 in 911.9424 ms
2019-12-19 17:34:14.199 +01:00 [Information] HTTP "OPTIONS" "/configurationItems" responded 204 in 0.3245 ms
2019-12-19 17:34:14.728 +01:00 [Information] HTTP "GET" "/configurationItems" responded 200 in 524.5337 ms
2019-12-19 17:34:23.569 +01:00 [Information] HTTP "OPTIONS" "/fines/13143" responded 204 in 0.2884 ms
2019-12-19 17:34:23.572 +01:00 [Information] HTTP "OPTIONS" "/emailtemplates" responded 204 in 0.0546 ms
2019-12-19 17:34:24.079 +01:00 [Information] HTTP "GET" "/emailtemplates" responded 200 in 504.6581 ms
2019-12-19 17:34:24.154 +01:00 [Information] HTTP "GET" "/fines/13143" responded 200 in 581.6784 ms
2019-12-19 17:34:40.791 +01:00 [Information] HTTP "OPTIONS" "/configurationItems" responded 204 in 0.2813 ms
2019-12-19 17:34:41.339 +01:00 [Information] HTTP "GET" "/configurationItems" responded 200 in 520.2062 ms
2019-12-19 17:34:41.402 +01:00 [Information] HTTP "OPTIONS" "/fines/13143" responded 204 in 0.1264 ms
2019-12-19 17:34:41.406 +01:00 [Information] HTTP "OPTIONS" "/emailtemplates" responded 204 in 0.0482 ms
2019-12-19 17:34:41.978 +01:00 [Information] HTTP "GET" "/emailtemplates" responded 200 in 561.2341 ms
2019-12-19 17:34:42.115 +01:00 [Information] HTTP "GET" "/fines/13143" responded 200 in 705.6353 ms
2019-12-19 17:35:21.367 +01:00 [Information] HTTP "OPTIONS" "/configurationItems" responded 204 in 0.2420 ms
2019-12-19 17:35:21.895 +01:00 [Information] HTTP "GET" "/configurationItems" responded 200 in 476.4022 ms
2019-12-19 17:35:21.927 +01:00 [Information] HTTP "OPTIONS" "/fines/13143" responded 204 in 0.1077 ms
2019-12-19 17:35:21.948 +01:00 [Information] HTTP "OPTIONS" "/emailtemplates" responded 204 in 0.0441 ms
2019-12-19 17:35:22.817 +01:00 [Information] HTTP "GET" "/fines/13143" responded 200 in 829.7618 ms
2019-12-19 17:35:23.614 +01:00 [Information] HTTP "GET" "/emailtemplates" responded 200 in 1582.2806 ms
2019-12-19 17:35:32.124 +01:00 [Information] HTTP "OPTIONS" "/configurationItems" responded 204 in 0.2272 ms
2019-12-19 17:35:32.593 +01:00 [Information] HTTP "GET" "/configurationItems" responded 200 in 465.2131 ms
2019-12-19 17:35:32.683 +01:00 [Information] HTTP "OPTIONS" "/fines/13143" responded 204 in 0.1237 ms
2019-12-19 17:35:32.686 +01:00 [Information] HTTP "OPTIONS" "/emailtemplates" responded 204 in 0.0470 ms
2019-12-19 17:35:33.281 +01:00 [Information] HTTP "GET" "/emailtemplates" responded 200 in 590.2310 ms
2019-12-19 17:35:33.383 +01:00 [Information] HTTP "GET" "/fines/13143" responded 200 in 694.1910 ms
2019-12-19 17:36:23.636 +01:00 [Information] HTTP "OPTIONS" "/configurationItems" responded 204 in 0.2822 ms
2019-12-19 17:36:23.638 +01:00 [Information] HTTP "OPTIONS" "/emailtemplates" responded 204 in 0.1201 ms
2019-12-19 17:36:23.666 +01:00 [Information] HTTP "OPTIONS" "/fines/13143" responded 204 in 0.0345 ms
2019-12-19 17:36:24.348 +01:00 [Information] HTTP "GET" "/configurationItems" responded 200 in 645.1600 ms
2019-12-19 17:36:24.683 +01:00 [Information] HTTP "GET" "/fines/13143" responded 200 in 908.7965 ms
2019-12-19 17:36:25.118 +01:00 [Information] HTTP "GET" "/emailtemplates" responded 200 in 1365.8745 ms
2019-12-19 17:36:44.374 +01:00 [Information] HTTP "OPTIONS" "/configurationItems" responded 204 in 0.0965 ms
2019-12-19 17:36:44.425 +01:00 [Information] HTTP "OPTIONS" "/fines/13143" responded 204 in 0.1043 ms
2019-12-19 17:36:44.479 +01:00 [Information] HTTP "OPTIONS" "/emailtemplates" responded 204 in 0.0980 ms
2019-12-19 17:36:45.088 +01:00 [Information] HTTP "GET" "/configurationItems" responded 200 in 590.4099 ms
2019-12-19 17:36:45.348 +01:00 [Information] HTTP "GET" "/fines/13143" responded 200 in 793.8714 ms
2019-12-19 17:36:45.428 +01:00 [Information] HTTP "GET" "/emailtemplates" responded 200 in 740.7272 ms
2019-12-19 17:37:07.063 +01:00 [Information] HTTP "OPTIONS" "/configurationItems" responded 204 in 0.0898 ms
2019-12-19 17:37:07.298 +01:00 [Information] HTTP "GET" "/configurationItems" responded 200 in 232.8010 ms
2019-12-19 17:39:01.535 +01:00 [Information] HTTP "GET" "/" responded 404 in 74.4929 ms
2019-12-19 17:41:37.708 +01:00 [Information] HTTP "OPTIONS" "/employees" responded 204 in 25.9679 ms
2019-12-19 17:41:46.512 +01:00 [Information] HTTP "GET" "/employees" responded 200 in 8787.8313 ms
2019-12-19 17:42:02.466 +01:00 [Information] HTTP "OPTIONS" "/employees" responded 204 in 0.4846 ms
2019-12-19 17:42:05.836 +01:00 [Information] HTTP "GET" "/employees" responded 200 in 3365.6196 ms
2019-12-19 17:42:09.338 +01:00 [Information] HTTP "OPTIONS" "/fines" responded 204 in 0.3845 ms
2019-12-19 17:42:14.541 +01:00 [Information] HTTP "GET" "/fines" responded 200 in 5198.1702 ms
2019-12-19 17:42:52.415 +01:00 [Information] HTTP "OPTIONS" "/configurationItems" responded 204 in 0.2941 ms
2019-12-19 17:42:52.715 +01:00 [Information] HTTP "OPTIONS" "/fines/13143" responded 204 in 1.4173 ms
2019-12-19 17:42:52.758 +01:00 [Information] HTTP "OPTIONS" "/emailtemplates" responded 204 in 0.0447 ms
2019-12-19 17:43:11.487 +01:00 [Information] HTTP "OPTIONS" "/configurationItems" responded 204 in 0.2474 ms
2019-12-19 17:43:16.518 +01:00 [Information] HTTP "OPTIONS" "/fines/13143" responded 204 in 0.1799 ms
2019-12-19 17:43:16.526 +01:00 [Information] HTTP "OPTIONS" "/emailtemplates" responded 204 in 0.0473 ms
2019-12-19 17:43:20.647 +01:00 [Information] HTTP "GET" "/emailtemplates" responded 200 in 27758.7081 ms
2019-12-19 17:43:24.791 +01:00 [Information] HTTP "GET" "/configurationItems" responded 200 in 13234.5129 ms
2019-12-19 17:43:26.513 +01:00 [Information] HTTP "GET" "/configurationItems" responded 200 in 34081.5934 ms
2019-12-19 17:43:32.243 +01:00 [Information] HTTP "GET" "/fines/13143" responded 200 in 39381.2956 ms
2019-12-19 17:43:36.956 +01:00 [Information] HTTP "GET" "/emailtemplates" responded 200 in 20419.1759 ms
2019-12-19 17:43:51.509 +01:00 [Information] HTTP "GET" "/fines/13143" responded 200 in 31470.6742 ms
2019-12-19 17:43:52.950 +01:00 [Information] HTTP "OPTIONS" "/configurationItems" responded 204 in 0.1993 ms
2019-12-19 17:43:53.239 +01:00 [Information] HTTP "OPTIONS" "/emailtemplates" responded 204 in 0.1729 ms
2019-12-19 17:43:53.243 +01:00 [Information] HTTP "OPTIONS" "/fines/13143" responded 204 in 2.5012 ms
2019-12-19 17:44:03.161 +01:00 [Information] HTTP "GET" "/configurationItems" responded 200 in 10163.7302 ms
2019-12-19 17:44:07.801 +01:00 [Information] HTTP "GET" "/emailtemplates" responded 200 in 14287.9631 ms
2019-12-19 17:44:09.008 +01:00 [Information] HTTP "GET" "/fines/13143" responded 200 in 15494.0176 ms
