2019-12-10 10:50:35.353 +01:00 [Information] HTTP "GET" "/" responded 404 in 65.0437 ms
2019-12-10 10:50:35.601 +01:00 [Information] HTTP "GET" "/favicon.ico" responded 404 in 37.6757 ms
2019-12-10 11:01:38.978 +01:00 [Information] HTTP "GET" "/" responded 404 in 33.3464 ms
2019-12-10 11:02:01.669 +01:00 [Information] HTTP "OPTIONS" "/configurationItems" responded 204 in 20.2923 ms
2019-12-10 11:02:06.521 +01:00 [Information] HTTP "GET" "/configurationItems" responded 200 in 4847.5409 ms
2019-12-10 11:02:12.207 +01:00 [Information] HTTP "OPTIONS" "/configurationItems" responded 204 in 0.5878 ms
2019-12-10 11:02:12.208 +01:00 [Information] HTTP "OPTIONS" "/configurationItems" responded 204 in 0.5428 ms
2019-12-10 11:02:12.211 +01:00 [Information] HTTP "OPTIONS" "/countries" responded 204 in 0.3867 ms
2019-12-10 11:02:12.735 +01:00 [Information] HTTP "GET" "/configurationItems" responded 200 in 517.8649 ms
2019-12-10 11:02:12.735 +01:00 [Information] HTTP "GET" "/configurationItems" responded 200 in 516.3469 ms
2019-12-10 11:02:12.867 +01:00 [Information] HTTP "GET" "/countries" responded 200 in 648.8755 ms
2019-12-10 11:10:53.555 +01:00 [Information] HTTP "OPTIONS" "/configurationItems" responded 204 in 0.4534 ms
2019-12-10 11:10:53.555 +01:00 [Information] HTTP "OPTIONS" "/countries" responded 204 in 0.0703 ms
2019-12-10 11:10:53.556 +01:00 [Information] HTTP "OPTIONS" "/configurationItems" responded 204 in 0.0677 ms
2019-12-10 11:10:54.000 +01:00 [Information] HTTP "GET" "/configurationItems" responded 200 in 440.3368 ms
2019-12-10 11:10:54.000 +01:00 [Information] HTTP "GET" "/configurationItems" responded 200 in 440.2935 ms
2019-12-10 11:10:54.003 +01:00 [Information] HTTP "GET" "/countries" responded 200 in 443.1566 ms
2019-12-10 11:21:56.665 +01:00 [Information] HTTP "OPTIONS" "/configurationItems" responded 204 in 0.3587 ms
2019-12-10 11:21:56.665 +01:00 [Information] HTTP "OPTIONS" "/configurationItems" responded 204 in 0.9395 ms
2019-12-10 11:21:56.671 +01:00 [Information] HTTP "OPTIONS" "/countries" responded 204 in 0.2718 ms
2019-12-10 11:21:57.286 +01:00 [Information] HTTP "GET" "/configurationItems" responded 200 in 529.2372 ms
2019-12-10 11:21:57.288 +01:00 [Information] HTTP "GET" "/configurationItems" responded 200 in 612.8073 ms
2019-12-10 11:21:57.296 +01:00 [Information] HTTP "GET" "/countries" responded 200 in 582.9842 ms
2019-12-10 11:25:45.978 +01:00 [Information] HTTP "OPTIONS" "/configurationItems" responded 204 in 0.2915 ms
2019-12-10 11:25:45.982 +01:00 [Information] HTTP "OPTIONS" "/configurationItems" responded 204 in 0.2363 ms
2019-12-10 11:25:46.008 +01:00 [Information] HTTP "OPTIONS" "/countries" responded 204 in 0.0561 ms
2019-12-10 11:25:46.436 +01:00 [Information] HTTP "GET" "/configurationItems" responded 200 in 449.1038 ms
2019-12-10 11:25:46.445 +01:00 [Information] HTTP "GET" "/configurationItems" responded 200 in 452.0033 ms
2019-12-10 11:25:46.466 +01:00 [Information] HTTP "GET" "/countries" responded 200 in 443.4922 ms
2019-12-10 11:31:22.789 +01:00 [Information] HTTP "OPTIONS" "/configurationItems" responded 204 in 0.2817 ms
2019-12-10 11:31:22.789 +01:00 [Information] HTTP "OPTIONS" "/configurationItems" responded 204 in 0.2842 ms
2019-12-10 11:31:22.790 +01:00 [Information] HTTP "OPTIONS" "/countries" responded 204 in 0.1440 ms
2019-12-10 11:31:23.311 +01:00 [Information] HTTP "GET" "/countries" responded 200 in 493.5473 ms
2019-12-10 11:31:23.322 +01:00 [Information] HTTP "GET" "/configurationItems" responded 200 in 468.0101 ms
2019-12-10 11:31:23.323 +01:00 [Information] HTTP "GET" "/configurationItems" responded 200 in 528.6015 ms
2019-12-10 11:32:56.737 +01:00 [Information] HTTP "OPTIONS" "/configurationItems" responded 204 in 0.2225 ms
2019-12-10 11:32:56.740 +01:00 [Information] HTTP "OPTIONS" "/configurationItems" responded 204 in 0.0913 ms
2019-12-10 11:32:56.757 +01:00 [Information] HTTP "OPTIONS" "/countries" responded 204 in 0.0916 ms
2019-12-10 11:32:56.996 +01:00 [Information] HTTP "GET" "/countries" responded 200 in 230.4865 ms
2019-12-10 11:32:57.004 +01:00 [Information] HTTP "GET" "/configurationItems" responded 200 in 260.9477 ms
2019-12-10 11:32:57.004 +01:00 [Information] HTTP "GET" "/configurationItems" responded 200 in 240.6956 ms
2019-12-10 11:38:31.044 +01:00 [Information] HTTP "OPTIONS" "/configurationItems" responded 204 in 0.1825 ms
2019-12-10 11:38:31.047 +01:00 [Information] HTTP "OPTIONS" "/configurationItems" responded 204 in 0.0755 ms
2019-12-10 11:38:31.067 +01:00 [Information] HTTP "OPTIONS" "/countries" responded 204 in 0.0965 ms
2019-12-10 11:38:31.542 +01:00 [Information] HTTP "GET" "/configurationItems" responded 200 in 422.6282 ms
2019-12-10 11:38:31.550 +01:00 [Information] HTTP "GET" "/configurationItems" responded 200 in 433.9099 ms
2019-12-10 11:38:31.639 +01:00 [Information] HTTP "GET" "/countries" responded 200 in 516.3824 ms
2019-12-10 11:38:39.214 +01:00 [Information] HTTP "OPTIONS" "/configurationItems" responded 204 in 0.1225 ms
2019-12-10 11:38:39.224 +01:00 [Information] HTTP "OPTIONS" "/configurationItems" responded 204 in 0.0712 ms
2019-12-10 11:38:39.239 +01:00 [Information] HTTP "OPTIONS" "/countries" responded 204 in 0.0511 ms
2019-12-10 11:38:39.522 +01:00 [Information] HTTP "GET" "/configurationItems" responded 200 in 292.6366 ms
2019-12-10 11:38:39.522 +01:00 [Information] HTTP "GET" "/configurationItems" responded 200 in 305.0526 ms
2019-12-10 11:38:39.523 +01:00 [Information] HTTP "GET" "/countries" responded 200 in 273.0868 ms
2019-12-10 11:42:51.905 +01:00 [Information] HTTP "OPTIONS" "/configurationItems" responded 204 in 0.1883 ms
2019-12-10 11:42:51.906 +01:00 [Information] HTTP "OPTIONS" "/configurationItems" responded 204 in 0.0510 ms
2019-12-10 11:42:51.914 +01:00 [Information] HTTP "OPTIONS" "/countries" responded 204 in 0.0549 ms
2019-12-10 11:42:52.224 +01:00 [Information] HTTP "GET" "/configurationItems" responded 200 in 297.5496 ms
2019-12-10 11:42:52.224 +01:00 [Information] HTTP "GET" "/configurationItems" responded 200 in 307.0059 ms
2019-12-10 11:42:52.373 +01:00 [Information] HTTP "GET" "/countries" responded 200 in 350.8353 ms
2019-12-10 11:56:00.006 +01:00 [Information] HTTP "OPTIONS" "/countries" responded 204 in 0.1321 ms
2019-12-10 11:56:00.007 +01:00 [Information] HTTP "OPTIONS" "/configurationItems" responded 204 in 0.0373 ms
2019-12-10 11:56:00.007 +01:00 [Information] HTTP "OPTIONS" "/configurationItems" responded 204 in 0.0324 ms
2019-12-10 11:56:00.317 +01:00 [Information] HTTP "GET" "/countries" responded 200 in 278.3281 ms
2019-12-10 11:56:00.341 +01:00 [Information] HTTP "GET" "/configurationItems" responded 200 in 294.2833 ms
2019-12-10 11:56:00.421 +01:00 [Information] HTTP "GET" "/configurationItems" responded 200 in 358.5465 ms
2019-12-10 11:57:28.562 +01:00 [Information] HTTP "OPTIONS" "/configurationItems" responded 204 in 0.0450 ms
2019-12-10 11:57:28.578 +01:00 [Information] HTTP "OPTIONS" "/configurationItems" responded 204 in 0.0386 ms
2019-12-10 11:57:28.580 +01:00 [Information] HTTP "OPTIONS" "/countries" responded 204 in 0.0730 ms
2019-12-10 11:57:28.889 +01:00 [Information] HTTP "GET" "/configurationItems" responded 200 in 322.6848 ms
2019-12-10 11:57:28.889 +01:00 [Information] HTTP "GET" "/configurationItems" responded 200 in 303.5660 ms
2019-12-10 11:57:28.894 +01:00 [Information] HTTP "GET" "/countries" responded 200 in 294.9061 ms
2019-12-10 12:00:04.334 +01:00 [Information] HTTP "OPTIONS" "/configurationItems" responded 204 in 0.1389 ms
2019-12-10 12:00:04.335 +01:00 [Information] HTTP "OPTIONS" "/configurationItems" responded 204 in 0.0329 ms
2019-12-10 12:00:04.401 +01:00 [Information] HTTP "OPTIONS" "/countries" responded 204 in 0.0293 ms
2019-12-10 12:00:04.629 +01:00 [Information] HTTP "GET" "/configurationItems" responded 200 in 289.5912 ms
2019-12-10 12:00:04.644 +01:00 [Information] HTTP "GET" "/configurationItems" responded 200 in 293.3592 ms
2019-12-10 12:00:04.697 +01:00 [Information] HTTP "GET" "/countries" responded 200 in 287.8930 ms
2019-12-10 12:55:10.980 +01:00 [Information] HTTP "OPTIONS" "/configurationItems" responded 204 in 0.0584 ms
2019-12-10 12:55:10.981 +01:00 [Information] HTTP "OPTIONS" "/configurationItems" responded 204 in 0.0531 ms
2019-12-10 12:55:10.981 +01:00 [Information] HTTP "OPTIONS" "/countries" responded 204 in 0.0339 ms
2019-12-10 12:55:11.331 +01:00 [Information] HTTP "GET" "/configurationItems" responded 200 in 344.4935 ms
2019-12-10 12:55:11.332 +01:00 [Information] HTTP "GET" "/configurationItems" responded 200 in 305.4065 ms
2019-12-10 12:55:11.421 +01:00 [Information] HTTP "GET" "/countries" responded 200 in 316.9585 ms
2019-12-10 13:06:08.070 +01:00 [Information] HTTP "OPTIONS" "/configurationItems" responded 204 in 0.0489 ms
2019-12-10 13:06:08.071 +01:00 [Information] HTTP "OPTIONS" "/configurationItems" responded 204 in 0.0293 ms
2019-12-10 13:06:08.072 +01:00 [Information] HTTP "OPTIONS" "/countries" responded 204 in 0.0361 ms
2019-12-10 13:06:08.368 +01:00 [Information] HTTP "GET" "/countries" responded 200 in 273.6673 ms
2019-12-10 13:06:08.376 +01:00 [Information] HTTP "GET" "/configurationItems" responded 200 in 295.6561 ms
2019-12-10 13:06:08.376 +01:00 [Information] HTTP "GET" "/configurationItems" responded 200 in 295.8468 ms
2019-12-10 13:10:44.246 +01:00 [Information] HTTP "OPTIONS" "/configurationItems" responded 204 in 0.0635 ms
2019-12-10 13:10:44.248 +01:00 [Information] HTTP "OPTIONS" "/configurationItems" responded 204 in 0.0338 ms
2019-12-10 13:10:44.262 +01:00 [Information] HTTP "OPTIONS" "/countries" responded 204 in 0.0259 ms
2019-12-10 13:10:44.507 +01:00 [Information] HTTP "GET" "/configurationItems" responded 200 in 245.8105 ms
2019-12-10 13:10:44.508 +01:00 [Information] HTTP "GET" "/configurationItems" responded 200 in 257.0219 ms
2019-12-10 13:10:44.513 +01:00 [Information] HTTP "GET" "/countries" responded 200 in 241.4214 ms
2019-12-10 13:15:06.683 +01:00 [Information] HTTP "OPTIONS" "/configurationItems" responded 204 in 0.0548 ms
2019-12-10 13:15:06.683 +01:00 [Information] HTTP "OPTIONS" "/countries" responded 204 in 0.0254 ms
2019-12-10 13:15:06.684 +01:00 [Information] HTTP "OPTIONS" "/configurationItems" responded 204 in 0.0280 ms
2019-12-10 13:15:06.980 +01:00 [Information] HTTP "GET" "/countries" responded 200 in 292.6465 ms
2019-12-10 13:15:06.981 +01:00 [Information] HTTP "GET" "/configurationItems" responded 200 in 288.6380 ms
2019-12-10 13:15:06.982 +01:00 [Information] HTTP "GET" "/configurationItems" responded 200 in 281.5280 ms
2019-12-10 13:22:38.218 +01:00 [Information] HTTP "OPTIONS" "/configurationItems" responded 204 in 0.0512 ms
2019-12-10 13:22:38.219 +01:00 [Information] HTTP "OPTIONS" "/configurationItems" responded 204 in 0.0375 ms
2019-12-10 13:22:38.233 +01:00 [Information] HTTP "OPTIONS" "/countries" responded 204 in 0.0272 ms
2019-12-10 13:22:38.502 +01:00 [Information] HTTP "GET" "/countries" responded 200 in 261.6972 ms
2019-12-10 13:22:38.503 +01:00 [Information] HTTP "GET" "/configurationItems" responded 200 in 278.4489 ms
2019-12-10 13:22:38.540 +01:00 [Information] HTTP "GET" "/configurationItems" responded 200 in 317.4046 ms
2019-12-10 13:23:39.902 +01:00 [Information] HTTP "OPTIONS" "/configurationItems" responded 204 in 0.0629 ms
2019-12-10 13:23:39.916 +01:00 [Information] HTTP "OPTIONS" "/configurationItems" responded 204 in 0.4552 ms
2019-12-10 13:23:39.916 +01:00 [Information] HTTP "OPTIONS" "/countries" responded 204 in 0.0348 ms
2019-12-10 13:23:40.168 +01:00 [Information] HTTP "GET" "/countries" responded 200 in 231.1297 ms
2019-12-10 13:23:40.172 +01:00 [Information] HTTP "GET" "/configurationItems" responded 200 in 266.3924 ms
2019-12-10 13:23:40.193 +01:00 [Information] HTTP "GET" "/configurationItems" responded 200 in 268.6373 ms
2019-12-10 13:25:22.769 +01:00 [Information] HTTP "OPTIONS" "/configurationItems" responded 204 in 0.0395 ms
2019-12-10 13:25:22.773 +01:00 [Information] HTTP "OPTIONS" "/configurationItems" responded 204 in 0.0400 ms
2019-12-10 13:25:22.790 +01:00 [Information] HTTP "OPTIONS" "/countries" responded 204 in 0.0304 ms
2019-12-10 13:25:23.032 +01:00 [Information] HTTP "GET" "/configurationItems" responded 200 in 256.5556 ms
2019-12-10 13:25:23.032 +01:00 [Information] HTTP "GET" "/configurationItems" responded 200 in 252.3927 ms
2019-12-10 13:25:23.066 +01:00 [Information] HTTP "GET" "/countries" responded 200 in 262.9477 ms
2019-12-10 13:27:25.857 +01:00 [Information] HTTP "OPTIONS" "/configurationItems" responded 204 in 0.0467 ms
2019-12-10 13:27:25.874 +01:00 [Information] HTTP "OPTIONS" "/configurationItems" responded 204 in 0.0337 ms
2019-12-10 13:27:25.879 +01:00 [Information] HTTP "OPTIONS" "/countries" responded 204 in 0.0273 ms
2019-12-10 13:27:26.125 +01:00 [Information] HTTP "GET" "/configurationItems" responded 200 in 262.3513 ms
2019-12-10 13:27:26.145 +01:00 [Information] HTTP "GET" "/configurationItems" responded 200 in 262.5654 ms
2019-12-10 13:27:26.164 +01:00 [Information] HTTP "GET" "/countries" responded 200 in 269.6647 ms
2019-12-10 13:42:06.982 +01:00 [Information] HTTP "OPTIONS" "/configurationItems" responded 204 in 0.2066 ms
2019-12-10 13:42:06.982 +01:00 [Information] HTTP "OPTIONS" "/countries" responded 204 in 0.0291 ms
2019-12-10 13:42:06.982 +01:00 [Information] HTTP "OPTIONS" "/configurationItems" responded 204 in 0.0226 ms
2019-12-10 13:42:07.235 +01:00 [Information] HTTP "GET" "/countries" responded 200 in 250.1920 ms
2019-12-10 13:42:07.261 +01:00 [Information] HTTP "GET" "/configurationItems" responded 200 in 272.6474 ms
2019-12-10 13:42:07.262 +01:00 [Information] HTTP "GET" "/configurationItems" responded 200 in 264.3579 ms
2019-12-10 13:43:35.325 +01:00 [Information] HTTP "OPTIONS" "/configurationItems" responded 204 in 0.0321 ms
2019-12-10 13:43:35.333 +01:00 [Information] HTTP "OPTIONS" "/configurationItems" responded 204 in 0.0295 ms
2019-12-10 13:43:35.345 +01:00 [Information] HTTP "OPTIONS" "/countries" responded 204 in 0.0819 ms
2019-12-10 13:43:35.571 +01:00 [Information] HTTP "GET" "/configurationItems" responded 200 in 234.9677 ms
2019-12-10 13:43:35.596 +01:00 [Information] HTTP "GET" "/configurationItems" responded 200 in 268.1581 ms
2019-12-10 13:43:35.603 +01:00 [Information] HTTP "GET" "/countries" responded 200 in 250.9657 ms
2019-12-10 13:46:28.294 +01:00 [Information] HTTP "OPTIONS" "/configurationItems" responded 204 in 0.0360 ms
2019-12-10 13:46:28.297 +01:00 [Information] HTTP "OPTIONS" "/configurationItems" responded 204 in 0.0664 ms
2019-12-10 13:46:28.315 +01:00 [Information] HTTP "OPTIONS" "/countries" responded 204 in 0.0270 ms
2019-12-10 13:46:28.561 +01:00 [Information] HTTP "GET" "/countries" responded 200 in 239.4907 ms
2019-12-10 13:46:28.565 +01:00 [Information] HTTP "GET" "/configurationItems" responded 200 in 261.3672 ms
2019-12-10 13:46:28.566 +01:00 [Information] HTTP "GET" "/configurationItems" responded 200 in 267.1803 ms
2019-12-10 13:47:24.233 +01:00 [Information] HTTP "OPTIONS" "/configurationItems" responded 204 in 0.0499 ms
2019-12-10 13:47:24.240 +01:00 [Information] HTTP "OPTIONS" "/configurationItems" responded 204 in 0.0299 ms
2019-12-10 13:47:24.244 +01:00 [Information] HTTP "OPTIONS" "/countries" responded 204 in 0.0303 ms
2019-12-10 13:47:24.471 +01:00 [Information] HTTP "GET" "/countries" responded 200 in 217.6833 ms
2019-12-10 13:47:24.473 +01:00 [Information] HTTP "GET" "/configurationItems" responded 200 in 224.0741 ms
2019-12-10 13:47:24.475 +01:00 [Information] HTTP "GET" "/configurationItems" responded 200 in 239.2538 ms
2019-12-10 13:50:05.003 +01:00 [Information] HTTP "OPTIONS" "/configurationItems" responded 204 in 0.0364 ms
2019-12-10 13:50:05.006 +01:00 [Information] HTTP "OPTIONS" "/configurationItems" responded 204 in 0.0296 ms
2019-12-10 13:50:05.021 +01:00 [Information] HTTP "OPTIONS" "/countries" responded 204 in 0.0363 ms
2019-12-10 13:50:05.234 +01:00 [Information] HTTP "GET" "/configurationItems" responded 200 in 221.2282 ms
2019-12-10 13:50:05.235 +01:00 [Information] HTTP "GET" "/configurationItems" responded 200 in 226.3701 ms
2019-12-10 13:50:05.250 +01:00 [Information] HTTP "GET" "/countries" responded 200 in 222.8518 ms
2019-12-10 13:51:09.138 +01:00 [Information] HTTP "OPTIONS" "/configurationItems" responded 204 in 0.0323 ms
2019-12-10 13:51:09.143 +01:00 [Information] HTTP "OPTIONS" "/configurationItems" responded 204 in 0.0415 ms
2019-12-10 13:51:09.148 +01:00 [Information] HTTP "OPTIONS" "/countries" responded 204 in 0.0327 ms
2019-12-10 13:51:09.413 +01:00 [Information] HTTP "GET" "/countries" responded 200 in 253.3723 ms
2019-12-10 13:51:09.428 +01:00 [Information] HTTP "GET" "/configurationItems" responded 200 in 277.9084 ms
2019-12-10 13:51:09.428 +01:00 [Information] HTTP "GET" "/configurationItems" responded 200 in 270.0822 ms
2019-12-10 14:35:56.726 +01:00 [Information] HTTP "OPTIONS" "/configurationItems" responded 204 in 0.0499 ms
2019-12-10 14:35:56.977 +01:00 [Information] HTTP "GET" "/configurationItems" responded 200 in 247.4221 ms
2019-12-10 14:36:00.906 +01:00 [Information] HTTP "OPTIONS" "/fines" responded 204 in 0.0360 ms
2019-12-10 14:36:02.256 +01:00 [Information] HTTP "GET" "/fines" responded 200 in 1345.8709 ms
2019-12-10 14:36:45.543 +01:00 [Information] HTTP "OPTIONS" "/configurationItems" responded 204 in 0.0304 ms
2019-12-10 14:36:45.858 +01:00 [Information] HTTP "GET" "/configurationItems" responded 200 in 313.0775 ms
2019-12-10 14:38:25.611 +01:00 [Information] HTTP "OPTIONS" "/configurationItems" responded 204 in 0.0343 ms
2019-12-10 14:38:25.944 +01:00 [Information] HTTP "GET" "/configurationItems" responded 200 in 328.6494 ms
2019-12-10 14:38:26.961 +01:00 [Information] HTTP "OPTIONS" "/fines" responded 204 in 0.0404 ms
2019-12-10 14:38:27.664 +01:00 [Information] HTTP "GET" "/fines" responded 200 in 698.5269 ms
2019-12-10 14:38:29.983 +01:00 [Information] HTTP "OPTIONS" "/configurationItems" responded 204 in 0.0573 ms
2019-12-10 14:38:29.987 +01:00 [Information] HTTP "OPTIONS" "/countries" responded 204 in 0.0430 ms
2019-12-10 14:38:30.007 +01:00 [Information] HTTP "OPTIONS" "/configurationItems" responded 204 in 0.0258 ms
2019-12-10 14:38:30.042 +01:00 [Information] HTTP "OPTIONS" "/configurationItems" responded 204 in 0.0242 ms
2019-12-10 14:38:30.343 +01:00 [Information] HTTP "GET" "/configurationItems" responded 200 in 322.2434 ms
2019-12-10 14:38:30.344 +01:00 [Information] HTTP "GET" "/configurationItems" responded 200 in 354.9202 ms
2019-12-10 14:38:30.344 +01:00 [Information] HTTP "OPTIONS" "/documents/fine/13338" responded 204 in 0.0270 ms
2019-12-10 14:38:30.344 +01:00 [Information] HTTP "OPTIONS" "/fines/13338/activities" responded 204 in 0.0174 ms
2019-12-10 14:38:30.382 +01:00 [Information] HTTP "GET" "/countries" responded 200 in 377.6561 ms
2019-12-10 14:38:30.435 +01:00 [Information] HTTP "GET" "/configurationItems" responded 200 in 351.0092 ms
2019-12-10 14:38:30.888 +01:00 [Information] HTTP "GET" "/documents/fine/13338" responded 200 in 530.4947 ms
2019-12-10 14:38:30.889 +01:00 [Information] HTTP "OPTIONS" "/fines/13338" responded 204 in 0.0237 ms
2019-12-10 14:38:30.962 +01:00 [Information] HTTP "GET" "/fines/13338/activities" responded 200 in 548.2448 ms
2019-12-10 14:38:31.634 +01:00 [Information] HTTP "GET" "/fines/13338" responded 200 in 742.0515 ms
2019-12-10 14:38:32.303 +01:00 [Information] HTTP "OPTIONS" "/configurationItems" responded 204 in 0.0313 ms
2019-12-10 14:38:32.478 +01:00 [Information] HTTP "GET" "/configurationItems" responded 200 in 172.1065 ms
2019-12-10 14:38:48.805 +01:00 [Information] HTTP "OPTIONS" "/configurationItems" responded 204 in 0.0312 ms
2019-12-10 14:38:49.157 +01:00 [Information] HTTP "GET" "/configurationItems" responded 200 in 343.1594 ms
2019-12-10 14:38:52.722 +01:00 [Information] HTTP "OPTIONS" "/fines" responded 204 in 0.0288 ms
2019-12-10 14:38:53.362 +01:00 [Information] HTTP "GET" "/fines" responded 200 in 631.7641 ms
2019-12-10 14:38:59.170 +01:00 [Information] HTTP "OPTIONS" "/fines" responded 204 in 0.0399 ms
2019-12-10 14:38:59.563 +01:00 [Information] HTTP "GET" "/fines" responded 200 in 386.9532 ms
2019-12-10 14:39:03.474 +01:00 [Information] HTTP "OPTIONS" "/fines" responded 204 in 0.0307 ms
2019-12-10 14:39:03.829 +01:00 [Information] HTTP "GET" "/fines" responded 200 in 350.0208 ms
2019-12-10 14:39:09.359 +01:00 [Information] HTTP "OPTIONS" "/fines" responded 204 in 0.1151 ms
2019-12-10 14:39:09.733 +01:00 [Information] HTTP "GET" "/fines" responded 200 in 364.5841 ms
2019-12-10 14:39:11.386 +01:00 [Information] HTTP "OPTIONS" "/fines" responded 204 in 0.0558 ms
2019-12-10 14:39:11.703 +01:00 [Information] HTTP "GET" "/fines" responded 200 in 308.8714 ms
2019-12-10 14:39:16.188 +01:00 [Information] HTTP "OPTIONS" "/fines" responded 204 in 0.0329 ms
2019-12-10 14:39:16.486 +01:00 [Information] HTTP "GET" "/fines" responded 200 in 294.0586 ms
2019-12-10 14:39:23.557 +01:00 [Information] HTTP "OPTIONS" "/fines" responded 204 in 0.0348 ms
2019-12-10 14:39:23.965 +01:00 [Information] HTTP "GET" "/fines" responded 200 in 404.3549 ms
2019-12-10 14:41:09.958 +01:00 [Information] HTTP "OPTIONS" "/configurationItems" responded 204 in 0.0502 ms
2019-12-10 14:41:10.351 +01:00 [Information] HTTP "GET" "/configurationItems" responded 200 in 388.9591 ms
2019-12-10 14:43:10.855 +01:00 [Information] HTTP "OPTIONS" "/configurationItems" responded 204 in 0.0493 ms
2019-12-10 14:43:11.334 +01:00 [Information] HTTP "GET" "/configurationItems" responded 200 in 432.3439 ms
2019-12-10 14:48:43.158 +01:00 [Information] HTTP "OPTIONS" "/configurationItems" responded 204 in 0.0546 ms
2019-12-10 14:48:43.890 +01:00 [Information] HTTP "GET" "/configurationItems" responded 200 in 718.0877 ms
2019-12-10 14:48:51.426 +01:00 [Information] HTTP "OPTIONS" "/configurationItems" responded 204 in 0.0798 ms
2019-12-10 14:48:51.626 +01:00 [Information] HTTP "GET" "/configurationItems" responded 200 in 197.2023 ms
2019-12-10 14:48:52.515 +01:00 [Information] HTTP "OPTIONS" "/fines" responded 204 in 0.0369 ms
2019-12-10 14:48:52.970 +01:00 [Information] HTTP "GET" "/fines" responded 200 in 452.7836 ms
2019-12-10 14:49:12.797 +01:00 [Information] HTTP "OPTIONS" "/configurationItems" responded 204 in 0.0360 ms
2019-12-10 14:49:13.182 +01:00 [Information] HTTP "GET" "/configurationItems" responded 200 in 381.5865 ms
2019-12-10 14:49:14.410 +01:00 [Information] HTTP "OPTIONS" "/configurationItems" responded 204 in 0.0447 ms
2019-12-10 14:49:14.903 +01:00 [Information] HTTP "GET" "/configurationItems" responded 200 in 487.4457 ms
2019-12-10 14:49:58.083 +01:00 [Information] HTTP "OPTIONS" "/configurationItems" responded 204 in 0.0338 ms
2019-12-10 14:49:58.361 +01:00 [Information] HTTP "GET" "/configurationItems" responded 200 in 275.0256 ms
2019-12-10 14:49:58.967 +01:00 [Information] HTTP "OPTIONS" "/configurationItems" responded 204 in 0.0354 ms
2019-12-10 14:49:59.263 +01:00 [Information] HTTP "GET" "/configurationItems" responded 200 in 290.9249 ms
2019-12-10 14:50:19.944 +01:00 [Information] HTTP "OPTIONS" "/configurationItems" responded 204 in 0.0320 ms
2019-12-10 14:50:20.371 +01:00 [Information] HTTP "GET" "/configurationItems" responded 200 in 422.1540 ms
2019-12-10 14:50:20.764 +01:00 [Information] HTTP "OPTIONS" "/configurationItems" responded 204 in 0.0296 ms
2019-12-10 14:50:21.262 +01:00 [Information] HTTP "GET" "/configurationItems" responded 200 in 492.4540 ms
2019-12-10 14:52:26.503 +01:00 [Information] HTTP "OPTIONS" "/configurationItems" responded 204 in 0.0427 ms
2019-12-10 14:52:26.990 +01:00 [Information] HTTP "GET" "/configurationItems" responded 200 in 461.3617 ms
2019-12-10 14:52:29.869 +01:00 [Information] HTTP "OPTIONS" "/configurationItems" responded 204 in 0.0314 ms
2019-12-10 14:52:30.193 +01:00 [Information] HTTP "GET" "/configurationItems" responded 200 in 321.1818 ms
2019-12-10 14:54:12.000 +01:00 [Information] HTTP "OPTIONS" "/configurationItems" responded 204 in 0.0793 ms
2019-12-10 14:54:12.466 +01:00 [Information] HTTP "GET" "/configurationItems" responded 200 in 434.9770 ms
2019-12-10 14:54:14.546 +01:00 [Information] HTTP "OPTIONS" "/configurationItems" responded 204 in 0.0317 ms
2019-12-10 14:54:15.098 +01:00 [Information] HTTP "GET" "/configurationItems" responded 200 in 399.6449 ms
2019-12-10 14:55:01.773 +01:00 [Information] HTTP "OPTIONS" "/configurationItems" responded 204 in 0.0321 ms
2019-12-10 14:55:02.174 +01:00 [Information] HTTP "GET" "/configurationItems" responded 200 in 394.2047 ms
2019-12-10 14:55:20.965 +01:00 [Information] HTTP "OPTIONS" "/configurationItems" responded 204 in 0.3951 ms
2019-12-10 14:55:21.904 +01:00 [Information] HTTP "GET" "/configurationItems" responded 200 in 897.1224 ms
2019-12-10 14:55:28.002 +01:00 [Information] HTTP "OPTIONS" "/configurationItems" responded 204 in 0.0314 ms
2019-12-10 14:55:28.385 +01:00 [Information] HTTP "GET" "/configurationItems" responded 200 in 379.1668 ms
2019-12-10 14:57:05.904 +01:00 [Information] HTTP "OPTIONS" "/configurationItems" responded 204 in 0.0368 ms
2019-12-10 14:57:06.374 +01:00 [Information] HTTP "GET" "/configurationItems" responded 200 in 456.8049 ms
2019-12-10 14:57:07.110 +01:00 [Information] HTTP "OPTIONS" "/configurationItems" responded 204 in 0.0310 ms
2019-12-10 14:57:07.601 +01:00 [Information] HTTP "GET" "/configurationItems" responded 200 in 474.8874 ms
2019-12-10 14:57:34.165 +01:00 [Information] HTTP "OPTIONS" "/fines" responded 204 in 0.0483 ms
2019-12-10 14:57:34.555 +01:00 [Information] HTTP "GET" "/fines" responded 200 in 385.4149 ms
2019-12-10 14:57:36.446 +01:00 [Information] HTTP "OPTIONS" "/fines" responded 204 in 0.0320 ms
2019-12-10 14:57:36.772 +01:00 [Information] HTTP "GET" "/fines" responded 200 in 322.6302 ms
2019-12-10 14:57:37.444 +01:00 [Information] HTTP "OPTIONS" "/fines" responded 204 in 0.0352 ms
2019-12-10 14:57:37.932 +01:00 [Information] HTTP "GET" "/fines" responded 200 in 483.9634 ms
2019-12-10 14:57:38.368 +01:00 [Information] HTTP "OPTIONS" "/fines" responded 204 in 0.0621 ms
2019-12-10 14:57:38.790 +01:00 [Information] HTTP "GET" "/fines" responded 200 in 417.6825 ms
2019-12-10 14:57:41.011 +01:00 [Information] HTTP "OPTIONS" "/fines" responded 204 in 0.0443 ms
2019-12-10 14:57:41.418 +01:00 [Information] HTTP "GET" "/fines" responded 200 in 402.7531 ms
2019-12-10 14:57:44.912 +01:00 [Information] HTTP "OPTIONS" "/fines" responded 204 in 0.0320 ms
2019-12-10 14:57:45.243 +01:00 [Information] HTTP "GET" "/fines" responded 204 in 327.9076 ms
2019-12-10 14:57:45.817 +01:00 [Information] HTTP "OPTIONS" "/fines" responded 204 in 0.0338 ms
2019-12-10 14:57:46.053 +01:00 [Information] HTTP "GET" "/fines" responded 204 in 228.7821 ms
2019-12-10 14:58:11.903 +01:00 [Information] HTTP "OPTIONS" "/configurationItems" responded 204 in 0.0315 ms
2019-12-10 14:58:12.183 +01:00 [Information] HTTP "GET" "/configurationItems" responded 200 in 274.7109 ms
2019-12-10 14:58:13.072 +01:00 [Information] HTTP "OPTIONS" "/configurationItems" responded 204 in 0.0561 ms
2019-12-10 14:58:13.533 +01:00 [Information] HTTP "GET" "/configurationItems" responded 200 in 450.8665 ms
2019-12-10 14:58:31.565 +01:00 [Information] HTTP "OPTIONS" "/configurationItems" responded 204 in 0.0343 ms
2019-12-10 14:58:31.887 +01:00 [Information] HTTP "GET" "/configurationItems" responded 200 in 319.7311 ms
2019-12-10 14:58:32.642 +01:00 [Information] HTTP "OPTIONS" "/configurationItems" responded 204 in 0.0321 ms
2019-12-10 14:58:32.980 +01:00 [Information] HTTP "GET" "/configurationItems" responded 200 in 315.8895 ms
2019-12-10 14:58:41.401 +01:00 [Information] HTTP "OPTIONS" "/configurationItems" responded 204 in 0.0309 ms
2019-12-10 14:58:41.576 +01:00 [Information] HTTP "GET" "/configurationItems" responded 200 in 168.3213 ms
2019-12-10 14:58:46.398 +01:00 [Information] HTTP "OPTIONS" "/fines" responded 204 in 0.0644 ms
2019-12-10 14:58:46.784 +01:00 [Information] HTTP "GET" "/fines" responded 200 in 383.2733 ms
2019-12-10 14:58:54.943 +01:00 [Information] HTTP "OPTIONS" "/fines" responded 204 in 0.1172 ms
2019-12-10 14:58:55.266 +01:00 [Information] HTTP "GET" "/fines" responded 200 in 321.3094 ms
2019-12-10 14:59:19.172 +01:00 [Information] HTTP "OPTIONS" "/fines" responded 204 in 0.0483 ms
2019-12-10 14:59:19.550 +01:00 [Information] HTTP "GET" "/fines" responded 200 in 371.5428 ms
2019-12-10 14:59:24.855 +01:00 [Information] HTTP "OPTIONS" "/fines" responded 204 in 0.0390 ms
2019-12-10 14:59:25.158 +01:00 [Information] HTTP "GET" "/fines" responded 200 in 298.6329 ms
2019-12-10 15:00:18.832 +01:00 [Information] HTTP "OPTIONS" "/configurationItems" responded 204 in 0.0341 ms
2019-12-10 15:00:19.384 +01:00 [Information] HTTP "GET" "/configurationItems" responded 200 in 501.8944 ms
2019-12-10 15:00:21.813 +01:00 [Information] HTTP "OPTIONS" "/configurationItems" responded 204 in 0.0344 ms
2019-12-10 15:00:22.246 +01:00 [Information] HTTP "GET" "/configurationItems" responded 200 in 414.9596 ms
2019-12-10 15:03:51.748 +01:00 [Information] HTTP "OPTIONS" "/configurationItems" responded 204 in 0.0542 ms
2019-12-10 15:03:52.428 +01:00 [Information] HTTP "GET" "/configurationItems" responded 200 in 596.9953 ms
2019-12-10 15:03:55.386 +01:00 [Information] HTTP "OPTIONS" "/configurationItems" responded 204 in 0.0350 ms
2019-12-10 15:03:55.716 +01:00 [Information] HTTP "GET" "/configurationItems" responded 200 in 325.4143 ms
2019-12-10 15:03:57.638 +01:00 [Information] HTTP "OPTIONS" "/fines" responded 204 in 0.0375 ms
2019-12-10 15:03:58.388 +01:00 [Information] HTTP "GET" "/fines" responded 200 in 733.0216 ms
2019-12-10 15:04:03.589 +01:00 [Information] HTTP "OPTIONS" "/fines" responded 204 in 0.0357 ms
2019-12-10 15:04:04.129 +01:00 [Information] HTTP "GET" "/fines" responded 200 in 528.8740 ms
2019-12-10 15:04:04.862 +01:00 [Information] HTTP "OPTIONS" "/configurationItems" responded 204 in 0.0346 ms
2019-12-10 15:04:05.235 +01:00 [Information] HTTP "GET" "/configurationItems" responded 200 in 367.8656 ms
2019-12-10 15:04:07.992 +01:00 [Information] HTTP "OPTIONS" "/fines" responded 204 in 0.0366 ms
2019-12-10 15:04:08.451 +01:00 [Information] HTTP "GET" "/fines" responded 200 in 455.5224 ms
2019-12-10 15:04:12.258 +01:00 [Information] HTTP "OPTIONS" "/configurationItems" responded 204 in 0.0384 ms
2019-12-10 15:04:12.576 +01:00 [Information] HTTP "GET" "/configurationItems" responded 200 in 311.6609 ms
2019-12-10 15:04:22.994 +01:00 [Information] HTTP "OPTIONS" "/fines" responded 204 in 0.0423 ms
2019-12-10 15:04:23.473 +01:00 [Information] HTTP "GET" "/fines" responded 200 in 467.2973 ms
2019-12-10 15:04:24.889 +01:00 [Information] HTTP "OPTIONS" "/fines" responded 204 in 0.0345 ms
2019-12-10 15:04:25.274 +01:00 [Information] HTTP "GET" "/fines" responded 200 in 380.9125 ms
2019-12-10 15:04:25.775 +01:00 [Information] HTTP "OPTIONS" "/fines" responded 204 in 0.0337 ms
2019-12-10 15:04:26.135 +01:00 [Information] HTTP "GET" "/fines" responded 200 in 353.4096 ms
2019-12-10 15:04:26.545 +01:00 [Information] HTTP "OPTIONS" "/fines" responded 204 in 0.0346 ms
2019-12-10 15:04:27.013 +01:00 [Information] HTTP "GET" "/fines" responded 200 in 463.5571 ms
2019-12-10 15:04:27.470 +01:00 [Information] HTTP "OPTIONS" "/fines" responded 204 in 0.0397 ms
2019-12-10 15:04:27.995 +01:00 [Information] HTTP "GET" "/fines" responded 200 in 519.4163 ms
2019-12-10 15:04:29.516 +01:00 [Information] HTTP "OPTIONS" "/fines" responded 204 in 0.1462 ms
2019-12-10 15:04:29.916 +01:00 [Information] HTTP "GET" "/fines" responded 200 in 390.7981 ms
2019-12-10 15:04:36.543 +01:00 [Information] HTTP "OPTIONS" "/fines" responded 204 in 0.0314 ms
2019-12-10 15:04:36.892 +01:00 [Information] HTTP "GET" "/fines" responded 200 in 338.8303 ms
2019-12-10 15:04:37.612 +01:00 [Information] HTTP "OPTIONS" "/fines" responded 204 in 0.0444 ms
2019-12-10 15:04:38.054 +01:00 [Information] HTTP "GET" "/fines" responded 200 in 430.7828 ms
2019-12-10 15:04:38.754 +01:00 [Information] HTTP "OPTIONS" "/fines" responded 204 in 0.0324 ms
2019-12-10 15:04:39.144 +01:00 [Information] HTTP "GET" "/fines" responded 200 in 384.0991 ms
2019-12-10 15:05:42.478 +01:00 [Information] HTTP "OPTIONS" "/fines" responded 204 in 0.0388 ms
2019-12-10 15:05:43.066 +01:00 [Information] HTTP "GET" "/fines" responded 200 in 582.4684 ms
2019-12-10 15:05:45.841 +01:00 [Information] HTTP "OPTIONS" "/fines" responded 204 in 0.0320 ms
2019-12-10 15:05:46.250 +01:00 [Information] HTTP "GET" "/fines" responded 200 in 403.8312 ms
2019-12-10 15:05:47.548 +01:00 [Information] HTTP "OPTIONS" "/fines" responded 204 in 0.0346 ms
2019-12-10 15:05:47.984 +01:00 [Information] HTTP "GET" "/fines" responded 200 in 428.0251 ms
2019-12-10 15:05:52.193 +01:00 [Information] HTTP "OPTIONS" "/fines" responded 204 in 0.0459 ms
2019-12-10 15:05:52.615 +01:00 [Information] HTTP "GET" "/fines" responded 200 in 411.0751 ms
2019-12-10 15:14:20.314 +01:00 [Information] HTTP "OPTIONS" "/configurationItems" responded 204 in 0.1314 ms
2019-12-10 15:14:20.680 +01:00 [Information] HTTP "GET" "/configurationItems" responded 200 in 360.1415 ms
2019-12-10 15:14:27.193 +01:00 [Information] HTTP "OPTIONS" "/configurationItems" responded 204 in 0.0307 ms
2019-12-10 15:14:27.473 +01:00 [Information] HTTP "GET" "/configurationItems" responded 200 in 266.9338 ms
2019-12-10 15:14:38.190 +01:00 [Information] HTTP "OPTIONS" "/configurationItems" responded 204 in 0.0441 ms
2019-12-10 15:14:38.605 +01:00 [Information] HTTP "GET" "/configurationItems" responded 200 in 409.6907 ms
2019-12-10 15:14:48.886 +01:00 [Information] HTTP "OPTIONS" "/configurationItems" responded 204 in 0.1162 ms
2019-12-10 15:14:49.125 +01:00 [Information] HTTP "GET" "/configurationItems" responded 200 in 235.7555 ms
2019-12-10 15:17:31.652 +01:00 [Information] HTTP "OPTIONS" "/configurationItems" responded 204 in 0.0650 ms
2019-12-10 15:17:31.653 +01:00 [Information] HTTP "OPTIONS" "/configurationItems" responded 204 in 0.0347 ms
2019-12-10 15:17:31.654 +01:00 [Information] HTTP "OPTIONS" "/countries" responded 204 in 0.1821 ms
2019-12-10 15:17:32.096 +01:00 [Information] HTTP "GET" "/configurationItems" responded 200 in 430.5389 ms
2019-12-10 15:17:32.096 +01:00 [Information] HTTP "GET" "/configurationItems" responded 200 in 435.0044 ms
2019-12-10 15:17:32.207 +01:00 [Information] HTTP "GET" "/countries" responded 200 in 522.2084 ms
2019-12-10 15:19:07.182 +01:00 [Information] HTTP "OPTIONS" "/countries" responded 204 in 0.0577 ms
2019-12-10 15:19:07.183 +01:00 [Information] HTTP "OPTIONS" "/configurationItems" responded 204 in 0.0386 ms
2019-12-10 15:19:07.183 +01:00 [Information] HTTP "OPTIONS" "/configurationItems" responded 204 in 0.0266 ms
2019-12-10 15:19:07.509 +01:00 [Information] HTTP "GET" "/configurationItems" responded 200 in 318.9072 ms
2019-12-10 15:19:07.572 +01:00 [Information] HTTP "GET" "/configurationItems" responded 200 in 361.4453 ms
2019-12-10 15:19:07.651 +01:00 [Information] HTTP "GET" "/countries" responded 200 in 390.6111 ms
2019-12-10 15:19:08.489 +01:00 [Information] HTTP "OPTIONS" "/configurationItems" responded 204 in 0.0323 ms
2019-12-10 15:19:09.097 +01:00 [Information] HTTP "GET" "/configurationItems" responded 200 in 605.1718 ms
2019-12-10 15:19:13.252 +01:00 [Information] HTTP "OPTIONS" "/configurationItems" responded 204 in 0.0318 ms
2019-12-10 15:19:13.478 +01:00 [Information] HTTP "GET" "/configurationItems" responded 200 in 222.5498 ms
2019-12-10 15:19:39.095 +01:00 [Information] HTTP "OPTIONS" "/configurationItems" responded 204 in 0.0332 ms
2019-12-10 15:19:39.096 +01:00 [Information] HTTP "OPTIONS" "/configurationItems" responded 204 in 0.0323 ms
2019-12-10 15:19:39.098 +01:00 [Information] HTTP "OPTIONS" "/countries" responded 204 in 0.1788 ms
2019-12-10 15:19:39.391 +01:00 [Information] HTTP "GET" "/countries" responded 200 in 259.9944 ms
2019-12-10 15:19:39.396 +01:00 [Information] HTTP "GET" "/configurationItems" responded 200 in 292.0630 ms
2019-12-10 15:19:39.468 +01:00 [Information] HTTP "GET" "/configurationItems" responded 200 in 367.9608 ms
2019-12-10 15:20:26.887 +01:00 [Information] HTTP "OPTIONS" "/configurationItems" responded 204 in 0.0344 ms
2019-12-10 15:20:27.262 +01:00 [Information] HTTP "GET" "/configurationItems" responded 200 in 372.2407 ms
2019-12-10 15:20:31.695 +01:00 [Information] HTTP "OPTIONS" "/configurationItems" responded 204 in 0.0552 ms
2019-12-10 15:20:31.905 +01:00 [Information] HTTP "GET" "/configurationItems" responded 200 in 207.1080 ms
2019-12-10 15:21:08.061 +01:00 [Information] HTTP "OPTIONS" "/configurationItems" responded 204 in 0.0633 ms
2019-12-10 15:21:08.402 +01:00 [Information] HTTP "GET" "/configurationItems" responded 200 in 337.7910 ms
2019-12-10 15:21:09.171 +01:00 [Information] HTTP "OPTIONS" "/countries" responded 204 in 0.0340 ms
2019-12-10 15:21:09.171 +01:00 [Information] HTTP "OPTIONS" "/configurationItems" responded 204 in 0.0290 ms
2019-12-10 15:21:09.172 +01:00 [Information] HTTP "OPTIONS" "/configurationItems" responded 204 in 0.0261 ms
2019-12-10 15:21:09.508 +01:00 [Information] HTTP "GET" "/configurationItems" responded 200 in 324.4243 ms
2019-12-10 15:21:09.542 +01:00 [Information] HTTP "GET" "/countries" responded 200 in 360.0511 ms
2019-12-10 15:21:09.570 +01:00 [Information] HTTP "GET" "/configurationItems" responded 200 in 385.9772 ms
2019-12-10 15:21:14.770 +01:00 [Information] HTTP "OPTIONS" "/configurationItems" responded 204 in 0.0352 ms
2019-12-10 15:21:15.001 +01:00 [Information] HTTP "GET" "/configurationItems" responded 200 in 226.4824 ms
2019-12-10 15:21:50.076 +01:00 [Information] HTTP "OPTIONS" "/configurationItems" responded 204 in 0.0373 ms
2019-12-10 15:21:50.730 +01:00 [Information] HTTP "GET" "/configurationItems" responded 200 in 648.7235 ms
2019-12-10 15:21:59.875 +01:00 [Information] HTTP "OPTIONS" "/configurationItems" responded 204 in 0.1106 ms
2019-12-10 15:22:00.107 +01:00 [Information] HTTP "GET" "/configurationItems" responded 200 in 228.2425 ms
2019-12-10 15:22:04.987 +01:00 [Information] HTTP "OPTIONS" "/configurationItems" responded 204 in 0.0896 ms
2019-12-10 15:22:04.994 +01:00 [Information] HTTP "OPTIONS" "/configurationItems" responded 204 in 0.0387 ms
2019-12-10 15:22:05.007 +01:00 [Information] HTTP "OPTIONS" "/countries" responded 204 in 0.0347 ms
2019-12-10 15:22:05.241 +01:00 [Information] HTTP "GET" "/configurationItems" responded 200 in 246.4293 ms
2019-12-10 15:22:05.250 +01:00 [Information] HTTP "GET" "/countries" responded 200 in 235.1961 ms
2019-12-10 15:22:05.254 +01:00 [Information] HTTP "GET" "/configurationItems" responded 200 in 254.3055 ms
2019-12-10 15:23:51.206 +01:00 [Information] HTTP "OPTIONS" "/configurationItems" responded 204 in 0.0370 ms
2019-12-10 15:23:51.431 +01:00 [Information] HTTP "GET" "/configurationItems" responded 200 in 222.5673 ms
2019-12-10 15:32:41.945 +01:00 [Information] HTTP "OPTIONS" "/configurationItems" responded 204 in 0.0586 ms
2019-12-10 15:32:42.192 +01:00 [Information] HTTP "GET" "/configurationItems" responded 200 in 244.5941 ms
2019-12-10 15:33:14.882 +01:00 [Information] HTTP "OPTIONS" "/configurationItems" responded 204 in 0.0328 ms
2019-12-10 15:33:14.893 +01:00 [Information] HTTP "OPTIONS" "/configurationItems" responded 204 in 0.0286 ms
2019-12-10 15:33:14.896 +01:00 [Information] HTTP "OPTIONS" "/countries" responded 204 in 0.0294 ms
2019-12-10 15:33:15.172 +01:00 [Information] HTTP "GET" "/configurationItems" responded 200 in 271.7826 ms
2019-12-10 15:33:15.172 +01:00 [Information] HTTP "GET" "/configurationItems" responded 200 in 287.3796 ms
2019-12-10 15:33:15.173 +01:00 [Information] HTTP "GET" "/countries" responded 200 in 261.9150 ms
2019-12-10 15:36:37.997 +01:00 [Information] HTTP "OPTIONS" "/configurationItems" responded 204 in 0.0337 ms
2019-12-10 15:36:38.376 +01:00 [Information] HTTP "GET" "/configurationItems" responded 200 in 367.9392 ms
2019-12-10 15:36:41.619 +01:00 [Information] HTTP "OPTIONS" "/configurationItems" responded 204 in 0.0327 ms
2019-12-10 15:36:41.632 +01:00 [Information] HTTP "OPTIONS" "/configurationItems" responded 204 in 0.0448 ms
2019-12-10 15:36:41.634 +01:00 [Information] HTTP "OPTIONS" "/countries" responded 204 in 0.0288 ms
2019-12-10 15:36:41.886 +01:00 [Information] HTTP "GET" "/countries" responded 200 in 239.7056 ms
2019-12-10 15:36:41.939 +01:00 [Information] HTTP "GET" "/configurationItems" responded 200 in 299.0076 ms
2019-12-10 15:36:41.948 +01:00 [Information] HTTP "GET" "/configurationItems" responded 200 in 321.9390 ms
2019-12-10 15:37:57.188 +01:00 [Information] HTTP "OPTIONS" "/configurationItems" responded 204 in 0.0324 ms
2019-12-10 15:37:57.428 +01:00 [Information] HTTP "GET" "/configurationItems" responded 200 in 235.4575 ms
2019-12-10 15:38:02.200 +01:00 [Information] HTTP "OPTIONS" "/configurationItems" responded 204 in 0.0301 ms
2019-12-10 15:38:02.215 +01:00 [Information] HTTP "OPTIONS" "/configurationItems" responded 204 in 0.0302 ms
2019-12-10 15:38:02.227 +01:00 [Information] HTTP "OPTIONS" "/countries" responded 204 in 0.0262 ms
2019-12-10 15:38:02.601 +01:00 [Information] HTTP "GET" "/configurationItems" responded 200 in 379.0847 ms
2019-12-10 15:38:02.639 +01:00 [Information] HTTP "GET" "/configurationItems" responded 200 in 432.8668 ms
2019-12-10 15:38:02.641 +01:00 [Information] HTTP "GET" "/countries" responded 200 in 401.7892 ms
2019-12-10 15:40:12.944 +01:00 [Information] HTTP "OPTIONS" "/configurationItems" responded 204 in 0.1187 ms
2019-12-10 15:40:12.945 +01:00 [Information] HTTP "OPTIONS" "/configurationItems" responded 204 in 0.0400 ms
2019-12-10 15:40:12.971 +01:00 [Information] HTTP "OPTIONS" "/countries" responded 204 in 0.0271 ms
2019-12-10 15:40:13.215 +01:00 [Information] HTTP "GET" "/countries" responded 200 in 231.7848 ms
2019-12-10 15:40:13.233 +01:00 [Information] HTTP "GET" "/configurationItems" responded 200 in 284.1067 ms
2019-12-10 15:40:13.245 +01:00 [Information] HTTP "GET" "/configurationItems" responded 200 in 290.9629 ms
2019-12-10 15:42:51.394 +01:00 [Information] HTTP "OPTIONS" "/configurationItems" responded 204 in 0.0749 ms
2019-12-10 15:42:51.395 +01:00 [Information] HTTP "OPTIONS" "/configurationItems" responded 204 in 0.0319 ms
2019-12-10 15:42:51.395 +01:00 [Information] HTTP "OPTIONS" "/countries" responded 204 in 0.0345 ms
2019-12-10 15:42:51.793 +01:00 [Information] HTTP "GET" "/configurationItems" responded 200 in 373.5949 ms
2019-12-10 15:42:51.892 +01:00 [Information] HTTP "GET" "/configurationItems" responded 200 in 461.0584 ms
2019-12-10 15:42:51.924 +01:00 [Information] HTTP "GET" "/countries" responded 200 in 500.9005 ms
2019-12-10 15:43:07.481 +01:00 [Information] HTTP "OPTIONS" "/configurationItems" responded 204 in 0.0501 ms
2019-12-10 15:43:07.493 +01:00 [Information] HTTP "OPTIONS" "/configurationItems" responded 204 in 0.0350 ms
2019-12-10 15:43:07.498 +01:00 [Information] HTTP "OPTIONS" "/countries" responded 204 in 0.0282 ms
2019-12-10 15:43:07.840 +01:00 [Information] HTTP "GET" "/countries" responded 200 in 331.2064 ms
2019-12-10 15:43:07.846 +01:00 [Information] HTTP "GET" "/configurationItems" responded 200 in 361.5764 ms
2019-12-10 15:43:07.847 +01:00 [Information] HTTP "GET" "/configurationItems" responded 200 in 346.6848 ms
2019-12-10 15:45:05.385 +01:00 [Information] HTTP "OPTIONS" "/configurationItems" responded 204 in 0.0345 ms
2019-12-10 15:45:05.403 +01:00 [Information] HTTP "OPTIONS" "/configurationItems" responded 204 in 0.0308 ms
2019-12-10 15:45:05.403 +01:00 [Information] HTTP "OPTIONS" "/countries" responded 204 in 0.0290 ms
2019-12-10 15:45:05.644 +01:00 [Information] HTTP "GET" "/configurationItems" responded 200 in 254.9614 ms
2019-12-10 15:45:05.661 +01:00 [Information] HTTP "GET" "/countries" responded 200 in 237.5812 ms
2019-12-10 15:45:05.667 +01:00 [Information] HTTP "GET" "/configurationItems" responded 200 in 257.4396 ms
2019-12-10 15:46:30.821 +01:00 [Information] HTTP "OPTIONS" "/countries" responded 204 in 0.0333 ms
2019-12-10 15:46:30.823 +01:00 [Information] HTTP "OPTIONS" "/configurationItems" responded 204 in 0.0319 ms
2019-12-10 15:46:30.824 +01:00 [Information] HTTP "OPTIONS" "/configurationItems" responded 204 in 0.0295 ms
2019-12-10 15:46:31.436 +01:00 [Information] HTTP "GET" "/configurationItems" responded 200 in 576.4920 ms
2019-12-10 15:46:31.449 +01:00 [Information] HTTP "GET" "/countries" responded 200 in 592.5551 ms
2019-12-10 15:46:31.465 +01:00 [Information] HTTP "GET" "/configurationItems" responded 200 in 593.0825 ms
2019-12-10 15:46:43.392 +01:00 [Information] HTTP "OPTIONS" "/configurationItems" responded 204 in 0.0324 ms
2019-12-10 15:46:43.396 +01:00 [Information] HTTP "OPTIONS" "/configurationItems" responded 204 in 0.0326 ms
2019-12-10 15:46:43.410 +01:00 [Information] HTTP "OPTIONS" "/countries" responded 204 in 0.0321 ms
2019-12-10 15:46:43.686 +01:00 [Information] HTTP "GET" "/configurationItems" responded 200 in 286.4613 ms
2019-12-10 15:46:43.713 +01:00 [Information] HTTP "GET" "/configurationItems" responded 200 in 291.4967 ms
2019-12-10 15:46:43.792 +01:00 [Information] HTTP "GET" "/countries" responded 200 in 317.3714 ms
2019-12-10 15:51:33.635 +01:00 [Information] HTTP "OPTIONS" "/configurationItems" responded 204 in 0.0643 ms
2019-12-10 15:51:33.635 +01:00 [Information] HTTP "OPTIONS" "/configurationItems" responded 204 in 0.0340 ms
2019-12-10 15:51:33.638 +01:00 [Information] HTTP "OPTIONS" "/countries" responded 204 in 0.0336 ms
2019-12-10 15:51:33.869 +01:00 [Information] HTTP "GET" "/countries" responded 200 in 217.5512 ms
2019-12-10 15:51:33.886 +01:00 [Information] HTTP "GET" "/configurationItems" responded 200 in 243.6139 ms
2019-12-10 15:51:33.888 +01:00 [Information] HTTP "GET" "/configurationItems" responded 200 in 247.5289 ms
2019-12-10 15:54:15.209 +01:00 [Information] HTTP "OPTIONS" "/configurationItems" responded 204 in 0.0714 ms
2019-12-10 15:54:15.215 +01:00 [Information] HTTP "OPTIONS" "/configurationItems" responded 204 in 0.0350 ms
2019-12-10 15:54:15.232 +01:00 [Information] HTTP "OPTIONS" "/countries" responded 204 in 0.0264 ms
2019-12-10 15:54:15.570 +01:00 [Information] HTTP "GET" "/configurationItems" responded 200 in 342.0741 ms
2019-12-10 15:54:15.572 +01:00 [Information] HTTP "GET" "/configurationItems" responded 200 in 354.3715 ms
2019-12-10 15:54:15.810 +01:00 [Information] HTTP "GET" "/countries" responded 200 in 498.7844 ms
2019-12-10 15:54:50.365 +01:00 [Information] HTTP "OPTIONS" "/configurationItems" responded 204 in 0.0556 ms
2019-12-10 15:54:50.404 +01:00 [Information] HTTP "OPTIONS" "/configurationItems" responded 204 in 0.0325 ms
2019-12-10 15:54:50.411 +01:00 [Information] HTTP "OPTIONS" "/countries" responded 204 in 0.0293 ms
2019-12-10 15:54:50.683 +01:00 [Information] HTTP "GET" "/configurationItems" responded 200 in 304.0559 ms
2019-12-10 15:54:50.812 +01:00 [Information] HTTP "GET" "/configurationItems" responded 200 in 393.4035 ms
2019-12-10 15:54:50.859 +01:00 [Information] HTTP "GET" "/countries" responded 200 in 396.7041 ms
2019-12-10 15:56:27.044 +01:00 [Information] HTTP "OPTIONS" "/configurationItems" responded 204 in 0.0561 ms
2019-12-10 15:56:27.061 +01:00 [Information] HTTP "OPTIONS" "/countries" responded 204 in 0.0269 ms
2019-12-10 15:56:27.061 +01:00 [Information] HTTP "OPTIONS" "/configurationItems" responded 204 in 0.0252 ms
2019-12-10 15:56:27.409 +01:00 [Information] HTTP "GET" "/configurationItems" responded 200 in 357.0237 ms
2019-12-10 15:56:27.466 +01:00 [Information] HTTP "GET" "/configurationItems" responded 200 in 391.1990 ms
2019-12-10 15:56:27.535 +01:00 [Information] HTTP "GET" "/countries" responded 200 in 428.3851 ms
2019-12-10 15:59:19.168 +01:00 [Information] HTTP "OPTIONS" "/employees/plates" responded 204 in 0.0597 ms
2019-12-10 15:59:19.705 +01:00 [Information] HTTP "GET" "/employees/plates" responded 200 in 531.5595 ms
2019-12-10 15:59:24.480 +01:00 [Information] HTTP "OPTIONS" "/cities/22/1190" responded 204 in 0.0954 ms
2019-12-10 15:59:24.764 +01:00 [Information] HTTP "GET" "/cities/22/1190" responded 200 in 274.8951 ms
2019-12-10 15:59:27.583 +01:00 [Information] HTTP "OPTIONS" "/fines" responded 204 in 0.0366 ms
2019-12-10 15:59:28.231 +01:00 [Information] HTTP "POST" "/fines" responded 422 in 644.0189 ms
2019-12-10 15:59:40.420 +01:00 [Information] HTTP "OPTIONS" "/fines" responded 204 in 0.0343 ms
2019-12-10 15:59:41.430 +01:00 [Information] HTTP "POST" "/fines" responded 200 in 1002.6156 ms
2019-12-10 15:59:41.509 +01:00 [Information] HTTP "OPTIONS" "/countries" responded 204 in 0.4138 ms
2019-12-10 15:59:41.518 +01:00 [Information] HTTP "OPTIONS" "/configurationItems" responded 204 in 0.0287 ms
2019-12-10 15:59:41.522 +01:00 [Information] HTTP "OPTIONS" "/configurationItems" responded 204 in 0.0309 ms
2019-12-10 15:59:41.800 +01:00 [Information] HTTP "GET" "/configurationItems" responded 200 in 269.8640 ms
2019-12-10 15:59:41.804 +01:00 [Information] HTTP "GET" "/configurationItems" responded 200 in 266.7907 ms
2019-12-10 15:59:41.805 +01:00 [Information] HTTP "OPTIONS" "/configurationItems" responded 204 in 0.0254 ms
2019-12-10 15:59:41.805 +01:00 [Information] HTTP "OPTIONS" "/documents/fine/20621" responded 204 in 0.1381 ms
2019-12-10 15:59:41.814 +01:00 [Information] HTTP "GET" "/countries" responded 200 in 300.3273 ms
2019-12-10 15:59:41.848 +01:00 [Information] HTTP "OPTIONS" "/fines/20621/activities" responded 204 in 0.0509 ms
2019-12-10 15:59:42.241 +01:00 [Information] HTTP "GET" "/configurationItems" responded 200 in 407.9690 ms
2019-12-10 15:59:42.375 +01:00 [Information] HTTP "GET" "/documents/fine/20621" responded 200 in 518.5007 ms
2019-12-10 15:59:42.427 +01:00 [Information] HTTP "GET" "/fines/20621/activities" responded 200 in 532.8125 ms
2019-12-10 15:59:42.449 +01:00 [Information] HTTP "OPTIONS" "/fines/20621" responded 204 in 0.0347 ms
2019-12-10 15:59:42.998 +01:00 [Information] HTTP "GET" "/fines/20621" responded 200 in 544.6119 ms
2019-12-10 15:59:43.362 +01:00 [Information] HTTP "OPTIONS" "/cities/22/1190" responded 204 in 0.1699 ms
2019-12-10 15:59:43.582 +01:00 [Information] HTTP "GET" "/cities/22/1190" responded 200 in 217.3165 ms
2019-12-10 15:59:58.893 +01:00 [Information] HTTP "OPTIONS" "/countries" responded 204 in 0.0475 ms
2019-12-10 15:59:58.893 +01:00 [Information] HTTP "OPTIONS" "/configurationItems" responded 204 in 0.0252 ms
2019-12-10 15:59:58.894 +01:00 [Information] HTTP "OPTIONS" "/configurationItems" responded 204 in 0.0265 ms
2019-12-10 15:59:58.894 +01:00 [Information] HTTP "OPTIONS" "/configurationItems" responded 204 in 0.0285 ms
2019-12-10 15:59:59.251 +01:00 [Information] HTTP "GET" "/configurationItems" responded 200 in 349.8880 ms
2019-12-10 15:59:59.259 +01:00 [Information] HTTP "GET" "/countries" responded 200 in 354.6208 ms
2019-12-10 15:59:59.274 +01:00 [Information] HTTP "GET" "/configurationItems" responded 200 in 368.4550 ms
2019-12-10 15:59:59.286 +01:00 [Information] HTTP "GET" "/configurationItems" responded 200 in 350.9977 ms
2019-12-10 15:59:59.305 +01:00 [Information] HTTP "OPTIONS" "/fines/20621/activities" responded 204 in 0.0353 ms
2019-12-10 15:59:59.502 +01:00 [Information] HTTP "OPTIONS" "/documents/fine/20621" responded 204 in 0.0314 ms
2019-12-10 15:59:59.518 +01:00 [Information] HTTP "OPTIONS" "/fines/20621/activities" responded 204 in 0.0300 ms
2019-12-10 15:59:59.762 +01:00 [Information] HTTP "OPTIONS" "/fines/20621" responded 204 in 0.0276 ms
2019-12-10 15:59:59.902 +01:00 [Information] HTTP "GET" "/fines/20621/activities" responded 200 in 587.3217 ms
2019-12-10 15:59:59.990 +01:00 [Information] HTTP "GET" "/documents/fine/20621" responded 200 in 462.4102 ms
2019-12-10 16:00:00.180 +01:00 [Information] HTTP "GET" "/fines/20621/activities" responded 200 in 621.8429 ms
2019-12-10 16:00:00.407 +01:00 [Information] HTTP "GET" "/fines/20621" responded 200 in 585.9258 ms
2019-12-10 16:00:00.775 +01:00 [Information] HTTP "OPTIONS" "/cities/22/1190" responded 204 in 0.0365 ms
2019-12-10 16:00:00.956 +01:00 [Information] HTTP "GET" "/cities/22/1190" responded 200 in 177.9430 ms
2019-12-10 16:00:14.462 +01:00 [Information] HTTP "OPTIONS" "/configurationItems" responded 204 in 0.0323 ms
2019-12-10 16:00:14.462 +01:00 [Information] HTTP "OPTIONS" "/countries" responded 204 in 0.0215 ms
2019-12-10 16:00:14.462 +01:00 [Information] HTTP "OPTIONS" "/configurationItems" responded 204 in 0.0212 ms
2019-12-10 16:00:14.830 +01:00 [Information] HTTP "GET" "/configurationItems" responded 200 in 354.4987 ms
2019-12-10 16:00:14.836 +01:00 [Information] HTTP "GET" "/countries" responded 200 in 342.6669 ms
2019-12-10 16:00:14.848 +01:00 [Information] HTTP "GET" "/configurationItems" responded 200 in 347.6758 ms
2019-12-10 16:00:51.287 +01:00 [Information] HTTP "OPTIONS" "/employees/plates" responded 204 in 0.0314 ms
2019-12-10 16:00:51.529 +01:00 [Information] HTTP "GET" "/employees/plates" responded 200 in 238.0877 ms
2019-12-10 16:00:55.961 +01:00 [Information] HTTP "OPTIONS" "/cities/22/1190" responded 204 in 0.0420 ms
2019-12-10 16:00:56.124 +01:00 [Information] HTTP "GET" "/cities/22/1190" responded 200 in 158.6329 ms
2019-12-10 16:00:58.706 +01:00 [Information] HTTP "OPTIONS" "/fines" responded 204 in 0.0406 ms
2019-12-10 16:00:59.290 +01:00 [Information] HTTP "POST" "/fines" responded 200 in 578.3157 ms
2019-12-10 16:00:59.443 +01:00 [Information] HTTP "OPTIONS" "/configurationItems" responded 204 in 0.0404 ms
2019-12-10 16:00:59.443 +01:00 [Information] HTTP "OPTIONS" "/countries" responded 204 in 0.0245 ms
2019-12-10 16:00:59.447 +01:00 [Information] HTTP "OPTIONS" "/configurationItems" responded 204 in 0.0653 ms
2019-12-10 16:00:59.451 +01:00 [Information] HTTP "OPTIONS" "/configurationItems" responded 204 in 0.0337 ms
2019-12-10 16:00:59.810 +01:00 [Information] HTTP "GET" "/countries" responded 200 in 350.7597 ms
2019-12-10 16:00:59.832 +01:00 [Information] HTTP "GET" "/configurationItems" responded 200 in 374.2239 ms
2019-12-10 16:00:59.833 +01:00 [Information] HTTP "OPTIONS" "/documents/fine/20622" responded 204 in 0.0804 ms
2019-12-10 16:00:59.835 +01:00 [Information] HTTP "OPTIONS" "/fines/20622/activities" responded 204 in 0.0282 ms
2019-12-10 16:00:59.891 +01:00 [Information] HTTP "GET" "/configurationItems" responded 200 in 428.6610 ms
2019-12-10 16:01:00.207 +01:00 [Information] HTTP "GET" "/configurationItems" responded 200 in 396.8861 ms
2019-12-10 16:01:00.244 +01:00 [Information] HTTP "OPTIONS" "/fines/20622" responded 204 in 0.0279 ms
2019-12-10 16:01:00.286 +01:00 [Information] HTTP "GET" "/documents/fine/20622" responded 200 in 305.7525 ms
2019-12-10 16:01:00.386 +01:00 [Information] HTTP "GET" "/fines/20622/activities" responded 200 in 494.1378 ms
2019-12-10 16:01:00.698 +01:00 [Information] HTTP "GET" "/fines/20622" responded 200 in 438.6496 ms
2019-12-10 16:01:01.025 +01:00 [Information] HTTP "OPTIONS" "/cities/22/1190" responded 204 in 0.0335 ms
2019-12-10 16:01:01.182 +01:00 [Information] HTTP "GET" "/cities/22/1190" responded 200 in 153.1474 ms
2019-12-10 16:05:44.047 +01:00 [Information] HTTP "OPTIONS" "/configurationItems" responded 204 in 0.0456 ms
2019-12-10 16:05:44.055 +01:00 [Information] HTTP "OPTIONS" "/countries" responded 204 in 0.0264 ms
2019-12-10 16:05:44.055 +01:00 [Information] HTTP "OPTIONS" "/configurationItems" responded 204 in 0.0280 ms
2019-12-10 16:05:44.055 +01:00 [Information] HTTP "OPTIONS" "/configurationItems" responded 204 in 0.0626 ms
2019-12-10 16:05:44.570 +01:00 [Information] HTTP "GET" "/countries" responded 200 in 485.0310 ms
2019-12-10 16:05:44.580 +01:00 [Information] HTTP "GET" "/configurationItems" responded 200 in 499.5272 ms
2019-12-10 16:05:44.581 +01:00 [Information] HTTP "OPTIONS" "/fines/20621/activities" responded 204 in 0.0247 ms
2019-12-10 16:05:44.591 +01:00 [Information] HTTP "GET" "/configurationItems" responded 200 in 513.0763 ms
2019-12-10 16:05:45.002 +01:00 [Information] HTTP "GET" "/configurationItems" responded 200 in 432.0500 ms
2019-12-10 16:05:45.280 +01:00 [Information] HTTP "GET" "/fines/20621/activities" responded 200 in 581.2721 ms
2019-12-10 16:05:45.661 +01:00 [Information] HTTP "OPTIONS" "/fines/20621/activities" responded 204 in 0.0312 ms
2019-12-10 16:05:45.696 +01:00 [Information] HTTP "OPTIONS" "/documents/fine/20621" responded 204 in 0.0330 ms
2019-12-10 16:05:46.006 +01:00 [Information] HTTP "OPTIONS" "/configurationItems" responded 204 in 0.0654 ms
2019-12-10 16:05:46.044 +01:00 [Information] HTTP "OPTIONS" "/configurationItems" responded 204 in 0.0266 ms
2019-12-10 16:05:46.045 +01:00 [Information] HTTP "OPTIONS" "/configurationItems" responded 204 in 0.0262 ms
2019-12-10 16:05:46.045 +01:00 [Information] HTTP "OPTIONS" "/countries" responded 204 in 0.0276 ms
2019-12-10 16:05:46.297 +01:00 [Information] HTTP "GET" "/documents/fine/20621" responded 200 in 570.0916 ms
2019-12-10 16:05:46.368 +01:00 [Information] HTTP "GET" "/fines/20621/activities" responded 200 in 660.1381 ms
2019-12-10 16:05:46.769 +01:00 [Information] HTTP "GET" "/configurationItems" responded 200 in 545.0747 ms
2019-12-10 16:05:46.913 +01:00 [Information] HTTP "GET" "/configurationItems" responded 200 in 545.3241 ms
2019-12-10 16:05:46.969 +01:00 [Information] HTTP "GET" "/configurationItems" responded 200 in 463.5099 ms
2019-12-10 16:05:47.035 +01:00 [Information] HTTP "OPTIONS" "/fines/20622/activities" responded 204 in 0.0302 ms
2019-12-10 16:05:47.146 +01:00 [Information] HTTP "GET" "/countries" responded 200 in 377.2896 ms
2019-12-10 16:05:47.290 +01:00 [Information] HTTP "OPTIONS" "/documents/fine/20622" responded 204 in 0.0384 ms
2019-12-10 16:05:47.417 +01:00 [Information] HTTP "OPTIONS" "/fines/20622/activities" responded 204 in 0.0279 ms
2019-12-10 16:05:47.976 +01:00 [Information] HTTP "GET" "/fines/20622/activities" responded 200 in 807.0784 ms
2019-12-10 16:05:48.112 +01:00 [Information] HTTP "GET" "/documents/fine/20622" responded 200 in 694.6017 ms
2019-12-10 16:05:48.120 +01:00 [Information] HTTP "OPTIONS" "/fines/20622" responded 204 in 0.0276 ms
2019-12-10 16:05:48.506 +01:00 [Information] HTTP "GET" "/fines/20622/activities" responded 200 in 915.2727 ms
2019-12-10 16:05:49.058 +01:00 [Information] HTTP "GET" "/fines/20622" responded 200 in 793.5066 ms
2019-12-10 16:05:49.489 +01:00 [Information] HTTP "OPTIONS" "/cities/22/1190" responded 204 in 0.0941 ms
2019-12-10 16:05:49.918 +01:00 [Information] HTTP "GET" "/cities/22/1190" responded 200 in 366.6376 ms
2019-12-10 16:05:50.066 +01:00 [Information] HTTP "OPTIONS" "/fines/20621" responded 204 in 0.0315 ms
2019-12-10 16:05:50.657 +01:00 [Information] HTTP "GET" "/fines/20621" responded 200 in 566.3577 ms
2019-12-10 16:05:51.067 +01:00 [Information] HTTP "OPTIONS" "/cities/22/1190" responded 204 in 0.0463 ms
2019-12-10 16:05:51.331 +01:00 [Information] HTTP "GET" "/cities/22/1190" responded 200 in 256.3398 ms
2019-12-10 16:10:18.485 +01:00 [Information] HTTP "OPTIONS" "/fines/20622" responded 204 in 0.0554 ms
2019-12-10 16:10:19.277 +01:00 [Information] HTTP "PUT" "/fines/20622" responded 200 in 778.7498 ms
2019-12-10 16:10:27.995 +01:00 [Information] HTTP "OPTIONS" "/countries" responded 204 in 0.0315 ms
2019-12-10 16:10:28.000 +01:00 [Information] HTTP "OPTIONS" "/configurationItems" responded 204 in 0.0311 ms
2019-12-10 16:10:28.001 +01:00 [Information] HTTP "OPTIONS" "/configurationItems" responded 204 in 0.0332 ms
2019-12-10 16:10:28.004 +01:00 [Information] HTTP "OPTIONS" "/configurationItems" responded 204 in 0.0330 ms
2019-12-10 16:10:28.325 +01:00 [Information] HTTP "GET" "/countries" responded 200 in 316.0435 ms
2019-12-10 16:10:28.333 +01:00 [Information] HTTP "GET" "/configurationItems" responded 200 in 326.1602 ms
2019-12-10 16:10:28.343 +01:00 [Information] HTTP "OPTIONS" "/fines/20622/activities" responded 204 in 0.0260 ms
2019-12-10 16:10:28.376 +01:00 [Information] HTTP "GET" "/configurationItems" responded 200 in 362.9766 ms
2019-12-10 16:10:28.530 +01:00 [Information] HTTP "OPTIONS" "/documents/fine/20622" responded 204 in 0.0311 ms
2019-12-10 16:10:28.564 +01:00 [Information] HTTP "OPTIONS" "/fines/20622/activities" responded 204 in 0.0332 ms
2019-12-10 16:10:28.654 +01:00 [Information] HTTP "GET" "/configurationItems" responded 200 in 328.8135 ms
2019-12-10 16:10:28.843 +01:00 [Information] HTTP "GET" "/fines/20622/activities" responded 200 in 484.1011 ms
2019-12-10 16:10:28.873 +01:00 [Information] HTTP "OPTIONS" "/fines/20622" responded 204 in 0.0269 ms
2019-12-10 16:10:28.988 +01:00 [Information] HTTP "GET" "/documents/fine/20622" responded 200 in 411.2888 ms
2019-12-10 16:10:29.194 +01:00 [Information] HTTP "GET" "/fines/20622/activities" responded 200 in 525.8775 ms
2019-12-10 16:10:29.562 +01:00 [Information] HTTP "GET" "/fines/20622" responded 200 in 675.2780 ms
2019-12-10 16:10:29.900 +01:00 [Information] HTTP "OPTIONS" "/cities/22/1190" responded 204 in 0.0699 ms
2019-12-10 16:10:30.148 +01:00 [Information] HTTP "GET" "/cities/22/1190" responded 200 in 236.0263 ms
2019-12-10 16:13:36.248 +01:00 [Information] HTTP "OPTIONS" "/configurationItems" responded 204 in 0.0717 ms
2019-12-10 16:13:36.251 +01:00 [Information] HTTP "OPTIONS" "/configurationItems" responded 204 in 0.0351 ms
2019-12-10 16:13:36.280 +01:00 [Information] HTTP "OPTIONS" "/countries" responded 204 in 0.0263 ms
2019-12-10 16:13:36.504 +01:00 [Information] HTTP "GET" "/configurationItems" responded 200 in 240.8301 ms
2019-12-10 16:13:36.505 +01:00 [Information] HTTP "GET" "/configurationItems" responded 200 in 251.1168 ms
2019-12-10 16:13:36.525 +01:00 [Information] HTTP "GET" "/countries" responded 200 in 232.7589 ms
2019-12-10 16:26:29.637 +01:00 [Information] HTTP "GET" "/" responded 404 in 83.6536 ms
2019-12-10 16:26:29.861 +01:00 [Information] HTTP "GET" "/favicon.ico" responded 404 in 38.9338 ms
2019-12-10 16:26:38.533 +01:00 [Information] HTTP "OPTIONS" "/configurationItems" responded 204 in 3.3258 ms
2019-12-10 16:26:38.542 +01:00 [Information] HTTP "OPTIONS" "/configurationItems" responded 204 in 0.1547 ms
2019-12-10 16:26:38.559 +01:00 [Information] HTTP "OPTIONS" "/countries" responded 204 in 0.0613 ms
2019-12-10 16:26:56.701 +01:00 [Information] HTTP "GET" "/configurationItems" responded 200 in 18139.0237 ms
2019-12-10 16:26:56.701 +01:00 [Information] HTTP "GET" "/countries" responded 200 in 18129.2167 ms
2019-12-10 16:26:56.701 +01:00 [Information] HTTP "GET" "/configurationItems" responded 200 in 18153.5454 ms
2019-12-10 16:27:42.916 +01:00 [Information] HTTP "OPTIONS" "/employees/plates" responded 204 in 2.1244 ms
2019-12-10 16:27:47.366 +01:00 [Information] HTTP "GET" "/employees/plates" responded 200 in 4434.0467 ms
2019-12-10 16:27:54.186 +01:00 [Information] HTTP "OPTIONS" "/fines" responded 204 in 3.2063 ms
2019-12-10 16:28:01.756 +01:00 [Information] HTTP "POST" "/fines" responded 200 in 7563.2674 ms
2019-12-10 16:28:01.908 +01:00 [Information] HTTP "OPTIONS" "/countries" responded 204 in 0.3470 ms
2019-12-10 16:28:01.914 +01:00 [Information] HTTP "OPTIONS" "/configurationItems" responded 204 in 0.0604 ms
2019-12-10 16:28:01.953 +01:00 [Information] HTTP "OPTIONS" "/configurationItems" responded 204 in 0.0440 ms
2019-12-10 16:28:01.954 +01:00 [Information] HTTP "OPTIONS" "/configurationItems" responded 204 in 0.0559 ms
2019-12-10 16:28:02.130 +01:00 [Information] HTTP "OPTIONS" "/documents/fine/20641" responded 204 in 0.0870 ms
2019-12-10 16:28:03.688 +01:00 [Information] HTTP "OPTIONS" "/fines/20641/activities" responded 204 in 0.0851 ms
2019-12-10 16:28:17.599 +01:00 [Information] HTTP "GET" "/configurationItems" responded 200 in 15659.9947 ms
2019-12-10 16:28:17.980 +01:00 [Information] HTTP "GET" "/configurationItems" responded 200 in 15958.4286 ms
2019-12-10 16:28:20.760 +01:00 [Information] HTTP "GET" "/countries" responded 200 in 18841.9279 ms
2019-12-10 16:28:27.065 +01:00 [Information] HTTP "GET" "/documents/fine/20641" responded 200 in 24910.1462 ms
2019-12-10 16:28:28.125 +01:00 [Information] HTTP "GET" "/configurationItems" responded 200 in 26141.1894 ms
2019-12-10 16:28:28.152 +01:00 [Information] HTTP "OPTIONS" "/fines/20641" responded 204 in 0.1620 ms
2019-12-10 16:28:30.334 +01:00 [Information] HTTP "GET" "/fines/20641/activities" responded 200 in 26602.0772 ms
2019-12-10 16:28:36.175 +01:00 [Information] HTTP "GET" "/fines/20641" responded 200 in 8013.3647 ms
2019-12-10 16:29:08.923 +01:00 [Information] HTTP "OPTIONS" "/configurationItems" responded 204 in 0.3638 ms
2019-12-10 16:29:08.929 +01:00 [Information] HTTP "OPTIONS" "/configurationItems" responded 204 in 0.1954 ms
2019-12-10 16:29:08.937 +01:00 [Information] HTTP "OPTIONS" "/countries" responded 204 in 0.2211 ms
2019-12-10 16:29:17.175 +01:00 [Information] HTTP "GET" "/countries" responded 200 in 8136.1628 ms
2019-12-10 16:29:17.302 +01:00 [Information] HTTP "GET" "/configurationItems" responded 200 in 8361.5648 ms
2019-12-10 16:29:18.427 +01:00 [Information] HTTP "GET" "/configurationItems" responded 200 in 9476.2503 ms
2019-12-10 16:30:08.089 +01:00 [Information] HTTP "OPTIONS" "/employees/plates" responded 204 in 1.0542 ms
2019-12-10 16:30:12.008 +01:00 [Information] HTTP "GET" "/employees/plates" responded 200 in 3908.5723 ms
2019-12-10 16:30:18.279 +01:00 [Information] HTTP "OPTIONS" "/fines" responded 204 in 0.1563 ms
2019-12-10 16:30:30.793 +01:00 [Information] HTTP "POST" "/fines" responded 422 in 12504.9273 ms
2019-12-10 16:30:38.192 +01:00 [Information] HTTP "OPTIONS" "/fines" responded 204 in 1.6141 ms
2019-12-10 16:30:47.524 +01:00 [Information] HTTP "POST" "/fines" responded 422 in 9320.5986 ms
2019-12-10 16:31:50.622 +01:00 [Information] HTTP "OPTIONS" "/fines" responded 204 in 5.9298 ms
2019-12-10 16:31:59.913 +01:00 [Information] HTTP "POST" "/fines" responded 422 in 9280.6542 ms
2019-12-10 17:07:38.704 +01:00 [Information] HTTP "GET" "/" responded 404 in 37.8486 ms
2019-12-10 17:07:48.830 +01:00 [Information] HTTP "GET" "/" responded 404 in 50.5834 ms
2019-12-10 17:07:56.271 +01:00 [Information] HTTP "OPTIONS" "/configurationItems" responded 204 in 17.3689 ms
2019-12-10 17:08:00.951 +01:00 [Information] HTTP "GET" "/configurationItems" responded 200 in 4673.5150 ms
2019-12-10 17:08:07.548 +01:00 [Information] HTTP "OPTIONS" "/fines" responded 204 in 0.6787 ms
2019-12-10 17:08:08.654 +01:00 [Information] HTTP "GET" "/fines" responded 200 in 1099.5463 ms
2019-12-10 17:08:10.327 +01:00 [Information] HTTP "OPTIONS" "/countries" responded 204 in 0.5168 ms
2019-12-10 17:08:10.334 +01:00 [Information] HTTP "OPTIONS" "/configurationItems" responded 204 in 0.3231 ms
2019-12-10 17:08:10.367 +01:00 [Information] HTTP "OPTIONS" "/configurationItems" responded 204 in 0.2112 ms
2019-12-10 17:08:10.381 +01:00 [Information] HTTP "OPTIONS" "/configurationItems" responded 204 in 0.4640 ms
2019-12-10 17:08:10.971 +01:00 [Information] HTTP "GET" "/configurationItems" responded 200 in 611.4860 ms
2019-12-10 17:08:11.019 +01:00 [Information] HTTP "GET" "/configurationItems" responded 200 in 611.2625 ms
2019-12-10 17:08:11.020 +01:00 [Information] HTTP "OPTIONS" "/documents/fine/13338" responded 204 in 0.0957 ms
2019-12-10 17:08:11.021 +01:00 [Information] HTTP "OPTIONS" "/fines/13338/activities" responded 204 in 0.1856 ms
2019-12-10 17:08:11.150 +01:00 [Information] HTTP "GET" "/countries" responded 200 in 811.2604 ms
2019-12-10 17:08:11.408 +01:00 [Information] HTTP "GET" "/configurationItems" responded 200 in 436.2502 ms
2019-12-10 17:08:11.443 +01:00 [Information] HTTP "OPTIONS" "/fines/13338" responded 204 in 0.0529 ms
2019-12-10 17:08:11.506 +01:00 [Information] HTTP "GET" "/documents/fine/13338" responded 200 in 472.8048 ms
2019-12-10 17:08:11.825 +01:00 [Information] HTTP "GET" "/fines/13338/activities" responded 200 in 674.6169 ms
2019-12-10 17:08:12.217 +01:00 [Information] HTTP "GET" "/fines/13338" responded 200 in 745.2563 ms
2019-12-10 17:09:07.535 +01:00 [Information] HTTP "OPTIONS" "/cities/22/1190" responded 204 in 0.8628 ms
2019-12-10 17:09:07.751 +01:00 [Information] HTTP "GET" "/cities/22/1190" responded 200 in 209.9353 ms
2019-12-10 17:09:15.043 +01:00 [Information] HTTP "OPTIONS" "/fines/13338" responded 204 in 3.7555 ms
2019-12-10 17:09:15.344 +01:00 [Information] HTTP "PUT" "/fines/13338" responded 422 in 291.0147 ms
2019-12-10 17:09:38.474 +01:00 [Information] HTTP "OPTIONS" "/fines/13338" responded 204 in 0.2516 ms
2019-12-10 17:09:38.742 +01:00 [Information] HTTP "PUT" "/fines/13338" responded 422 in 263.1457 ms
2019-12-10 17:09:51.025 +01:00 [Information] HTTP "OPTIONS" "/fines/13338" responded 204 in 0.2466 ms
2019-12-10 17:09:51.316 +01:00 [Information] HTTP "PUT" "/fines/13338" responded 422 in 286.7893 ms
2019-12-10 17:13:19.690 +01:00 [Information] HTTP "OPTIONS" "/fines/13338" responded 204 in 0.2585 ms
2019-12-10 17:13:19.978 +01:00 [Information] HTTP "PUT" "/fines/13338" responded 422 in 276.9720 ms
2019-12-10 17:13:31.661 +01:00 [Information] HTTP "GET" "/" responded 404 in 0.4560 ms
2019-12-10 17:13:31.746 +01:00 [Information] HTTP "GET" "/favicon.ico" responded 404 in 1.6889 ms
2019-12-10 17:13:55.919 +01:00 [Information] HTTP "OPTIONS" "/countries" responded 204 in 0.2016 ms
2019-12-10 17:13:55.921 +01:00 [Information] HTTP "OPTIONS" "/configurationItems" responded 204 in 0.0944 ms
2019-12-10 17:13:55.928 +01:00 [Information] HTTP "OPTIONS" "/configurationItems" responded 204 in 0.1157 ms
2019-12-10 17:13:55.929 +01:00 [Information] HTTP "OPTIONS" "/configurationItems" responded 204 in 0.0884 ms
2019-12-10 17:13:56.167 +01:00 [Information] HTTP "GET" "/countries" responded 200 in 238.4561 ms
2019-12-10 17:13:56.175 +01:00 [Information] HTTP "GET" "/configurationItems" responded 200 in 236.1523 ms
2019-12-10 17:13:56.178 +01:00 [Information] HTTP "GET" "/configurationItems" responded 200 in 241.7020 ms
2019-12-10 17:13:56.179 +01:00 [Information] HTTP "OPTIONS" "/fines/13338/activities" responded 204 in 0.0511 ms
2019-12-10 17:13:56.440 +01:00 [Information] HTTP "GET" "/configurationItems" responded 200 in 272.4870 ms
2019-12-10 17:13:56.484 +01:00 [Information] HTTP "OPTIONS" "/documents/fine/13338" responded 204 in 0.0912 ms
2019-12-10 17:13:56.530 +01:00 [Information] HTTP "GET" "/fines/13338/activities" responded 200 in 338.1207 ms
2019-12-10 17:13:56.530 +01:00 [Information] HTTP "OPTIONS" "/fines/13338/activities" responded 204 in 0.0302 ms
2019-12-10 17:13:56.959 +01:00 [Information] HTTP "GET" "/fines/13338/activities" responded 200 in 421.4957 ms
2019-12-10 17:13:56.959 +01:00 [Information] HTTP "OPTIONS" "/fines/13338" responded 204 in 0.1030 ms
2019-12-10 17:13:56.963 +01:00 [Information] HTTP "GET" "/documents/fine/13338" responded 200 in 475.8426 ms
2019-12-10 17:13:57.306 +01:00 [Information] HTTP "GET" "/fines/13338" responded 200 in 341.5896 ms
2019-12-10 17:14:25.756 +01:00 [Information] HTTP "OPTIONS" "/cities/22/1190" responded 204 in 0.3219 ms
2019-12-10 17:14:25.925 +01:00 [Information] HTTP "GET" "/cities/22/1190" responded 200 in 158.8298 ms
2019-12-10 17:14:30.899 +01:00 [Information] HTTP "OPTIONS" "/fines/13338" responded 204 in 0.1217 ms
2019-12-10 17:14:31.158 +01:00 [Information] HTTP "PUT" "/fines/13338" responded 422 in 254.5775 ms
2019-12-10 17:21:37.323 +01:00 [Information] HTTP "OPTIONS" "/fines/13338/activities" responded 204 in 2.1128 ms
2019-12-10 17:21:37.323 +01:00 [Information] HTTP "OPTIONS" "/configurationItems" responded 204 in 1.9617 ms
2019-12-10 17:21:37.323 +01:00 [Information] HTTP "OPTIONS" "/configurationItems" responded 204 in 1.9674 ms
2019-12-10 17:21:37.323 +01:00 [Information] HTTP "OPTIONS" "/countries" responded 204 in 1.9741 ms
2019-12-10 17:21:37.415 +01:00 [Information] HTTP "OPTIONS" "/fines/13338/activities" responded 204 in 25.2634 ms
2019-12-10 17:21:37.415 +01:00 [Information] HTTP "OPTIONS" "/documents/fine/13338" responded 204 in 25.8541 ms
2019-12-10 17:21:37.416 +01:00 [Information] HTTP "OPTIONS" "/configurationItems" responded 204 in 27.1422 ms
2019-12-10 17:21:44.371 +01:00 [Information] HTTP "GET" "/fines/13338/activities" responded 200 in 6954.2646 ms
2019-12-10 17:21:44.371 +01:00 [Information] HTTP "GET" "/documents/fine/13338" responded 200 in 6933.1772 ms
2019-12-10 17:21:44.371 +01:00 [Information] HTTP "GET" "/fines/13338/activities" responded 200 in 6933.3430 ms
2019-12-10 17:21:44.384 +01:00 [Information] HTTP "GET" "/configurationItems" responded 200 in 6968.9684 ms
2019-12-10 17:21:44.384 +01:00 [Information] HTTP "GET" "/configurationItems" responded 200 in 6991.9321 ms
2019-12-10 17:21:44.421 +01:00 [Information] HTTP "GET" "/countries" responded 200 in 7006.1104 ms
2019-12-10 17:21:44.853 +01:00 [Information] HTTP "GET" "/configurationItems" responded 200 in 7415.4451 ms
2019-12-10 17:21:44.870 +01:00 [Information] HTTP "OPTIONS" "/fines/13338" responded 204 in 0.1527 ms
2019-12-10 17:21:45.514 +01:00 [Information] HTTP "GET" "/fines/13338" responded 200 in 638.1764 ms
2019-12-10 17:31:42.620 +01:00 [Information] HTTP "OPTIONS" "/countries" responded 204 in 0.7001 ms
2019-12-10 17:31:42.623 +01:00 [Information] HTTP "OPTIONS" "/configurationItems" responded 204 in 0.3194 ms
2019-12-10 17:31:42.625 +01:00 [Information] HTTP "OPTIONS" "/configurationItems" responded 204 in 0.4017 ms
2019-12-10 17:31:42.629 +01:00 [Information] HTTP "OPTIONS" "/configurationItems" responded 204 in 1.0307 ms
2019-12-10 17:31:43.348 +01:00 [Information] HTTP "GET" "/configurationItems" responded 200 in 654.8282 ms
2019-12-10 17:31:43.379 +01:00 [Information] HTTP "GET" "/configurationItems" responded 200 in 690.2244 ms
2019-12-10 17:31:43.379 +01:00 [Information] HTTP "OPTIONS" "/configurationItems" responded 204 in 0.0826 ms
2019-12-10 17:31:43.380 +01:00 [Information] HTTP "OPTIONS" "/fines/13338/activities" responded 204 in 0.0472 ms
2019-12-10 17:31:43.380 +01:00 [Information] HTTP "OPTIONS" "/countries" responded 204 in 0.0460 ms
2019-12-10 17:31:43.381 +01:00 [Information] HTTP "OPTIONS" "/configurationItems" responded 204 in 0.0484 ms
2019-12-10 17:31:43.381 +01:00 [Information] HTTP "OPTIONS" "/configurationItems" responded 204 in 0.0441 ms
2019-12-10 17:31:43.414 +01:00 [Information] HTTP "GET" "/countries" responded 200 in 719.7627 ms
2019-12-10 17:31:43.471 +01:00 [Information] HTTP "OPTIONS" "/documents/fine/13338" responded 204 in 0.0670 ms
2019-12-10 17:31:43.474 +01:00 [Information] HTTP "OPTIONS" "/fines/13338/activities" responded 204 in 0.0726 ms
2019-12-10 17:31:44.193 +01:00 [Information] HTTP "GET" "/configurationItems" responded 200 in 844.4483 ms
2019-12-10 17:31:44.584 +01:00 [Information] HTTP "GET" "/configurationItems" responded 200 in 1008.7458 ms
2019-12-10 17:31:44.718 +01:00 [Information] HTTP "GET" "/fines/13338/activities" responded 200 in 1094.4130 ms
2019-12-10 17:31:44.759 +01:00 [Information] HTTP "GET" "/countries" responded 200 in 986.3234 ms
2019-12-10 17:31:45.222 +01:00 [Information] HTTP "GET" "/documents/fine/13338" responded 200 in 1028.1346 ms
2019-12-10 17:31:45.446 +01:00 [Information] HTTP "GET" "/fines/13338/activities" responded 200 in 861.4480 ms
2019-12-10 17:31:45.447 +01:00 [Information] HTTP "OPTIONS" "/fines/13338/activities" responded 204 in 0.0522 ms
2019-12-10 17:31:45.602 +01:00 [Information] HTTP "GET" "/configurationItems" responded 200 in 883.8283 ms
2019-12-10 17:31:45.602 +01:00 [Information] HTTP "OPTIONS" "/documents/fine/13338" responded 204 in 0.0507 ms
2019-12-10 17:31:45.603 +01:00 [Information] HTTP "OPTIONS" "/fines/13338/activities" responded 204 in 0.0576 ms
2019-12-10 17:31:45.603 +01:00 [Information] HTTP "OPTIONS" "/configurationItems" responded 204 in 0.0412 ms
2019-12-10 17:31:45.604 +01:00 [Information] HTTP "OPTIONS" "/configurationItems" responded 204 in 0.0567 ms
2019-12-10 17:31:45.604 +01:00 [Information] HTTP "OPTIONS" "/configurationItems" responded 204 in 0.0324 ms
2019-12-10 17:31:45.604 +01:00 [Information] HTTP "OPTIONS" "/countries" responded 204 in 0.0543 ms
2019-12-10 17:31:45.740 +01:00 [Information] HTTP "OPTIONS" "/fines/20621/activities" responded 204 in 0.0436 ms
2019-12-10 17:31:45.763 +01:00 [Information] HTTP "GET" "/configurationItems" responded 200 in 1002.3437 ms
2019-12-10 17:31:46.314 +01:00 [Information] HTTP "GET" "/fines/13338/activities" responded 200 in 573.5759 ms
2019-12-10 17:31:46.413 +01:00 [Information] HTTP "GET" "/documents/fine/13338" responded 200 in 672.5235 ms
2019-12-10 17:31:46.470 +01:00 [Information] HTTP "GET" "/fines/13338/activities" responded 200 in 707.3814 ms
2019-12-10 17:31:46.972 +01:00 [Information] HTTP "GET" "/configurationItems" responded 200 in 658.0515 ms
2019-12-10 17:31:47.063 +01:00 [Information] HTTP "OPTIONS" "/fines/13338" responded 204 in 0.2383 ms
2019-12-10 17:31:47.086 +01:00 [Information] HTTP "GET" "/configurationItems" responded 200 in 615.1967 ms
2019-12-10 17:31:47.156 +01:00 [Information] HTTP "GET" "/configurationItems" responded 200 in 742.0723 ms
2019-12-10 17:31:47.157 +01:00 [Information] HTTP "OPTIONS" "/documents/fine/20621" responded 204 in 0.1236 ms
2019-12-10 17:31:47.162 +01:00 [Information] HTTP "OPTIONS" "/fines/20621/activities" responded 204 in 29.0955 ms
2019-12-10 17:31:47.316 +01:00 [Information] HTTP "OPTIONS" "/fines/13338" responded 204 in 0.0928 ms
2019-12-10 17:31:47.726 +01:00 [Information] HTTP "GET" "/countries" responded 200 in 753.0537 ms
2019-12-10 17:31:47.899 +01:00 [Information] HTTP "GET" "/documents/fine/20621" responded 200 in 663.5293 ms
2019-12-10 17:31:47.970 +01:00 [Information] HTTP "GET" "/fines/20621/activities" responded 200 in 882.5458 ms
2019-12-10 17:31:48.073 +01:00 [Information] HTTP "GET" "/fines/13338" responded 200 in 845.0625 ms
2019-12-10 17:31:48.096 +01:00 [Information] HTTP "GET" "/fines/20621/activities" responded 200 in 779.9418 ms
2019-12-10 17:31:48.288 +01:00 [Information] HTTP "GET" "/fines/13338" responded 200 in 799.0224 ms
2019-12-10 17:31:49.803 +01:00 [Information] HTTP "OPTIONS" "/fines/20621" responded 204 in 0.1914 ms
2019-12-10 17:31:50.425 +01:00 [Information] HTTP "GET" "/fines/20621" responded 200 in 613.9223 ms
2019-12-10 17:31:53.736 +01:00 [Information] HTTP "OPTIONS" "/cities/22/1190" responded 204 in 0.2414 ms
2019-12-10 17:31:54.095 +01:00 [Information] HTTP "GET" "/cities/22/1190" responded 200 in 352.7442 ms
2019-12-10 17:31:58.516 +01:00 [Information] HTTP "OPTIONS" "/configurationItems" responded 204 in 0.1411 ms
2019-12-10 17:31:58.521 +01:00 [Information] HTTP "OPTIONS" "/countries" responded 204 in 0.2011 ms
2019-12-10 17:31:58.526 +01:00 [Information] HTTP "OPTIONS" "/configurationItems" responded 204 in 0.1546 ms
2019-12-10 17:31:58.528 +01:00 [Information] HTTP "OPTIONS" "/configurationItems" responded 204 in 0.1041 ms
2019-12-10 17:31:58.750 +01:00 [Information] HTTP "GET" "/countries" responded 200 in 202.9353 ms
2019-12-10 17:31:58.750 +01:00 [Information] HTTP "GET" "/configurationItems" responded 200 in 216.9958 ms
2019-12-10 17:31:58.752 +01:00 [Information] HTTP "GET" "/configurationItems" responded 200 in 220.5758 ms
2019-12-10 17:31:58.864 +01:00 [Information] HTTP "GET" "/configurationItems" responded 200 in 230.4048 ms
2019-12-10 17:31:59.023 +01:00 [Information] HTTP "OPTIONS" "/fines/20622/activities" responded 204 in 0.1022 ms
2019-12-10 17:31:59.169 +01:00 [Information] HTTP "OPTIONS" "/documents/fine/20622" responded 204 in 0.2101 ms
2019-12-10 17:31:59.251 +01:00 [Information] HTTP "OPTIONS" "/fines/20622/activities" responded 204 in 0.1065 ms
2019-12-10 17:31:59.344 +01:00 [Information] HTTP "GET" "/fines/20622/activities" responded 200 in 311.7678 ms
2019-12-10 17:31:59.388 +01:00 [Information] HTTP "GET" "/documents/fine/20622" responded 200 in 214.4023 ms
2019-12-10 17:31:59.454 +01:00 [Information] HTTP "OPTIONS" "/fines/20622" responded 204 in 0.0579 ms
2019-12-10 17:31:59.555 +01:00 [Information] HTTP "GET" "/fines/20622/activities" responded 200 in 300.6525 ms
2019-12-10 17:31:59.992 +01:00 [Information] HTTP "GET" "/fines/20622" responded 200 in 534.6762 ms
2019-12-10 17:32:00.763 +01:00 [Information] HTTP "OPTIONS" "/cities/22/1190" responded 204 in 3.0197 ms
2019-12-10 17:32:00.967 +01:00 [Information] HTTP "GET" "/cities/22/1190" responded 200 in 194.1713 ms
2019-12-10 17:32:05.856 +01:00 [Information] HTTP "OPTIONS" "/countries" responded 204 in 0.0934 ms
2019-12-10 17:32:05.863 +01:00 [Information] HTTP "OPTIONS" "/configurationItems" responded 204 in 0.0835 ms
2019-12-10 17:32:05.866 +01:00 [Information] HTTP "OPTIONS" "/configurationItems" responded 204 in 0.0724 ms
2019-12-10 17:32:05.884 +01:00 [Information] HTTP "OPTIONS" "/configurationItems" responded 204 in 0.0557 ms
2019-12-10 17:32:06.163 +01:00 [Information] HTTP "GET" "/countries" responded 200 in 292.3474 ms
2019-12-10 17:32:06.181 +01:00 [Information] HTTP "GET" "/configurationItems" responded 200 in 282.8905 ms
2019-12-10 17:32:06.203 +01:00 [Information] HTTP "OPTIONS" "/fines/13143/activities" responded 204 in 0.0482 ms
2019-12-10 17:32:06.207 +01:00 [Information] HTTP "GET" "/configurationItems" responded 200 in 298.5200 ms
2019-12-10 17:32:06.219 +01:00 [Information] HTTP "GET" "/configurationItems" responded 200 in 325.1216 ms
2019-12-10 17:32:06.663 +01:00 [Information] HTTP "OPTIONS" "/documents/fine/13143" responded 204 in 0.0807 ms
2019-12-10 17:32:06.772 +01:00 [Information] HTTP "OPTIONS" "/fines/13143/activities" responded 204 in 0.0270 ms
2019-12-10 17:32:06.825 +01:00 [Information] HTTP "GET" "/fines/13143/activities" responded 200 in 603.2447 ms
2019-12-10 17:32:07.056 +01:00 [Information] HTTP "OPTIONS" "/fines/13143" responded 204 in 0.0521 ms
2019-12-10 17:32:07.183 +01:00 [Information] HTTP "GET" "/documents/fine/13143" responded 200 in 510.1180 ms
2019-12-10 17:32:07.307 +01:00 [Information] HTTP "GET" "/fines/13143/activities" responded 200 in 511.4265 ms
2019-12-10 17:32:07.624 +01:00 [Information] HTTP "GET" "/fines/13143" responded 200 in 560.6596 ms
2019-12-10 17:32:07.967 +01:00 [Information] HTTP "OPTIONS" "/cities/22/1180" responded 204 in 0.0453 ms
2019-12-10 17:32:08.168 +01:00 [Information] HTTP "GET" "/cities/22/1180" responded 200 in 197.2307 ms
2019-12-10 17:32:09.615 +01:00 [Information] HTTP "OPTIONS" "/fines/13143" responded 204 in 0.0743 ms
2019-12-10 17:32:09.907 +01:00 [Information] HTTP "PUT" "/fines/13143" responded 422 in 288.0678 ms
2019-12-10 17:32:21.086 +01:00 [Information] HTTP "OPTIONS" "/countries" responded 204 in 0.0529 ms
2019-12-10 17:32:21.092 +01:00 [Information] HTTP "OPTIONS" "/configurationItems" responded 204 in 0.0620 ms
2019-12-10 17:32:21.118 +01:00 [Information] HTTP "OPTIONS" "/configurationItems" responded 204 in 0.0312 ms
2019-12-10 17:32:21.129 +01:00 [Information] HTTP "OPTIONS" "/configurationItems" responded 204 in 0.0386 ms
2019-12-10 17:32:21.368 +01:00 [Information] HTTP "GET" "/countries" responded 200 in 275.4342 ms
2019-12-10 17:32:21.388 +01:00 [Information] HTTP "GET" "/configurationItems" responded 200 in 286.0180 ms
2019-12-10 17:32:21.411 +01:00 [Information] HTTP "GET" "/configurationItems" responded 200 in 270.4130 ms
2019-12-10 17:32:21.431 +01:00 [Information] HTTP "OPTIONS" "/fines/13143/activities" responded 204 in 0.0314 ms
2019-12-10 17:32:21.440 +01:00 [Information] HTTP "GET" "/configurationItems" responded 200 in 262.5696 ms
2019-12-10 17:32:21.921 +01:00 [Information] HTTP "GET" "/fines/13143/activities" responded 200 in 486.5922 ms
2019-12-10 17:32:22.018 +01:00 [Information] HTTP "OPTIONS" "/documents/fine/13143" responded 204 in 0.0392 ms
2019-12-10 17:32:22.189 +01:00 [Information] HTTP "OPTIONS" "/fines/13143/activities" responded 204 in 0.0281 ms
2019-12-10 17:32:22.564 +01:00 [Information] HTTP "GET" "/documents/fine/13143" responded 200 in 540.7392 ms
2019-12-10 17:32:22.647 +01:00 [Information] HTTP "OPTIONS" "/fines/13143" responded 204 in 0.0298 ms
2019-12-10 17:32:22.951 +01:00 [Information] HTTP "GET" "/fines/13143/activities" responded 200 in 689.6305 ms
2019-12-10 17:32:23.239 +01:00 [Information] HTTP "GET" "/fines/13143" responded 200 in 539.7959 ms
2019-12-10 17:32:23.586 +01:00 [Information] HTTP "OPTIONS" "/cities/22/1180" responded 204 in 0.7452 ms
2019-12-10 17:32:23.767 +01:00 [Information] HTTP "GET" "/cities/22/1180" responded 200 in 160.8500 ms
2019-12-10 17:32:25.976 +01:00 [Information] HTTP "OPTIONS" "/fines/13143" responded 204 in 0.0985 ms
2019-12-10 17:32:26.171 +01:00 [Information] HTTP "PUT" "/fines/13143" responded 422 in 186.2588 ms
2019-12-10 17:32:59.311 +01:00 [Information] HTTP "OPTIONS" "/fines/13143" responded 204 in 0.0398 ms
2019-12-10 17:33:00.161 +01:00 [Information] HTTP "PUT" "/fines/13143" responded 200 in 846.6979 ms
2019-12-10 17:33:00.263 +01:00 [Information] HTTP "OPTIONS" "/fines/13143" responded 204 in 0.0392 ms
2019-12-10 17:33:00.274 +01:00 [Information] HTTP "OPTIONS" "/emailtemplates" responded 204 in 0.0358 ms
2019-12-10 17:33:00.811 +01:00 [Information] HTTP "GET" "/fines/13143" responded 200 in 542.4917 ms
2019-12-10 17:33:00.995 +01:00 [Information] HTTP "GET" "/emailtemplates" responded 200 in 716.6878 ms
