2019-12-20 10:35:30.020 +01:00 [Information] HTTP "GET" "/" responded 404 in 44.5895 ms
2019-12-20 10:35:33.410 +01:00 [Information] HTTP "OPTIONS" "/configurationItems" responded 204 in 33.3514 ms
2019-12-20 10:35:33.410 +01:00 [Information] HTTP "OPTIONS" "/countries" responded 204 in 18.0230 ms
2019-12-20 10:35:33.411 +01:00 [Information] HTTP "OPTIONS" "/configurationItems" responded 204 in 17.3228 ms
2019-12-20 10:35:38.673 +01:00 [Information] HTTP "GET" "/countries" responded 200 in 5200.2319 ms
2019-12-20 10:35:38.673 +01:00 [Information] HTTP "GET" "/configurationItems" responded 200 in 5242.8571 ms
2019-12-20 10:35:38.673 +01:00 [Information] HTTP "GET" "/configurationItems" responded 200 in 5192.1527 ms
2019-12-20 10:36:17.412 +01:00 [Information] HTTP "OPTIONS" "/configurationItems" responded 204 in 0.4182 ms
2019-12-20 10:36:17.918 +01:00 [Information] HTTP "GET" "/configurationItems" responded 200 in 497.3077 ms
2019-12-20 10:36:20.836 +01:00 [Information] HTTP "OPTIONS" "/configurationItems" responded 204 in 0.5982 ms
2019-12-20 10:36:20.843 +01:00 [Information] HTTP "OPTIONS" "/configurationItems" responded 204 in 0.3065 ms
2019-12-20 10:36:20.886 +01:00 [Information] HTTP "OPTIONS" "/countries" responded 204 in 0.0583 ms
2019-12-20 10:36:21.423 +01:00 [Information] HTTP "GET" "/configurationItems" responded 200 in 561.8054 ms
2019-12-20 10:36:21.423 +01:00 [Information] HTTP "GET" "/configurationItems" responded 200 in 577.0788 ms
2019-12-20 10:36:21.561 +01:00 [Information] HTTP "GET" "/countries" responded 200 in 620.0120 ms
2019-12-20 10:57:23.699 +01:00 [Information] HTTP "OPTIONS" "/countries" responded 204 in 0.3898 ms
2019-12-20 10:57:23.700 +01:00 [Information] HTTP "OPTIONS" "/configurationItems" responded 204 in 0.1413 ms
2019-12-20 10:57:23.700 +01:00 [Information] HTTP "OPTIONS" "/configurationItems" responded 204 in 0.1414 ms
2019-12-20 10:57:24.215 +01:00 [Information] HTTP "GET" "/countries" responded 200 in 509.8631 ms
2019-12-20 10:57:24.220 +01:00 [Information] HTTP "GET" "/configurationItems" responded 200 in 512.7896 ms
2019-12-20 10:57:24.244 +01:00 [Information] HTTP "GET" "/configurationItems" responded 200 in 523.6714 ms
2019-12-20 10:59:01.816 +01:00 [Information] HTTP "OPTIONS" "/configurationItems" responded 204 in 0.2666 ms
2019-12-20 10:59:02.116 +01:00 [Information] HTTP "GET" "/configurationItems" responded 200 in 295.5370 ms
2019-12-20 10:59:06.934 +01:00 [Information] HTTP "OPTIONS" "/configurationItems" responded 204 in 0.7275 ms
2019-12-20 10:59:06.942 +01:00 [Information] HTTP "OPTIONS" "/configurationItems" responded 204 in 0.7673 ms
2019-12-20 10:59:07.022 +01:00 [Information] HTTP "OPTIONS" "/countries" responded 204 in 0.2699 ms
2019-12-20 10:59:07.469 +01:00 [Information] HTTP "GET" "/configurationItems" responded 200 in 513.5006 ms
2019-12-20 10:59:07.471 +01:00 [Information] HTTP "GET" "/configurationItems" responded 200 in 522.9786 ms
2019-12-20 10:59:07.505 +01:00 [Information] HTTP "GET" "/countries" responded 200 in 469.1567 ms
2019-12-20 11:00:32.368 +01:00 [Information] HTTP "OPTIONS" "/configurationItems" responded 204 in 0.2370 ms
2019-12-20 11:00:32.581 +01:00 [Information] HTTP "GET" "/configurationItems" responded 200 in 201.6318 ms
2019-12-20 11:00:34.083 +01:00 [Information] HTTP "OPTIONS" "/fines" responded 204 in 0.1652 ms
2019-12-20 11:00:35.535 +01:00 [Information] HTTP "GET" "/fines" responded 200 in 1442.9549 ms
2019-12-20 11:00:56.697 +01:00 [Information] HTTP "OPTIONS" "/fines" responded 204 in 0.2432 ms
2019-12-20 11:00:57.191 +01:00 [Information] HTTP "GET" "/fines" responded 200 in 483.8314 ms
2019-12-20 11:03:47.709 +01:00 [Information] HTTP "GET" "/" responded 404 in 0.9987 ms
2019-12-20 11:05:21.246 +01:00 [Information] HTTP "GET" "/" responded 404 in 56.9485 ms
2019-12-20 11:05:40.326 +01:00 [Information] HTTP "OPTIONS" "/configurationItems" responded 204 in 27.6273 ms
2019-12-20 11:05:48.426 +01:00 [Information] HTTP "GET" "/configurationItems" responded 200 in 8091.2822 ms
2019-12-20 11:05:49.056 +01:00 [Information] HTTP "OPTIONS" "/fines" responded 204 in 0.5493 ms
2019-12-20 11:05:53.935 +01:00 [Information] HTTP "GET" "/fines" responded 200 in 4874.9293 ms
2019-12-20 11:05:55.964 +01:00 [Information] HTTP "OPTIONS" "/countries" responded 204 in 0.7552 ms
2019-12-20 11:05:55.966 +01:00 [Information] HTTP "OPTIONS" "/configurationItems" responded 204 in 0.4702 ms
2019-12-20 11:05:55.970 +01:00 [Information] HTTP "OPTIONS" "/configurationItems" responded 204 in 0.0563 ms
2019-12-20 11:05:57.387 +01:00 [Information] HTTP "OPTIONS" "/configurationItems" responded 204 in 0.0533 ms
2019-12-20 11:05:57.394 +01:00 [Information] HTTP "OPTIONS" "/documents/fine/13338" responded 204 in 0.0685 ms
2019-12-20 11:05:57.401 +01:00 [Information] HTTP "OPTIONS" "/fines/13338/activities" responded 204 in 0.8513 ms
2019-12-20 11:06:10.813 +01:00 [Information] HTTP "GET" "/configurationItems" responded 200 in 14835.4202 ms
2019-12-20 11:06:11.195 +01:00 [Information] HTTP "GET" "/configurationItems" responded 200 in 15221.2909 ms
2019-12-20 11:06:11.429 +01:00 [Information] HTTP "GET" "/configurationItems" responded 200 in 14022.7378 ms
2019-12-20 11:06:14.729 +01:00 [Information] HTTP "GET" "/countries" responded 200 in 18757.3791 ms
2019-12-20 11:06:14.777 +01:00 [Information] HTTP "OPTIONS" "/fines/13338" responded 204 in 0.4280 ms
2019-12-20 11:06:18.755 +01:00 [Information] HTTP "GET" "/documents/fine/13338" responded 200 in 18353.7210 ms
2019-12-20 11:06:23.089 +01:00 [Information] HTTP "GET" "/fines/13338/activities" responded 200 in 21599.9471 ms
2019-12-20 11:06:27.327 +01:00 [Information] HTTP "GET" "/fines/13338" responded 200 in 12536.5418 ms
2019-12-20 11:06:30.568 +01:00 [Information] HTTP "OPTIONS" "/countries" responded 204 in 0.3569 ms
2019-12-20 11:06:30.569 +01:00 [Information] HTTP "OPTIONS" "/configurationItems" responded 204 in 0.0436 ms
2019-12-20 11:06:30.573 +01:00 [Information] HTTP "OPTIONS" "/configurationItems" responded 204 in 0.0480 ms
2019-12-20 11:06:30.577 +01:00 [Information] HTTP "OPTIONS" "/configurationItems" responded 204 in 0.0395 ms
2019-12-20 11:06:30.870 +01:00 [Information] HTTP "OPTIONS" "/fines/13143/activities" responded 204 in 0.0628 ms
2019-12-20 11:06:33.673 +01:00 [Information] HTTP "OPTIONS" "/documents/fine/13143" responded 204 in 0.0605 ms
2019-12-20 11:06:33.677 +01:00 [Information] HTTP "OPTIONS" "/fines/13143/activities" responded 204 in 0.3433 ms
2019-12-20 11:06:44.172 +01:00 [Information] HTTP "GET" "/countries" responded 200 in 13599.0080 ms
2019-12-20 11:06:45.581 +01:00 [Information] HTTP "GET" "/configurationItems" responded 200 in 15004.4972 ms
2019-12-20 11:06:46.880 +01:00 [Information] HTTP "GET" "/fines/13143/activities" responded 200 in 15998.8749 ms
2019-12-20 11:06:49.153 +01:00 [Information] HTTP "GET" "/configurationItems" responded 200 in 18571.4694 ms
2019-12-20 11:06:53.066 +01:00 [Information] HTTP "GET" "/configurationItems" responded 200 in 22482.5863 ms
2019-12-20 11:06:53.143 +01:00 [Information] HTTP "OPTIONS" "/fines/13143" responded 204 in 1.7993 ms
2019-12-20 11:06:57.192 +01:00 [Information] HTTP "GET" "/fines/13143/activities" responded 200 in 23506.1103 ms
2019-12-20 11:06:58.879 +01:00 [Information] HTTP "GET" "/documents/fine/13143" responded 200 in 24212.3087 ms
2019-12-20 11:07:04.310 +01:00 [Information] HTTP "GET" "/fines/13143" responded 200 in 11161.1419 ms
2019-12-20 11:07:04.649 +01:00 [Information] HTTP "OPTIONS" "/cities/22/1190" responded 204 in 0.1559 ms
2019-12-20 11:07:07.707 +01:00 [Information] HTTP "GET" "/cities/22/1190" responded 200 in 3054.4393 ms
2019-12-20 11:07:19.923 +01:00 [Information] HTTP "OPTIONS" "/fines/13143" responded 204 in 0.1789 ms
2019-12-20 11:07:25.009 +01:00 [Information] HTTP "PUT" "/fines/13143" responded 200 in 5081.0954 ms
2019-12-20 11:07:25.204 +01:00 [Information] HTTP "OPTIONS" "/fines/13143" responded 204 in 0.1329 ms
2019-12-20 11:07:25.216 +01:00 [Information] HTTP "OPTIONS" "/emailtemplates" responded 204 in 0.1236 ms
2019-12-20 11:07:34.328 +01:00 [Information] HTTP "GET" "/emailtemplates" responded 200 in 9105.9080 ms
2019-12-20 11:07:36.112 +01:00 [Information] HTTP "GET" "/fines/13143" responded 200 in 10895.3896 ms
2019-12-20 11:07:44.933 +01:00 [Information] HTTP "OPTIONS" "/emaillogs" responded 204 in 0.3612 ms
2019-12-20 11:07:48.565 +01:00 [Information] HTTP "POST" "/emaillogs" responded 200 in 3627.9832 ms
2019-12-20 11:07:48.589 +01:00 [Information] HTTP "OPTIONS" "/emaillogs/send" responded 204 in 0.1055 ms
2019-12-20 11:17:14.100 +01:00 [Information] HTTP "GET" "/" responded 404 in 47.7635 ms
2019-12-20 11:17:14.274 +01:00 [Information] HTTP "GET" "/favicon.ico" responded 404 in 32.1825 ms
2019-12-20 11:17:27.753 +01:00 [Information] HTTP "OPTIONS" "/configurationItems" responded 204 in 1.6249 ms
2019-12-20 11:17:36.650 +01:00 [Information] HTTP "GET" "/configurationItems" responded 200 in 8892.7255 ms
2019-12-20 11:17:51.165 +01:00 [Information] HTTP "OPTIONS" "/fines" responded 204 in 0.8680 ms
2019-12-20 11:17:56.699 +01:00 [Information] HTTP "GET" "/fines" responded 200 in 5529.2564 ms
2019-12-20 11:18:02.471 +01:00 [Information] HTTP "OPTIONS" "/countries" responded 204 in 0.3722 ms
2019-12-20 11:18:02.482 +01:00 [Information] HTTP "OPTIONS" "/configurationItems" responded 204 in 0.2948 ms
2019-12-20 11:18:02.483 +01:00 [Information] HTTP "OPTIONS" "/configurationItems" responded 204 in 0.2686 ms
2019-12-20 11:18:02.488 +01:00 [Information] HTTP "OPTIONS" "/configurationItems" responded 204 in 0.3075 ms
2019-12-20 11:18:04.505 +01:00 [Information] HTTP "OPTIONS" "/documents/fine/13338" responded 204 in 1.9225 ms
2019-12-20 11:18:04.507 +01:00 [Information] HTTP "OPTIONS" "/fines/13338/activities" responded 204 in 0.1166 ms
2019-12-20 11:18:14.868 +01:00 [Information] HTTP "GET" "/configurationItems" responded 200 in 12369.1447 ms
2019-12-20 11:18:14.918 +01:00 [Information] HTTP "GET" "/configurationItems" responded 200 in 12419.7914 ms
2019-12-20 11:18:15.528 +01:00 [Information] HTTP "GET" "/configurationItems" responded 200 in 12029.7607 ms
2019-12-20 11:18:16.624 +01:00 [Information] HTTP "OPTIONS" "/configurationItems" responded 204 in 0.2200 ms
2019-12-20 11:18:16.628 +01:00 [Information] HTTP "OPTIONS" "/countries" responded 204 in 2.4089 ms
2019-12-20 11:18:16.632 +01:00 [Information] HTTP "OPTIONS" "/configurationItems" responded 204 in 2.5089 ms
2019-12-20 11:18:16.639 +01:00 [Information] HTTP "OPTIONS" "/configurationItems" responded 204 in 0.0563 ms
2019-12-20 11:18:21.988 +01:00 [Information] HTTP "OPTIONS" "/documents/fine/13143" responded 204 in 0.0632 ms
2019-12-20 11:18:21.989 +01:00 [Information] HTTP "OPTIONS" "/fines/13143/activities" responded 204 in 0.0478 ms
2019-12-20 11:18:22.524 +01:00 [Information] HTTP "OPTIONS" "/fines/13143/activities" responded 204 in 0.0826 ms
2019-12-20 11:18:23.816 +01:00 [Information] HTTP "GET" "/countries" responded 200 in 21327.8184 ms
2019-12-20 11:18:29.344 +01:00 [Information] HTTP "GET" "/configurationItems" responded 200 in 12704.4360 ms
2019-12-20 11:18:30.762 +01:00 [Information] HTTP "GET" "/countries" responded 200 in 10770.7199 ms
2019-12-20 11:18:31.741 +01:00 [Information] HTTP "GET" "/configurationItems" responded 200 in 10732.2582 ms
2019-12-20 11:18:33.941 +01:00 [Information] HTTP "GET" "/documents/fine/13338" responded 200 in 29424.7855 ms
2019-12-20 11:18:40.373 +01:00 [Information] HTTP "GET" "/fines/13143/activities" responded 200 in 16540.4880 ms
2019-12-20 11:18:41.674 +01:00 [Information] HTTP "GET" "/fines/13338/activities" responded 200 in 35663.2073 ms
2019-12-20 11:18:43.547 +01:00 [Information] HTTP "GET" "/configurationItems" responded 200 in 21557.5237 ms
2019-12-20 11:18:43.573 +01:00 [Information] HTTP "OPTIONS" "/fines/13143" responded 204 in 0.1461 ms
2019-12-20 11:18:48.034 +01:00 [Information] HTTP "GET" "/documents/fine/13143" responded 200 in 25509.4871 ms
2019-12-20 11:18:52.139 +01:00 [Information] HTTP "GET" "/fines/13143/activities" responded 200 in 28622.4498 ms
2019-12-20 11:18:56.191 +01:00 [Information] HTTP "GET" "/fines/13143" responded 200 in 12613.2206 ms
2019-12-20 11:18:56.531 +01:00 [Information] HTTP "OPTIONS" "/cities/22/1190" responded 204 in 0.1677 ms
2019-12-20 11:19:00.041 +01:00 [Information] HTTP "GET" "/cities/22/1190" responded 200 in 3506.5036 ms
2019-12-20 11:19:07.857 +01:00 [Information] HTTP "OPTIONS" "/fines/13143" responded 204 in 0.3213 ms
2019-12-20 11:19:13.075 +01:00 [Information] HTTP "PUT" "/fines/13143" responded 200 in 5210.9670 ms
2019-12-20 11:19:13.203 +01:00 [Information] HTTP "OPTIONS" "/fines/13143" responded 204 in 0.1641 ms
2019-12-20 11:19:13.207 +01:00 [Information] HTTP "OPTIONS" "/emailtemplates" responded 204 in 0.0439 ms
2019-12-20 11:19:22.580 +01:00 [Information] HTTP "GET" "/emailtemplates" responded 200 in 9363.7018 ms
2019-12-20 11:19:24.413 +01:00 [Information] HTTP "GET" "/fines/13143" responded 200 in 11205.6555 ms
2019-12-20 11:19:30.360 +01:00 [Information] HTTP "OPTIONS" "/emaillogs" responded 204 in 0.1287 ms
2019-12-20 11:19:33.681 +01:00 [Information] HTTP "POST" "/emaillogs" responded 200 in 3315.8268 ms
2019-12-20 11:19:33.706 +01:00 [Information] HTTP "OPTIONS" "/emaillogs/send" responded 204 in 0.1237 ms
2019-12-20 11:20:04.191 +01:00 [Information] HTTP "POST" "/emaillogs/send" responded 200 in 30481.2508 ms
2019-12-20 11:37:10.600 +01:00 [Information] HTTP "OPTIONS" "/configurationItems" responded 204 in 5.6088 ms
2019-12-20 11:37:13.465 +01:00 [Information] HTTP "GET" "/configurationItems" responded 200 in 2862.6238 ms
2019-12-20 11:37:35.018 +01:00 [Information] HTTP "OPTIONS" "/countries" responded 204 in 0.0775 ms
2019-12-20 11:37:35.019 +01:00 [Information] HTTP "OPTIONS" "/configurationItems" responded 204 in 0.0604 ms
2019-12-20 11:37:35.020 +01:00 [Information] HTTP "OPTIONS" "/configurationItems" responded 204 in 0.0730 ms
2019-12-20 11:37:35.020 +01:00 [Information] HTTP "OPTIONS" "/configurationItems" responded 204 in 0.0688 ms
2019-12-20 11:37:39.085 +01:00 [Information] HTTP "OPTIONS" "/fines/13143/activities" responded 204 in 1.4898 ms
2019-12-20 11:37:44.460 +01:00 [Information] HTTP "GET" "/configurationItems" responded 200 in 9417.5785 ms
2019-12-20 11:37:44.574 +01:00 [Information] HTTP "GET" "/countries" responded 200 in 9542.2648 ms
2019-12-20 11:37:49.005 +01:00 [Information] HTTP "GET" "/configurationItems" responded 200 in 13833.1802 ms
2019-12-20 11:37:49.791 +01:00 [Information] HTTP "GET" "/configurationItems" responded 200 in 11715.3307 ms
2019-12-20 11:37:49.950 +01:00 [Information] HTTP "OPTIONS" "/countries" responded 204 in 0.0683 ms
2019-12-20 11:37:49.952 +01:00 [Information] HTTP "OPTIONS" "/configurationItems" responded 204 in 0.0373 ms
2019-12-20 11:37:49.961 +01:00 [Information] HTTP "OPTIONS" "/configurationItems" responded 204 in 0.0398 ms
2019-12-20 11:37:49.961 +01:00 [Information] HTTP "OPTIONS" "/configurationItems" responded 204 in 0.0314 ms
2019-12-20 11:37:50.261 +01:00 [Information] HTTP "OPTIONS" "/fines/13143/activities" responded 204 in 0.0422 ms
2019-12-20 11:37:50.510 +01:00 [Information] HTTP "OPTIONS" "/documents/fine/13143" responded 204 in 0.0476 ms
2019-12-20 11:37:50.615 +01:00 [Information] HTTP "OPTIONS" "/fines/13143/activities" responded 204 in 0.0569 ms
2019-12-20 11:37:57.899 +01:00 [Information] HTTP "GET" "/countries" responded 200 in 7943.8263 ms
2019-12-20 11:37:57.975 +01:00 [Information] HTTP "GET" "/configurationItems" responded 200 in 8008.6686 ms
2019-12-20 11:38:03.048 +01:00 [Information] HTTP "GET" "/configurationItems" responded 200 in 13081.8317 ms
2019-12-20 11:38:04.428 +01:00 [Information] HTTP "GET" "/configurationItems" responded 200 in 14467.2630 ms
2019-12-20 11:38:04.466 +01:00 [Information] HTTP "OPTIONS" "/fines/13143" responded 204 in 0.0487 ms
2019-12-20 11:38:10.205 +01:00 [Information] HTTP "GET" "/fines/13143/activities" responded 200 in 19935.1446 ms
2019-12-20 11:38:13.810 +01:00 [Information] HTTP "GET" "/documents/fine/13143" responded 200 in 23284.7123 ms
2019-12-20 11:38:19.666 +01:00 [Information] HTTP "GET" "/fines/13143" responded 200 in 15189.7681 ms
2019-12-20 11:38:19.835 +01:00 [Information] HTTP "GET" "/fines/13143/activities" responded 200 in 28137.4628 ms
2019-12-20 11:38:20.056 +01:00 [Information] HTTP "OPTIONS" "/cities/22/1190" responded 204 in 0.1445 ms
2019-12-20 11:38:22.934 +01:00 [Information] HTTP "GET" "/cities/22/1190" responded 200 in 2875.7152 ms
2019-12-20 11:40:17.252 +01:00 [Information] HTTP "OPTIONS" "/fines/13143" responded 204 in 0.2648 ms
2019-12-20 11:40:24.265 +01:00 [Information] HTTP "PUT" "/fines/13143" responded 200 in 7003.5473 ms
2019-12-20 11:40:25.753 +01:00 [Information] HTTP "OPTIONS" "/configurationItems" responded 204 in 0.0469 ms
2019-12-20 11:40:29.068 +01:00 [Information] HTTP "GET" "/configurationItems" responded 200 in 3312.1254 ms
2019-12-20 11:40:30.777 +01:00 [Information] HTTP "OPTIONS" "/fines" responded 204 in 0.0682 ms
2019-12-20 11:40:35.329 +01:00 [Information] HTTP "GET" "/fines" responded 200 in 4550.0737 ms
2019-12-20 11:40:42.288 +01:00 [Information] HTTP "OPTIONS" "/countries" responded 204 in 0.0315 ms
2019-12-20 11:40:42.290 +01:00 [Information] HTTP "OPTIONS" "/configurationItems" responded 204 in 0.0316 ms
2019-12-20 11:40:42.290 +01:00 [Information] HTTP "OPTIONS" "/configurationItems" responded 204 in 0.0316 ms
2019-12-20 11:40:43.928 +01:00 [Information] HTTP "OPTIONS" "/configurationItems" responded 204 in 0.0357 ms
2019-12-20 11:40:43.929 +01:00 [Information] HTTP "OPTIONS" "/fines/13143/activities" responded 204 in 0.0284 ms
2019-12-20 11:40:43.929 +01:00 [Information] HTTP "OPTIONS" "/documents/fine/13143" responded 204 in 0.0260 ms
2019-12-20 11:40:43.930 +01:00 [Information] HTTP "OPTIONS" "/fines/13143/activities" responded 204 in 0.0232 ms
2019-12-20 11:40:50.394 +01:00 [Information] HTTP "GET" "/countries" responded 200 in 8102.6973 ms
2019-12-20 11:40:50.406 +01:00 [Information] HTTP "GET" "/configurationItems" responded 200 in 8109.2353 ms
2019-12-20 11:40:55.693 +01:00 [Information] HTTP "GET" "/configurationItems" responded 200 in 13277.5672 ms
2019-12-20 11:40:57.575 +01:00 [Information] HTTP "GET" "/configurationItems" responded 200 in 13586.1346 ms
2019-12-20 11:40:57.610 +01:00 [Information] HTTP "OPTIONS" "/fines/13143" responded 204 in 0.0473 ms
2019-12-20 11:41:03.198 +01:00 [Information] HTTP "GET" "/fines/13143/activities" responded 200 in 18291.9422 ms
2019-12-20 11:41:08.508 +01:00 [Information] HTTP "GET" "/fines/13143/activities" responded 200 in 22656.3584 ms
2019-12-20 11:41:11.994 +01:00 [Information] HTTP "GET" "/documents/fine/13143" responded 200 in 24625.8845 ms
2019-12-20 11:41:13.107 +01:00 [Information] HTTP "GET" "/fines/13143" responded 200 in 15489.4930 ms
2019-12-20 11:41:13.456 +01:00 [Information] HTTP "OPTIONS" "/cities/22/1190" responded 204 in 0.0783 ms
2019-12-20 11:41:16.895 +01:00 [Information] HTTP "GET" "/cities/22/1190" responded 200 in 3433.9834 ms
2019-12-20 11:41:22.939 +01:00 [Information] HTTP "OPTIONS" "/ActivityLogs/1821" responded 204 in 0.0393 ms
2019-12-20 11:41:26.880 +01:00 [Information] HTTP "GET" "/ActivityLogs/1821" responded 200 in 3938.3603 ms
2019-12-20 11:41:42.679 +01:00 [Information] HTTP "OPTIONS" "/configurationItems" responded 204 in 0.0596 ms
2019-12-20 11:41:45.632 +01:00 [Information] HTTP "GET" "/configurationItems" responded 200 in 2950.2375 ms
2019-12-20 11:41:47.440 +01:00 [Information] HTTP "OPTIONS" "/fines" responded 204 in 0.0609 ms
2019-12-20 11:41:51.506 +01:00 [Information] HTTP "GET" "/fines" responded 200 in 4063.3123 ms
2019-12-20 11:41:55.038 +01:00 [Information] HTTP "OPTIONS" "/countries" responded 204 in 1.0407 ms
2019-12-20 11:41:55.042 +01:00 [Information] HTTP "OPTIONS" "/configurationItems" responded 204 in 0.0380 ms
2019-12-20 11:41:55.047 +01:00 [Information] HTTP "OPTIONS" "/configurationItems" responded 204 in 0.0324 ms
2019-12-20 11:41:55.048 +01:00 [Information] HTTP "OPTIONS" "/configurationItems" responded 204 in 0.0201 ms
2019-12-20 11:41:56.048 +01:00 [Information] HTTP "OPTIONS" "/documents/fine/17845" responded 204 in 0.0681 ms
2019-12-20 11:41:56.053 +01:00 [Information] HTTP "OPTIONS" "/fines/17845/activities" responded 204 in 0.9839 ms
2019-12-20 11:42:02.534 +01:00 [Information] HTTP "GET" "/configurationItems" responded 200 in 7485.7510 ms
2019-12-20 11:42:03.724 +01:00 [Information] HTTP "GET" "/configurationItems" responded 200 in 7673.7497 ms
2019-12-20 11:42:06.709 +01:00 [Information] HTTP "GET" "/documents/fine/17845" responded 200 in 10654.4106 ms
2019-12-20 11:42:08.694 +01:00 [Information] HTTP "GET" "/countries" responded 200 in 13646.9437 ms
2019-12-20 11:42:12.098 +01:00 [Information] HTTP "GET" "/configurationItems" responded 200 in 17047.3550 ms
2019-12-20 11:42:12.128 +01:00 [Information] HTTP "OPTIONS" "/fines/17845" responded 204 in 0.0386 ms
2019-12-20 11:42:16.860 +01:00 [Information] HTTP "GET" "/fines/17845/activities" responded 200 in 19813.8824 ms
2019-12-20 11:42:21.639 +01:00 [Information] HTTP "GET" "/fines/17845" responded 200 in 9505.2360 ms
2019-12-20 11:42:56.006 +01:00 [Information] HTTP "OPTIONS" "/cities/22/119%C3%A0" responded 204 in 0.0310 ms
2019-12-20 11:42:57.511 +01:00 [Information] HTTP "OPTIONS" "/cities/22/1190" responded 204 in 0.0422 ms
2019-12-20 11:43:00.115 +01:00 [Information] HTTP "GET" "/cities/22/119%C3%A0" responded 200 in 4101.1538 ms
2019-12-20 11:43:01.798 +01:00 [Information] HTTP "GET" "/cities/22/1190" responded 200 in 4279.9349 ms
2019-12-20 11:43:09.996 +01:00 [Information] HTTP "OPTIONS" "/fines/17845" responded 204 in 0.0382 ms
2019-12-20 11:43:22.601 +01:00 [Information] HTTP "PUT" "/fines/17845" responded 422 in 12593.0626 ms
2019-12-20 11:43:37.321 +01:00 [Information] HTTP "OPTIONS" "/countries" responded 204 in 0.0341 ms
2019-12-20 11:43:37.324 +01:00 [Information] HTTP "OPTIONS" "/configurationItems" responded 204 in 0.0280 ms
2019-12-20 11:43:37.328 +01:00 [Information] HTTP "OPTIONS" "/configurationItems" responded 204 in 0.0261 ms
2019-12-20 11:43:37.335 +01:00 [Information] HTTP "OPTIONS" "/configurationItems" responded 204 in 0.0272 ms
2019-12-20 11:43:37.618 +01:00 [Information] HTTP "OPTIONS" "/fines/17845/activities" responded 204 in 0.5466 ms
2019-12-20 11:43:38.834 +01:00 [Information] HTTP "OPTIONS" "/documents/fine/17845" responded 204 in 0.0452 ms
2019-12-20 11:43:38.841 +01:00 [Information] HTTP "OPTIONS" "/fines/17845/activities" responded 204 in 0.0268 ms
2019-12-20 11:43:45.525 +01:00 [Information] HTTP "GET" "/configurationItems" responded 200 in 8190.3768 ms
2019-12-20 11:43:45.598 +01:00 [Information] HTTP "GET" "/countries" responded 200 in 8271.2095 ms
2019-12-20 11:43:50.407 +01:00 [Information] HTTP "GET" "/documents/fine/17845" responded 200 in 11560.1127 ms
2019-12-20 11:43:52.348 +01:00 [Information] HTTP "GET" "/configurationItems" responded 200 in 15004.1951 ms
2019-12-20 11:43:55.384 +01:00 [Information] HTTP "GET" "/configurationItems" responded 200 in 18048.0507 ms
2019-12-20 11:43:55.426 +01:00 [Information] HTTP "OPTIONS" "/fines/17845" responded 204 in 0.9340 ms
2019-12-20 11:44:00.430 +01:00 [Information] HTTP "GET" "/fines/17845/activities" responded 200 in 22807.3723 ms
2019-12-20 11:44:02.871 +01:00 [Information] HTTP "GET" "/fines/17845/activities" responded 200 in 23033.5208 ms
2019-12-20 11:44:07.130 +01:00 [Information] HTTP "GET" "/fines/17845" responded 200 in 11700.6765 ms
2019-12-20 11:44:55.007 +01:00 [Information] HTTP "OPTIONS" "/cities/22/119%C3%A0" responded 204 in 0.2016 ms
2019-12-20 11:44:56.282 +01:00 [Information] HTTP "OPTIONS" "/cities/22/1190" responded 204 in 0.0339 ms
2019-12-20 11:45:01.237 +01:00 [Information] HTTP "GET" "/cities/22/119%C3%A0" responded 200 in 6187.9985 ms
2019-12-20 11:45:02.751 +01:00 [Information] HTTP "GET" "/cities/22/1190" responded 200 in 6463.2515 ms
2019-12-20 11:45:07.826 +01:00 [Information] HTTP "OPTIONS" "/fines/17845" responded 204 in 0.0417 ms
2019-12-20 11:45:18.951 +01:00 [Information] HTTP "PUT" "/fines/17845" responded 422 in 11117.5353 ms
2019-12-20 11:45:32.293 +01:00 [Information] HTTP "OPTIONS" "/fines/17845" responded 204 in 0.0440 ms
2019-12-20 11:46:05.418 +01:00 [Information] HTTP "GET" "/" responded 404 in 149.9459 ms
2019-12-20 11:46:05.924 +01:00 [Information] HTTP "GET" "/favicon.ico" responded 404 in 59.7358 ms
2019-12-20 11:46:20.289 +01:00 [Information] HTTP "OPTIONS" "/configurationItems" responded 204 in 2.8009 ms
2019-12-20 11:46:20.290 +01:00 [Information] HTTP "OPTIONS" "/configurationItems" responded 204 in 0.1260 ms
2019-12-20 11:46:20.291 +01:00 [Information] HTTP "OPTIONS" "/countries" responded 204 in 0.2386 ms
2019-12-20 11:46:36.468 +01:00 [Information] HTTP "GET" "/configurationItems" responded 200 in 16166.5423 ms
2019-12-20 11:46:36.468 +01:00 [Information] HTTP "GET" "/configurationItems" responded 200 in 16166.5224 ms
2019-12-20 11:46:36.468 +01:00 [Information] HTTP "GET" "/countries" responded 200 in 16166.5224 ms
2019-12-20 11:46:57.209 +01:00 [Information] HTTP "OPTIONS" "/configurationItems" responded 204 in 7.3257 ms
2019-12-20 11:46:57.209 +01:00 [Information] HTTP "OPTIONS" "/countries" responded 204 in 0.3946 ms
2019-12-20 11:46:57.210 +01:00 [Information] HTTP "OPTIONS" "/configurationItems" responded 204 in 0.4288 ms
2019-12-20 11:47:05.580 +01:00 [Information] HTTP "GET" "/configurationItems" responded 200 in 8361.4702 ms
2019-12-20 11:47:06.185 +01:00 [Information] HTTP "GET" "/countries" responded 200 in 8966.1833 ms
2019-12-20 11:47:06.518 +01:00 [Information] HTTP "GET" "/configurationItems" responded 200 in 9302.8515 ms
2019-12-20 11:47:31.797 +01:00 [Information] HTTP "OPTIONS" "/employees/plates" responded 204 in 0.2597 ms
2019-12-20 11:47:34.842 +01:00 [Information] HTTP "GET" "/employees/plates" responded 200 in 3040.0440 ms
2019-12-20 11:47:43.443 +01:00 [Information] HTTP "OPTIONS" "/fines" responded 204 in 0.2799 ms
2019-12-20 11:47:49.612 +01:00 [Information] HTTP "POST" "/fines" responded 200 in 6163.2030 ms
2019-12-20 11:47:49.688 +01:00 [Information] HTTP "OPTIONS" "/countries" responded 204 in 0.2165 ms
2019-12-20 11:47:49.696 +01:00 [Information] HTTP "OPTIONS" "/configurationItems" responded 204 in 0.0433 ms
2019-12-20 11:47:49.704 +01:00 [Information] HTTP "OPTIONS" "/configurationItems" responded 204 in 0.0426 ms
2019-12-20 11:47:49.713 +01:00 [Information] HTTP "OPTIONS" "/configurationItems" responded 204 in 0.0487 ms
2019-12-20 11:47:49.856 +01:00 [Information] HTTP "OPTIONS" "/documents/fine/20721" responded 204 in 0.0539 ms
2019-12-20 11:47:50.054 +01:00 [Information] HTTP "OPTIONS" "/fines/20721/activities" responded 204 in 1.1413 ms
2019-12-20 11:47:58.834 +01:00 [Information] HTTP "GET" "/configurationItems" responded 200 in 9082.8333 ms
2019-12-20 11:47:59.236 +01:00 [Information] HTTP "GET" "/configurationItems" responded 200 in 9487.9629 ms
2019-12-20 11:48:01.410 +01:00 [Information] HTTP "GET" "/configurationItems" responded 200 in 11664.8964 ms
2019-12-20 11:48:05.338 +01:00 [Information] HTTP "GET" "/countries" responded 200 in 15618.4150 ms
2019-12-20 11:48:05.366 +01:00 [Information] HTTP "OPTIONS" "/fines/20721" responded 204 in 0.1521 ms
2019-12-20 11:48:10.329 +01:00 [Information] HTTP "GET" "/documents/fine/20721" responded 200 in 20449.5091 ms
2019-12-20 11:48:13.869 +01:00 [Information] HTTP "GET" "/fines/20721/activities" responded 200 in 23617.2876 ms
2019-12-20 11:48:17.022 +01:00 [Information] HTTP "GET" "/fines/20721" responded 200 in 11644.0121 ms
2019-12-20 11:50:05.223 +01:00 [Information] HTTP "OPTIONS" "/fines/20721" responded 204 in 0.1972 ms
2019-12-20 11:51:32.544 +01:00 [Information] HTTP "PUT" "/fines/20721" responded 200 in 87312.0105 ms
2019-12-20 11:52:03.441 +01:00 [Information] HTTP "OPTIONS" "/countries" responded 204 in 1.6508 ms
2019-12-20 11:52:03.445 +01:00 [Information] HTTP "OPTIONS" "/configurationItems" responded 204 in 0.1233 ms
2019-12-20 11:52:03.445 +01:00 [Information] HTTP "OPTIONS" "/configurationItems" responded 204 in 0.1231 ms
2019-12-20 11:52:03.446 +01:00 [Information] HTTP "OPTIONS" "/configurationItems" responded 204 in 0.0950 ms
2019-12-20 11:52:07.467 +01:00 [Information] HTTP "OPTIONS" "/fines/17845/activities" responded 204 in 0.1241 ms
2019-12-20 11:52:07.478 +01:00 [Information] HTTP "OPTIONS" "/documents/fine/17845" responded 204 in 0.0477 ms
2019-12-20 11:52:07.506 +01:00 [Information] HTTP "OPTIONS" "/fines/17845/activities" responded 204 in 0.0585 ms
2019-12-20 11:52:11.866 +01:00 [Information] HTTP "GET" "/configurationItems" responded 200 in 8412.2756 ms
2019-12-20 11:52:11.867 +01:00 [Information] HTTP "GET" "/countries" responded 200 in 8420.9411 ms
2019-12-20 11:52:18.402 +01:00 [Information] HTTP "GET" "/configurationItems" responded 200 in 14827.6304 ms
2019-12-20 11:52:19.693 +01:00 [Information] HTTP "GET" "/configurationItems" responded 200 in 13681.6270 ms
2019-12-20 11:52:19.732 +01:00 [Information] HTTP "OPTIONS" "/fines/17845" responded 204 in 0.9603 ms
2019-12-20 11:52:24.644 +01:00 [Information] HTTP "GET" "/fines/17845/activities" responded 200 in 17133.2627 ms
2019-12-20 11:52:27.757 +01:00 [Information] HTTP "GET" "/documents/fine/17845" responded 200 in 19276.4330 ms
2019-12-20 11:52:33.010 +01:00 [Information] HTTP "GET" "/fines/17845/activities" responded 200 in 23553.9588 ms
2019-12-20 11:52:33.097 +01:00 [Information] HTTP "GET" "/fines/17845" responded 200 in 13345.5385 ms
2019-12-20 11:53:16.249 +01:00 [Information] HTTP "OPTIONS" "/countries" responded 204 in 0.0772 ms
2019-12-20 11:53:16.253 +01:00 [Information] HTTP "OPTIONS" "/configurationItems" responded 204 in 0.0706 ms
2019-12-20 11:53:16.254 +01:00 [Information] HTTP "OPTIONS" "/configurationItems" responded 204 in 0.0713 ms
2019-12-20 11:53:16.255 +01:00 [Information] HTTP "OPTIONS" "/configurationItems" responded 204 in 0.0540 ms
2019-12-20 11:53:19.878 +01:00 [Information] HTTP "OPTIONS" "/fines/20681/activities" responded 204 in 0.0493 ms
2019-12-20 11:53:19.887 +01:00 [Information] HTTP "OPTIONS" "/documents/fine/20681" responded 204 in 1.3148 ms
2019-12-20 11:53:19.888 +01:00 [Information] HTTP "OPTIONS" "/fines/20681/activities" responded 204 in 0.0350 ms
2019-12-20 11:53:25.164 +01:00 [Information] HTTP "GET" "/countries" responded 200 in 8898.2528 ms
2019-12-20 11:53:25.235 +01:00 [Information] HTTP "GET" "/configurationItems" responded 200 in 8852.4080 ms
2019-12-20 11:53:31.350 +01:00 [Information] HTTP "GET" "/configurationItems" responded 200 in 15066.1184 ms
2019-12-20 11:53:33.364 +01:00 [Information] HTTP "GET" "/configurationItems" responded 200 in 15026.5911 ms
2019-12-20 11:53:33.407 +01:00 [Information] HTTP "OPTIONS" "/fines/20681" responded 204 in 0.0539 ms
2019-12-20 11:53:39.395 +01:00 [Information] HTTP "GET" "/fines/20681/activities" responded 200 in 19452.5450 ms
2019-12-20 11:53:42.112 +01:00 [Information] HTTP "GET" "/documents/fine/20681" responded 200 in 18836.4311 ms
2019-12-20 11:53:48.296 +01:00 [Information] HTTP "GET" "/fines/20681/activities" responded 200 in 23518.3405 ms
2019-12-20 11:53:49.047 +01:00 [Information] HTTP "GET" "/fines/20681" responded 200 in 15624.4900 ms
2019-12-20 11:54:02.198 +01:00 [Information] HTTP "OPTIONS" "/fines/20681" responded 204 in 0.0636 ms
2019-12-20 11:57:56.871 +01:00 [Information] HTTP "GET" "/" responded 404 in 49.7686 ms
2019-12-20 12:56:14.867 +01:00 [Information] HTTP "OPTIONS" "/configurationItems" responded 204 in 30.0813 ms
2019-12-20 12:56:14.867 +01:00 [Information] HTTP "OPTIONS" "/countries" responded 204 in 1.5564 ms
2019-12-20 12:56:14.879 +01:00 [Information] HTTP "OPTIONS" "/configurationItems" responded 204 in 0.0550 ms
2019-12-20 12:56:14.879 +01:00 [Information] HTTP "OPTIONS" "/configurationItems" responded 204 in 0.1274 ms
2019-12-20 12:56:16.363 +01:00 [Information] HTTP "OPTIONS" "/fines/20681/activities" responded 204 in 0.0508 ms
2019-12-20 12:56:16.369 +01:00 [Information] HTTP "OPTIONS" "/documents/fine/20681" responded 204 in 0.0437 ms
2019-12-20 12:56:16.375 +01:00 [Information] HTTP "OPTIONS" "/fines/20681/activities" responded 204 in 0.0718 ms
2019-12-20 12:56:47.168 +01:00 [Information] HTTP "GET" "/configurationItems" responded 200 in 32281.4348 ms
2019-12-20 12:56:47.174 +01:00 [Information] HTTP "GET" "/documents/fine/20681" responded 200 in 28318.0773 ms
2019-12-20 12:56:47.174 +01:00 [Information] HTTP "GET" "/configurationItems" responded 200 in 32293.5322 ms
2019-12-20 12:56:47.183 +01:00 [Information] HTTP "GET" "/configurationItems" responded 200 in 32295.3077 ms
2019-12-20 12:56:47.211 +01:00 [Information] HTTP "GET" "/countries" responded 200 in 32324.9246 ms
2019-12-20 12:56:47.349 +01:00 [Information] HTTP "OPTIONS" "/fines/20681" responded 204 in 1.2381 ms
2019-12-20 12:56:48.192 +01:00 [Information] HTTP "GET" "/fines/20681/activities" responded 200 in 31812.7287 ms
2019-12-20 12:56:48.283 +01:00 [Information] HTTP "GET" "/fines/20681/activities" responded 200 in 28350.1105 ms
2019-12-20 12:56:55.778 +01:00 [Information] HTTP "GET" "/fines/20681" responded 200 in 8422.2178 ms
2019-12-20 12:57:08.626 +01:00 [Information] HTTP "OPTIONS" "/fines/20681" responded 204 in 0.6606 ms
2019-12-20 12:57:49.662 +01:00 [Information] HTTP "PUT" "/fines/20681" responded 200 in 41032.6470 ms
2019-12-20 12:58:00.607 +01:00 [Information] HTTP "OPTIONS" "/countries" responded 204 in 0.3133 ms
2019-12-20 12:58:00.609 +01:00 [Information] HTTP "OPTIONS" "/configurationItems" responded 204 in 0.0395 ms
2019-12-20 12:58:00.609 +01:00 [Information] HTTP "OPTIONS" "/configurationItems" responded 204 in 0.0731 ms
2019-12-20 12:58:00.611 +01:00 [Information] HTTP "OPTIONS" "/configurationItems" responded 204 in 0.0466 ms
2019-12-20 12:58:03.145 +01:00 [Information] HTTP "OPTIONS" "/fines/20681/activities" responded 204 in 0.0753 ms
2019-12-20 12:58:03.150 +01:00 [Information] HTTP "OPTIONS" "/documents/fine/20681" responded 204 in 0.0425 ms
2019-12-20 12:58:03.157 +01:00 [Information] HTTP "OPTIONS" "/fines/20681/activities" responded 204 in 0.0710 ms
2019-12-20 12:58:09.753 +01:00 [Information] HTTP "GET" "/countries" responded 200 in 9136.3319 ms
2019-12-20 12:58:09.838 +01:00 [Information] HTTP "GET" "/configurationItems" responded 200 in 9224.2032 ms
2019-12-20 12:58:13.022 +01:00 [Information] HTTP "GET" "/configurationItems" responded 200 in 12408.0189 ms
2019-12-20 12:58:15.323 +01:00 [Information] HTTP "GET" "/configurationItems" responded 200 in 14701.3830 ms
2019-12-20 12:58:15.398 +01:00 [Information] HTTP "OPTIONS" "/fines/20681" responded 204 in 0.1602 ms
2019-12-20 12:58:20.989 +01:00 [Information] HTTP "GET" "/fines/20681/activities" responded 200 in 17827.5859 ms
2019-12-20 12:58:22.904 +01:00 [Information] HTTP "GET" "/documents/fine/20681" responded 200 in 18276.4428 ms
2019-12-20 12:58:30.495 +01:00 [Information] HTTP "GET" "/fines/20681/activities" responded 200 in 21861.6665 ms
2019-12-20 12:58:35.994 +01:00 [Information] HTTP "GET" "/fines/20681" responded 200 in 20524.4674 ms
2019-12-20 13:00:57.951 +01:00 [Information] HTTP "OPTIONS" "/ActivityLogs/1841" responded 204 in 0.2185 ms
2019-12-20 13:01:02.076 +01:00 [Information] HTTP "GET" "/ActivityLogs/1841" responded 200 in 4115.3920 ms
2019-12-20 13:01:21.253 +01:00 [Information] HTTP "OPTIONS" "/fines/20681" responded 204 in 0.1986 ms
2019-12-20 13:01:30.563 +01:00 [Information] HTTP "PUT" "/fines/20681" responded 200 in 9301.3305 ms
2019-12-20 13:01:38.854 +01:00 [Information] HTTP "OPTIONS" "/countries" responded 204 in 0.1547 ms
2019-12-20 13:01:38.856 +01:00 [Information] HTTP "OPTIONS" "/configurationItems" responded 204 in 0.1112 ms
2019-12-20 13:01:38.863 +01:00 [Information] HTTP "OPTIONS" "/configurationItems" responded 204 in 0.1014 ms
2019-12-20 13:01:38.870 +01:00 [Information] HTTP "OPTIONS" "/configurationItems" responded 204 in 0.1026 ms
2019-12-20 13:01:39.116 +01:00 [Information] HTTP "OPTIONS" "/fines/20681/activities" responded 204 in 0.0946 ms
2019-12-20 13:01:39.417 +01:00 [Information] HTTP "OPTIONS" "/documents/fine/20681" responded 204 in 0.1041 ms
2019-12-20 13:01:39.469 +01:00 [Information] HTTP "OPTIONS" "/fines/20681/activities" responded 204 in 0.0996 ms
2019-12-20 13:01:46.401 +01:00 [Information] HTTP "GET" "/countries" responded 200 in 7538.3797 ms
2019-12-20 13:01:46.454 +01:00 [Information] HTTP "GET" "/configurationItems" responded 200 in 7590.7263 ms
2019-12-20 13:01:51.553 +01:00 [Information] HTTP "GET" "/configurationItems" responded 200 in 12668.7102 ms
2019-12-20 13:01:53.371 +01:00 [Information] HTTP "GET" "/configurationItems" responded 200 in 14500.1941 ms
2019-12-20 13:01:53.406 +01:00 [Information] HTTP "OPTIONS" "/fines/20681" responded 204 in 0.0925 ms
2019-12-20 13:01:58.333 +01:00 [Information] HTTP "GET" "/fines/20681/activities" responded 200 in 19210.0066 ms
2019-12-20 13:02:01.369 +01:00 [Information] HTTP "GET" "/documents/fine/20681" responded 200 in 21944.2387 ms
2019-12-20 13:02:06.744 +01:00 [Information] HTTP "GET" "/fines/20681/activities" responded 200 in 27266.0428 ms
2019-12-20 13:02:08.328 +01:00 [Information] HTTP "GET" "/fines/20681" responded 200 in 13753.9268 ms
2019-12-20 13:02:16.858 +01:00 [Information] HTTP "OPTIONS" "/ActivityLogs/1843" responded 204 in 0.2657 ms
2019-12-20 13:02:21.715 +01:00 [Information] HTTP "GET" "/ActivityLogs/1843" responded 200 in 4854.8257 ms
2019-12-20 13:02:27.944 +01:00 [Information] HTTP "OPTIONS" "/ActivityLogs/1842" responded 204 in 0.0766 ms
2019-12-20 13:02:32.406 +01:00 [Information] HTTP "GET" "/ActivityLogs/1842" responded 200 in 4457.8096 ms
2019-12-20 13:06:19.459 +01:00 [Information] HTTP "OPTIONS" "/fines/20681" responded 204 in 0.3365 ms
2019-12-20 13:06:28.433 +01:00 [Information] HTTP "PUT" "/fines/20681" responded 200 in 8967.8062 ms
2019-12-20 13:06:36.497 +01:00 [Information] HTTP "OPTIONS" "/countries" responded 204 in 0.0497 ms
2019-12-20 13:06:36.498 +01:00 [Information] HTTP "OPTIONS" "/configurationItems" responded 204 in 0.0370 ms
2019-12-20 13:06:36.503 +01:00 [Information] HTTP "OPTIONS" "/configurationItems" responded 204 in 0.0388 ms
2019-12-20 13:06:36.507 +01:00 [Information] HTTP "OPTIONS" "/configurationItems" responded 204 in 0.0406 ms
2019-12-20 13:06:36.782 +01:00 [Information] HTTP "OPTIONS" "/fines/20681/activities" responded 204 in 0.0640 ms
2019-12-20 13:06:43.929 +01:00 [Information] HTTP "GET" "/countries" responded 200 in 7424.4819 ms
2019-12-20 13:06:43.997 +01:00 [Information] HTTP "GET" "/configurationItems" responded 200 in 7486.6040 ms
2019-12-20 13:06:46.480 +01:00 [Information] HTTP "OPTIONS" "/countries" responded 204 in 0.0374 ms
2019-12-20 13:06:46.488 +01:00 [Information] HTTP "OPTIONS" "/configurationItems" responded 204 in 0.0409 ms
2019-12-20 13:06:46.488 +01:00 [Information] HTTP "OPTIONS" "/configurationItems" responded 204 in 0.0450 ms
2019-12-20 13:06:46.497 +01:00 [Information] HTTP "OPTIONS" "/configurationItems" responded 204 in 0.0440 ms
2019-12-20 13:06:48.933 +01:00 [Information] HTTP "OPTIONS" "/fines/20681/activities" responded 204 in 0.0412 ms
2019-12-20 13:06:48.938 +01:00 [Information] HTTP "OPTIONS" "/documents/fine/20681" responded 204 in 2.2839 ms
2019-12-20 13:06:48.944 +01:00 [Information] HTTP "OPTIONS" "/fines/20681/activities" responded 204 in 1.2256 ms
2019-12-20 13:06:49.392 +01:00 [Information] HTTP "GET" "/configurationItems" responded 200 in 12882.9361 ms
2019-12-20 13:06:55.688 +01:00 [Information] HTTP "GET" "/configurationItems" responded 200 in 9182.7014 ms
2019-12-20 13:07:00.739 +01:00 [Information] HTTP "GET" "/fines/20681/activities" responded 200 in 11788.4830 ms
2019-12-20 13:07:00.762 +01:00 [Information] HTTP "GET" "/fines/20681/activities" responded 200 in 10253.2817 ms
2019-12-20 13:07:02.117 +01:00 [Information] HTTP "GET" "/configurationItems" responded 200 in 25603.8882 ms
2019-12-20 13:07:05.038 +01:00 [Information] HTTP "GET" "/documents/fine/20681" responded 200 in 15596.4108 ms
2019-12-20 13:07:10.640 +01:00 [Information] HTTP "GET" "/fines/20681/activities" responded 200 in 33849.8709 ms
2019-12-20 13:07:13.179 +01:00 [Information] HTTP "GET" "/configurationItems" responded 200 in 26672.6482 ms
2019-12-20 13:07:16.023 +01:00 [Information] HTTP "GET" "/configurationItems" responded 200 in 29530.2340 ms
2019-12-20 13:07:17.602 +01:00 [Information] HTTP "GET" "/countries" responded 200 in 31106.6727 ms
2019-12-20 13:07:17.619 +01:00 [Information] HTTP "OPTIONS" "/fines/20681" responded 204 in 0.0609 ms
2019-12-20 13:07:25.718 +01:00 [Information] HTTP "GET" "/fines/20681" responded 200 in 8097.1578 ms
2019-12-20 13:07:47.439 +01:00 [Information] HTTP "OPTIONS" "/ActivityLogs/1845" responded 204 in 0.0311 ms
2019-12-20 13:07:52.833 +01:00 [Information] HTTP "GET" "/ActivityLogs/1845" responded 200 in 5385.3780 ms
2019-12-20 13:08:07.042 +01:00 [Information] HTTP "OPTIONS" "/ActivityLogs/1845" responded 204 in 0.0298 ms
2019-12-20 13:08:12.397 +01:00 [Information] HTTP "GET" "/ActivityLogs/1845" responded 200 in 5352.0516 ms
2019-12-20 13:08:24.694 +01:00 [Information] HTTP "OPTIONS" "/ActivityLogs/1844" responded 204 in 0.1406 ms
2019-12-20 13:08:30.021 +01:00 [Information] HTTP "GET" "/ActivityLogs/1844" responded 200 in 5319.6230 ms
2019-12-20 13:08:57.847 +01:00 [Information] HTTP "OPTIONS" "/ActivityLogs/1844" responded 204 in 0.0479 ms
2019-12-20 13:09:03.307 +01:00 [Information] HTTP "GET" "/ActivityLogs/1844" responded 200 in 5451.1165 ms
2019-12-20 13:15:19.017 +01:00 [Information] HTTP "OPTIONS" "/countries" responded 204 in 0.1315 ms
2019-12-20 13:15:19.017 +01:00 [Information] HTTP "OPTIONS" "/configurationItems" responded 204 in 0.1284 ms
2019-12-20 13:15:19.019 +01:00 [Information] HTTP "OPTIONS" "/configurationItems" responded 204 in 0.0263 ms
2019-12-20 13:15:19.019 +01:00 [Information] HTTP "OPTIONS" "/configurationItems" responded 204 in 0.0229 ms
2019-12-20 13:15:25.582 +01:00 [Information] HTTP "OPTIONS" "/fines/20681/activities" responded 204 in 0.0298 ms
2019-12-20 13:15:25.584 +01:00 [Information] HTTP "OPTIONS" "/documents/fine/20681" responded 204 in 0.0340 ms
2019-12-20 13:15:25.586 +01:00 [Information] HTTP "OPTIONS" "/fines/20681/activities" responded 204 in 0.0289 ms
2019-12-20 13:15:29.409 +01:00 [Information] HTTP "GET" "/configurationItems" responded 200 in 10381.9285 ms
2019-12-20 13:15:29.435 +01:00 [Information] HTTP "GET" "/configurationItems" responded 200 in 10408.0715 ms
2019-12-20 13:15:36.117 +01:00 [Information] HTTP "GET" "/countries" responded 200 in 17088.7836 ms
2019-12-20 13:15:41.229 +01:00 [Information] HTTP "GET" "/configurationItems" responded 200 in 19678.7370 ms
2019-12-20 13:15:41.313 +01:00 [Information] HTTP "OPTIONS" "/fines/20681" responded 204 in 0.0306 ms
2019-12-20 14:06:48.481 +01:00 [Information] HTTP "GET" "/" responded 404 in 98.2196 ms
2019-12-20 14:06:48.784 +01:00 [Information] HTTP "GET" "/favicon.ico" responded 404 in 43.0738 ms
2019-12-20 14:07:22.742 +01:00 [Information] HTTP "OPTIONS" "/configurationItems" responded 204 in 2.8371 ms
2019-12-20 14:07:22.742 +01:00 [Information] HTTP "OPTIONS" "/configurationItems" responded 204 in 0.2880 ms
2019-12-20 14:07:22.743 +01:00 [Information] HTTP "OPTIONS" "/countries" responded 204 in 0.0686 ms
2019-12-20 14:07:22.744 +01:00 [Information] HTTP "OPTIONS" "/configurationItems" responded 204 in 0.0532 ms
2019-12-20 14:07:26.723 +01:00 [Information] HTTP "OPTIONS" "/fines/13143/activities" responded 204 in 0.8971 ms
2019-12-20 14:07:26.734 +01:00 [Information] HTTP "OPTIONS" "/documents/fine/13143" responded 204 in 0.0554 ms
2019-12-20 14:07:26.740 +01:00 [Information] HTTP "OPTIONS" "/fines/13143/activities" responded 204 in 0.9851 ms
2019-12-20 14:08:01.171 +01:00 [Information] HTTP "GET" "/configurationItems" responded 200 in 38417.2717 ms
2019-12-20 14:08:01.171 +01:00 [Information] HTTP "GET" "/configurationItems" responded 200 in 38418.8996 ms
2019-12-20 14:08:01.176 +01:00 [Information] HTTP "GET" "/documents/fine/13143" responded 200 in 34428.1703 ms
2019-12-20 14:08:01.177 +01:00 [Information] HTTP "GET" "/countries" responded 200 in 38415.9504 ms
2019-12-20 14:08:01.177 +01:00 [Information] HTTP "GET" "/configurationItems" responded 200 in 38420.5843 ms
2019-12-20 14:08:01.393 +01:00 [Information] HTTP "OPTIONS" "/fines/13143" responded 204 in 0.2423 ms
2019-12-20 14:08:07.774 +01:00 [Information] HTTP "GET" "/fines/13143/activities" responded 200 in 40089.3208 ms
2019-12-20 14:08:11.766 +01:00 [Information] HTTP "GET" "/fines/13143/activities" responded 200 in 42500.7615 ms
2019-12-20 14:08:19.768 +01:00 [Information] HTTP "GET" "/fines/13143" responded 200 in 18360.9850 ms
2019-12-20 14:08:20.170 +01:00 [Information] HTTP "OPTIONS" "/cities/22/1190" responded 204 in 0.5841 ms
2019-12-20 14:08:24.035 +01:00 [Information] HTTP "GET" "/cities/22/1190" responded 200 in 3854.0609 ms
2019-12-20 14:08:39.895 +01:00 [Information] HTTP "OPTIONS" "/fines/13143" responded 204 in 0.6048 ms
2019-12-20 14:08:49.702 +01:00 [Information] HTTP "PUT" "/fines/13143" responded 200 in 9796.6347 ms
2019-12-20 14:09:09.379 +01:00 [Information] HTTP "OPTIONS" "/configurationItems" responded 204 in 0.7781 ms
2019-12-20 14:09:09.404 +01:00 [Information] HTTP "OPTIONS" "/countries" responded 204 in 0.5071 ms
2019-12-20 14:09:09.406 +01:00 [Information] HTTP "OPTIONS" "/configurationItems" responded 204 in 0.4768 ms
2019-12-20 14:09:09.407 +01:00 [Information] HTTP "OPTIONS" "/configurationItems" responded 204 in 0.2543 ms
2019-12-20 14:09:09.781 +01:00 [Information] HTTP "OPTIONS" "/fines/13143/activities" responded 204 in 0.2301 ms
2019-12-20 14:09:10.308 +01:00 [Information] HTTP "OPTIONS" "/fines/13143/activities" responded 204 in 1.0891 ms
2019-12-20 14:09:10.309 +01:00 [Information] HTTP "OPTIONS" "/documents/fine/13143" responded 204 in 1.2150 ms
2019-12-20 14:09:22.409 +01:00 [Information] HTTP "GET" "/configurationItems" responded 200 in 12907.5251 ms
2019-12-20 14:09:33.089 +01:00 [Information] HTTP "GET" "/fines/13143/activities" responded 200 in 23272.7170 ms
2019-12-20 14:09:34.031 +01:00 [Information] HTTP "GET" "/configurationItems" responded 200 in 24427.2126 ms
2019-12-20 14:09:39.413 +01:00 [Information] HTTP "GET" "/configurationItems" responded 200 in 29912.7139 ms
2019-12-20 14:09:55.427 +01:00 [Information] HTTP "GET" "/fines/13143/activities" responded 200 in 45038.2776 ms
2019-12-20 14:09:56.367 +01:00 [Information] HTTP "GET" "/documents/fine/13143" responded 200 in 45978.7471 ms
2019-12-20 14:09:58.436 +01:00 [Information] HTTP "GET" "/countries" responded 200 in 48840.6743 ms
2019-12-20 14:09:58.484 +01:00 [Information] HTTP "OPTIONS" "/fines/13143" responded 204 in 0.1482 ms
2019-12-20 14:10:07.639 +01:00 [Information] HTTP "GET" "/fines/13143" responded 200 in 9143.2233 ms
2019-12-20 14:10:08.043 +01:00 [Information] HTTP "OPTIONS" "/cities/22/1190" responded 204 in 0.1062 ms
2019-12-20 14:10:13.274 +01:00 [Information] HTTP "GET" "/cities/22/1190" responded 200 in 5200.1467 ms
2019-12-20 14:10:40.383 +01:00 [Information] HTTP "OPTIONS" "/fines/13143" responded 204 in 10.0153 ms
2019-12-20 14:10:50.305 +01:00 [Information] HTTP "PUT" "/fines/13143" responded 200 in 9890.7307 ms
2019-12-20 14:11:15.325 +01:00 [Information] HTTP "OPTIONS" "/countries" responded 204 in 0.0895 ms
2019-12-20 14:11:15.329 +01:00 [Information] HTTP "OPTIONS" "/configurationItems" responded 204 in 0.0667 ms
2019-12-20 14:11:15.333 +01:00 [Information] HTTP "OPTIONS" "/configurationItems" responded 204 in 0.3508 ms
2019-12-20 14:11:15.340 +01:00 [Information] HTTP "OPTIONS" "/configurationItems" responded 204 in 0.3507 ms
2019-12-20 14:11:18.967 +01:00 [Information] HTTP "OPTIONS" "/fines/13143/activities" responded 204 in 0.0425 ms
2019-12-20 14:11:18.976 +01:00 [Information] HTTP "OPTIONS" "/documents/fine/13143" responded 204 in 0.0532 ms
2019-12-20 14:11:18.979 +01:00 [Information] HTTP "OPTIONS" "/fines/13143/activities" responded 204 in 0.0409 ms
2019-12-20 14:11:26.581 +01:00 [Information] HTTP "GET" "/countries" responded 200 in 11053.1666 ms
2019-12-20 14:11:26.726 +01:00 [Information] HTTP "GET" "/configurationItems" responded 200 in 11321.1849 ms
2019-12-20 14:11:37.978 +01:00 [Information] HTTP "GET" "/configurationItems" responded 200 in 22523.1104 ms
2019-12-20 14:11:42.341 +01:00 [Information] HTTP "GET" "/documents/fine/13143" responded 200 in 15668.1248 ms
2019-12-20 14:11:44.890 +01:00 [Information] HTTP "GET" "/configurationItems" responded 200 in 29429.6130 ms
2019-12-20 14:11:44.984 +01:00 [Information] HTTP "OPTIONS" "/fines/13143" responded 204 in 0.0499 ms
2019-12-20 14:11:52.929 +01:00 [Information] HTTP "GET" "/fines/13143/activities" responded 200 in 33885.2710 ms
2019-12-20 14:12:01.774 +01:00 [Information] HTTP "GET" "/fines/13143/activities" responded 200 in 39840.2457 ms
2019-12-20 14:12:05.273 +01:00 [Information] HTTP "GET" "/fines/13143" responded 200 in 20203.3623 ms
2019-12-20 14:12:05.651 +01:00 [Information] HTTP "OPTIONS" "/cities/22/1190" responded 204 in 0.0449 ms
2019-12-20 14:12:09.634 +01:00 [Information] HTTP "GET" "/cities/22/1190" responded 200 in 3977.8247 ms
2019-12-20 14:12:41.508 +01:00 [Information] HTTP "OPTIONS" "/fines/13143" responded 204 in 0.0619 ms
2019-12-20 14:12:57.916 +01:00 [Information] HTTP "PUT" "/fines/13143" responded 200 in 16399.7895 ms
2019-12-20 14:13:29.908 +01:00 [Information] HTTP "OPTIONS" "/countries" responded 204 in 0.2048 ms
2019-12-20 14:13:29.926 +01:00 [Information] HTTP "OPTIONS" "/configurationItems" responded 204 in 0.0460 ms
2019-12-20 14:13:29.927 +01:00 [Information] HTTP "OPTIONS" "/configurationItems" responded 204 in 0.0339 ms
2019-12-20 14:13:29.927 +01:00 [Information] HTTP "OPTIONS" "/configurationItems" responded 204 in 0.0390 ms
2019-12-20 14:13:32.000 +01:00 [Information] HTTP "OPTIONS" "/fines/13143/activities" responded 204 in 0.0547 ms
2019-12-20 14:13:32.006 +01:00 [Information] HTTP "OPTIONS" "/documents/fine/13143" responded 204 in 0.1000 ms
2019-12-20 14:13:32.009 +01:00 [Information] HTTP "OPTIONS" "/fines/13143/activities" responded 204 in 0.0409 ms
2019-12-20 14:13:41.287 +01:00 [Information] HTTP "GET" "/configurationItems" responded 200 in 11329.2732 ms
2019-12-20 14:13:42.321 +01:00 [Information] HTTP "GET" "/countries" responded 200 in 12383.1549 ms
2019-12-20 14:13:47.928 +01:00 [Information] HTTP "GET" "/configurationItems" responded 200 in 17968.0041 ms
2019-12-20 14:13:52.812 +01:00 [Information] HTTP "GET" "/configurationItems" responded 200 in 22858.2187 ms
2019-12-20 14:13:52.837 +01:00 [Information] HTTP "OPTIONS" "/fines/13143" responded 204 in 0.0340 ms
2019-12-20 14:13:59.479 +01:00 [Information] HTTP "GET" "/documents/fine/13143" responded 200 in 27462.3007 ms
2019-12-20 14:14:10.355 +01:00 [Information] HTTP "GET" "/fines/13143/activities" responded 200 in 34840.3641 ms
2019-12-20 14:14:16.744 +01:00 [Information] HTTP "GET" "/fines/13143" responded 200 in 23885.6201 ms
2019-12-20 14:14:16.965 +01:00 [Information] HTTP "GET" "/fines/13143/activities" responded 200 in 40443.8849 ms
2019-12-20 14:14:17.398 +01:00 [Information] HTTP "OPTIONS" "/cities/22/1190" responded 204 in 0.0819 ms
2019-12-20 14:14:21.212 +01:00 [Information] HTTP "GET" "/cities/22/1190" responded 200 in 3803.4347 ms
2019-12-20 14:14:59.067 +01:00 [Information] HTTP "OPTIONS" "/fines/13143" responded 204 in 0.0601 ms
2019-12-20 14:15:38.223 +01:00 [Information] HTTP "PUT" "/fines/13143" responded 200 in 39143.0452 ms
2019-12-20 14:16:20.775 +01:00 [Information] HTTP "OPTIONS" "/configurationItems" responded 204 in 0.2196 ms
2019-12-20 14:16:20.778 +01:00 [Information] HTTP "OPTIONS" "/configurationItems" responded 204 in 0.0305 ms
2019-12-20 14:16:20.779 +01:00 [Information] HTTP "OPTIONS" "/configurationItems" responded 204 in 0.0318 ms
2019-12-20 14:16:20.782 +01:00 [Information] HTTP "OPTIONS" "/countries" responded 204 in 1.3402 ms
2019-12-20 14:16:25.317 +01:00 [Information] HTTP "OPTIONS" "/fines/13143/activities" responded 204 in 0.0281 ms
2019-12-20 14:16:25.322 +01:00 [Information] HTTP "OPTIONS" "/fines/13143/activities" responded 204 in 0.0295 ms
2019-12-20 14:16:25.324 +01:00 [Information] HTTP "OPTIONS" "/documents/fine/13143" responded 204 in 0.0263 ms
2019-12-20 14:16:31.756 +01:00 [Information] HTTP "GET" "/configurationItems" responded 200 in 10920.0010 ms
2019-12-20 14:16:31.846 +01:00 [Information] HTTP "GET" "/configurationItems" responded 200 in 11050.6778 ms
2019-12-20 14:16:38.115 +01:00 [Information] HTTP "GET" "/configurationItems" responded 200 in 17279.2056 ms
2019-12-20 14:16:41.074 +01:00 [Information] HTTP "GET" "/countries" responded 200 in 16728.1167 ms
2019-12-20 14:16:41.183 +01:00 [Information] HTTP "OPTIONS" "/fines/13143" responded 204 in 1.0477 ms
2019-12-20 14:16:48.477 +01:00 [Information] HTTP "GET" "/fines/13143/activities" responded 200 in 23050.8050 ms
2019-12-20 14:16:55.393 +01:00 [Information] HTTP "GET" "/fines/13143/activities" responded 200 in 28586.6601 ms
2019-12-20 14:17:00.969 +01:00 [Information] HTTP "GET" "/documents/fine/13143" responded 200 in 33150.0301 ms
2019-12-20 14:17:02.624 +01:00 [Information] HTTP "GET" "/fines/13143" responded 200 in 21429.5047 ms
2019-12-20 14:17:02.987 +01:00 [Information] HTTP "OPTIONS" "/cities/22/1190" responded 204 in 0.0534 ms
2019-12-20 14:17:07.118 +01:00 [Information] HTTP "GET" "/cities/22/1190" responded 200 in 4126.0567 ms
2019-12-20 14:17:48.239 +01:00 [Information] HTTP "OPTIONS" "/fines/13143" responded 204 in 0.0442 ms
2019-12-20 14:18:02.352 +01:00 [Information] HTTP "PUT" "/fines/13143" responded 200 in 14103.6824 ms
2019-12-20 14:18:17.450 +01:00 [Information] HTTP "OPTIONS" "/countries" responded 204 in 4.3371 ms
2019-12-20 14:18:17.458 +01:00 [Information] HTTP "OPTIONS" "/configurationItems" responded 204 in 0.0359 ms
2019-12-20 14:18:17.464 +01:00 [Information] HTTP "OPTIONS" "/configurationItems" responded 204 in 0.0290 ms
2019-12-20 14:18:17.467 +01:00 [Information] HTTP "OPTIONS" "/configurationItems" responded 204 in 0.0373 ms
2019-12-20 14:18:18.011 +01:00 [Information] HTTP "OPTIONS" "/fines/13143/activities" responded 204 in 0.0384 ms
2019-12-20 14:18:18.436 +01:00 [Information] HTTP "OPTIONS" "/documents/fine/13143" responded 204 in 0.0352 ms
2019-12-20 14:18:23.991 +01:00 [Information] HTTP "OPTIONS" "/fines/13143/activities" responded 204 in 0.0288 ms
2019-12-20 14:18:28.741 +01:00 [Information] HTTP "GET" "/configurationItems" responded 200 in 11248.0783 ms
2019-12-20 14:18:28.814 +01:00 [Information] HTTP "GET" "/configurationItems" responded 200 in 11346.4423 ms
2019-12-20 14:18:35.380 +01:00 [Information] HTTP "GET" "/configurationItems" responded 200 in 17879.4676 ms
2019-12-20 14:18:38.528 +01:00 [Information] HTTP "GET" "/countries" responded 200 in 20903.3328 ms
2019-12-20 14:18:38.566 +01:00 [Information] HTTP "OPTIONS" "/fines/13143" responded 204 in 0.0347 ms
2019-12-20 14:18:42.864 +01:00 [Information] HTTP "GET" "/documents/fine/13143" responded 200 in 24414.6663 ms
2019-12-20 14:18:52.184 +01:00 [Information] HTTP "GET" "/fines/13143/activities" responded 200 in 34136.6790 ms
2019-12-20 14:18:58.653 +01:00 [Information] HTTP "GET" "/fines/13143/activities" responded 200 in 34652.8895 ms
2019-12-20 14:19:00.869 +01:00 [Information] HTTP "GET" "/fines/13143" responded 200 in 22241.7927 ms
2019-12-20 14:19:01.248 +01:00 [Information] HTTP "OPTIONS" "/cities/22/1190" responded 204 in 0.0269 ms
2019-12-20 14:19:06.318 +01:00 [Information] HTTP "GET" "/cities/22/1190" responded 200 in 5065.9401 ms
2019-12-20 14:19:16.217 +01:00 [Information] HTTP "OPTIONS" "/fines/13143" responded 204 in 0.0377 ms
2019-12-20 14:20:58.753 +01:00 [Information] HTTP "GET" "/" responded 404 in 65.8306 ms
2019-12-20 14:21:38.845 +01:00 [Information] HTTP "OPTIONS" "/fines/13143" responded 204 in 36.1379 ms
2019-12-20 14:22:23.096 +01:00 [Information] HTTP "PUT" "/fines/13143" responded 200 in 44239.1344 ms
2019-12-20 14:22:44.794 +01:00 [Information] HTTP "OPTIONS" "/countries" responded 204 in 0.4857 ms
2019-12-20 14:22:44.801 +01:00 [Information] HTTP "OPTIONS" "/configurationItems" responded 204 in 0.5356 ms
2019-12-20 14:22:44.807 +01:00 [Information] HTTP "OPTIONS" "/configurationItems" responded 204 in 0.3606 ms
2019-12-20 14:22:44.810 +01:00 [Information] HTTP "OPTIONS" "/configurationItems" responded 204 in 0.3072 ms
2019-12-20 14:22:47.360 +01:00 [Information] HTTP "OPTIONS" "/fines/13143/activities" responded 204 in 1.1239 ms
2019-12-20 14:22:47.367 +01:00 [Information] HTTP "OPTIONS" "/documents/fine/13143" responded 204 in 1.2706 ms
2019-12-20 14:22:47.402 +01:00 [Information] HTTP "OPTIONS" "/fines/13143/activities" responded 204 in 0.0560 ms
2019-12-20 14:23:00.597 +01:00 [Information] HTTP "GET" "/configurationItems" responded 200 in 15756.2255 ms
2019-12-20 14:23:01.149 +01:00 [Information] HTTP "GET" "/countries" responded 200 in 16310.0833 ms
2019-12-20 14:23:03.690 +01:00 [Information] HTTP "GET" "/configurationItems" responded 200 in 18740.2292 ms
2019-12-20 14:23:06.844 +01:00 [Information] HTTP "GET" "/configurationItems" responded 200 in 21893.2488 ms
2019-12-20 14:23:06.937 +01:00 [Information] HTTP "OPTIONS" "/fines/13143" responded 204 in 0.2766 ms
2019-12-20 14:23:19.064 +01:00 [Information] HTTP "GET" "/fines/13143/activities" responded 200 in 31661.8818 ms
2019-12-20 14:23:22.312 +01:00 [Information] HTTP "GET" "/documents/fine/13143" responded 200 in 33443.4069 ms
2019-12-20 14:23:28.750 +01:00 [Information] HTTP "GET" "/fines/13143/activities" responded 200 in 38372.8750 ms
2019-12-20 14:23:32.090 +01:00 [Information] HTTP "GET" "/fines/13143" responded 200 in 25128.5927 ms
2019-12-20 14:23:32.496 +01:00 [Information] HTTP "OPTIONS" "/cities/22/1190" responded 204 in 0.1812 ms
2019-12-20 14:23:37.238 +01:00 [Information] HTTP "GET" "/cities/22/1190" responded 200 in 4735.2815 ms
2019-12-20 14:23:47.285 +01:00 [Information] HTTP "OPTIONS" "/ActivityLogs/1868" responded 204 in 0.1566 ms
2019-12-20 14:23:52.896 +01:00 [Information] HTTP "GET" "/ActivityLogs/1868" responded 200 in 5591.6503 ms
2019-12-20 14:23:56.959 +01:00 [Information] HTTP "OPTIONS" "/ActivityLogs/1867" responded 204 in 0.1927 ms
2019-12-20 14:24:02.049 +01:00 [Information] HTTP "GET" "/ActivityLogs/1867" responded 200 in 5071.7058 ms
2019-12-20 14:24:08.367 +01:00 [Information] HTTP "OPTIONS" "/fines/13143" responded 204 in 0.1545 ms
2019-12-20 14:24:19.585 +01:00 [Information] HTTP "PUT" "/fines/13143" responded 200 in 11209.9403 ms
2019-12-20 14:24:32.890 +01:00 [Information] HTTP "OPTIONS" "/countries" responded 204 in 0.1298 ms
2019-12-20 14:24:32.906 +01:00 [Information] HTTP "OPTIONS" "/configurationItems" responded 204 in 0.1295 ms
2019-12-20 14:24:32.939 +01:00 [Information] HTTP "OPTIONS" "/configurationItems" responded 204 in 0.4957 ms
2019-12-20 14:24:32.968 +01:00 [Information] HTTP "OPTIONS" "/configurationItems" responded 204 in 0.0897 ms
2019-12-20 14:24:33.251 +01:00 [Information] HTTP "OPTIONS" "/fines/13143/activities" responded 204 in 0.1405 ms
2019-12-20 14:24:33.748 +01:00 [Information] HTTP "OPTIONS" "/documents/fine/13143" responded 204 in 0.1427 ms
2019-12-20 14:24:33.975 +01:00 [Information] HTTP "OPTIONS" "/fines/13143/activities" responded 204 in 0.1591 ms
2019-12-20 14:24:48.694 +01:00 [Information] HTTP "GET" "/fines/13143/activities" responded 200 in 15424.8868 ms
2019-12-20 14:24:49.760 +01:00 [Information] HTTP "GET" "/fines/13143/activities" responded 200 in 15696.5145 ms
2019-12-20 14:24:52.590 +01:00 [Information] HTTP "GET" "/countries" responded 200 in 19620.2900 ms
2019-12-20 14:24:56.677 +01:00 [Information] HTTP "GET" "/configurationItems" responded 200 in 23697.5847 ms
2019-12-20 14:25:02.095 +01:00 [Information] HTTP "GET" "/configurationItems" responded 200 in 29092.0705 ms
2019-12-20 14:25:05.359 +01:00 [Information] HTTP "GET" "/configurationItems" responded 200 in 32366.2713 ms
2019-12-20 14:25:05.389 +01:00 [Information] HTTP "OPTIONS" "/fines/13143" responded 204 in 0.0845 ms
2019-12-20 14:25:08.975 +01:00 [Information] HTTP "GET" "/documents/fine/13143" responded 200 in 35046.5532 ms
2019-12-20 14:25:18.334 +01:00 [Information] HTTP "GET" "/fines/13143" responded 200 in 12927.8802 ms
2019-12-20 14:25:18.709 +01:00 [Information] HTTP "OPTIONS" "/cities/22/1190" responded 204 in 0.1030 ms
2019-12-20 14:25:23.530 +01:00 [Information] HTTP "GET" "/cities/22/1190" responded 200 in 4810.2913 ms
2019-12-20 14:25:34.089 +01:00 [Information] HTTP "OPTIONS" "/ActivityLogs/1869" responded 204 in 0.0969 ms
2019-12-20 14:25:39.575 +01:00 [Information] HTTP "GET" "/ActivityLogs/1869" responded 200 in 5445.7010 ms
2019-12-20 14:25:57.428 +01:00 [Information] HTTP "OPTIONS" "/fines/13143" responded 204 in 0.0638 ms
2019-12-20 14:26:10.623 +01:00 [Information] HTTP "PUT" "/fines/13143" responded 200 in 13190.4654 ms
2019-12-20 14:26:29.839 +01:00 [Information] HTTP "OPTIONS" "/countries" responded 204 in 0.0852 ms
2019-12-20 14:26:29.845 +01:00 [Information] HTTP "OPTIONS" "/configurationItems" responded 204 in 0.0367 ms
2019-12-20 14:26:29.849 +01:00 [Information] HTTP "OPTIONS" "/configurationItems" responded 204 in 0.0435 ms
2019-12-20 14:26:29.849 +01:00 [Information] HTTP "OPTIONS" "/configurationItems" responded 204 in 0.0346 ms
2019-12-20 14:26:35.303 +01:00 [Information] HTTP "OPTIONS" "/fines/13143/activities" responded 204 in 0.0443 ms
2019-12-20 14:26:35.303 +01:00 [Information] HTTP "OPTIONS" "/documents/fine/13143" responded 204 in 0.0345 ms
2019-12-20 14:26:35.304 +01:00 [Information] HTTP "OPTIONS" "/fines/13143/activities" responded 204 in 0.0439 ms
2019-12-20 14:26:44.615 +01:00 [Information] HTTP "GET" "/configurationItems" responded 200 in 14719.7118 ms
2019-12-20 14:26:45.067 +01:00 [Information] HTTP "GET" "/countries" responded 200 in 15215.0691 ms
2019-12-20 14:26:49.719 +01:00 [Information] HTTP "GET" "/configurationItems" responded 200 in 19735.0489 ms
2019-12-20 14:26:54.000 +01:00 [Information] HTTP "GET" "/configurationItems" responded 200 in 24111.8458 ms
2019-12-20 14:26:54.121 +01:00 [Information] HTTP "OPTIONS" "/fines/13143" responded 204 in 0.0497 ms
2019-12-20 14:27:02.928 +01:00 [Information] HTTP "GET" "/fines/13143/activities" responded 200 in 27608.5595 ms
2019-12-20 14:27:08.993 +01:00 [Information] HTTP "GET" "/documents/fine/13143" responded 200 in 33642.2226 ms
2019-12-20 14:27:17.711 +01:00 [Information] HTTP "GET" "/fines/13143" responded 200 in 23574.6150 ms
2019-12-20 14:27:18.032 +01:00 [Information] HTTP "GET" "/fines/13143/activities" responded 200 in 35187.1452 ms
2019-12-20 14:27:18.616 +01:00 [Information] HTTP "OPTIONS" "/cities/22/1190" responded 204 in 0.0697 ms
2019-12-20 14:27:22.783 +01:00 [Information] HTTP "GET" "/cities/22/1190" responded 200 in 4136.9683 ms
2019-12-20 14:27:52.894 +01:00 [Information] HTTP "OPTIONS" "/fines/13143" responded 204 in 0.0651 ms
2019-12-20 15:10:41.506 +01:00 [Information] HTTP "GET" "/" responded 404 in 172.2893 ms
2019-12-20 15:10:42.153 +01:00 [Information] HTTP "GET" "/favicon.ico" responded 404 in 48.5845 ms
2019-12-20 15:11:50.454 +01:00 [Information] HTTP "OPTIONS" "/countries" responded 204 in 18.5102 ms
2019-12-20 15:11:50.454 +01:00 [Information] HTTP "OPTIONS" "/configurationItems" responded 204 in 18.5102 ms
2019-12-20 15:11:50.454 +01:00 [Information] HTTP "OPTIONS" "/configurationItems" responded 204 in 1.2183 ms
2019-12-20 15:11:50.457 +01:00 [Information] HTTP "OPTIONS" "/configurationItems" responded 204 in 0.0596 ms
2019-12-20 15:11:51.316 +01:00 [Information] HTTP "OPTIONS" "/fines/13143/activities" responded 204 in 0.0732 ms
2019-12-20 15:11:56.454 +01:00 [Information] HTTP "OPTIONS" "/documents/fine/13143" responded 204 in 0.0497 ms
2019-12-20 15:11:56.470 +01:00 [Information] HTTP "OPTIONS" "/fines/13143/activities" responded 204 in 0.0462 ms
2019-12-20 15:12:27.102 +01:00 [Information] HTTP "OPTIONS" "/configurationItems" responded 204 in 4.6932 ms
2019-12-20 15:12:27.109 +01:00 [Information] HTTP "OPTIONS" "/countries" responded 204 in 2.7101 ms
2019-12-20 15:12:27.113 +01:00 [Information] HTTP "OPTIONS" "/configurationItems" responded 204 in 1.4379 ms
2019-12-20 15:12:27.113 +01:00 [Information] HTTP "OPTIONS" "/configurationItems" responded 204 in 0.0524 ms
2019-12-20 15:12:27.114 +01:00 [Information] HTTP "OPTIONS" "/fines/13143/activities" responded 204 in 0.0416 ms
2019-12-20 15:12:27.114 +01:00 [Information] HTTP "OPTIONS" "/documents/fine/13143" responded 204 in 0.0357 ms
2019-12-20 15:12:27.114 +01:00 [Information] HTTP "OPTIONS" "/fines/13143/activities" responded 204 in 0.0434 ms
2019-12-20 15:12:39.840 +01:00 [Information] HTTP "GET" "/countries" responded 200 in 49351.7891 ms
2019-12-20 15:12:39.842 +01:00 [Information] HTTP "GET" "/configurationItems" responded 200 in 49299.8233 ms
2019-12-20 15:12:39.842 +01:00 [Information] HTTP "GET" "/configurationItems" responded 200 in 49279.4476 ms
2019-12-20 15:12:39.842 +01:00 [Information] HTTP "GET" "/configurationItems" responded 200 in 49263.8023 ms
2019-12-20 15:12:46.879 +01:00 [Information] HTTP "GET" "/documents/fine/13143" responded 200 in 50404.0296 ms
2019-12-20 15:12:46.948 +01:00 [Information] HTTP "GET" "/fines/13143/activities" responded 200 in 55563.3004 ms
2019-12-20 15:12:54.267 +01:00 [Information] HTTP "GET" "/documents/fine/13143" responded 200 in 14399.2410 ms
2019-12-20 15:12:57.056 +01:00 [Information] HTTP "GET" "/configurationItems" responded 200 in 17190.7426 ms
2019-12-20 15:13:00.111 +01:00 [Information] HTTP "GET" "/fines/13143/activities" responded 200 in 20248.2378 ms
2019-12-20 15:13:01.478 +01:00 [Information] HTTP "GET" "/fines/13143/activities" responded 200 in 64025.4462 ms
2019-12-20 15:13:06.214 +01:00 [Information] HTTP "GET" "/configurationItems" responded 200 in 38275.5253 ms
2019-12-20 15:13:11.077 +01:00 [Information] HTTP "GET" "/countries" responded 200 in 39610.7147 ms
2019-12-20 15:13:13.783 +01:00 [Information] HTTP "GET" "/configurationItems" responded 200 in 40782.6749 ms
2019-12-20 15:13:13.847 +01:00 [Information] HTTP "OPTIONS" "/fines/13143" responded 204 in 0.3218 ms
2019-12-20 15:13:19.745 +01:00 [Information] HTTP "GET" "/fines/13143/activities" responded 200 in 44769.0951 ms
2019-12-20 15:13:27.026 +01:00 [Information] HTTP "GET" "/fines/13143" responded 200 in 13169.0623 ms
2019-12-20 15:13:27.442 +01:00 [Information] HTTP "OPTIONS" "/cities/22/1190" responded 204 in 0.2157 ms
2019-12-20 15:13:31.293 +01:00 [Information] HTTP "GET" "/cities/22/1190" responded 200 in 3839.2800 ms
2019-12-20 15:46:30.983 +01:00 [Information] HTTP "OPTIONS" "/configurationItems" responded 204 in 0.3806 ms
2019-12-20 15:46:30.984 +01:00 [Information] HTTP "OPTIONS" "/countries" responded 204 in 0.8875 ms
2019-12-20 15:46:31.001 +01:00 [Information] HTTP "OPTIONS" "/configurationItems" responded 204 in 0.6164 ms
2019-12-20 15:46:31.020 +01:00 [Information] HTTP "OPTIONS" "/configurationItems" responded 204 in 0.2421 ms
2019-12-20 15:46:45.306 +01:00 [Information] HTTP "GET" "/configurationItems" responded 200 in 13835.1327 ms
2019-12-20 15:46:45.313 +01:00 [Information] HTTP "GET" "/configurationItems" responded 200 in 13983.3247 ms
2019-12-20 15:46:51.865 +01:00 [Information] HTTP "GET" "/configurationItems" responded 200 in 20799.4703 ms
2019-12-20 15:46:54.727 +01:00 [Information] HTTP "GET" "/countries" responded 200 in 19154.7369 ms
2019-12-20 15:46:56.290 +01:00 [Information] HTTP "OPTIONS" "/fines/13143/activities" responded 204 in 0.1105 ms
2019-12-20 15:47:05.690 +01:00 [Information] HTTP "GET" "/fines/13143/activities" responded 200 in 9380.9695 ms
2019-12-20 15:47:10.165 +01:00 [Information] HTTP "OPTIONS" "/documents/fine/13143" responded 204 in 0.1424 ms
2019-12-20 15:47:12.117 +01:00 [Information] HTTP "OPTIONS" "/fines/13143/activities" responded 204 in 0.1024 ms
2019-12-20 15:47:28.562 +01:00 [Information] HTTP "GET" "/documents/fine/13143" responded 200 in 18298.4870 ms
2019-12-20 15:47:35.238 +01:00 [Information] HTTP "GET" "/fines/13143/activities" responded 200 in 22804.3920 ms
2019-12-20 15:47:36.333 +01:00 [Information] HTTP "OPTIONS" "/fines/13143" responded 204 in 0.1250 ms
2019-12-20 15:47:54.617 +01:00 [Information] HTTP "GET" "/fines/13143" responded 200 in 18218.0987 ms
2019-12-20 15:48:03.224 +01:00 [Information] HTTP "OPTIONS" "/configurationItems" responded 204 in 0.1129 ms
2019-12-20 15:48:10.348 +01:00 [Information] HTTP "GET" "/configurationItems" responded 200 in 7084.4622 ms
2019-12-20 15:48:20.513 +01:00 [Information] HTTP "OPTIONS" "/configurationItems" responded 204 in 1.0342 ms
2019-12-20 15:48:20.543 +01:00 [Information] HTTP "OPTIONS" "/configurationItems" responded 204 in 0.0727 ms
2019-12-20 15:48:20.554 +01:00 [Information] HTTP "OPTIONS" "/countries" responded 204 in 0.0901 ms
2019-12-20 15:48:40.112 +01:00 [Information] HTTP "GET" "/configurationItems" responded 200 in 19582.9351 ms
2019-12-20 15:48:40.364 +01:00 [Information] HTTP "GET" "/countries" responded 200 in 19699.7358 ms
2019-12-20 15:48:44.324 +01:00 [Information] HTTP "GET" "/configurationItems" responded 200 in 23757.2683 ms
2019-12-20 15:48:45.811 +01:00 [Information] HTTP "OPTIONS" "/cities/22/1190" responded 204 in 0.6521 ms
2019-12-20 15:48:50.836 +01:00 [Information] HTTP "GET" "/cities/22/1190" responded 200 in 4951.7264 ms
2019-12-20 15:51:21.481 +01:00 [Information] HTTP "OPTIONS" "/configurationItems" responded 204 in 0.0642 ms
2019-12-20 15:51:21.497 +01:00 [Information] HTTP "OPTIONS" "/configurationItems" responded 204 in 0.0401 ms
2019-12-20 15:51:21.533 +01:00 [Information] HTTP "OPTIONS" "/countries" responded 204 in 0.0455 ms
2019-12-20 15:51:37.212 +01:00 [Information] HTTP "GET" "/configurationItems" responded 200 in 15637.2514 ms
2019-12-20 15:51:37.414 +01:00 [Information] HTTP "GET" "/configurationItems" responded 200 in 15907.3140 ms
2019-12-20 15:51:42.089 +01:00 [Information] HTTP "GET" "/countries" responded 200 in 20366.9339 ms
2019-12-20 15:52:21.785 +01:00 [Information] HTTP "OPTIONS" "/configurationItems" responded 204 in 0.0461 ms
2019-12-20 15:52:21.791 +01:00 [Information] HTTP "OPTIONS" "/countries" responded 204 in 0.2335 ms
2019-12-20 15:52:21.792 +01:00 [Information] HTTP "OPTIONS" "/configurationItems" responded 204 in 0.0426 ms
2019-12-20 15:52:21.794 +01:00 [Information] HTTP "OPTIONS" "/configurationItems" responded 204 in 1.0233 ms
2019-12-20 15:52:34.412 +01:00 [Information] HTTP "GET" "/configurationItems" responded 200 in 12546.4555 ms
2019-12-20 15:52:34.650 +01:00 [Information] HTTP "GET" "/configurationItems" responded 200 in 12609.5617 ms
2019-12-20 15:52:41.079 +01:00 [Information] HTTP "GET" "/countries" responded 200 in 19256.6843 ms
2019-12-20 15:52:42.646 +01:00 [Information] HTTP "GET" "/configurationItems" responded 200 in 16322.0304 ms
2019-12-20 15:52:43.791 +01:00 [Information] HTTP "OPTIONS" "/fines/13143/activities" responded 204 in 0.0478 ms
2019-12-20 15:52:51.717 +01:00 [Information] HTTP "GET" "/fines/13143/activities" responded 200 in 7918.0278 ms
2019-12-20 15:52:54.384 +01:00 [Information] HTTP "OPTIONS" "/documents/fine/13143" responded 204 in 0.0413 ms
2019-12-20 15:53:01.005 +01:00 [Information] HTTP "GET" "/documents/fine/13143" responded 200 in 6416.4716 ms
2019-12-20 15:53:01.778 +01:00 [Information] HTTP "OPTIONS" "/fines/13143/activities" responded 204 in 0.0399 ms
2019-12-20 15:53:13.867 +01:00 [Information] HTTP "GET" "/fines/13143/activities" responded 200 in 12017.7616 ms
2019-12-20 15:53:15.585 +01:00 [Information] HTTP "OPTIONS" "/fines/13143" responded 204 in 0.0825 ms
2019-12-20 15:53:27.050 +01:00 [Information] HTTP "GET" "/fines/13143" responded 200 in 11417.3237 ms
2019-12-20 15:53:31.716 +01:00 [Information] HTTP "OPTIONS" "/cities/22/1190" responded 204 in 0.2045 ms
2019-12-20 15:53:36.446 +01:00 [Information] HTTP "GET" "/cities/22/1190" responded 200 in 4718.0188 ms
2019-12-20 15:54:21.105 +01:00 [Information] HTTP "OPTIONS" "/configurationItems" responded 204 in 0.0604 ms
2019-12-20 15:54:30.275 +01:00 [Information] HTTP "GET" "/configurationItems" responded 200 in 9150.6370 ms
2019-12-20 15:55:27.730 +01:00 [Information] HTTP "OPTIONS" "/configurationItems" responded 204 in 0.0308 ms
2019-12-20 15:55:35.955 +01:00 [Information] HTTP "GET" "/configurationItems" responded 200 in 8211.9114 ms
2019-12-20 15:55:42.210 +01:00 [Information] HTTP "OPTIONS" "/fines" responded 204 in 0.0520 ms
2019-12-20 15:55:54.756 +01:00 [Information] HTTP "GET" "/fines" responded 200 in 12537.6366 ms
2019-12-20 15:56:45.669 +01:00 [Information] HTTP "OPTIONS" "/configurationItems" responded 204 in 0.0299 ms
2019-12-20 15:56:50.596 +01:00 [Information] HTTP "GET" "/configurationItems" responded 200 in 4610.0543 ms
2019-12-20 15:56:55.570 +01:00 [Information] HTTP "OPTIONS" "/fines" responded 204 in 0.0373 ms
2019-12-20 15:57:02.158 +01:00 [Information] HTTP "GET" "/fines" responded 200 in 6458.1942 ms
2019-12-20 15:57:23.027 +01:00 [Information] HTTP "OPTIONS" "/countries" responded 204 in 0.0289 ms
2019-12-20 15:57:23.032 +01:00 [Information] HTTP "OPTIONS" "/configurationItems" responded 204 in 0.0292 ms
2019-12-20 15:57:23.038 +01:00 [Information] HTTP "OPTIONS" "/configurationItems" responded 204 in 0.0285 ms
2019-12-20 15:57:23.038 +01:00 [Information] HTTP "OPTIONS" "/configurationItems" responded 204 in 0.0314 ms
2019-12-20 15:57:23.564 +01:00 [Information] HTTP "OPTIONS" "/fines/13338/activities" responded 204 in 0.0287 ms
2019-12-20 15:57:24.335 +01:00 [Information] HTTP "OPTIONS" "/documents/fine/13338" responded 204 in 0.0327 ms
2019-12-20 15:57:24.345 +01:00 [Information] HTTP "OPTIONS" "/fines/13338/activities" responded 204 in 0.0325 ms
2019-12-20 15:57:38.004 +01:00 [Information] HTTP "GET" "/countries" responded 200 in 13513.5830 ms
2019-12-20 15:57:38.309 +01:00 [Information] HTTP "GET" "/configurationItems" responded 200 in 13807.7548 ms
2019-12-20 15:57:48.344 +01:00 [Information] HTTP "GET" "/" responded 404 in 80.3988 ms
2019-12-20 15:57:48.622 +01:00 [Information] HTTP "GET" "/favicon.ico" responded 404 in 19.5795 ms
2019-12-20 15:57:54.396 +01:00 [Information] HTTP "GET" "/fines/13338/activities" responded 200 in 6154.2517 ms
2019-12-20 15:57:54.396 +01:00 [Information] HTTP "GET" "/documents/fine/13338" responded 200 in 6154.2521 ms
2019-12-20 15:57:54.396 +01:00 [Information] HTTP "GET" "/fines/13338/activities" responded 200 in 6154.2488 ms
2019-12-20 15:58:21.720 +01:00 [Information] HTTP "OPTIONS" "/countries" responded 204 in 2.4937 ms
2019-12-20 15:58:21.725 +01:00 [Information] HTTP "OPTIONS" "/configurationItems" responded 204 in 0.1617 ms
2019-12-20 15:58:21.737 +01:00 [Information] HTTP "OPTIONS" "/configurationItems" responded 204 in 0.6110 ms
2019-12-20 15:58:21.741 +01:00 [Information] HTTP "OPTIONS" "/configurationItems" responded 204 in 0.0622 ms
2019-12-20 15:58:22.250 +01:00 [Information] HTTP "OPTIONS" "/fines/13338/activities" responded 204 in 0.4036 ms
2019-12-20 15:58:22.780 +01:00 [Information] HTTP "OPTIONS" "/documents/fine/13338" responded 204 in 0.3179 ms
2019-12-20 15:58:22.862 +01:00 [Information] HTTP "OPTIONS" "/fines/13338/activities" responded 204 in 0.2968 ms
2019-12-20 15:58:23.823 +01:00 [Information] HTTP "GET" "/configurationItems" responded 200 in 860.6820 ms
2019-12-20 15:58:23.823 +01:00 [Information] HTTP "GET" "/configurationItems" responded 200 in 864.8448 ms
2019-12-20 15:58:23.942 +01:00 [Information] HTTP "GET" "/countries" responded 200 in 978.5956 ms
2019-12-20 15:58:24.937 +01:00 [Information] HTTP "GET" "/configurationItems" responded 200 in 1113.7884 ms
2019-12-20 15:58:25.228 +01:00 [Information] HTTP "GET" "/fines/13338/activities" responded 200 in 1404.6369 ms
2019-12-20 15:58:25.340 +01:00 [Information] HTTP "GET" "/documents/fine/13338" responded 200 in 1398.0804 ms
2019-12-20 15:58:25.394 +01:00 [Information] HTTP "OPTIONS" "/fines/13338" responded 204 in 0.0831 ms
2019-12-20 15:58:25.854 +01:00 [Information] HTTP "GET" "/fines/13338/activities" responded 200 in 916.0571 ms
2019-12-20 15:58:26.849 +01:00 [Information] HTTP "GET" "/fines/13338" responded 200 in 1240.6674 ms
2019-12-20 15:58:42.941 +01:00 [Information] HTTP "OPTIONS" "/cities/22/1170" responded 204 in 0.4193 ms
2019-12-20 15:58:43.477 +01:00 [Information] HTTP "GET" "/cities/22/1170" responded 200 in 379.0593 ms
2019-12-20 15:59:21.105 +01:00 [Information] HTTP "OPTIONS" "/configurationItems" responded 204 in 0.3134 ms
2019-12-20 15:59:21.110 +01:00 [Information] HTTP "OPTIONS" "/countries" responded 204 in 0.1637 ms
2019-12-20 15:59:21.111 +01:00 [Information] HTTP "OPTIONS" "/configurationItems" responded 204 in 0.2992 ms
2019-12-20 15:59:21.115 +01:00 [Information] HTTP "OPTIONS" "/configurationItems" responded 204 in 0.1560 ms
2019-12-20 15:59:21.811 +01:00 [Information] HTTP "GET" "/configurationItems" responded 200 in 681.2490 ms
2019-12-20 15:59:21.878 +01:00 [Information] HTTP "GET" "/configurationItems" responded 200 in 675.7800 ms
2019-12-20 15:59:23.624 +01:00 [Information] HTTP "GET" "/countries" responded 200 in 705.4898 ms
2019-12-20 15:59:24.616 +01:00 [Information] HTTP "GET" "/configurationItems" responded 200 in 496.9642 ms
2019-12-20 15:59:26.055 +01:00 [Information] HTTP "OPTIONS" "/fines/13143/activities" responded 204 in 0.1164 ms
2019-12-20 15:59:26.604 +01:00 [Information] HTTP "GET" "/fines/13143/activities" responded 200 in 515.1831 ms
2019-12-20 15:59:26.753 +01:00 [Information] HTTP "OPTIONS" "/documents/fine/13143" responded 204 in 0.0649 ms
2019-12-20 15:59:27.130 +01:00 [Information] HTTP "OPTIONS" "/fines/13143/activities" responded 204 in 0.0970 ms
2019-12-20 15:59:27.184 +01:00 [Information] HTTP "GET" "/documents/fine/13143" responded 200 in 404.9117 ms
2019-12-20 15:59:27.591 +01:00 [Information] HTTP "GET" "/fines/13143/activities" responded 200 in 438.1147 ms
2019-12-20 15:59:28.217 +01:00 [Information] HTTP "OPTIONS" "/fines/13143" responded 204 in 0.1251 ms
2019-12-20 15:59:28.887 +01:00 [Information] HTTP "GET" "/fines/13143" responded 200 in 637.5915 ms
2019-12-20 15:59:32.729 +01:00 [Information] HTTP "OPTIONS" "/cities/22/1190" responded 204 in 0.1282 ms
2019-12-20 15:59:33.007 +01:00 [Information] HTTP "GET" "/cities/22/1190" responded 200 in 257.6714 ms
2019-12-20 15:59:46.919 +01:00 [Information] HTTP "OPTIONS" "/countries" responded 204 in 0.1877 ms
2019-12-20 15:59:46.919 +01:00 [Information] HTTP "OPTIONS" "/configurationItems" responded 204 in 0.4258 ms
2019-12-20 15:59:46.925 +01:00 [Information] HTTP "OPTIONS" "/configurationItems" responded 204 in 0.1704 ms
2019-12-20 15:59:46.926 +01:00 [Information] HTTP "OPTIONS" "/configurationItems" responded 204 in 0.0764 ms
2019-12-20 15:59:47.311 +01:00 [Information] HTTP "OPTIONS" "/fines/13338/activities" responded 204 in 0.3366 ms
2019-12-20 15:59:47.845 +01:00 [Information] HTTP "OPTIONS" "/documents/fine/13338" responded 204 in 0.1779 ms
2019-12-20 15:59:47.896 +01:00 [Information] HTTP "OPTIONS" "/fines/13338/activities" responded 204 in 0.0850 ms
2019-12-20 15:59:48.600 +01:00 [Information] HTTP "GET" "/configurationItems" responded 200 in 581.0092 ms
2019-12-20 15:59:48.608 +01:00 [Information] HTTP "GET" "/countries" responded 200 in 591.2631 ms
2019-12-20 15:59:48.656 +01:00 [Information] HTTP "GET" "/configurationItems" responded 200 in 581.9971 ms
2019-12-20 15:59:48.988 +01:00 [Information] HTTP "GET" "/configurationItems" responded 200 in 379.2423 ms
2019-12-20 15:59:49.038 +01:00 [Information] HTTP "GET" "/fines/13338/activities" responded 200 in 380.9933 ms
2019-12-20 15:59:49.190 +01:00 [Information] HTTP "GET" "/documents/fine/13338" responded 200 in 461.3319 ms
2019-12-20 15:59:49.430 +01:00 [Information] HTTP "OPTIONS" "/fines/13338" responded 204 in 0.0393 ms
2019-12-20 15:59:49.443 +01:00 [Information] HTTP "GET" "/fines/13338/activities" responded 200 in 454.2888 ms
2019-12-20 15:59:50.099 +01:00 [Information] HTTP "GET" "/fines/13338" responded 200 in 486.9913 ms
2019-12-20 16:00:36.673 +01:00 [Information] HTTP "OPTIONS" "/countries" responded 204 in 0.1350 ms
2019-12-20 16:00:36.677 +01:00 [Information] HTTP "OPTIONS" "/configurationItems" responded 204 in 0.0402 ms
2019-12-20 16:00:36.687 +01:00 [Information] HTTP "OPTIONS" "/configurationItems" responded 204 in 0.0409 ms
2019-12-20 16:00:36.695 +01:00 [Information] HTTP "OPTIONS" "/configurationItems" responded 204 in 0.0413 ms
2019-12-20 16:00:37.309 +01:00 [Information] HTTP "OPTIONS" "/fines/13143/activities" responded 204 in 0.0543 ms
2019-12-20 16:00:38.043 +01:00 [Information] HTTP "OPTIONS" "/documents/fine/13143" responded 204 in 0.0368 ms
2019-12-20 16:00:38.140 +01:00 [Information] HTTP "OPTIONS" "/fines/13143/activities" responded 204 in 0.0508 ms
2019-12-20 16:00:38.868 +01:00 [Information] HTTP "GET" "/configurationItems" responded 200 in 529.9496 ms
2019-12-20 16:00:38.919 +01:00 [Information] HTTP "GET" "/configurationItems" responded 200 in 602.0836 ms
2019-12-20 16:00:38.957 +01:00 [Information] HTTP "GET" "/countries" responded 200 in 634.0462 ms
2019-12-20 16:00:38.960 +01:00 [Information] HTTP "GET" "/configurationItems" responded 200 in 620.1412 ms
2019-12-20 16:00:39.540 +01:00 [Information] HTTP "GET" "/documents/fine/13143" responded 200 in 579.8380 ms
2019-12-20 16:00:39.541 +01:00 [Information] HTTP "GET" "/fines/13143/activities" responded 200 in 672.5701 ms
2019-12-20 16:00:39.646 +01:00 [Information] HTTP "GET" "/fines/13143/activities" responded 200 in 714.4207 ms
2019-12-20 16:01:03.373 +01:00 [Information] HTTP "OPTIONS" "/countries" responded 204 in 0.4145 ms
2019-12-20 16:01:03.377 +01:00 [Information] HTTP "OPTIONS" "/configurationItems" responded 204 in 0.0337 ms
2019-12-20 16:01:03.382 +01:00 [Information] HTTP "OPTIONS" "/configurationItems" responded 204 in 0.0373 ms
2019-12-20 16:01:03.384 +01:00 [Information] HTTP "OPTIONS" "/configurationItems" responded 204 in 0.0282 ms
2019-12-20 16:01:03.988 +01:00 [Information] HTTP "OPTIONS" "/fines/13143/activities" responded 204 in 0.0333 ms
2019-12-20 16:01:04.579 +01:00 [Information] HTTP "OPTIONS" "/documents/fine/13143" responded 204 in 0.1421 ms
2019-12-20 16:01:04.652 +01:00 [Information] HTTP "OPTIONS" "/fines/13143/activities" responded 204 in 0.0288 ms
2019-12-20 16:01:05.507 +01:00 [Information] HTTP "GET" "/configurationItems" responded 200 in 704.0540 ms
2019-12-20 16:01:05.526 +01:00 [Information] HTTP "GET" "/countries" responded 200 in 747.3033 ms
2019-12-20 16:01:05.641 +01:00 [Information] HTTP "GET" "/configurationItems" responded 200 in 805.7230 ms
2019-12-20 16:01:05.819 +01:00 [Information] HTTP "GET" "/configurationItems" responded 200 in 707.1338 ms
2019-12-20 16:01:05.980 +01:00 [Information] HTTP "GET" "/fines/13143/activities" responded 200 in 1000.4831 ms
2019-12-20 16:01:06.113 +01:00 [Information] HTTP "GET" "/documents/fine/13143" responded 200 in 684.6132 ms
2019-12-20 16:01:06.201 +01:00 [Information] HTTP "OPTIONS" "/fines/13143" responded 204 in 0.0516 ms
2019-12-20 16:01:06.206 +01:00 [Information] HTTP "GET" "/fines/13143/activities" responded 200 in 776.9656 ms
2019-12-20 16:01:08.410 +01:00 [Information] HTTP "GET" "/fines/13143" responded 200 in 607.6322 ms
2019-12-20 16:01:10.055 +01:00 [Information] HTTP "OPTIONS" "/cities/22/1190" responded 204 in 0.0557 ms
2019-12-20 16:01:10.556 +01:00 [Information] HTTP "GET" "/cities/22/1190" responded 200 in 293.7638 ms
2019-12-20 16:01:16.824 +01:00 [Information] HTTP "OPTIONS" "/fines/13143" responded 204 in 0.0331 ms
2019-12-20 16:01:19.429 +01:00 [Information] HTTP "PUT" "/fines/13143" responded 200 in 1527.9351 ms
2019-12-20 16:01:19.851 +01:00 [Information] HTTP "OPTIONS" "/fines/13143" responded 204 in 0.3977 ms
2019-12-20 16:01:19.852 +01:00 [Information] HTTP "OPTIONS" "/emailtemplates" responded 204 in 0.0568 ms
2019-12-20 16:01:20.943 +01:00 [Information] HTTP "GET" "/fines/13143" responded 200 in 579.3185 ms
2019-12-20 16:01:21.294 +01:00 [Information] HTTP "GET" "/emailtemplates" responded 200 in 928.1563 ms
2019-12-20 16:01:32.715 +01:00 [Information] HTTP "OPTIONS" "/employees" responded 204 in 0.0351 ms
2019-12-20 16:01:33.435 +01:00 [Information] HTTP "GET" "/employees" responded 200 in 561.6148 ms
2019-12-20 16:03:33.440 +01:00 [Information] HTTP "OPTIONS" "/employees" responded 204 in 0.0593 ms
2019-12-20 16:03:34.043 +01:00 [Information] HTTP "GET" "/employees" responded 200 in 553.9713 ms
2019-12-20 16:03:58.963 +01:00 [Information] HTTP "OPTIONS" "/employees" responded 204 in 0.0796 ms
2019-12-20 16:03:59.724 +01:00 [Information] HTTP "GET" "/employees" responded 200 in 717.4701 ms
2019-12-20 16:04:34.833 +01:00 [Information] HTTP "OPTIONS" "/emaillogs" responded 204 in 0.0322 ms
2019-12-20 16:04:35.387 +01:00 [Information] HTTP "POST" "/emaillogs" responded 200 in 511.4680 ms
2019-12-20 16:04:35.422 +01:00 [Information] HTTP "OPTIONS" "/emaillogs/send" responded 204 in 0.0311 ms
2019-12-20 16:04:37.463 +01:00 [Information] HTTP "POST" "/emaillogs/send" responded 200 in 2022.5463 ms
2019-12-20 16:05:14.219 +01:00 [Information] HTTP "OPTIONS" "/configurationItems" responded 204 in 0.0299 ms
2019-12-20 16:05:14.220 +01:00 [Information] HTTP "OPTIONS" "/configurationItems" responded 204 in 0.0238 ms
2019-12-20 16:05:14.221 +01:00 [Information] HTTP "OPTIONS" "/countries" responded 204 in 0.0564 ms
2019-12-20 16:05:14.223 +01:00 [Information] HTTP "OPTIONS" "/configurationItems" responded 204 in 0.0316 ms
2019-12-20 16:05:14.854 +01:00 [Information] HTTP "OPTIONS" "/fines/13143/activities" responded 204 in 0.0387 ms
2019-12-20 16:05:15.622 +01:00 [Information] HTTP "OPTIONS" "/documents/fine/13143" responded 204 in 0.0344 ms
2019-12-20 16:05:15.644 +01:00 [Information] HTTP "OPTIONS" "/fines/13143/activities" responded 204 in 0.0285 ms
2019-12-20 16:05:16.466 +01:00 [Information] HTTP "GET" "/configurationItems" responded 200 in 764.3978 ms
2019-12-20 16:05:16.528 +01:00 [Information] HTTP "GET" "/countries" responded 200 in 819.0572 ms
2019-12-20 16:05:16.744 +01:00 [Information] HTTP "GET" "/fines/13143/activities" responded 200 in 1031.7825 ms
2019-12-20 16:05:17.013 +01:00 [Information] HTTP "GET" "/configurationItems" responded 200 in 476.6628 ms
2019-12-20 16:05:17.030 +01:00 [Information] HTTP "GET" "/configurationItems" responded 200 in 532.9096 ms
2019-12-20 16:05:17.449 +01:00 [Information] HTTP "GET" "/documents/fine/13143" responded 200 in 640.7995 ms
2019-12-20 16:05:17.733 +01:00 [Information] HTTP "GET" "/fines/13143/activities" responded 200 in 821.5404 ms
2019-12-20 16:05:18.481 +01:00 [Information] HTTP "OPTIONS" "/fines/13143" responded 204 in 0.0272 ms
2019-12-20 16:05:19.990 +01:00 [Information] HTTP "GET" "/fines/13143" responded 200 in 1017.5245 ms
2019-12-20 16:05:20.655 +01:00 [Information] HTTP "OPTIONS" "/cities/22/1190" responded 204 in 0.0405 ms
2019-12-20 16:05:21.052 +01:00 [Information] HTTP "GET" "/cities/22/1190" responded 200 in 257.1808 ms
2019-12-20 16:05:23.617 +01:00 [Information] HTTP "OPTIONS" "/fines/13143" responded 204 in 0.0350 ms
2019-12-20 16:05:25.796 +01:00 [Information] HTTP "PUT" "/fines/13143" responded 200 in 777.2344 ms
2019-12-20 16:05:26.242 +01:00 [Information] HTTP "OPTIONS" "/fines/13143" responded 204 in 0.0339 ms
2019-12-20 16:05:26.248 +01:00 [Information] HTTP "OPTIONS" "/emailtemplates" responded 204 in 0.0323 ms
2019-12-20 16:05:27.751 +01:00 [Information] HTTP "GET" "/emailtemplates" responded 200 in 703.8815 ms
2019-12-20 16:05:27.763 +01:00 [Information] HTTP "GET" "/fines/13143" responded 200 in 749.7283 ms
2019-12-20 16:05:39.269 +01:00 [Information] HTTP "OPTIONS" "/employees" responded 204 in 0.0296 ms
2019-12-20 16:05:39.814 +01:00 [Information] HTTP "GET" "/employees" responded 200 in 498.5653 ms
